INFO:__main__:------------------------------ITERATION 1------------------------------
INFO:__main__:Model # Parameters 43910
INFO:__main__:MS 1/4 Epoch 500 Val loss 2.085 Val acc 0.815 Best Val Loss 1.781 Best Val Acc 0.870 Best Fold Val Acc  0.870 Best Fold Val Loss 1.162
INFO:__main__:Model # Parameters 11718
INFO:__main__:MS 2/4 Epoch 500 Val loss 2.704 Val acc 0.778 Best Val Loss 2.567 Best Val Acc 0.833 Best Fold Val Acc  0.870 Best Fold Val Loss 1.162
INFO:__main__:Model # Parameters 43910
INFO:__main__:MS 3/4 Epoch 500 Val loss 2.889 Val acc 0.759 Best Val Loss 1.882 Best Val Acc 0.870 Best Fold Val Acc  0.870 Best Fold Val Loss 1.054
INFO:__main__:Model # Parameters 11718
INFO:__main__:MS 4/4 Epoch 500 Val loss 2.469 Val acc 0.759 Best Val Loss 1.409 Best Val Acc 0.852 Best Fold Val Acc  0.870 Best Fold Val Loss 1.054
INFO:__main__:Winner of Model Selection | hidden dim: 64 | dropout 0.5
INFO:__main__:Winner Best Val Accuracy 0.87037
INFO:__main__:Test 1/3 Epoch 489 Val loss 3.082 Val acc 0.722 Best Val Loss 2.346 Best Val Acc 0.833
INFO:__main__:Test 2/3 Epoch 500 Val loss 3.764 Val acc 0.778 Best Val Loss 3.101 Best Val Acc 0.833
INFO:__main__:Test 3/3 Epoch 500 Val loss 2.821 Val acc 0.759 Best Val Loss 2.453 Best Val Acc 0.833
INFO:__main__:Avg test acc 0.678, Agv test acc std 0.042
INFO:__main__:Cross-val iter:1 | Current average test accuracy across folds 0.67778
INFO:__main__:

INFO:__main__:------------------------------ITERATION 2------------------------------
INFO:__main__:Model # Parameters 43910
INFO:__main__:MS 1/4 Epoch 500 Val loss 2.021 Val acc 0.759 Best Val Loss 1.265 Best Val Acc 0.833 Best Fold Val Acc  0.833 Best Fold Val Loss 1.018
INFO:__main__:Model # Parameters 11718
INFO:__main__:MS 2/4 Epoch 426 Val loss 1.765 Val acc 0.722 Best Val Loss 1.257 Best Val Acc 0.778 Best Fold Val Acc  0.833 Best Fold Val Loss 1.018
INFO:__main__:Model # Parameters 43910
INFO:__main__:MS 3/4 Epoch 428 Val loss 2.591 Val acc 0.648 Best Val Loss 1.481 Best Val Acc 0.796 Best Fold Val Acc  0.833 Best Fold Val Loss 0.936
INFO:__main__:Model # Parameters 11718
INFO:__main__:MS 4/4 Epoch 500 Val loss 3.18 Val acc 0.722 Best Val Loss 2.777 Best Val Acc 0.796 Best Fold Val Acc  0.833 Best Fold Val Loss 0.936
INFO:__main__:Winner of Model Selection | hidden dim: 64 | dropout 0.5
INFO:__main__:Winner Best Val Accuracy 0.83333
INFO:__main__:Test 1/3 Epoch 492 Val loss 1.518 Val acc 0.722 Best Val Loss 1.405 Best Val Acc 0.833
INFO:__main__:Test 2/3 Epoch 500 Val loss 1.964 Val acc 0.759 Best Val Loss 2.162 Best Val Acc 0.815
INFO:__main__:Test 3/3 Epoch 500 Val loss 2.483 Val acc 0.704 Best Val Loss 1.927 Best Val Acc 0.796
INFO:__main__:Avg test acc 0.678, Agv test acc std 0.028
INFO:__main__:Cross-val iter:2 | Current average test accuracy across folds 0.67778
INFO:__main__:

INFO:__main__:------------------------------ITERATION 3------------------------------
INFO:__main__:Model # Parameters 43910
INFO:__main__:MS 1/4 Epoch 500 Val loss 1.643 Val acc 0.685 Best Val Loss 1.791 Best Val Acc 0.741 Best Fold Val Acc  0.741 Best Fold Val Loss 0.985
INFO:__main__:Model # Parameters 11718
INFO:__main__:MS 2/4 Epoch 500 Val loss 2.242 Val acc 0.667 Best Val Loss 1.499 Best Val Acc 0.722 Best Fold Val Acc  0.741 Best Fold Val Loss 0.985
INFO:__main__:Model # Parameters 43910
INFO:__main__:MS 3/4 Epoch 499 Val loss 3.978 Val acc 0.63 Best Val Loss 1.326 Best Val Acc 0.741 Best Fold Val Acc  0.741 Best Fold Val Loss 0.985
INFO:__main__:Model # Parameters 11718
INFO:__main__:MS 4/4 Epoch 456 Val loss 2.257 Val acc 0.63 Best Val Loss 2.142 Best Val Acc 0.722 Best Fold Val Acc  0.741 Best Fold Val Loss 0.985
INFO:__main__:Winner of Model Selection | hidden dim: 64 | dropout 0.5
INFO:__main__:Winner Best Val Accuracy 0.74074
INFO:__main__:Test 1/3 Epoch 500 Val loss 3.258 Val acc 0.648 Best Val Loss 2.883 Best Val Acc 0.759
INFO:__main__:Test 2/3 Epoch 500 Val loss 3.876 Val acc 0.574 Best Val Loss 2.631 Best Val Acc 0.722
INFO:__main__:Test 3/3 Epoch 500 Val loss 2.111 Val acc 0.63 Best Val Loss 2.646 Best Val Acc 0.741
INFO:__main__:Avg test acc 0.728, Agv test acc std 0.008
INFO:__main__:Cross-val iter:3 | Current average test accuracy across folds 0.69444
INFO:__main__:

INFO:__main__:------------------------------ITERATION 4------------------------------
INFO:__main__:Model # Parameters 43910
INFO:__main__:MS 1/4 Epoch 500 Val loss 2.599 Val acc 0.704 Best Val Loss 1.582 Best Val Acc 0.796 Best Fold Val Acc  0.796 Best Fold Val Loss 0.970
INFO:__main__:Model # Parameters 11718
INFO:__main__:MS 2/4 Epoch 500 Val loss 4.067 Val acc 0.574 Best Val Loss 2.165 Best Val Acc 0.704 Best Fold Val Acc  0.796 Best Fold Val Loss 0.970
INFO:__main__:Model # Parameters 43910
INFO:__main__:MS 3/4 Epoch 447 Val loss 4.146 Val acc 0.667 Best Val Loss 1.883 Best Val Acc 0.778 Best Fold Val Acc  0.796 Best Fold Val Loss 0.970
INFO:__main__:Model # Parameters 11718
INFO:__main__:MS 4/4 Epoch 500 Val loss 3.027 Val acc 0.63 Best Val Loss 2.731 Best Val Acc 0.741 Best Fold Val Acc  0.796 Best Fold Val Loss 0.970
INFO:__main__:Winner of Model Selection | hidden dim: 64 | dropout 0.5
INFO:__main__:Winner Best Val Accuracy 0.79630
INFO:__main__:Test 1/3 Epoch 500 Val loss 2.56 Val acc 0.685 Best Val Loss 1.828 Best Val Acc 0.778
INFO:__main__:Test 2/3 Epoch 500 Val loss 3.057 Val acc 0.722 Best Val Loss 2.844 Best Val Acc 0.759
INFO:__main__:Test 3/3 Epoch 500 Val loss 2.713 Val acc 0.759 Best Val Loss 1.09 Best Val Acc 0.833
INFO:__main__:Avg test acc 0.633, Agv test acc std 0.049
INFO:__main__:Cross-val iter:4 | Current average test accuracy across folds 0.67917
INFO:__main__:

INFO:__main__:------------------------------ITERATION 5------------------------------
INFO:__main__:Model # Parameters 43910
INFO:__main__:MS 1/4 Epoch 500 Val loss 3.365 Val acc 0.685 Best Val Loss 3.553 Best Val Acc 0.759 Best Fold Val Acc  0.759 Best Fold Val Loss 1.517
INFO:__main__:Model # Parameters 11718
INFO:__main__:MS 2/4 Epoch 500 Val loss 3.277 Val acc 0.648 Best Val Loss 3.659 Best Val Acc 0.667 Best Fold Val Acc  0.759 Best Fold Val Loss 1.517
INFO:__main__:Model # Parameters 43910
INFO:__main__:MS 3/4 Epoch 500 Val loss 3.732 Val acc 0.648 Best Val Loss 2.885 Best Val Acc 0.741 Best Fold Val Acc  0.759 Best Fold Val Loss 1.517
INFO:__main__:Model # Parameters 11718
INFO:__main__:MS 4/4 Epoch 500 Val loss 3.619 Val acc 0.63 Best Val Loss 3.365 Best Val Acc 0.704 Best Fold Val Acc  0.759 Best Fold Val Loss 1.517
INFO:__main__:Winner of Model Selection | hidden dim: 64 | dropout 0.5
INFO:__main__:Winner Best Val Accuracy 0.75926
INFO:__main__:Test 1/3 Epoch 500 Val loss 3.654 Val acc 0.667 Best Val Loss 3.106 Best Val Acc 0.722
INFO:__main__:Test 2/3 Epoch 500 Val loss 3.723 Val acc 0.63 Best Val Loss 3.346 Best Val Acc 0.741
INFO:__main__:Test 3/3 Epoch 500 Val loss 5.232 Val acc 0.648 Best Val Loss 3.513 Best Val Acc 0.741
INFO:__main__:Avg test acc 0.750, Agv test acc std 0.036
INFO:__main__:Cross-val iter:5 | Current average test accuracy across folds 0.69333
INFO:__main__:

INFO:__main__:------------------------------ITERATION 6------------------------------
INFO:__main__:Model # Parameters 43910
INFO:__main__:MS 1/4 Epoch 500 Val loss 2.029 Val acc 0.759 Best Val Loss 1.252 Best Val Acc 0.833 Best Fold Val Acc  0.833 Best Fold Val Loss 0.801
INFO:__main__:Model # Parameters 11718
INFO:__main__:MS 2/4 Epoch 500 Val loss 1.58 Val acc 0.741 Best Val Loss 1.181 Best Val Acc 0.815 Best Fold Val Acc  0.833 Best Fold Val Loss 0.801
INFO:__main__:Model # Parameters 43910
INFO:__main__:MS 3/4 Epoch 500 Val loss 1.247 Val acc 0.796 Best Val Loss 1.077 Best Val Acc 0.870 Best Fold Val Acc  0.870 Best Fold Val Loss 0.801
INFO:__main__:Model # Parameters 11718
INFO:__main__:MS 4/4 Epoch 358 Val loss 1.254 Val acc 0.796 Best Val Loss 0.845 Best Val Acc 0.870 Best Fold Val Acc  0.870 Best Fold Val Loss 0.801
INFO:__main__:Winner of Model Selection | hidden dim: 64 | dropout 0
INFO:__main__:Winner Best Val Accuracy 0.87037
INFO:__main__:Test 1/3 Epoch 500 Val loss 1.767 Val acc 0.759 Best Val Loss 1.49 Best Val Acc 0.815
INFO:__main__:Test 2/3 Epoch 500 Val loss 2.33 Val acc 0.685 Best Val Loss 1.34 Best Val Acc 0.852
INFO:__main__:Test 3/3 Epoch 500 Val loss 1.734 Val acc 0.815 Best Val Loss 1.582 Best Val Acc 0.852
INFO:__main__:Avg test acc 0.811, Agv test acc std 0.031
INFO:__main__:Cross-val iter:6 | Current average test accuracy across folds 0.71296
INFO:__main__:

INFO:__main__:------------------------------ITERATION 7------------------------------
INFO:__main__:Model # Parameters 43910
INFO:__main__:MS 1/4 Epoch 500 Val loss 1.613 Val acc 0.759 Best Val Loss 1.944 Best Val Acc 0.870 Best Fold Val Acc  0.870 Best Fold Val Loss 0.977
INFO:__main__:Model # Parameters 11718
INFO:__main__:MS 2/4 Epoch 458 Val loss 1.845 Val acc 0.722 Best Val Loss 0.833 Best Val Acc 0.796 Best Fold Val Acc  0.870 Best Fold Val Loss 0.833
INFO:__main__:Model # Parameters 43910
INFO:__main__:MS 3/4 Epoch 500 Val loss 1.914 Val acc 0.759 Best Val Loss 0.973 Best Val Acc 0.889 Best Fold Val Acc  0.889 Best Fold Val Loss 0.801
INFO:__main__:Model # Parameters 11718
INFO:__main__:MS 4/4 Epoch 438 Val loss 2.077 Val acc 0.63 Best Val Loss 0.85 Best Val Acc 0.815 Best Fold Val Acc  0.889 Best Fold Val Loss 0.801
INFO:__main__:Winner of Model Selection | hidden dim: 64 | dropout 0
INFO:__main__:Winner Best Val Accuracy 0.88889
INFO:__main__:Test 1/3 Epoch 500 Val loss 2.223 Val acc 0.741 Best Val Loss 1.11 Best Val Acc 0.833
INFO:__main__:Test 2/3 Epoch 500 Val loss 1.098 Val acc 0.833 Best Val Loss 0.658 Best Val Acc 0.870
INFO:__main__:Test 3/3 Epoch 338 Val loss 1.678 Val acc 0.722 Best Val Loss 0.565 Best Val Acc 0.889
INFO:__main__:Avg test acc 0.700, Agv test acc std 0.036
INFO:__main__:Cross-val iter:7 | Current average test accuracy across folds 0.71111
INFO:__main__:

INFO:__main__:------------------------------ITERATION 8------------------------------
INFO:__main__:Model # Parameters 43910
INFO:__main__:MS 1/4 Epoch 500 Val loss 2.666 Val acc 0.796 Best Val Loss 2.506 Best Val Acc 0.815 Best Fold Val Acc  0.815 Best Fold Val Loss 1.223
INFO:__main__:Model # Parameters 11718
INFO:__main__:MS 2/4 Epoch 500 Val loss 2.353 Val acc 0.704 Best Val Loss 2.608 Best Val Acc 0.778 Best Fold Val Acc  0.815 Best Fold Val Loss 1.223
INFO:__main__:Model # Parameters 43910
INFO:__main__:MS 3/4 Epoch 500 Val loss 2.256 Val acc 0.685 Best Val Loss 1.837 Best Val Acc 0.778 Best Fold Val Acc  0.815 Best Fold Val Loss 1.074
INFO:__main__:Model # Parameters 11718
INFO:__main__:MS 4/4 Epoch 489 Val loss 3.172 Val acc 0.667 Best Val Loss 1.571 Best Val Acc 0.796 Best Fold Val Acc  0.815 Best Fold Val Loss 0.942
INFO:__main__:Winner of Model Selection | hidden dim: 64 | dropout 0.5
INFO:__main__:Winner Best Val Accuracy 0.81481
INFO:__main__:Test 1/3 Epoch 500 Val loss 2.692 Val acc 0.741 Best Val Loss 2.728 Best Val Acc 0.796
INFO:__main__:Test 2/3 Epoch 500 Val loss 2.541 Val acc 0.741 Best Val Loss 2.7 Best Val Acc 0.815
INFO:__main__:Test 3/3 Epoch 500 Val loss 3.835 Val acc 0.722 Best Val Loss 2.878 Best Val Acc 0.796
INFO:__main__:Avg test acc 0.722, Agv test acc std 0.028
INFO:__main__:Cross-val iter:8 | Current average test accuracy across folds 0.71250
INFO:__main__:

INFO:__main__:------------------------------ITERATION 9------------------------------
INFO:__main__:Model # Parameters 43910
INFO:__main__:MS 1/4 Epoch 500 Val loss 4.237 Val acc 0.704 Best Val Loss 4.162 Best Val Acc 0.759 Best Fold Val Acc  0.759 Best Fold Val Loss 1.172
INFO:__main__:Model # Parameters 11718
INFO:__main__:MS 2/4 Epoch 500 Val loss 3.388 Val acc 0.574 Best Val Loss 3.408 Best Val Acc 0.667 Best Fold Val Acc  0.759 Best Fold Val Loss 1.172
INFO:__main__:Model # Parameters 43910
INFO:__main__:MS 3/4 Epoch 435 Val loss 2.923 Val acc 0.704 Best Val Loss 1.117 Best Val Acc 0.833 Best Fold Val Acc  0.833 Best Fold Val Loss 1.092
INFO:__main__:Model # Parameters 11718
INFO:__main__:MS 4/4 Epoch 500 Val loss 2.269 Val acc 0.704 Best Val Loss 2.068 Best Val Acc 0.796 Best Fold Val Acc  0.833 Best Fold Val Loss 1.092
INFO:__main__:Winner of Model Selection | hidden dim: 64 | dropout 0
INFO:__main__:Winner Best Val Accuracy 0.83333
INFO:__main__:Test 1/3 Epoch 346 Val loss 2.909 Val acc 0.667 Best Val Loss 1.605 Best Val Acc 0.759
INFO:__main__:Test 2/3 Epoch 500 Val loss 2.346 Val acc 0.667 Best Val Loss 2.152 Best Val Acc 0.778
INFO:__main__:Test 3/3 Epoch 500 Val loss 3.275 Val acc 0.593 Best Val Loss 1.897 Best Val Acc 0.741
INFO:__main__:Avg test acc 0.750, Agv test acc std 0.014
INFO:__main__:Cross-val iter:9 | Current average test accuracy across folds 0.71667
INFO:__main__:

INFO:__main__:------------------------------ITERATION 10------------------------------
INFO:__main__:Model # Parameters 43910
INFO:__main__:MS 1/4 Epoch 500 Val loss 14.41 Val acc 0.741 Best Val Loss 12.077 Best Val Acc 0.796 Best Fold Val Acc  0.796 Best Fold Val Loss 1.045
INFO:__main__:Model # Parameters 11718
INFO:__main__:MS 2/4 Epoch 500 Val loss 5.008 Val acc 0.519 Best Val Loss 3.9 Best Val Acc 0.704 Best Fold Val Acc  0.796 Best Fold Val Loss 1.045
INFO:__main__:Model # Parameters 43910
INFO:__main__:MS 3/4 Epoch 500 Val loss 2.962 Val acc 0.667 Best Val Loss 3.696 Best Val Acc 0.759 Best Fold Val Acc  0.796 Best Fold Val Loss 1.045
INFO:__main__:Model # Parameters 11718
INFO:__main__:MS 4/4 Epoch 500 Val loss 4.016 Val acc 0.667 Best Val Loss 2.836 Best Val Acc 0.741 Best Fold Val Acc  0.796 Best Fold Val Loss 1.045
INFO:__main__:Winner of Model Selection | hidden dim: 64 | dropout 0.5
INFO:__main__:Winner Best Val Accuracy 0.79630
INFO:__main__:Test 1/3 Epoch 441 Val loss 6.585 Val acc 0.704 Best Val Loss 2.292 Best Val Acc 0.741
INFO:__main__:Test 2/3 Epoch 500 Val loss 3.591 Val acc 0.704 Best Val Loss 5.088 Best Val Acc 0.796
INFO:__main__:Test 3/3 Epoch 500 Val loss 7.725 Val acc 0.685 Best Val Loss 5.292 Best Val Acc 0.741
INFO:__main__:Avg test acc 0.800, Agv test acc std 0.024
INFO:__main__:Cross-val iter:10 | Current average test accuracy across folds 0.72500
INFO:__main__:

INFO:__main__:AVERAGE TEST ACC ACROSS FOLDS 0.72500
INFO:__main__:STD ACROSS FOLDS 0.05271926581103275
