INFO:__main__:------------------------------ITERATION 1------------------------------
INFO:__main__:Model # Parameters 44038
INFO:__main__:MS 1/4 Epoch 500 Val loss 2.385 Val acc 0.815 Best Val Loss 3.069 Best Val Acc 0.852 Best Fold Val Acc  0.852 Best Fold Val Loss 1.283
INFO:__main__:Model # Parameters 11782
INFO:__main__:MS 2/4 Epoch 500 Val loss 2.538 Val acc 0.741 Best Val Loss 1.933 Best Val Acc 0.796 Best Fold Val Acc  0.852 Best Fold Val Loss 1.206
INFO:__main__:Model # Parameters 44038
INFO:__main__:MS 3/4 Epoch 480 Val loss 2.22 Val acc 0.759 Best Val Loss 1.527 Best Val Acc 0.870 Best Fold Val Acc  0.870 Best Fold Val Loss 1.206
INFO:__main__:Model # Parameters 11782
INFO:__main__:MS 4/4 Epoch 500 Val loss 2.138 Val acc 0.759 Best Val Loss 1.76 Best Val Acc 0.833 Best Fold Val Acc  0.870 Best Fold Val Loss 1.206
INFO:__main__:Winner of Model Selection | hidden dim: 64 | dropout 0
INFO:__main__:Winner Best Val Accuracy 0.87037
INFO:__main__:Test 1/3 Epoch 500 Val loss 3.208 Val acc 0.759 Best Val Loss 2.005 Best Val Acc 0.852
INFO:__main__:Test 2/3 Epoch 500 Val loss 3.666 Val acc 0.796 Best Val Loss 2.306 Best Val Acc 0.833
INFO:__main__:Test 3/3 Epoch 432 Val loss 2.942 Val acc 0.759 Best Val Loss 1.528 Best Val Acc 0.870
INFO:__main__:Avg test acc 0.672, Agv test acc std 0.008
INFO:__main__:Cross-val iter:1 | Current average test accuracy across folds 0.67222
INFO:__main__:

INFO:__main__:------------------------------ITERATION 2------------------------------
INFO:__main__:Model # Parameters 44038
INFO:__main__:MS 1/4 Epoch 500 Val loss 2.529 Val acc 0.648 Best Val Loss 2.018 Best Val Acc 0.759 Best Fold Val Acc  0.759 Best Fold Val Loss 1.140
INFO:__main__:Model # Parameters 11782
INFO:__main__:MS 2/4 Epoch 500 Val loss 1.966 Val acc 0.704 Best Val Loss 1.541 Best Val Acc 0.759 Best Fold Val Acc  0.759 Best Fold Val Loss 1.140
INFO:__main__:Model # Parameters 44038
INFO:__main__:MS 3/4 Epoch 499 Val loss 2.489 Val acc 0.741 Best Val Loss 1.668 Best Val Acc 0.778 Best Fold Val Acc  0.778 Best Fold Val Loss 1.140
INFO:__main__:Model # Parameters 11782
INFO:__main__:MS 4/4 Epoch 500 Val loss 2.205 Val acc 0.574 Best Val Loss 2.049 Best Val Acc 0.741 Best Fold Val Acc  0.778 Best Fold Val Loss 1.140
INFO:__main__:Winner of Model Selection | hidden dim: 64 | dropout 0
INFO:__main__:Winner Best Val Accuracy 0.77778
INFO:__main__:Test 1/3 Epoch 500 Val loss 2.216 Val acc 0.704 Best Val Loss 2.504 Best Val Acc 0.741
INFO:__main__:Test 2/3 Epoch 364 Val loss 2.173 Val acc 0.667 Best Val Loss 1.579 Best Val Acc 0.759
INFO:__main__:Test 3/3 Epoch 500 Val loss 2.654 Val acc 0.667 Best Val Loss 1.992 Best Val Acc 0.741
INFO:__main__:Avg test acc 0.694, Agv test acc std 0.008
INFO:__main__:Cross-val iter:2 | Current average test accuracy across folds 0.68333
INFO:__main__:

INFO:__main__:------------------------------ITERATION 3------------------------------
INFO:__main__:Model # Parameters 44038
INFO:__main__:MS 1/4 Epoch 500 Val loss 3.684 Val acc 0.648 Best Val Loss 2.399 Best Val Acc 0.759 Best Fold Val Acc  0.759 Best Fold Val Loss 1.410
INFO:__main__:Model # Parameters 11782
INFO:__main__:MS 2/4 Epoch 500 Val loss 1.816 Val acc 0.611 Best Val Loss 2.071 Best Val Acc 0.704 Best Fold Val Acc  0.759 Best Fold Val Loss 1.234
INFO:__main__:Model # Parameters 44038
INFO:__main__:MS 3/4 Epoch 500 Val loss 2.575 Val acc 0.574 Best Val Loss 1.676 Best Val Acc 0.741 Best Fold Val Acc  0.759 Best Fold Val Loss 1.128
INFO:__main__:Model # Parameters 11782
INFO:__main__:MS 4/4 Epoch 500 Val loss 2.392 Val acc 0.593 Best Val Loss 1.651 Best Val Acc 0.704 Best Fold Val Acc  0.759 Best Fold Val Loss 1.106
INFO:__main__:Winner of Model Selection | hidden dim: 64 | dropout 0.5
INFO:__main__:Winner Best Val Accuracy 0.75926
INFO:__main__:Test 1/3 Epoch 500 Val loss 2.828 Val acc 0.685 Best Val Loss 2.698 Best Val Acc 0.759
INFO:__main__:Test 2/3 Epoch 500 Val loss 3.482 Val acc 0.574 Best Val Loss 4.849 Best Val Acc 0.722
INFO:__main__:Test 3/3 Epoch 500 Val loss 2.507 Val acc 0.667 Best Val Loss 1.923 Best Val Acc 0.704
INFO:__main__:Avg test acc 0.706, Agv test acc std 0.021
INFO:__main__:Cross-val iter:3 | Current average test accuracy across folds 0.69074
INFO:__main__:

INFO:__main__:------------------------------ITERATION 4------------------------------
INFO:__main__:Model # Parameters 44038
INFO:__main__:MS 1/4 Epoch 500 Val loss 3.472 Val acc 0.667 Best Val Loss 3.121 Best Val Acc 0.796 Best Fold Val Acc  0.796 Best Fold Val Loss 1.153
INFO:__main__:Model # Parameters 11782
INFO:__main__:MS 2/4 Epoch 500 Val loss 3.352 Val acc 0.574 Best Val Loss 1.455 Best Val Acc 0.741 Best Fold Val Acc  0.796 Best Fold Val Loss 1.083
INFO:__main__:Model # Parameters 44038
INFO:__main__:MS 3/4 Epoch 500 Val loss 3.076 Val acc 0.63 Best Val Loss 1.717 Best Val Acc 0.796 Best Fold Val Acc  0.796 Best Fold Val Loss 1.083
INFO:__main__:Model # Parameters 11782
INFO:__main__:MS 4/4 Epoch 500 Val loss 4.147 Val acc 0.481 Best Val Loss 2.782 Best Val Acc 0.685 Best Fold Val Acc  0.796 Best Fold Val Loss 1.083
INFO:__main__:Winner of Model Selection | hidden dim: 64 | dropout 0.5
INFO:__main__:Winner Best Val Accuracy 0.79630
INFO:__main__:Test 1/3 Epoch 500 Val loss 2.99 Val acc 0.667 Best Val Loss 2.706 Best Val Acc 0.741
INFO:__main__:Test 2/3 Epoch 500 Val loss 4.647 Val acc 0.63 Best Val Loss 2.517 Best Val Acc 0.759
INFO:__main__:Test 3/3 Epoch 500 Val loss 1.808 Val acc 0.722 Best Val Loss 1.472 Best Val Acc 0.741
INFO:__main__:Avg test acc 0.639, Agv test acc std 0.021
INFO:__main__:Cross-val iter:4 | Current average test accuracy across folds 0.67778
INFO:__main__:

INFO:__main__:------------------------------ITERATION 5------------------------------
INFO:__main__:Model # Parameters 44038
INFO:__main__:MS 1/4 Epoch 500 Val loss 6.777 Val acc 0.611 Best Val Loss 7.007 Best Val Acc 0.704 Best Fold Val Acc  0.704 Best Fold Val Loss 1.881
INFO:__main__:Model # Parameters 11782
INFO:__main__:MS 2/4 Epoch 500 Val loss 4.601 Val acc 0.648 Best Val Loss 3.406 Best Val Acc 0.704 Best Fold Val Acc  0.704 Best Fold Val Loss 1.759
INFO:__main__:Model # Parameters 44038
INFO:__main__:MS 3/4 Epoch 500 Val loss 4.754 Val acc 0.593 Best Val Loss 3.306 Best Val Acc 0.685 Best Fold Val Acc  0.704 Best Fold Val Loss 1.759
INFO:__main__:Model # Parameters 11782
INFO:__main__:MS 4/4 Epoch 498 Val loss 4.18 Val acc 0.556 Best Val Loss 3.722 Best Val Acc 0.667 Best Fold Val Acc  0.704 Best Fold Val Loss 1.759
INFO:__main__:Winner of Model Selection | hidden dim: 64 | dropout 0.5
INFO:__main__:Winner Best Val Accuracy 0.70370
INFO:__main__:Test 1/3 Epoch 500 Val loss 3.717 Val acc 0.63 Best Val Loss 3.922 Best Val Acc 0.685
INFO:__main__:Test 2/3 Epoch 500 Val loss 4.869 Val acc 0.63 Best Val Loss 3.746 Best Val Acc 0.741
INFO:__main__:Test 3/3 Epoch 500 Val loss 3.836 Val acc 0.611 Best Val Loss 5.067 Best Val Acc 0.741
INFO:__main__:Avg test acc 0.717, Agv test acc std 0.036
INFO:__main__:Cross-val iter:5 | Current average test accuracy across folds 0.68556
INFO:__main__:

INFO:__main__:------------------------------ITERATION 6------------------------------
INFO:__main__:Model # Parameters 44038
INFO:__main__:MS 1/4 Epoch 500 Val loss 2.883 Val acc 0.704 Best Val Loss 1.547 Best Val Acc 0.815 Best Fold Val Acc  0.815 Best Fold Val Loss 0.901
INFO:__main__:Model # Parameters 11782
INFO:__main__:MS 2/4 Epoch 500 Val loss 3.918 Val acc 0.611 Best Val Loss 2.238 Best Val Acc 0.704 Best Fold Val Acc  0.815 Best Fold Val Loss 0.901
INFO:__main__:Model # Parameters 44038
INFO:__main__:MS 3/4 Epoch 500 Val loss 1.405 Val acc 0.741 Best Val Loss 1.185 Best Val Acc 0.852 Best Fold Val Acc  0.852 Best Fold Val Loss 0.901
INFO:__main__:Model # Parameters 11782
INFO:__main__:MS 4/4 Epoch 500 Val loss 2.266 Val acc 0.667 Best Val Loss 1.675 Best Val Acc 0.778 Best Fold Val Acc  0.852 Best Fold Val Loss 0.901
INFO:__main__:Winner of Model Selection | hidden dim: 64 | dropout 0
INFO:__main__:Winner Best Val Accuracy 0.85185
INFO:__main__:Test 1/3 Epoch 500 Val loss 2.079 Val acc 0.611 Best Val Loss 0.793 Best Val Acc 0.833
INFO:__main__:Test 2/3 Epoch 500 Val loss 1.37 Val acc 0.741 Best Val Loss 1.054 Best Val Acc 0.815
INFO:__main__:Test 3/3 Epoch 500 Val loss 2.081 Val acc 0.796 Best Val Loss 1.06 Best Val Acc 0.870
INFO:__main__:Avg test acc 0.733, Agv test acc std 0.036
INFO:__main__:Cross-val iter:6 | Current average test accuracy across folds 0.69352
INFO:__main__:

INFO:__main__:------------------------------ITERATION 7------------------------------
INFO:__main__:Model # Parameters 44038
INFO:__main__:MS 1/4 Epoch 500 Val loss 3.051 Val acc 0.704 Best Val Loss 1.752 Best Val Acc 0.815 Best Fold Val Acc  0.815 Best Fold Val Loss 1.349
INFO:__main__:Model # Parameters 11782
INFO:__main__:MS 2/4 Epoch 500 Val loss 1.591 Val acc 0.741 Best Val Loss 2.241 Best Val Acc 0.778 Best Fold Val Acc  0.815 Best Fold Val Loss 1.134
INFO:__main__:Model # Parameters 44038
INFO:__main__:MS 3/4 Epoch 500 Val loss 1.806 Val acc 0.704 Best Val Loss 1.031 Best Val Acc 0.852 Best Fold Val Acc  0.852 Best Fold Val Loss 1.011
INFO:__main__:Model # Parameters 11782
INFO:__main__:MS 4/4 Epoch 500 Val loss 1.74 Val acc 0.722 Best Val Loss 1.323 Best Val Acc 0.778 Best Fold Val Acc  0.852 Best Fold Val Loss 1.011
INFO:__main__:Winner of Model Selection | hidden dim: 64 | dropout 0
INFO:__main__:Winner Best Val Accuracy 0.85185
INFO:__main__:Test 1/3 Epoch 500 Val loss 1.54 Val acc 0.722 Best Val Loss 1.372 Best Val Acc 0.815
INFO:__main__:Test 2/3 Epoch 500 Val loss 1.667 Val acc 0.741 Best Val Loss 1.081 Best Val Acc 0.815
INFO:__main__:Test 3/3 Epoch 500 Val loss 1.706 Val acc 0.796 Best Val Loss 0.97 Best Val Acc 0.852
INFO:__main__:Avg test acc 0.706, Agv test acc std 0.048
INFO:__main__:Cross-val iter:7 | Current average test accuracy across folds 0.69524
INFO:__main__:

INFO:__main__:------------------------------ITERATION 8------------------------------
INFO:__main__:Model # Parameters 44038
INFO:__main__:MS 1/4 Epoch 500 Val loss 4.248 Val acc 0.704 Best Val Loss 3.959 Best Val Acc 0.778 Best Fold Val Acc  0.778 Best Fold Val Loss 1.138
INFO:__main__:Model # Parameters 11782
INFO:__main__:MS 2/4 Epoch 500 Val loss 2.224 Val acc 0.741 Best Val Loss 2.467 Best Val Acc 0.796 Best Fold Val Acc  0.796 Best Fold Val Loss 1.048
INFO:__main__:Model # Parameters 44038
INFO:__main__:MS 3/4 Epoch 500 Val loss 2.758 Val acc 0.685 Best Val Loss 2.107 Best Val Acc 0.815 Best Fold Val Acc  0.815 Best Fold Val Loss 1.035
INFO:__main__:Model # Parameters 11782
INFO:__main__:MS 4/4 Epoch 500 Val loss 3.734 Val acc 0.667 Best Val Loss 2.986 Best Val Acc 0.796 Best Fold Val Acc  0.815 Best Fold Val Loss 1.035
INFO:__main__:Winner of Model Selection | hidden dim: 64 | dropout 0
INFO:__main__:Winner Best Val Accuracy 0.81481
INFO:__main__:Test 1/3 Epoch 500 Val loss 2.258 Val acc 0.685 Best Val Loss 1.263 Best Val Acc 0.796
INFO:__main__:Test 2/3 Epoch 500 Val loss 2.857 Val acc 0.704 Best Val Loss 3.164 Best Val Acc 0.778
INFO:__main__:Test 3/3 Epoch 500 Val loss 2.818 Val acc 0.685 Best Val Loss 2.234 Best Val Acc 0.815
INFO:__main__:Avg test acc 0.706, Agv test acc std 0.042
INFO:__main__:Cross-val iter:8 | Current average test accuracy across folds 0.69653
INFO:__main__:

INFO:__main__:------------------------------ITERATION 9------------------------------
INFO:__main__:Model # Parameters 44038
INFO:__main__:MS 1/4 Epoch 500 Val loss 3.718 Val acc 0.63 Best Val Loss 3.737 Best Val Acc 0.704 Best Fold Val Acc  0.704 Best Fold Val Loss 1.360
INFO:__main__:Model # Parameters 11782
INFO:__main__:MS 2/4 Epoch 500 Val loss 4.405 Val acc 0.63 Best Val Loss 3.403 Best Val Acc 0.704 Best Fold Val Acc  0.704 Best Fold Val Loss 1.259
INFO:__main__:Model # Parameters 44038
INFO:__main__:MS 3/4 Epoch 500 Val loss 2.842 Val acc 0.574 Best Val Loss 2.823 Best Val Acc 0.722 Best Fold Val Acc  0.722 Best Fold Val Loss 1.233
INFO:__main__:Model # Parameters 11782
INFO:__main__:MS 4/4 Epoch 500 Val loss 2.837 Val acc 0.667 Best Val Loss 2.333 Best Val Acc 0.722 Best Fold Val Acc  0.722 Best Fold Val Loss 1.233
INFO:__main__:Winner of Model Selection | hidden dim: 64 | dropout 0
INFO:__main__:Winner Best Val Accuracy 0.72222
INFO:__main__:Test 1/3 Epoch 500 Val loss 2.158 Val acc 0.667 Best Val Loss 2.263 Best Val Acc 0.741
INFO:__main__:Test 2/3 Epoch 500 Val loss 1.905 Val acc 0.685 Best Val Loss 1.852 Best Val Acc 0.815
INFO:__main__:Test 3/3 Epoch 409 Val loss 2.478 Val acc 0.667 Best Val Loss 1.273 Best Val Acc 0.778
INFO:__main__:Avg test acc 0.761, Agv test acc std 0.042
INFO:__main__:Cross-val iter:9 | Current average test accuracy across folds 0.70370
INFO:__main__:

INFO:__main__:------------------------------ITERATION 10------------------------------
INFO:__main__:Model # Parameters 44038
INFO:__main__:MS 1/4 Epoch 500 Val loss 5.911 Val acc 0.611 Best Val Loss 2.955 Best Val Acc 0.741 Best Fold Val Acc  0.741 Best Fold Val Loss 1.174
INFO:__main__:Model # Parameters 11782
INFO:__main__:MS 2/4 Epoch 500 Val loss 11.962 Val acc 0.537 Best Val Loss 4.29 Best Val Acc 0.685 Best Fold Val Acc  0.741 Best Fold Val Loss 1.174
INFO:__main__:Model # Parameters 44038
INFO:__main__:MS 3/4 Epoch 500 Val loss 2.473 Val acc 0.63 Best Val Loss 2.128 Best Val Acc 0.741 Best Fold Val Acc  0.741 Best Fold Val Loss 1.174
INFO:__main__:Model # Parameters 11782
INFO:__main__:MS 4/4 Epoch 500 Val loss 1.614 Val acc 0.722 Best Val Loss 1.413 Best Val Acc 0.741 Best Fold Val Acc  0.741 Best Fold Val Loss 1.134
INFO:__main__:Winner of Model Selection | hidden dim: 64 | dropout 0.5
INFO:__main__:Winner Best Val Accuracy 0.74074
INFO:__main__:Test 1/3 Epoch 489 Val loss 4.116 Val acc 0.63 Best Val Loss 2.191 Best Val Acc 0.759
INFO:__main__:Test 2/3 Epoch 500 Val loss 6.718 Val acc 0.648 Best Val Loss 6.115 Best Val Acc 0.741
INFO:__main__:Test 3/3 Epoch 500 Val loss 9.427 Val acc 0.685 Best Val Loss 7.862 Best Val Acc 0.778
INFO:__main__:Avg test acc 0.711, Agv test acc std 0.042
INFO:__main__:Cross-val iter:10 | Current average test accuracy across folds 0.70444
INFO:__main__:

INFO:__main__:AVERAGE TEST ACC ACROSS FOLDS 0.70444
INFO:__main__:STD ACROSS FOLDS 0.031111111111111135
