INFO:__main__:------------------------------ITERATION 1------------------------------
INFO:__main__:Model # Parameters 60678
INFO:__main__:MS 1/4 Epoch 500 Val loss 2.556 Val acc 0.759 Best Val Loss 2.202 Best Val Acc 0.833 Best Fold Val Acc  0.833 Best Fold Val Loss 1.011
INFO:__main__:Model # Parameters 16006
INFO:__main__:MS 2/4 Epoch 500 Val loss 2.49 Val acc 0.704 Best Val Loss 1.915 Best Val Acc 0.796 Best Fold Val Acc  0.833 Best Fold Val Loss 1.011
INFO:__main__:Model # Parameters 60678
INFO:__main__:MS 3/4 Epoch 467 Val loss 2.07 Val acc 0.759 Best Val Loss 1.695 Best Val Acc 0.870 Best Fold Val Acc  0.870 Best Fold Val Loss 1.011
INFO:__main__:Model # Parameters 16006
INFO:__main__:MS 4/4 Epoch 500 Val loss 1.906 Val acc 0.796 Best Val Loss 1.663 Best Val Acc 0.833 Best Fold Val Acc  0.870 Best Fold Val Loss 0.910
INFO:__main__:Winner of Model Selection | hidden dim: 64 | dropout 0
INFO:__main__:Winner Best Val Accuracy 0.87037
INFO:__main__:Test 1/3 Epoch 500 Val loss 2.018 Val acc 0.833 Best Val Loss 1.56 Best Val Acc 0.889
INFO:__main__:Test 2/3 Epoch 404 Val loss 2.729 Val acc 0.741 Best Val Loss 1.487 Best Val Acc 0.833
INFO:__main__:Test 3/3 Epoch 500 Val loss 2.457 Val acc 0.815 Best Val Loss 2.198 Best Val Acc 0.852
INFO:__main__:Avg test acc 0.606, Agv test acc std 0.061
INFO:__main__:Cross-val iter:1 | Current average test accuracy across folds 0.60556
INFO:__main__:

INFO:__main__:------------------------------ITERATION 2------------------------------
INFO:__main__:Model # Parameters 60678
INFO:__main__:MS 1/4 Epoch 500 Val loss 2.43 Val acc 0.685 Best Val Loss 2.597 Best Val Acc 0.796 Best Fold Val Acc  0.796 Best Fold Val Loss 1.097
INFO:__main__:Model # Parameters 16006
INFO:__main__:MS 2/4 Epoch 500 Val loss 2.827 Val acc 0.648 Best Val Loss 2.204 Best Val Acc 0.741 Best Fold Val Acc  0.796 Best Fold Val Loss 1.097
INFO:__main__:Model # Parameters 60678
INFO:__main__:MS 3/4 Epoch 275 Val loss 2.737 Val acc 0.722 Best Val Loss 0.945 Best Val Acc 0.815 Best Fold Val Acc  0.815 Best Fold Val Loss 0.945
INFO:__main__:Model # Parameters 16006
INFO:__main__:MS 4/4 Epoch 500 Val loss 2.255 Val acc 0.667 Best Val Loss 1.973 Best Val Acc 0.722 Best Fold Val Acc  0.815 Best Fold Val Loss 0.945
INFO:__main__:Winner of Model Selection | hidden dim: 64 | dropout 0
INFO:__main__:Winner Best Val Accuracy 0.81481
INFO:__main__:Test 1/3 Epoch 500 Val loss 2.516 Val acc 0.667 Best Val Loss 1.819 Best Val Acc 0.778
INFO:__main__:Test 2/3 Epoch 475 Val loss 2.513 Val acc 0.648 Best Val Loss 1.836 Best Val Acc 0.778
INFO:__main__:Test 3/3 Epoch 500 Val loss 2.416 Val acc 0.593 Best Val Loss 1.577 Best Val Acc 0.759
INFO:__main__:Avg test acc 0.656, Agv test acc std 0.055
INFO:__main__:Cross-val iter:2 | Current average test accuracy across folds 0.63056
INFO:__main__:

INFO:__main__:------------------------------ITERATION 3------------------------------
INFO:__main__:Model # Parameters 60678
INFO:__main__:MS 1/4 Epoch 500 Val loss 1.903 Val acc 0.593 Best Val Loss 2.424 Best Val Acc 0.778 Best Fold Val Acc  0.778 Best Fold Val Loss 1.231
INFO:__main__:Model # Parameters 16006
INFO:__main__:MS 2/4 Epoch 500 Val loss 2.136 Val acc 0.648 Best Val Loss 2.06 Best Val Acc 0.667 Best Fold Val Acc  0.778 Best Fold Val Loss 1.231
INFO:__main__:Model # Parameters 60678
INFO:__main__:MS 3/4 Epoch 500 Val loss 1.676 Val acc 0.704 Best Val Loss 1.413 Best Val Acc 0.796 Best Fold Val Acc  0.796 Best Fold Val Loss 1.231
INFO:__main__:Model # Parameters 16006
INFO:__main__:MS 4/4 Epoch 402 Val loss 2.52 Val acc 0.611 Best Val Loss 1.638 Best Val Acc 0.741 Best Fold Val Acc  0.796 Best Fold Val Loss 1.149
INFO:__main__:Winner of Model Selection | hidden dim: 64 | dropout 0
INFO:__main__:Winner Best Val Accuracy 0.79630
INFO:__main__:Test 1/3 Epoch 500 Val loss 1.819 Val acc 0.667 Best Val Loss 1.905 Best Val Acc 0.759
INFO:__main__:Test 2/3 Epoch 500 Val loss 2.398 Val acc 0.741 Best Val Loss 2.398 Best Val Acc 0.741
INFO:__main__:Test 3/3 Epoch 500 Val loss 2.155 Val acc 0.704 Best Val Loss 1.263 Best Val Acc 0.833
INFO:__main__:Avg test acc 0.672, Agv test acc std 0.042
INFO:__main__:Cross-val iter:3 | Current average test accuracy across folds 0.64444
INFO:__main__:

INFO:__main__:------------------------------ITERATION 4------------------------------
INFO:__main__:Model # Parameters 60678
INFO:__main__:MS 1/4 Epoch 500 Val loss 2.632 Val acc 0.704 Best Val Loss 3.577 Best Val Acc 0.815 Best Fold Val Acc  0.815 Best Fold Val Loss 0.875
INFO:__main__:Model # Parameters 16006
INFO:__main__:MS 2/4 Epoch 500 Val loss 3.436 Val acc 0.556 Best Val Loss 2.987 Best Val Acc 0.667 Best Fold Val Acc  0.815 Best Fold Val Loss 0.875
INFO:__main__:Model # Parameters 60678
INFO:__main__:MS 3/4 Epoch 500 Val loss 2.21 Val acc 0.741 Best Val Loss 1.86 Best Val Acc 0.815 Best Fold Val Acc  0.815 Best Fold Val Loss 0.875
INFO:__main__:Model # Parameters 16006
INFO:__main__:MS 4/4 Epoch 500 Val loss 2.927 Val acc 0.667 Best Val Loss 1.757 Best Val Acc 0.759 Best Fold Val Acc  0.815 Best Fold Val Loss 0.875
INFO:__main__:Winner of Model Selection | hidden dim: 64 | dropout 0.5
INFO:__main__:Winner Best Val Accuracy 0.81481
INFO:__main__:Test 1/3 Epoch 410 Val loss 3.25 Val acc 0.667 Best Val Loss 1.207 Best Val Acc 0.778
INFO:__main__:Test 2/3 Epoch 500 Val loss 3.168 Val acc 0.667 Best Val Loss 2.117 Best Val Acc 0.815
INFO:__main__:Test 3/3 Epoch 500 Val loss 2.017 Val acc 0.704 Best Val Loss 1.653 Best Val Acc 0.833
INFO:__main__:Avg test acc 0.667, Agv test acc std 0.047
INFO:__main__:Cross-val iter:4 | Current average test accuracy across folds 0.65000
INFO:__main__:

INFO:__main__:------------------------------ITERATION 5------------------------------
INFO:__main__:Model # Parameters 60678
INFO:__main__:MS 1/4 Epoch 500 Val loss 3.18 Val acc 0.685 Best Val Loss 3.024 Best Val Acc 0.722 Best Fold Val Acc  0.722 Best Fold Val Loss 1.617
INFO:__main__:Model # Parameters 16006
INFO:__main__:MS 2/4 Epoch 500 Val loss 3.663 Val acc 0.611 Best Val Loss 4.335 Best Val Acc 0.648 Best Fold Val Acc  0.722 Best Fold Val Loss 1.617
INFO:__main__:Model # Parameters 60678
INFO:__main__:MS 3/4 Epoch 500 Val loss 4.104 Val acc 0.611 Best Val Loss 3.671 Best Val Acc 0.685 Best Fold Val Acc  0.722 Best Fold Val Loss 1.617
INFO:__main__:Model # Parameters 16006
INFO:__main__:MS 4/4 Epoch 500 Val loss 4.218 Val acc 0.593 Best Val Loss 4.121 Best Val Acc 0.648 Best Fold Val Acc  0.722 Best Fold Val Loss 1.617
INFO:__main__:Winner of Model Selection | hidden dim: 64 | dropout 0.5
INFO:__main__:Winner Best Val Accuracy 0.72222
INFO:__main__:Test 1/3 Epoch 500 Val loss 3.497 Val acc 0.648 Best Val Loss 3.453 Best Val Acc 0.722
INFO:__main__:Test 2/3 Epoch 449 Val loss 4.606 Val acc 0.519 Best Val Loss 3.0 Best Val Acc 0.704
INFO:__main__:Test 3/3 Epoch 500 Val loss 5.935 Val acc 0.667 Best Val Loss 5.382 Best Val Acc 0.741
INFO:__main__:Avg test acc 0.750, Agv test acc std 0.024
INFO:__main__:Cross-val iter:5 | Current average test accuracy across folds 0.67000
INFO:__main__:

INFO:__main__:------------------------------ITERATION 6------------------------------
INFO:__main__:Model # Parameters 60678
INFO:__main__:MS 1/4 Epoch 500 Val loss 3.312 Val acc 0.796 Best Val Loss 2.555 Best Val Acc 0.833 Best Fold Val Acc  0.833 Best Fold Val Loss 0.979
INFO:__main__:Model # Parameters 16006
INFO:__main__:MS 2/4 Epoch 447 Val loss 2.09 Val acc 0.593 Best Val Loss 0.939 Best Val Acc 0.815 Best Fold Val Acc  0.833 Best Fold Val Loss 0.841
INFO:__main__:Model # Parameters 60678
INFO:__main__:MS 3/4 Epoch 500 Val loss 1.341 Val acc 0.778 Best Val Loss 1.165 Best Val Acc 0.852 Best Fold Val Acc  0.852 Best Fold Val Loss 0.841
INFO:__main__:Model # Parameters 16006
INFO:__main__:MS 4/4 Epoch 415 Val loss 1.709 Val acc 0.704 Best Val Loss 1.521 Best Val Acc 0.778 Best Fold Val Acc  0.852 Best Fold Val Loss 0.841
INFO:__main__:Winner of Model Selection | hidden dim: 64 | dropout 0
INFO:__main__:Winner Best Val Accuracy 0.85185
INFO:__main__:Test 1/3 Epoch 287 Val loss 1.53 Val acc 0.741 Best Val Loss 0.926 Best Val Acc 0.833
INFO:__main__:Test 2/3 Epoch 500 Val loss 1.684 Val acc 0.759 Best Val Loss 1.134 Best Val Acc 0.870
INFO:__main__:Test 3/3 Epoch 500 Val loss 1.796 Val acc 0.741 Best Val Loss 1.73 Best Val Acc 0.796
INFO:__main__:Avg test acc 0.794, Agv test acc std 0.031
INFO:__main__:Cross-val iter:6 | Current average test accuracy across folds 0.69074
INFO:__main__:

INFO:__main__:------------------------------ITERATION 7------------------------------
INFO:__main__:Model # Parameters 60678
INFO:__main__:MS 1/4 Epoch 480 Val loss 2.259 Val acc 0.741 Best Val Loss 0.711 Best Val Acc 0.870 Best Fold Val Acc  0.870 Best Fold Val Loss 0.711
INFO:__main__:Model # Parameters 16006
INFO:__main__:MS 2/4 Epoch 500 Val loss 1.776 Val acc 0.611 Best Val Loss 1.355 Best Val Acc 0.778 Best Fold Val Acc  0.870 Best Fold Val Loss 0.711
INFO:__main__:Model # Parameters 60678
INFO:__main__:MS 3/4 Epoch 500 Val loss 1.897 Val acc 0.704 Best Val Loss 1.685 Best Val Acc 0.852 Best Fold Val Acc  0.870 Best Fold Val Loss 0.711
INFO:__main__:Model # Parameters 16006
INFO:__main__:MS 4/4 Epoch 500 Val loss 1.671 Val acc 0.667 Best Val Loss 1.566 Best Val Acc 0.796 Best Fold Val Acc  0.870 Best Fold Val Loss 0.711
INFO:__main__:Winner of Model Selection | hidden dim: 64 | dropout 0.5
INFO:__main__:Winner Best Val Accuracy 0.87037
INFO:__main__:Test 1/3 Epoch 428 Val loss 2.354 Val acc 0.759 Best Val Loss 0.849 Best Val Acc 0.852
INFO:__main__:Test 2/3 Epoch 500 Val loss 2.643 Val acc 0.741 Best Val Loss 2.638 Best Val Acc 0.815
INFO:__main__:Test 3/3 Epoch 500 Val loss 2.479 Val acc 0.741 Best Val Loss 1.578 Best Val Acc 0.852
INFO:__main__:Avg test acc 0.683, Agv test acc std 0.024
INFO:__main__:Cross-val iter:7 | Current average test accuracy across folds 0.68968
INFO:__main__:

INFO:__main__:------------------------------ITERATION 8------------------------------
INFO:__main__:Model # Parameters 60678
INFO:__main__:MS 1/4 Epoch 500 Val loss 3.255 Val acc 0.704 Best Val Loss 1.376 Best Val Acc 0.815 Best Fold Val Acc  0.815 Best Fold Val Loss 1.196
INFO:__main__:Model # Parameters 16006
INFO:__main__:MS 2/4 Epoch 500 Val loss 2.02 Val acc 0.685 Best Val Loss 2.236 Best Val Acc 0.759 Best Fold Val Acc  0.815 Best Fold Val Loss 1.196
INFO:__main__:Model # Parameters 60678
INFO:__main__:MS 3/4 Epoch 500 Val loss 2.545 Val acc 0.648 Best Val Loss 1.863 Best Val Acc 0.815 Best Fold Val Acc  0.815 Best Fold Val Loss 1.169
INFO:__main__:Model # Parameters 16006
INFO:__main__:MS 4/4 Epoch 500 Val loss 1.486 Val acc 0.759 Best Val Loss 1.202 Best Val Acc 0.796 Best Fold Val Acc  0.815 Best Fold Val Loss 1.148
INFO:__main__:Winner of Model Selection | hidden dim: 64 | dropout 0.5
INFO:__main__:Winner Best Val Accuracy 0.81481
INFO:__main__:Test 1/3 Epoch 500 Val loss 2.175 Val acc 0.741 Best Val Loss 2.197 Best Val Acc 0.796
INFO:__main__:Test 2/3 Epoch 500 Val loss 3.241 Val acc 0.741 Best Val Loss 2.056 Best Val Acc 0.815
INFO:__main__:Test 3/3 Epoch 500 Val loss 2.685 Val acc 0.685 Best Val Loss 3.107 Best Val Acc 0.815
INFO:__main__:Avg test acc 0.689, Agv test acc std 0.021
INFO:__main__:Cross-val iter:8 | Current average test accuracy across folds 0.68958
INFO:__main__:

INFO:__main__:------------------------------ITERATION 9------------------------------
INFO:__main__:Model # Parameters 60678
INFO:__main__:MS 1/4 Epoch 500 Val loss 3.001 Val acc 0.704 Best Val Loss 3.466 Best Val Acc 0.722 Best Fold Val Acc  0.722 Best Fold Val Loss 1.805
INFO:__main__:Model # Parameters 16006
INFO:__main__:MS 2/4 Epoch 500 Val loss 3.819 Val acc 0.519 Best Val Loss 2.475 Best Val Acc 0.667 Best Fold Val Acc  0.722 Best Fold Val Loss 1.605
INFO:__main__:Model # Parameters 60678
INFO:__main__:MS 3/4 Epoch 500 Val loss 2.577 Val acc 0.63 Best Val Loss 2.442 Best Val Acc 0.704 Best Fold Val Acc  0.722 Best Fold Val Loss 1.548
INFO:__main__:Model # Parameters 16006
INFO:__main__:MS 4/4 Epoch 500 Val loss 2.034 Val acc 0.667 Best Val Loss 2.428 Best Val Acc 0.685 Best Fold Val Acc  0.722 Best Fold Val Loss 1.536
INFO:__main__:Winner of Model Selection | hidden dim: 64 | dropout 0.5
INFO:__main__:Winner Best Val Accuracy 0.72222
INFO:__main__:Test 1/3 Epoch 405 Val loss 3.788 Val acc 0.63 Best Val Loss 2.008 Best Val Acc 0.722
INFO:__main__:Test 2/3 Epoch 500 Val loss 3.528 Val acc 0.556 Best Val Loss 4.077 Best Val Acc 0.722
INFO:__main__:Test 3/3 Epoch 500 Val loss 4.264 Val acc 0.648 Best Val Loss 3.065 Best Val Acc 0.722
INFO:__main__:Avg test acc 0.739, Agv test acc std 0.039
INFO:__main__:Cross-val iter:9 | Current average test accuracy across folds 0.69506
INFO:__main__:

INFO:__main__:------------------------------ITERATION 10------------------------------
INFO:__main__:Model # Parameters 60678
INFO:__main__:MS 1/4 Epoch 500 Val loss 8.925 Val acc 0.611 Best Val Loss 5.27 Best Val Acc 0.759 Best Fold Val Acc  0.759 Best Fold Val Loss 1.746
INFO:__main__:Model # Parameters 16006
INFO:__main__:MS 2/4 Epoch 500 Val loss 4.067 Val acc 0.519 Best Val Loss 3.17 Best Val Acc 0.667 Best Fold Val Acc  0.759 Best Fold Val Loss 1.311
INFO:__main__:Model # Parameters 60678
INFO:__main__:MS 3/4 Epoch 500 Val loss 3.381 Val acc 0.648 Best Val Loss 2.316 Best Val Acc 0.722 Best Fold Val Acc  0.759 Best Fold Val Loss 1.311
INFO:__main__:Model # Parameters 16006
INFO:__main__:MS 4/4 Epoch 376 Val loss 2.208 Val acc 0.556 Best Val Loss 1.363 Best Val Acc 0.741 Best Fold Val Acc  0.759 Best Fold Val Loss 1.260
INFO:__main__:Winner of Model Selection | hidden dim: 64 | dropout 0.5
INFO:__main__:Winner Best Val Accuracy 0.75926
INFO:__main__:Test 1/3 Epoch 500 Val loss 5.459 Val acc 0.648 Best Val Loss 2.71 Best Val Acc 0.796
INFO:__main__:Test 2/3 Epoch 500 Val loss 3.231 Val acc 0.685 Best Val Loss 1.775 Best Val Acc 0.759
INFO:__main__:Test 3/3 Epoch 378 Val loss 2.38 Val acc 0.648 Best Val Loss 1.674 Best Val Acc 0.741
INFO:__main__:Avg test acc 0.644, Agv test acc std 0.016
INFO:__main__:Cross-val iter:10 | Current average test accuracy across folds 0.69000
INFO:__main__:

INFO:__main__:AVERAGE TEST ACC ACROSS FOLDS 0.69000
INFO:__main__:STD ACROSS FOLDS 0.053101347312660106
