INFO:__main__:------------------------------ITERATION 1------------------------------
INFO:__main__:Model # Parameters 44038
INFO:__main__:MS 1/4 Epoch 500 Val loss 2.7 Val acc 0.778 Best Val Loss 4.022 Best Val Acc 0.833 Best Fold Val Acc  0.833 Best Fold Val Loss 1.493
INFO:__main__:Model # Parameters 11782
INFO:__main__:MS 2/4 Epoch 500 Val loss 2.357 Val acc 0.741 Best Val Loss 1.698 Best Val Acc 0.815 Best Fold Val Acc  0.833 Best Fold Val Loss 1.303
INFO:__main__:Model # Parameters 44038
INFO:__main__:MS 3/4 Epoch 500 Val loss 2.439 Val acc 0.778 Best Val Loss 1.699 Best Val Acc 0.852 Best Fold Val Acc  0.852 Best Fold Val Loss 0.958
INFO:__main__:Model # Parameters 11782
INFO:__main__:MS 4/4 Epoch 500 Val loss 2.169 Val acc 0.796 Best Val Loss 2.449 Best Val Acc 0.833 Best Fold Val Acc  0.852 Best Fold Val Loss 0.958
INFO:__main__:Winner of Model Selection | hidden dim: 64 | dropout 0
INFO:__main__:Winner Best Val Accuracy 0.85185
INFO:__main__:Test 1/3 Epoch 500 Val loss 3.062 Val acc 0.778 Best Val Loss 2.515 Best Val Acc 0.852
INFO:__main__:Test 2/3 Epoch 500 Val loss 2.933 Val acc 0.778 Best Val Loss 2.287 Best Val Acc 0.852
INFO:__main__:Test 3/3 Epoch 373 Val loss 2.455 Val acc 0.796 Best Val Loss 1.991 Best Val Acc 0.852
INFO:__main__:Avg test acc 0.650, Agv test acc std 0.027
INFO:__main__:Cross-val iter:1 | Current average test accuracy across folds 0.65000
INFO:__main__:

INFO:__main__:------------------------------ITERATION 2------------------------------
INFO:__main__:Model # Parameters 44038
INFO:__main__:MS 1/4 Epoch 500 Val loss 1.93 Val acc 0.685 Best Val Loss 1.761 Best Val Acc 0.796 Best Fold Val Acc  0.796 Best Fold Val Loss 0.987
INFO:__main__:Model # Parameters 11782
INFO:__main__:MS 2/4 Epoch 432 Val loss 2.268 Val acc 0.63 Best Val Loss 1.819 Best Val Acc 0.722 Best Fold Val Acc  0.796 Best Fold Val Loss 0.987
INFO:__main__:Model # Parameters 44038
INFO:__main__:MS 3/4 Epoch 449 Val loss 3.12 Val acc 0.63 Best Val Loss 1.979 Best Val Acc 0.759 Best Fold Val Acc  0.796 Best Fold Val Loss 0.987
INFO:__main__:Model # Parameters 11782
INFO:__main__:MS 4/4 Epoch 500 Val loss 2.506 Val acc 0.611 Best Val Loss 3.127 Best Val Acc 0.722 Best Fold Val Acc  0.796 Best Fold Val Loss 0.987
INFO:__main__:Winner of Model Selection | hidden dim: 64 | dropout 0.5
INFO:__main__:Winner Best Val Accuracy 0.79630
INFO:__main__:Test 1/3 Epoch 421 Val loss 1.936 Val acc 0.685 Best Val Loss 0.935 Best Val Acc 0.796
INFO:__main__:Test 2/3 Epoch 500 Val loss 2.435 Val acc 0.704 Best Val Loss 1.737 Best Val Acc 0.759
INFO:__main__:Test 3/3 Epoch 500 Val loss 3.439 Val acc 0.63 Best Val Loss 1.787 Best Val Acc 0.759
INFO:__main__:Avg test acc 0.644, Agv test acc std 0.008
INFO:__main__:Cross-val iter:2 | Current average test accuracy across folds 0.64722
INFO:__main__:

INFO:__main__:------------------------------ITERATION 3------------------------------
INFO:__main__:Model # Parameters 44038
INFO:__main__:MS 1/4 Epoch 500 Val loss 4.024 Val acc 0.63 Best Val Loss 3.263 Best Val Acc 0.722 Best Fold Val Acc  0.722 Best Fold Val Loss 1.072
INFO:__main__:Model # Parameters 11782
INFO:__main__:MS 2/4 Epoch 500 Val loss 3.1 Val acc 0.593 Best Val Loss 1.781 Best Val Acc 0.741 Best Fold Val Acc  0.741 Best Fold Val Loss 1.072
INFO:__main__:Model # Parameters 44038
INFO:__main__:MS 3/4 Epoch 500 Val loss 1.961 Val acc 0.741 Best Val Loss 1.663 Best Val Acc 0.778 Best Fold Val Acc  0.778 Best Fold Val Loss 0.946
INFO:__main__:Model # Parameters 11782
INFO:__main__:MS 4/4 Epoch 500 Val loss 2.519 Val acc 0.667 Best Val Loss 1.67 Best Val Acc 0.741 Best Fold Val Acc  0.778 Best Fold Val Loss 0.946
INFO:__main__:Winner of Model Selection | hidden dim: 64 | dropout 0
INFO:__main__:Winner Best Val Accuracy 0.77778
INFO:__main__:Test 1/3 Epoch 500 Val loss 2.771 Val acc 0.611 Best Val Loss 1.354 Best Val Acc 0.796
INFO:__main__:Test 2/3 Epoch 500 Val loss 1.841 Val acc 0.648 Best Val Loss 1.74 Best Val Acc 0.759
INFO:__main__:Test 3/3 Epoch 333 Val loss 2.027 Val acc 0.648 Best Val Loss 1.184 Best Val Acc 0.741
INFO:__main__:Avg test acc 0.722, Agv test acc std 0.048
INFO:__main__:Cross-val iter:3 | Current average test accuracy across folds 0.67222
INFO:__main__:

INFO:__main__:------------------------------ITERATION 4------------------------------
INFO:__main__:Model # Parameters 44038
INFO:__main__:MS 1/4 Epoch 500 Val loss 2.582 Val acc 0.667 Best Val Loss 3.259 Best Val Acc 0.778 Best Fold Val Acc  0.778 Best Fold Val Loss 1.183
INFO:__main__:Model # Parameters 11782
INFO:__main__:MS 2/4 Epoch 500 Val loss 2.941 Val acc 0.611 Best Val Loss 1.702 Best Val Acc 0.685 Best Fold Val Acc  0.778 Best Fold Val Loss 1.183
INFO:__main__:Model # Parameters 44038
INFO:__main__:MS 3/4 Epoch 500 Val loss 4.785 Val acc 0.667 Best Val Loss 3.653 Best Val Acc 0.759 Best Fold Val Acc  0.778 Best Fold Val Loss 1.183
INFO:__main__:Model # Parameters 11782
INFO:__main__:MS 4/4 Epoch 500 Val loss 2.79 Val acc 0.63 Best Val Loss 3.111 Best Val Acc 0.741 Best Fold Val Acc  0.778 Best Fold Val Loss 1.183
INFO:__main__:Winner of Model Selection | hidden dim: 64 | dropout 0.5
INFO:__main__:Winner Best Val Accuracy 0.77778
INFO:__main__:Test 1/3 Epoch 500 Val loss 3.812 Val acc 0.648 Best Val Loss 4.469 Best Val Acc 0.722
INFO:__main__:Test 2/3 Epoch 500 Val loss 1.915 Val acc 0.722 Best Val Loss 1.345 Best Val Acc 0.833
INFO:__main__:Test 3/3 Epoch 500 Val loss 3.194 Val acc 0.648 Best Val Loss 2.287 Best Val Acc 0.796
INFO:__main__:Avg test acc 0.622, Agv test acc std 0.063
INFO:__main__:Cross-val iter:4 | Current average test accuracy across folds 0.65972
INFO:__main__:

INFO:__main__:------------------------------ITERATION 5------------------------------
INFO:__main__:Model # Parameters 44038
INFO:__main__:MS 1/4 Epoch 500 Val loss 4.089 Val acc 0.704 Best Val Loss 3.0 Best Val Acc 0.759 Best Fold Val Acc  0.759 Best Fold Val Loss 1.523
INFO:__main__:Model # Parameters 11782
INFO:__main__:MS 2/4 Epoch 500 Val loss 4.324 Val acc 0.648 Best Val Loss 4.442 Best Val Acc 0.704 Best Fold Val Acc  0.759 Best Fold Val Loss 1.523
INFO:__main__:Model # Parameters 44038
INFO:__main__:MS 3/4 Epoch 500 Val loss 6.055 Val acc 0.519 Best Val Loss 5.598 Best Val Acc 0.648 Best Fold Val Acc  0.759 Best Fold Val Loss 1.523
INFO:__main__:Model # Parameters 11782
INFO:__main__:MS 4/4 Epoch 455 Val loss 3.428 Val acc 0.611 Best Val Loss 2.999 Best Val Acc 0.685 Best Fold Val Acc  0.759 Best Fold Val Loss 1.523
INFO:__main__:Winner of Model Selection | hidden dim: 64 | dropout 0.5
INFO:__main__:Winner Best Val Accuracy 0.75926
INFO:__main__:Test 1/3 Epoch 500 Val loss 6.307 Val acc 0.574 Best Val Loss 4.679 Best Val Acc 0.685
INFO:__main__:Test 2/3 Epoch 500 Val loss 5.084 Val acc 0.63 Best Val Loss 4.682 Best Val Acc 0.704
INFO:__main__:Test 3/3 Epoch 500 Val loss 4.916 Val acc 0.648 Best Val Loss 4.685 Best Val Acc 0.704
INFO:__main__:Avg test acc 0.694, Agv test acc std 0.021
INFO:__main__:Cross-val iter:5 | Current average test accuracy across folds 0.66667
INFO:__main__:

INFO:__main__:------------------------------ITERATION 6------------------------------
INFO:__main__:Model # Parameters 44038
INFO:__main__:MS 1/4 Epoch 500 Val loss 2.228 Val acc 0.741 Best Val Loss 1.822 Best Val Acc 0.833 Best Fold Val Acc  0.833 Best Fold Val Loss 1.001
INFO:__main__:Model # Parameters 11782
INFO:__main__:MS 2/4 Epoch 500 Val loss 2.708 Val acc 0.685 Best Val Loss 2.159 Best Val Acc 0.796 Best Fold Val Acc  0.833 Best Fold Val Loss 1.001
INFO:__main__:Model # Parameters 44038
INFO:__main__:MS 3/4 Epoch 500 Val loss 1.736 Val acc 0.741 Best Val Loss 1.296 Best Val Acc 0.833 Best Fold Val Acc  0.833 Best Fold Val Loss 1.001
INFO:__main__:Model # Parameters 11782
INFO:__main__:MS 4/4 Epoch 500 Val loss 1.568 Val acc 0.704 Best Val Loss 1.167 Best Val Acc 0.852 Best Fold Val Acc  0.852 Best Fold Val Loss 0.897
INFO:__main__:Winner of Model Selection | hidden dim: 32 | dropout 0
INFO:__main__:Winner Best Val Accuracy 0.85185
INFO:__main__:Test 1/3 Epoch 500 Val loss 1.203 Val acc 0.741 Best Val Loss 0.856 Best Val Acc 0.833
INFO:__main__:Test 2/3 Epoch 479 Val loss 1.624 Val acc 0.704 Best Val Loss 1.114 Best Val Acc 0.833
INFO:__main__:Test 3/3 Epoch 500 Val loss 2.719 Val acc 0.63 Best Val Loss 1.584 Best Val Acc 0.796
INFO:__main__:Avg test acc 0.733, Agv test acc std 0.036
INFO:__main__:Cross-val iter:6 | Current average test accuracy across folds 0.67778
INFO:__main__:

INFO:__main__:------------------------------ITERATION 7------------------------------
INFO:__main__:Model # Parameters 44038
INFO:__main__:MS 1/4 Epoch 414 Val loss 1.053 Val acc 0.796 Best Val Loss 1.96 Best Val Acc 0.852 Best Fold Val Acc  0.852 Best Fold Val Loss 0.970
INFO:__main__:Model # Parameters 11782
INFO:__main__:MS 2/4 Epoch 500 Val loss 2.054 Val acc 0.685 Best Val Loss 1.918 Best Val Acc 0.759 Best Fold Val Acc  0.852 Best Fold Val Loss 0.964
INFO:__main__:Model # Parameters 44038
INFO:__main__:MS 3/4 Epoch 500 Val loss 1.58 Val acc 0.778 Best Val Loss 1.102 Best Val Acc 0.852 Best Fold Val Acc  0.852 Best Fold Val Loss 0.964
INFO:__main__:Model # Parameters 11782
INFO:__main__:MS 4/4 Epoch 422 Val loss 1.637 Val acc 0.722 Best Val Loss 0.715 Best Val Acc 0.870 Best Fold Val Acc  0.870 Best Fold Val Loss 0.715
INFO:__main__:Winner of Model Selection | hidden dim: 32 | dropout 0
INFO:__main__:Winner Best Val Accuracy 0.87037
INFO:__main__:Test 1/3 Epoch 500 Val loss 2.121 Val acc 0.722 Best Val Loss 2.043 Best Val Acc 0.778
INFO:__main__:Test 2/3 Epoch 395 Val loss 1.552 Val acc 0.685 Best Val Loss 0.963 Best Val Acc 0.852
INFO:__main__:Test 3/3 Epoch 500 Val loss 1.675 Val acc 0.741 Best Val Loss 1.389 Best Val Acc 0.852
INFO:__main__:Avg test acc 0.672, Agv test acc std 0.034
INFO:__main__:Cross-val iter:7 | Current average test accuracy across folds 0.67698
INFO:__main__:

INFO:__main__:------------------------------ITERATION 8------------------------------
INFO:__main__:Model # Parameters 44038
INFO:__main__:MS 1/4 Epoch 500 Val loss 5.019 Val acc 0.667 Best Val Loss 5.029 Best Val Acc 0.796 Best Fold Val Acc  0.796 Best Fold Val Loss 1.341
INFO:__main__:Model # Parameters 11782
INFO:__main__:MS 2/4 Epoch 500 Val loss 2.921 Val acc 0.722 Best Val Loss 2.661 Best Val Acc 0.796 Best Fold Val Acc  0.796 Best Fold Val Loss 1.341
INFO:__main__:Model # Parameters 44038
INFO:__main__:MS 3/4 Epoch 464 Val loss 2.875 Val acc 0.741 Best Val Loss 1.399 Best Val Acc 0.815 Best Fold Val Acc  0.815 Best Fold Val Loss 1.341
INFO:__main__:Model # Parameters 11782
INFO:__main__:MS 4/4 Epoch 500 Val loss 1.981 Val acc 0.741 Best Val Loss 1.882 Best Val Acc 0.833 Best Fold Val Acc  0.833 Best Fold Val Loss 1.309
INFO:__main__:Winner of Model Selection | hidden dim: 32 | dropout 0
INFO:__main__:Winner Best Val Accuracy 0.83333
INFO:__main__:Test 1/3 Epoch 500 Val loss 2.82 Val acc 0.741 Best Val Loss 2.674 Best Val Acc 0.852
INFO:__main__:Test 2/3 Epoch 500 Val loss 3.781 Val acc 0.667 Best Val Loss 3.316 Best Val Acc 0.741
INFO:__main__:Test 3/3 Epoch 500 Val loss 2.827 Val acc 0.667 Best Val Loss 2.631 Best Val Acc 0.741
INFO:__main__:Avg test acc 0.683, Agv test acc std 0.041
INFO:__main__:Cross-val iter:8 | Current average test accuracy across folds 0.67778
INFO:__main__:

INFO:__main__:------------------------------ITERATION 9------------------------------
INFO:__main__:Model # Parameters 44038
INFO:__main__:MS 1/4 Epoch 500 Val loss 3.121 Val acc 0.648 Best Val Loss 2.594 Best Val Acc 0.778 Best Fold Val Acc  0.778 Best Fold Val Loss 1.038
INFO:__main__:Model # Parameters 11782
INFO:__main__:MS 2/4 Epoch 500 Val loss 3.806 Val acc 0.667 Best Val Loss 1.612 Best Val Acc 0.759 Best Fold Val Acc  0.778 Best Fold Val Loss 1.038
INFO:__main__:Model # Parameters 44038
INFO:__main__:MS 3/4 Epoch 500 Val loss 1.786 Val acc 0.722 Best Val Loss 1.681 Best Val Acc 0.778 Best Fold Val Acc  0.778 Best Fold Val Loss 1.038
INFO:__main__:Model # Parameters 11782
INFO:__main__:MS 4/4 Epoch 500 Val loss 2.787 Val acc 0.685 Best Val Loss 2.787 Best Val Acc 0.685 Best Fold Val Acc  0.778 Best Fold Val Loss 1.038
INFO:__main__:Winner of Model Selection | hidden dim: 64 | dropout 0.5
INFO:__main__:Winner Best Val Accuracy 0.77778
INFO:__main__:Test 1/3 Epoch 500 Val loss 3.444 Val acc 0.63 Best Val Loss 2.418 Best Val Acc 0.741
INFO:__main__:Test 2/3 Epoch 500 Val loss 3.329 Val acc 0.685 Best Val Loss 3.259 Best Val Acc 0.778
INFO:__main__:Test 3/3 Epoch 500 Val loss 3.125 Val acc 0.722 Best Val Loss 1.97 Best Val Acc 0.778
INFO:__main__:Avg test acc 0.789, Agv test acc std 0.016
INFO:__main__:Cross-val iter:9 | Current average test accuracy across folds 0.69012
INFO:__main__:

INFO:__main__:------------------------------ITERATION 10------------------------------
INFO:__main__:Model # Parameters 44038
INFO:__main__:MS 1/4 Epoch 478 Val loss 7.395 Val acc 0.667 Best Val Loss 2.252 Best Val Acc 0.833 Best Fold Val Acc  0.833 Best Fold Val Loss 0.844
INFO:__main__:Model # Parameters 11782
INFO:__main__:MS 2/4 Epoch 500 Val loss 4.59 Val acc 0.611 Best Val Loss 1.952 Best Val Acc 0.759 Best Fold Val Acc  0.833 Best Fold Val Loss 0.844
INFO:__main__:Model # Parameters 44038
INFO:__main__:MS 3/4 Epoch 500 Val loss 3.184 Val acc 0.685 Best Val Loss 3.306 Best Val Acc 0.741 Best Fold Val Acc  0.833 Best Fold Val Loss 0.844
INFO:__main__:Model # Parameters 11782
INFO:__main__:MS 4/4 Epoch 500 Val loss 8.09 Val acc 0.667 Best Val Loss 7.061 Best Val Acc 0.704 Best Fold Val Acc  0.833 Best Fold Val Loss 0.844
INFO:__main__:Winner of Model Selection | hidden dim: 64 | dropout 0.5
INFO:__main__:Winner Best Val Accuracy 0.83333
INFO:__main__:Test 1/3 Epoch 500 Val loss 5.952 Val acc 0.704 Best Val Loss 6.148 Best Val Acc 0.796
INFO:__main__:Test 2/3 Epoch 500 Val loss 4.917 Val acc 0.722 Best Val Loss 3.518 Best Val Acc 0.796
INFO:__main__:Test 3/3 Epoch 500 Val loss 9.068 Val acc 0.704 Best Val Loss 6.982 Best Val Acc 0.796
INFO:__main__:Avg test acc 0.711, Agv test acc std 0.048
INFO:__main__:Cross-val iter:10 | Current average test accuracy across folds 0.69222
INFO:__main__:

INFO:__main__:AVERAGE TEST ACC ACROSS FOLDS 0.69222
INFO:__main__:STD ACROSS FOLDS 0.046626967240794015
