INFO:__main__:------------------------------ITERATION 1------------------------------
INFO:__main__:Model # Parameters 43782
INFO:__main__:MS 1/4 Epoch 500 Val loss 1.966 Val acc 0.815 Best Val Loss 1.444 Best Val Acc 0.870 Best Fold Val Acc  0.870 Best Fold Val Loss 1.003
INFO:__main__:Model # Parameters 11654
INFO:__main__:MS 2/4 Epoch 500 Val loss 1.939 Val acc 0.759 Best Val Loss 1.366 Best Val Acc 0.833 Best Fold Val Acc  0.870 Best Fold Val Loss 1.003
INFO:__main__:Model # Parameters 43782
INFO:__main__:MS 3/4 Epoch 500 Val loss 1.954 Val acc 0.815 Best Val Loss 1.765 Best Val Acc 0.870 Best Fold Val Acc  0.870 Best Fold Val Loss 1.003
INFO:__main__:Model # Parameters 11654
INFO:__main__:MS 4/4 Epoch 500 Val loss 1.588 Val acc 0.778 Best Val Loss 1.413 Best Val Acc 0.852 Best Fold Val Acc  0.870 Best Fold Val Loss 0.870
INFO:__main__:Winner of Model Selection | hidden dim: 64 | dropout 0.5
INFO:__main__:Winner Best Val Accuracy 0.87037
INFO:__main__:Test 1/3 Epoch 500 Val loss 2.363 Val acc 0.759 Best Val Loss 1.446 Best Val Acc 0.852
INFO:__main__:Test 2/3 Epoch 500 Val loss 2.569 Val acc 0.722 Best Val Loss 2.145 Best Val Acc 0.852
INFO:__main__:Test 3/3 Epoch 500 Val loss 2.071 Val acc 0.815 Best Val Loss 1.125 Best Val Acc 0.889
INFO:__main__:Avg test acc 0.700, Agv test acc std 0.041
INFO:__main__:Cross-val iter:1 | Current average test accuracy across folds 0.70000
INFO:__main__:

INFO:__main__:------------------------------ITERATION 2------------------------------
INFO:__main__:Model # Parameters 43782
INFO:__main__:MS 1/4 Epoch 439 Val loss 1.554 Val acc 0.759 Best Val Loss 1.242 Best Val Acc 0.796 Best Fold Val Acc  0.796 Best Fold Val Loss 0.948
INFO:__main__:Model # Parameters 11654
INFO:__main__:MS 2/4 Epoch 500 Val loss 2.112 Val acc 0.685 Best Val Loss 1.304 Best Val Acc 0.741 Best Fold Val Acc  0.796 Best Fold Val Loss 0.948
INFO:__main__:Model # Parameters 43782
INFO:__main__:MS 3/4 Epoch 500 Val loss 2.214 Val acc 0.648 Best Val Loss 2.293 Best Val Acc 0.778 Best Fold Val Acc  0.796 Best Fold Val Loss 0.947
INFO:__main__:Model # Parameters 11654
INFO:__main__:MS 4/4 Epoch 500 Val loss 2.086 Val acc 0.741 Best Val Loss 1.84 Best Val Acc 0.778 Best Fold Val Acc  0.796 Best Fold Val Loss 0.947
INFO:__main__:Winner of Model Selection | hidden dim: 64 | dropout 0.5
INFO:__main__:Winner Best Val Accuracy 0.79630
INFO:__main__:Test 1/3 Epoch 500 Val loss 1.63 Val acc 0.741 Best Val Loss 0.882 Best Val Acc 0.815
INFO:__main__:Test 2/3 Epoch 500 Val loss 2.272 Val acc 0.759 Best Val Loss 1.519 Best Val Acc 0.778
INFO:__main__:Test 3/3 Epoch 500 Val loss 2.012 Val acc 0.741 Best Val Loss 1.325 Best Val Acc 0.796
INFO:__main__:Avg test acc 0.661, Agv test acc std 0.031
INFO:__main__:Cross-val iter:2 | Current average test accuracy across folds 0.68056
INFO:__main__:

INFO:__main__:------------------------------ITERATION 3------------------------------
INFO:__main__:Model # Parameters 43782
INFO:__main__:MS 1/4 Epoch 500 Val loss 2.765 Val acc 0.648 Best Val Loss 1.424 Best Val Acc 0.759 Best Fold Val Acc  0.759 Best Fold Val Loss 0.899
INFO:__main__:Model # Parameters 11654
INFO:__main__:MS 2/4 Epoch 500 Val loss 1.726 Val acc 0.63 Best Val Loss 1.344 Best Val Acc 0.759 Best Fold Val Acc  0.759 Best Fold Val Loss 0.899
INFO:__main__:Model # Parameters 43782
INFO:__main__:MS 3/4 Epoch 369 Val loss 1.924 Val acc 0.667 Best Val Loss 0.967 Best Val Acc 0.796 Best Fold Val Acc  0.796 Best Fold Val Loss 0.899
INFO:__main__:Model # Parameters 11654
INFO:__main__:MS 4/4 Epoch 500 Val loss 1.646 Val acc 0.648 Best Val Loss 1.155 Best Val Acc 0.759 Best Fold Val Acc  0.796 Best Fold Val Loss 0.899
INFO:__main__:Winner of Model Selection | hidden dim: 64 | dropout 0
INFO:__main__:Winner Best Val Accuracy 0.79630
INFO:__main__:Test 1/3 Epoch 500 Val loss 2.008 Val acc 0.667 Best Val Loss 1.275 Best Val Acc 0.759
INFO:__main__:Test 2/3 Epoch 500 Val loss 2.011 Val acc 0.648 Best Val Loss 1.575 Best Val Acc 0.759
INFO:__main__:Test 3/3 Epoch 500 Val loss 1.97 Val acc 0.685 Best Val Loss 1.418 Best Val Acc 0.778
INFO:__main__:Avg test acc 0.728, Agv test acc std 0.028
INFO:__main__:Cross-val iter:3 | Current average test accuracy across folds 0.69630
INFO:__main__:

INFO:__main__:------------------------------ITERATION 4------------------------------
INFO:__main__:Model # Parameters 43782
INFO:__main__:MS 1/4 Epoch 500 Val loss 2.291 Val acc 0.833 Best Val Loss 1.019 Best Val Acc 0.852 Best Fold Val Acc  0.852 Best Fold Val Loss 0.693
INFO:__main__:Model # Parameters 11654
INFO:__main__:MS 2/4 Epoch 500 Val loss 1.849 Val acc 0.704 Best Val Loss 1.207 Best Val Acc 0.759 Best Fold Val Acc  0.852 Best Fold Val Loss 0.693
INFO:__main__:Model # Parameters 43782
INFO:__main__:MS 3/4 Epoch 500 Val loss 1.947 Val acc 0.741 Best Val Loss 1.835 Best Val Acc 0.815 Best Fold Val Acc  0.852 Best Fold Val Loss 0.693
INFO:__main__:Model # Parameters 11654
INFO:__main__:MS 4/4 Epoch 500 Val loss 2.352 Val acc 0.63 Best Val Loss 2.206 Best Val Acc 0.778 Best Fold Val Acc  0.852 Best Fold Val Loss 0.693
INFO:__main__:Winner of Model Selection | hidden dim: 64 | dropout 0.5
INFO:__main__:Winner Best Val Accuracy 0.85185
INFO:__main__:Test 1/3 Epoch 500 Val loss 2.358 Val acc 0.667 Best Val Loss 1.017 Best Val Acc 0.833
INFO:__main__:Test 2/3 Epoch 500 Val loss 2.535 Val acc 0.704 Best Val Loss 1.257 Best Val Acc 0.815
INFO:__main__:Test 3/3 Epoch 389 Val loss 2.633 Val acc 0.685 Best Val Loss 1.059 Best Val Acc 0.778
INFO:__main__:Avg test acc 0.644, Agv test acc std 0.055
INFO:__main__:Cross-val iter:4 | Current average test accuracy across folds 0.68333
INFO:__main__:

INFO:__main__:------------------------------ITERATION 5------------------------------
INFO:__main__:Model # Parameters 43782
INFO:__main__:MS 1/4 Epoch 500 Val loss 3.302 Val acc 0.648 Best Val Loss 2.218 Best Val Acc 0.759 Best Fold Val Acc  0.759 Best Fold Val Loss 1.527
INFO:__main__:Model # Parameters 11654
INFO:__main__:MS 2/4 Epoch 500 Val loss 2.61 Val acc 0.611 Best Val Loss 2.338 Best Val Acc 0.685 Best Fold Val Acc  0.759 Best Fold Val Loss 1.522
INFO:__main__:Model # Parameters 43782
INFO:__main__:MS 3/4 Epoch 402 Val loss 3.695 Val acc 0.593 Best Val Loss 2.162 Best Val Acc 0.722 Best Fold Val Acc  0.759 Best Fold Val Loss 1.460
INFO:__main__:Model # Parameters 11654
INFO:__main__:MS 4/4 Epoch 500 Val loss 3.775 Val acc 0.593 Best Val Loss 2.758 Best Val Acc 0.685 Best Fold Val Acc  0.759 Best Fold Val Loss 1.460
INFO:__main__:Winner of Model Selection | hidden dim: 64 | dropout 0.5
INFO:__main__:Winner Best Val Accuracy 0.75926
INFO:__main__:Test 1/3 Epoch 500 Val loss 5.224 Val acc 0.611 Best Val Loss 3.396 Best Val Acc 0.704
INFO:__main__:Test 2/3 Epoch 500 Val loss 4.134 Val acc 0.63 Best Val Loss 2.75 Best Val Acc 0.759
INFO:__main__:Test 3/3 Epoch 500 Val loss 3.306 Val acc 0.667 Best Val Loss 3.502 Best Val Acc 0.741
INFO:__main__:Avg test acc 0.706, Agv test acc std 0.034
INFO:__main__:Cross-val iter:5 | Current average test accuracy across folds 0.68778
INFO:__main__:

INFO:__main__:------------------------------ITERATION 6------------------------------
INFO:__main__:Model # Parameters 43782
INFO:__main__:MS 1/4 Epoch 500 Val loss 2.929 Val acc 0.685 Best Val Loss 2.694 Best Val Acc 0.815 Best Fold Val Acc  0.815 Best Fold Val Loss 1.010
INFO:__main__:Model # Parameters 11654
INFO:__main__:MS 2/4 Epoch 500 Val loss 1.832 Val acc 0.704 Best Val Loss 1.347 Best Val Acc 0.759 Best Fold Val Acc  0.815 Best Fold Val Loss 1.010
INFO:__main__:Model # Parameters 43782
INFO:__main__:MS 3/4 Epoch 369 Val loss 1.272 Val acc 0.815 Best Val Loss 0.766 Best Val Acc 0.852 Best Fold Val Acc  0.852 Best Fold Val Loss 0.766
INFO:__main__:Model # Parameters 11654
INFO:__main__:MS 4/4 Epoch 500 Val loss 1.738 Val acc 0.741 Best Val Loss 1.633 Best Val Acc 0.796 Best Fold Val Acc  0.852 Best Fold Val Loss 0.766
INFO:__main__:Winner of Model Selection | hidden dim: 64 | dropout 0
INFO:__main__:Winner Best Val Accuracy 0.85185
INFO:__main__:Test 1/3 Epoch 500 Val loss 2.12 Val acc 0.741 Best Val Loss 1.563 Best Val Acc 0.833
INFO:__main__:Test 2/3 Epoch 500 Val loss 2.223 Val acc 0.759 Best Val Loss 1.31 Best Val Acc 0.833
INFO:__main__:Test 3/3 Epoch 500 Val loss 1.584 Val acc 0.796 Best Val Loss 1.468 Best Val Acc 0.870
INFO:__main__:Avg test acc 0.811, Agv test acc std 0.021
INFO:__main__:Cross-val iter:6 | Current average test accuracy across folds 0.70833
INFO:__main__:

INFO:__main__:------------------------------ITERATION 7------------------------------
INFO:__main__:Model # Parameters 43782
INFO:__main__:MS 1/4 Epoch 495 Val loss 1.73 Val acc 0.759 Best Val Loss 1.446 Best Val Acc 0.833 Best Fold Val Acc  0.833 Best Fold Val Loss 0.955
INFO:__main__:Model # Parameters 11654
INFO:__main__:MS 2/4 Epoch 500 Val loss 1.192 Val acc 0.648 Best Val Loss 0.769 Best Val Acc 0.870 Best Fold Val Acc  0.870 Best Fold Val Loss 0.654
INFO:__main__:Model # Parameters 43782
INFO:__main__:MS 3/4 Epoch 448 Val loss 0.931 Val acc 0.778 Best Val Loss 0.7 Best Val Acc 0.889 Best Fold Val Acc  0.889 Best Fold Val Loss 0.608
INFO:__main__:Model # Parameters 11654
INFO:__main__:MS 4/4 Epoch 378 Val loss 1.072 Val acc 0.759 Best Val Loss 0.803 Best Val Acc 0.870 Best Fold Val Acc  0.889 Best Fold Val Loss 0.608
INFO:__main__:Winner of Model Selection | hidden dim: 64 | dropout 0
INFO:__main__:Winner Best Val Accuracy 0.88889
INFO:__main__:Test 1/3 Epoch 500 Val loss 1.057 Val acc 0.759 Best Val Loss 0.565 Best Val Acc 0.889
INFO:__main__:Test 2/3 Epoch 500 Val loss 1.209 Val acc 0.741 Best Val Loss 0.824 Best Val Acc 0.870
INFO:__main__:Test 3/3 Epoch 500 Val loss 1.232 Val acc 0.815 Best Val Loss 1.433 Best Val Acc 0.852
INFO:__main__:Avg test acc 0.767, Agv test acc std 0.041
INFO:__main__:Cross-val iter:7 | Current average test accuracy across folds 0.71667
INFO:__main__:

INFO:__main__:------------------------------ITERATION 8------------------------------
INFO:__main__:Model # Parameters 43782
INFO:__main__:MS 1/4 Epoch 500 Val loss 2.725 Val acc 0.722 Best Val Loss 2.761 Best Val Acc 0.833 Best Fold Val Acc  0.833 Best Fold Val Loss 1.352
INFO:__main__:Model # Parameters 11654
INFO:__main__:MS 2/4 Epoch 500 Val loss 1.837 Val acc 0.685 Best Val Loss 1.557 Best Val Acc 0.796 Best Fold Val Acc  0.833 Best Fold Val Loss 1.277
INFO:__main__:Model # Parameters 43782
INFO:__main__:MS 3/4 Epoch 500 Val loss 2.07 Val acc 0.722 Best Val Loss 1.778 Best Val Acc 0.815 Best Fold Val Acc  0.833 Best Fold Val Loss 0.997
INFO:__main__:Model # Parameters 11654
INFO:__main__:MS 4/4 Epoch 500 Val loss 1.759 Val acc 0.759 Best Val Loss 1.93 Best Val Acc 0.852 Best Fold Val Acc  0.852 Best Fold Val Loss 0.997
INFO:__main__:Winner of Model Selection | hidden dim: 32 | dropout 0
INFO:__main__:Winner Best Val Accuracy 0.85185
INFO:__main__:Test 1/3 Epoch 500 Val loss 2.413 Val acc 0.759 Best Val Loss 1.611 Best Val Acc 0.833
INFO:__main__:Test 2/3 Epoch 500 Val loss 2.35 Val acc 0.667 Best Val Loss 1.964 Best Val Acc 0.759
INFO:__main__:Test 3/3 Epoch 500 Val loss 2.383 Val acc 0.685 Best Val Loss 1.681 Best Val Acc 0.741
INFO:__main__:Avg test acc 0.722, Agv test acc std 0.028
INFO:__main__:Cross-val iter:8 | Current average test accuracy across folds 0.71736
INFO:__main__:

INFO:__main__:------------------------------ITERATION 9------------------------------
INFO:__main__:Model # Parameters 43782
INFO:__main__:MS 1/4 Epoch 464 Val loss 3.68 Val acc 0.63 Best Val Loss 1.743 Best Val Acc 0.741 Best Fold Val Acc  0.741 Best Fold Val Loss 1.348
INFO:__main__:Model # Parameters 11654
INFO:__main__:MS 2/4 Epoch 500 Val loss 3.033 Val acc 0.593 Best Val Loss 2.733 Best Val Acc 0.704 Best Fold Val Acc  0.741 Best Fold Val Loss 1.222
INFO:__main__:Model # Parameters 43782
INFO:__main__:MS 3/4 Epoch 500 Val loss 2.549 Val acc 0.685 Best Val Loss 1.455 Best Val Acc 0.759 Best Fold Val Acc  0.759 Best Fold Val Loss 1.184
INFO:__main__:Model # Parameters 11654
INFO:__main__:MS 4/4 Epoch 500 Val loss 2.226 Val acc 0.704 Best Val Loss 1.803 Best Val Acc 0.815 Best Fold Val Acc  0.815 Best Fold Val Loss 1.155
INFO:__main__:Winner of Model Selection | hidden dim: 32 | dropout 0
INFO:__main__:Winner Best Val Accuracy 0.81481
INFO:__main__:Test 1/3 Epoch 500 Val loss 2.906 Val acc 0.611 Best Val Loss 2.016 Best Val Acc 0.722
INFO:__main__:Test 2/3 Epoch 500 Val loss 2.157 Val acc 0.685 Best Val Loss 1.932 Best Val Acc 0.722
INFO:__main__:Test 3/3 Epoch 500 Val loss 2.42 Val acc 0.648 Best Val Loss 2.741 Best Val Acc 0.704
INFO:__main__:Avg test acc 0.794, Agv test acc std 0.028
INFO:__main__:Cross-val iter:9 | Current average test accuracy across folds 0.72593
INFO:__main__:

INFO:__main__:------------------------------ITERATION 10------------------------------
INFO:__main__:Model # Parameters 43782
INFO:__main__:MS 1/4 Epoch 500 Val loss 8.76 Val acc 0.685 Best Val Loss 9.357 Best Val Acc 0.759 Best Fold Val Acc  0.759 Best Fold Val Loss 1.653
INFO:__main__:Model # Parameters 11654
INFO:__main__:MS 2/4 Epoch 500 Val loss 16.401 Val acc 0.648 Best Val Loss 15.51 Best Val Acc 0.722 Best Fold Val Acc  0.759 Best Fold Val Loss 1.653
INFO:__main__:Model # Parameters 43782
INFO:__main__:MS 3/4 Epoch 456 Val loss 3.189 Val acc 0.667 Best Val Loss 1.604 Best Val Acc 0.833 Best Fold Val Acc  0.833 Best Fold Val Loss 1.269
INFO:__main__:Model # Parameters 11654
INFO:__main__:MS 4/4 Epoch 500 Val loss 1.805 Val acc 0.741 Best Val Loss 1.38 Best Val Acc 0.796 Best Fold Val Acc  0.833 Best Fold Val Loss 0.863
INFO:__main__:Winner of Model Selection | hidden dim: 64 | dropout 0
INFO:__main__:Winner Best Val Accuracy 0.83333
INFO:__main__:Test 1/3 Epoch 500 Val loss 5.445 Val acc 0.667 Best Val Loss 4.048 Best Val Acc 0.759
INFO:__main__:Test 2/3 Epoch 500 Val loss 4.58 Val acc 0.759 Best Val Loss 4.489 Best Val Acc 0.778
INFO:__main__:Test 3/3 Epoch 465 Val loss 2.784 Val acc 0.685 Best Val Loss 1.322 Best Val Acc 0.796
INFO:__main__:Avg test acc 0.767, Agv test acc std 0.024
INFO:__main__:Cross-val iter:10 | Current average test accuracy across folds 0.73000
INFO:__main__:

INFO:__main__:AVERAGE TEST ACC ACROSS FOLDS 0.73000
INFO:__main__:STD ACROSS FOLDS 0.05200902105985978
