INFO:__main__:------------------------------ITERATION 1------------------------------
INFO:__main__:Model # Parameters 44674
INFO:__main__:MS 1/4 Epoch 500 Val loss 0.933 Val acc 0.792 Best Val Loss 0.75 Best Val Acc 0.832 Best Fold Val Acc  0.832 Best Fold Val Loss 0.459
INFO:__main__:Model # Parameters 12098
INFO:__main__:MS 2/4 Epoch 500 Val loss 0.541 Val acc 0.795 Best Val Loss 0.483 Best Val Acc 0.814 Best Fold Val Acc  0.832 Best Fold Val Loss 0.459
INFO:__main__:Model # Parameters 44674
INFO:__main__:MS 3/4 Epoch 359 Val loss 1.598 Val acc 0.781 Best Val Loss 0.691 Best Val Acc 0.811 Best Fold Val Acc  0.832 Best Fold Val Loss 0.459
INFO:__main__:Model # Parameters 12098
INFO:__main__:MS 4/4 Epoch 500 Val loss 1.366 Val acc 0.776 Best Val Loss 1.327 Best Val Acc 0.822 Best Fold Val Acc  0.832 Best Fold Val Loss 0.459
INFO:__main__:Winner of Model Selection | hidden dim: 64 | dropout 0.5
INFO:__main__:Winner Best Val Accuracy 0.83243
INFO:__main__:Test 1/3 Epoch 333 Val loss 0.676 Val acc 0.808 Best Val Loss 0.473 Best Val Acc 0.824
INFO:__main__:Test 2/3 Epoch 468 Val loss 0.743 Val acc 0.786 Best Val Loss 0.498 Best Val Acc 0.827
INFO:__main__:Test 3/3 Epoch 463 Val loss 0.757 Val acc 0.803 Best Val Loss 0.517 Best Val Acc 0.830
INFO:__main__:Avg test acc 0.790, Agv test acc std 0.019
INFO:__main__:Cross-val iter:1 | Current average test accuracy across folds 0.79045
INFO:__main__:

INFO:__main__:------------------------------ITERATION 2------------------------------
INFO:__main__:Model # Parameters 44674
INFO:__main__:MS 1/4 Epoch 457 Val loss 0.822 Val acc 0.797 Best Val Loss 0.539 Best Val Acc 0.830 Best Fold Val Acc  0.830 Best Fold Val Loss 0.477
INFO:__main__:Model # Parameters 12098
INFO:__main__:MS 2/4 Epoch 500 Val loss 0.554 Val acc 0.808 Best Val Loss 0.578 Best Val Acc 0.822 Best Fold Val Acc  0.830 Best Fold Val Loss 0.477
INFO:__main__:Model # Parameters 44674
INFO:__main__:MS 3/4 Epoch 479 Val loss 1.968 Val acc 0.803 Best Val Loss 1.129 Best Val Acc 0.843 Best Fold Val Acc  0.843 Best Fold Val Loss 0.468
INFO:__main__:Model # Parameters 12098
INFO:__main__:MS 4/4 Epoch 500 Val loss 1.325 Val acc 0.795 Best Val Loss 0.75 Best Val Acc 0.830 Best Fold Val Acc  0.843 Best Fold Val Loss 0.468
INFO:__main__:Winner of Model Selection | hidden dim: 64 | dropout 0
INFO:__main__:Winner Best Val Accuracy 0.84324
INFO:__main__:Test 1/3 Epoch 500 Val loss 1.677 Val acc 0.8 Best Val Loss 1.731 Best Val Acc 0.827
INFO:__main__:Test 2/3 Epoch 330 Val loss 1.395 Val acc 0.789 Best Val Loss 0.556 Best Val Acc 0.832
INFO:__main__:Test 3/3 Epoch 500 Val loss 1.959 Val acc 0.819 Best Val Loss 1.868 Best Val Acc 0.846
INFO:__main__:Avg test acc 0.824, Agv test acc std 0.006
INFO:__main__:Cross-val iter:2 | Current average test accuracy across folds 0.80704
INFO:__main__:

INFO:__main__:------------------------------ITERATION 3------------------------------
INFO:__main__:Model # Parameters 44674
INFO:__main__:MS 1/4 Epoch 500 Val loss 1.054 Val acc 0.841 Best Val Loss 1.02 Best Val Acc 0.854 Best Fold Val Acc  0.854 Best Fold Val Loss 0.547
INFO:__main__:Model # Parameters 12098
INFO:__main__:MS 2/4 Epoch 500 Val loss 0.549 Val acc 0.803 Best Val Loss 0.515 Best Val Acc 0.835 Best Fold Val Acc  0.854 Best Fold Val Loss 0.505
INFO:__main__:Model # Parameters 44674
INFO:__main__:MS 3/4 Epoch 500 Val loss 1.511 Val acc 0.846 Best Val Loss 1.572 Best Val Acc 0.851 Best Fold Val Acc  0.854 Best Fold Val Loss 0.505
INFO:__main__:Model # Parameters 12098
INFO:__main__:MS 4/4 Epoch 453 Val loss 1.135 Val acc 0.786 Best Val Loss 0.529 Best Val Acc 0.843 Best Fold Val Acc  0.854 Best Fold Val Loss 0.472
INFO:__main__:Winner of Model Selection | hidden dim: 64 | dropout 0.5
INFO:__main__:Winner Best Val Accuracy 0.85405
INFO:__main__:Test 1/3 Epoch 500 Val loss 0.96 Val acc 0.814 Best Val Loss 0.996 Best Val Acc 0.832
INFO:__main__:Test 2/3 Epoch 456 Val loss 0.903 Val acc 0.822 Best Val Loss 0.696 Best Val Acc 0.851
INFO:__main__:Test 3/3 Epoch 500 Val loss 0.805 Val acc 0.83 Best Val Loss 0.77 Best Val Acc 0.838
INFO:__main__:Avg test acc 0.824, Agv test acc std 0.018
INFO:__main__:Cross-val iter:3 | Current average test accuracy across folds 0.81284
INFO:__main__:

INFO:__main__:------------------------------ITERATION 4------------------------------
INFO:__main__:Model # Parameters 44674
INFO:__main__:MS 1/4 Epoch 412 Val loss 0.538 Val acc 0.83 Best Val Loss 0.431 Best Val Acc 0.859 Best Fold Val Acc  0.859 Best Fold Val Loss 0.418
INFO:__main__:Model # Parameters 12098
INFO:__main__:MS 2/4 Epoch 500 Val loss 0.412 Val acc 0.827 Best Val Loss 0.436 Best Val Acc 0.832 Best Fold Val Acc  0.859 Best Fold Val Loss 0.418
INFO:__main__:Model # Parameters 44674
INFO:__main__:MS 3/4 Epoch 366 Val loss 1.558 Val acc 0.797 Best Val Loss 0.596 Best Val Acc 0.838 Best Fold Val Acc  0.859 Best Fold Val Loss 0.418
INFO:__main__:Model # Parameters 12098
INFO:__main__:MS 4/4 Epoch 338 Val loss 0.932 Val acc 0.814 Best Val Loss 0.449 Best Val Acc 0.841 Best Fold Val Acc  0.859 Best Fold Val Loss 0.418
INFO:__main__:Winner of Model Selection | hidden dim: 64 | dropout 0.5
INFO:__main__:Winner Best Val Accuracy 0.85946
INFO:__main__:Test 1/3 Epoch 500 Val loss 0.604 Val acc 0.838 Best Val Loss 0.516 Best Val Acc 0.859
INFO:__main__:Test 2/3 Epoch 500 Val loss 0.687 Val acc 0.814 Best Val Loss 0.648 Best Val Acc 0.838
INFO:__main__:Test 3/3 Epoch 500 Val loss 0.639 Val acc 0.824 Best Val Loss 0.663 Best Val Acc 0.854
INFO:__main__:Avg test acc 0.814, Agv test acc std 0.006
INFO:__main__:Cross-val iter:4 | Current average test accuracy across folds 0.81320
INFO:__main__:

INFO:__main__:------------------------------ITERATION 5------------------------------
INFO:__main__:Model # Parameters 44674
INFO:__main__:MS 1/4 Epoch 500 Val loss 0.663 Val acc 0.838 Best Val Loss 0.639 Best Val Acc 0.854 Best Fold Val Acc  0.854 Best Fold Val Loss 0.458
INFO:__main__:Model # Parameters 12098
INFO:__main__:MS 2/4 Epoch 500 Val loss 0.545 Val acc 0.795 Best Val Loss 0.557 Best Val Acc 0.824 Best Fold Val Acc  0.854 Best Fold Val Loss 0.458
INFO:__main__:Model # Parameters 44674
INFO:__main__:MS 3/4 Epoch 396 Val loss 1.541 Val acc 0.835 Best Val Loss 0.592 Best Val Acc 0.865 Best Fold Val Acc  0.865 Best Fold Val Loss 0.452
INFO:__main__:Model # Parameters 12098
INFO:__main__:MS 4/4 Epoch 500 Val loss 1.199 Val acc 0.808 Best Val Loss 0.777 Best Val Acc 0.838 Best Fold Val Acc  0.865 Best Fold Val Loss 0.452
INFO:__main__:Winner of Model Selection | hidden dim: 64 | dropout 0
INFO:__main__:Winner Best Val Accuracy 0.86486
INFO:__main__:Test 1/3 Epoch 412 Val loss 1.432 Val acc 0.832 Best Val Loss 0.625 Best Val Acc 0.870
INFO:__main__:Test 2/3 Epoch 348 Val loss 1.353 Val acc 0.819 Best Val Loss 0.522 Best Val Acc 0.841
INFO:__main__:Test 3/3 Epoch 500 Val loss 1.668 Val acc 0.819 Best Val Loss 1.042 Best Val Acc 0.849
INFO:__main__:Avg test acc 0.836, Agv test acc std 0.026
INFO:__main__:Cross-val iter:5 | Current average test accuracy across folds 0.81779
INFO:__main__:

INFO:__main__:------------------------------ITERATION 6------------------------------
INFO:__main__:Model # Parameters 44674
INFO:__main__:MS 1/4 Epoch 473 Val loss 0.513 Val acc 0.816 Best Val Loss 0.441 Best Val Acc 0.859 Best Fold Val Acc  0.859 Best Fold Val Loss 0.422
INFO:__main__:Model # Parameters 12098
INFO:__main__:MS 2/4 Epoch 500 Val loss 0.46 Val acc 0.835 Best Val Loss 0.463 Best Val Acc 0.857 Best Fold Val Acc  0.859 Best Fold Val Loss 0.422
INFO:__main__:Model # Parameters 44674
INFO:__main__:MS 3/4 Epoch 500 Val loss 1.202 Val acc 0.854 Best Val Loss 1.255 Best Val Acc 0.862 Best Fold Val Acc  0.862 Best Fold Val Loss 0.422
INFO:__main__:Model # Parameters 12098
INFO:__main__:MS 4/4 Epoch 500 Val loss 0.959 Val acc 0.8 Best Val Loss 0.507 Best Val Acc 0.870 Best Fold Val Acc  0.870 Best Fold Val Loss 0.392
INFO:__main__:Winner of Model Selection | hidden dim: 32 | dropout 0
INFO:__main__:Winner Best Val Accuracy 0.87027
INFO:__main__:Test 1/3 Epoch 500 Val loss 0.81 Val acc 0.835 Best Val Loss 0.771 Best Val Acc 0.857
INFO:__main__:Test 2/3 Epoch 500 Val loss 0.914 Val acc 0.824 Best Val Loss 0.819 Best Val Acc 0.851
INFO:__main__:Test 3/3 Epoch 500 Val loss 1.23 Val acc 0.797 Best Val Loss 1.001 Best Val Acc 0.827
INFO:__main__:Avg test acc 0.813, Agv test acc std 0.009
INFO:__main__:Cross-val iter:6 | Current average test accuracy across folds 0.81693
INFO:__main__:

INFO:__main__:------------------------------ITERATION 7------------------------------
INFO:__main__:Model # Parameters 44674
INFO:__main__:MS 1/4 Epoch 500 Val loss 0.828 Val acc 0.776 Best Val Loss 0.903 Best Val Acc 0.824 Best Fold Val Acc  0.824 Best Fold Val Loss 0.536
INFO:__main__:Model # Parameters 12098
INFO:__main__:MS 2/4 Epoch 500 Val loss 0.671 Val acc 0.778 Best Val Loss 0.634 Best Val Acc 0.803 Best Fold Val Acc  0.824 Best Fold Val Loss 0.536
INFO:__main__:Model # Parameters 44674
INFO:__main__:MS 3/4 Epoch 500 Val loss 1.899 Val acc 0.822 Best Val Loss 1.791 Best Val Acc 0.827 Best Fold Val Acc  0.827 Best Fold Val Loss 0.536
INFO:__main__:Model # Parameters 12098
INFO:__main__:MS 4/4 Epoch 500 Val loss 1.417 Val acc 0.781 Best Val Loss 0.839 Best Val Acc 0.819 Best Fold Val Acc  0.827 Best Fold Val Loss 0.536
INFO:__main__:Winner of Model Selection | hidden dim: 64 | dropout 0
INFO:__main__:Winner Best Val Accuracy 0.82703
INFO:__main__:Test 1/3 Epoch 500 Val loss 2.197 Val acc 0.803 Best Val Loss 1.532 Best Val Acc 0.830
INFO:__main__:Test 2/3 Epoch 432 Val loss 1.897 Val acc 0.773 Best Val Loss 1.299 Best Val Acc 0.811
INFO:__main__:Test 3/3 Epoch 500 Val loss 1.713 Val acc 0.811 Best Val Loss 1.241 Best Val Acc 0.838
INFO:__main__:Avg test acc 0.809, Agv test acc std 0.008
INFO:__main__:Cross-val iter:7 | Current average test accuracy across folds 0.81586
INFO:__main__:

INFO:__main__:------------------------------ITERATION 8------------------------------
INFO:__main__:Model # Parameters 44674
INFO:__main__:MS 1/4 Epoch 500 Val loss 0.811 Val acc 0.83 Best Val Loss 0.878 Best Val Acc 0.862 Best Fold Val Acc  0.862 Best Fold Val Loss 0.490
INFO:__main__:Model # Parameters 12098
INFO:__main__:MS 2/4 Epoch 500 Val loss 0.484 Val acc 0.827 Best Val Loss 0.462 Best Val Acc 0.865 Best Fold Val Acc  0.865 Best Fold Val Loss 0.433
INFO:__main__:Model # Parameters 44674
INFO:__main__:MS 3/4 Epoch 339 Val loss 1.262 Val acc 0.816 Best Val Loss 0.575 Best Val Acc 0.838 Best Fold Val Acc  0.865 Best Fold Val Loss 0.433
INFO:__main__:Model # Parameters 12098
INFO:__main__:MS 4/4 Epoch 363 Val loss 0.919 Val acc 0.778 Best Val Loss 0.527 Best Val Acc 0.824 Best Fold Val Acc  0.865 Best Fold Val Loss 0.433
INFO:__main__:Winner of Model Selection | hidden dim: 32 | dropout 0.5
INFO:__main__:Winner Best Val Accuracy 0.86486
INFO:__main__:Test 1/3 Epoch 500 Val loss 0.578 Val acc 0.827 Best Val Loss 0.545 Best Val Acc 0.851
INFO:__main__:Test 2/3 Epoch 500 Val loss 0.479 Val acc 0.838 Best Val Loss 0.448 Best Val Acc 0.857
INFO:__main__:Test 3/3 Epoch 391 Val loss 0.496 Val acc 0.814 Best Val Loss 0.467 Best Val Acc 0.838
INFO:__main__:Avg test acc 0.790, Agv test acc std 0.002
INFO:__main__:Cross-val iter:8 | Current average test accuracy across folds 0.81266
INFO:__main__:

INFO:__main__:------------------------------ITERATION 9------------------------------
INFO:__main__:Model # Parameters 44674
INFO:__main__:MS 1/4 Epoch 500 Val loss 0.706 Val acc 0.838 Best Val Loss 0.621 Best Val Acc 0.870 Best Fold Val Acc  0.870 Best Fold Val Loss 0.463
INFO:__main__:Model # Parameters 12098
INFO:__main__:MS 2/4 Epoch 500 Val loss 0.436 Val acc 0.841 Best Val Loss 0.417 Best Val Acc 0.854 Best Fold Val Acc  0.870 Best Fold Val Loss 0.410
INFO:__main__:Model # Parameters 44674
INFO:__main__:MS 3/4 Epoch 500 Val loss 1.365 Val acc 0.814 Best Val Loss 1.209 Best Val Acc 0.857 Best Fold Val Acc  0.870 Best Fold Val Loss 0.410
INFO:__main__:Model # Parameters 12098
INFO:__main__:MS 4/4 Epoch 500 Val loss 0.776 Val acc 0.849 Best Val Loss 0.713 Best Val Acc 0.859 Best Fold Val Acc  0.870 Best Fold Val Loss 0.410
INFO:__main__:Winner of Model Selection | hidden dim: 64 | dropout 0.5
INFO:__main__:Winner Best Val Accuracy 0.87027
INFO:__main__:Test 1/3 Epoch 500 Val loss 0.618 Val acc 0.843 Best Val Loss 0.591 Best Val Acc 0.868
INFO:__main__:Test 2/3 Epoch 500 Val loss 0.786 Val acc 0.83 Best Val Loss 0.674 Best Val Acc 0.857
INFO:__main__:Test 3/3 Epoch 500 Val loss 0.641 Val acc 0.854 Best Val Loss 0.637 Best Val Acc 0.868
INFO:__main__:Avg test acc 0.804, Agv test acc std 0.001
INFO:__main__:Cross-val iter:9 | Current average test accuracy across folds 0.81170
INFO:__main__:

INFO:__main__:------------------------------ITERATION 10------------------------------
INFO:__main__:Model # Parameters 44674
INFO:__main__:MS 1/4 Epoch 500 Val loss 0.752 Val acc 0.778 Best Val Loss 0.626 Best Val Acc 0.811 Best Fold Val Acc  0.811 Best Fold Val Loss 0.478
INFO:__main__:Model # Parameters 12098
INFO:__main__:MS 2/4 Epoch 500 Val loss 0.551 Val acc 0.751 Best Val Loss 0.489 Best Val Acc 0.797 Best Fold Val Acc  0.811 Best Fold Val Loss 0.478
INFO:__main__:Model # Parameters 44674
INFO:__main__:MS 3/4 Epoch 500 Val loss 1.627 Val acc 0.786 Best Val Loss 1.502 Best Val Acc 0.816 Best Fold Val Acc  0.816 Best Fold Val Loss 0.478
INFO:__main__:Model # Parameters 12098
INFO:__main__:MS 4/4 Epoch 367 Val loss 0.959 Val acc 0.786 Best Val Loss 0.574 Best Val Acc 0.816 Best Fold Val Acc  0.816 Best Fold Val Loss 0.478
INFO:__main__:Winner of Model Selection | hidden dim: 64 | dropout 0
INFO:__main__:Winner Best Val Accuracy 0.81622
INFO:__main__:Test 1/3 Epoch 500 Val loss 1.577 Val acc 0.795 Best Val Loss 1.56 Best Val Acc 0.816
INFO:__main__:Test 2/3 Epoch 500 Val loss 1.62 Val acc 0.797 Best Val Loss 1.565 Best Val Acc 0.824
INFO:__main__:Test 3/3 Epoch 500 Val loss 1.624 Val acc 0.792 Best Val Loss 1.287 Best Val Acc 0.824
INFO:__main__:Avg test acc 0.798, Agv test acc std 0.006
INFO:__main__:Cross-val iter:10 | Current average test accuracy across folds 0.81029
INFO:__main__:

INFO:__main__:AVERAGE TEST ACC ACROSS FOLDS 0.81029
INFO:__main__:STD ACROSS FOLDS 0.014373891847415603
