INFO:__main__:------------------------------ITERATION 1------------------------------
INFO:__main__:Model # Parameters 61442
INFO:__main__:MS 1/4 Epoch 500 Val loss 1.065 Val acc 0.8 Best Val Loss 0.917 Best Val Acc 0.830 Best Fold Val Acc  0.830 Best Fold Val Loss 0.495
INFO:__main__:Model # Parameters 16386
INFO:__main__:MS 2/4 Epoch 500 Val loss 0.655 Val acc 0.781 Best Val Loss 0.568 Best Val Acc 0.822 Best Fold Val Acc  0.830 Best Fold Val Loss 0.495
INFO:__main__:Model # Parameters 61442
INFO:__main__:MS 3/4 Epoch 500 Val loss 1.952 Val acc 0.819 Best Val Loss 1.454 Best Val Acc 0.851 Best Fold Val Acc  0.851 Best Fold Val Loss 0.476
INFO:__main__:Model # Parameters 16386
INFO:__main__:MS 4/4 Epoch 491 Val loss 1.862 Val acc 0.803 Best Val Loss 1.096 Best Val Acc 0.824 Best Fold Val Acc  0.851 Best Fold Val Loss 0.476
INFO:__main__:Winner of Model Selection | hidden dim: 64 | dropout 0
INFO:__main__:Winner Best Val Accuracy 0.85135
INFO:__main__:Test 1/3 Epoch 500 Val loss 1.796 Val acc 0.816 Best Val Loss 1.665 Best Val Acc 0.849
INFO:__main__:Test 2/3 Epoch 500 Val loss 1.981 Val acc 0.819 Best Val Loss 1.642 Best Val Acc 0.841
INFO:__main__:Test 3/3 Epoch 424 Val loss 1.957 Val acc 0.814 Best Val Loss 1.235 Best Val Acc 0.841
INFO:__main__:Avg test acc 0.813, Agv test acc std 0.019
INFO:__main__:Cross-val iter:1 | Current average test accuracy across folds 0.81311
INFO:__main__:

INFO:__main__:------------------------------ITERATION 2------------------------------
INFO:__main__:Model # Parameters 61442
INFO:__main__:MS 1/4 Epoch 500 Val loss 1.042 Val acc 0.824 Best Val Loss 0.987 Best Val Acc 0.849 Best Fold Val Acc  0.849 Best Fold Val Loss 0.460
INFO:__main__:Model # Parameters 16386
INFO:__main__:MS 2/4 Epoch 500 Val loss 0.587 Val acc 0.8 Best Val Loss 0.496 Best Val Acc 0.830 Best Fold Val Acc  0.849 Best Fold Val Loss 0.446
INFO:__main__:Model # Parameters 61442
INFO:__main__:MS 3/4 Epoch 445 Val loss 1.43 Val acc 0.832 Best Val Loss 1.0 Best Val Acc 0.870 Best Fold Val Acc  0.870 Best Fold Val Loss 0.433
INFO:__main__:Model # Parameters 16386
INFO:__main__:MS 4/4 Epoch 408 Val loss 1.196 Val acc 0.824 Best Val Loss 0.683 Best Val Acc 0.851 Best Fold Val Acc  0.870 Best Fold Val Loss 0.433
INFO:__main__:Winner of Model Selection | hidden dim: 64 | dropout 0
INFO:__main__:Winner Best Val Accuracy 0.87027
INFO:__main__:Test 1/3 Epoch 498 Val loss 1.564 Val acc 0.832 Best Val Loss 1.213 Best Val Acc 0.857
INFO:__main__:Test 2/3 Epoch 355 Val loss 1.54 Val acc 0.814 Best Val Loss 0.88 Best Val Acc 0.851
INFO:__main__:Test 3/3 Epoch 333 Val loss 1.345 Val acc 0.816 Best Val Loss 0.698 Best Val Acc 0.862
INFO:__main__:Avg test acc 0.845, Agv test acc std 0.009
INFO:__main__:Cross-val iter:2 | Current average test accuracy across folds 0.82888
INFO:__main__:

INFO:__main__:------------------------------ITERATION 3------------------------------
INFO:__main__:Model # Parameters 61442
INFO:__main__:MS 1/4 Epoch 500 Val loss 1.075 Val acc 0.819 Best Val Loss 0.96 Best Val Acc 0.857 Best Fold Val Acc  0.857 Best Fold Val Loss 0.493
INFO:__main__:Model # Parameters 16386
INFO:__main__:MS 2/4 Epoch 500 Val loss 0.613 Val acc 0.819 Best Val Loss 0.645 Best Val Acc 0.835 Best Fold Val Acc  0.857 Best Fold Val Loss 0.493
INFO:__main__:Model # Parameters 61442
INFO:__main__:MS 3/4 Epoch 500 Val loss 1.902 Val acc 0.846 Best Val Loss 1.597 Best Val Acc 0.865 Best Fold Val Acc  0.865 Best Fold Val Loss 0.493
INFO:__main__:Model # Parameters 16386
INFO:__main__:MS 4/4 Epoch 500 Val loss 1.143 Val acc 0.851 Best Val Loss 0.996 Best Val Acc 0.868 Best Fold Val Acc  0.868 Best Fold Val Loss 0.461
INFO:__main__:Winner of Model Selection | hidden dim: 32 | dropout 0
INFO:__main__:Winner Best Val Accuracy 0.86757
INFO:__main__:Test 1/3 Epoch 416 Val loss 1.306 Val acc 0.819 Best Val Loss 0.664 Best Val Acc 0.859
INFO:__main__:Test 2/3 Epoch 500 Val loss 1.393 Val acc 0.832 Best Val Loss 1.138 Best Val Acc 0.859
INFO:__main__:Test 3/3 Epoch 405 Val loss 1.216 Val acc 0.808 Best Val Loss 0.658 Best Val Acc 0.859
INFO:__main__:Avg test acc 0.828, Agv test acc std 0.005
INFO:__main__:Cross-val iter:3 | Current average test accuracy across folds 0.82875
INFO:__main__:

INFO:__main__:------------------------------ITERATION 4------------------------------
INFO:__main__:Model # Parameters 61442
INFO:__main__:MS 1/4 Epoch 378 Val loss 0.727 Val acc 0.822 Best Val Loss 0.383 Best Val Acc 0.868 Best Fold Val Acc  0.868 Best Fold Val Loss 0.375
INFO:__main__:Model # Parameters 16386
INFO:__main__:MS 2/4 Epoch 470 Val loss 0.461 Val acc 0.832 Best Val Loss 0.469 Best Val Acc 0.862 Best Fold Val Acc  0.868 Best Fold Val Loss 0.375
INFO:__main__:Model # Parameters 61442
INFO:__main__:MS 3/4 Epoch 388 Val loss 1.523 Val acc 0.8 Best Val Loss 1.119 Best Val Acc 0.835 Best Fold Val Acc  0.868 Best Fold Val Loss 0.375
INFO:__main__:Model # Parameters 16386
INFO:__main__:MS 4/4 Epoch 489 Val loss 1.573 Val acc 0.811 Best Val Loss 1.008 Best Val Acc 0.832 Best Fold Val Acc  0.868 Best Fold Val Loss 0.375
INFO:__main__:Winner of Model Selection | hidden dim: 64 | dropout 0.5
INFO:__main__:Winner Best Val Accuracy 0.86757
INFO:__main__:Test 1/3 Epoch 500 Val loss 0.798 Val acc 0.846 Best Val Loss 0.563 Best Val Acc 0.857
INFO:__main__:Test 2/3 Epoch 390 Val loss 0.712 Val acc 0.824 Best Val Loss 0.456 Best Val Acc 0.857
INFO:__main__:Test 3/3 Epoch 500 Val loss 0.805 Val acc 0.838 Best Val Loss 0.691 Best Val Acc 0.873
INFO:__main__:Avg test acc 0.815, Agv test acc std 0.005
INFO:__main__:Cross-val iter:4 | Current average test accuracy across folds 0.82533
INFO:__main__:

INFO:__main__:------------------------------ITERATION 5------------------------------
INFO:__main__:Model # Parameters 61442
INFO:__main__:MS 1/4 Epoch 500 Val loss 0.783 Val acc 0.849 Best Val Loss 0.713 Best Val Acc 0.870 Best Fold Val Acc  0.870 Best Fold Val Loss 0.438
INFO:__main__:Model # Parameters 16386
INFO:__main__:MS 2/4 Epoch 500 Val loss 0.601 Val acc 0.797 Best Val Loss 0.58 Best Val Acc 0.841 Best Fold Val Acc  0.870 Best Fold Val Loss 0.433
INFO:__main__:Model # Parameters 61442
INFO:__main__:MS 3/4 Epoch 430 Val loss 1.315 Val acc 0.849 Best Val Loss 0.739 Best Val Acc 0.870 Best Fold Val Acc  0.870 Best Fold Val Loss 0.393
INFO:__main__:Model # Parameters 16386
INFO:__main__:MS 4/4 Epoch 500 Val loss 1.343 Val acc 0.816 Best Val Loss 0.847 Best Val Acc 0.846 Best Fold Val Acc  0.870 Best Fold Val Loss 0.393
INFO:__main__:Winner of Model Selection | hidden dim: 64 | dropout 0.5
INFO:__main__:Winner Best Val Accuracy 0.87027
INFO:__main__:Test 1/3 Epoch 500 Val loss 0.913 Val acc 0.843 Best Val Loss 0.885 Best Val Acc 0.873
INFO:__main__:Test 2/3 Epoch 500 Val loss 0.925 Val acc 0.851 Best Val Loss 0.839 Best Val Acc 0.862
INFO:__main__:Test 3/3 Epoch 500 Val loss 0.784 Val acc 0.851 Best Val Loss 0.784 Best Val Acc 0.851
INFO:__main__:Avg test acc 0.862, Agv test acc std 0.008
INFO:__main__:Cross-val iter:5 | Current average test accuracy across folds 0.83269
INFO:__main__:

INFO:__main__:------------------------------ITERATION 6------------------------------
INFO:__main__:Model # Parameters 61442
INFO:__main__:MS 1/4 Epoch 500 Val loss 0.68 Val acc 0.838 Best Val Loss 0.57 Best Val Acc 0.862 Best Fold Val Acc  0.862 Best Fold Val Loss 0.422
INFO:__main__:Model # Parameters 16386
INFO:__main__:MS 2/4 Epoch 500 Val loss 0.527 Val acc 0.832 Best Val Loss 0.46 Best Val Acc 0.854 Best Fold Val Acc  0.862 Best Fold Val Loss 0.412
INFO:__main__:Model # Parameters 61442
INFO:__main__:MS 3/4 Epoch 406 Val loss 1.229 Val acc 0.835 Best Val Loss 0.797 Best Val Acc 0.873 Best Fold Val Acc  0.873 Best Fold Val Loss 0.412
INFO:__main__:Model # Parameters 16386
INFO:__main__:MS 4/4 Epoch 500 Val loss 1.121 Val acc 0.822 Best Val Loss 0.785 Best Val Acc 0.865 Best Fold Val Acc  0.873 Best Fold Val Loss 0.412
INFO:__main__:Winner of Model Selection | hidden dim: 64 | dropout 0
INFO:__main__:Winner Best Val Accuracy 0.87297
INFO:__main__:Test 1/3 Epoch 413 Val loss 1.263 Val acc 0.832 Best Val Loss 0.744 Best Val Acc 0.873
INFO:__main__:Test 2/3 Epoch 500 Val loss 1.312 Val acc 0.835 Best Val Loss 1.113 Best Val Acc 0.876
INFO:__main__:Test 3/3 Epoch 500 Val loss 1.076 Val acc 0.838 Best Val Loss 1.074 Best Val Acc 0.865
INFO:__main__:Avg test acc 0.818, Agv test acc std 0.005
INFO:__main__:Cross-val iter:6 | Current average test accuracy across folds 0.83016
INFO:__main__:

INFO:__main__:------------------------------ITERATION 7------------------------------
INFO:__main__:Model # Parameters 61442
INFO:__main__:MS 1/4 Epoch 500 Val loss 1.115 Val acc 0.8 Best Val Loss 1.04 Best Val Acc 0.822 Best Fold Val Acc  0.822 Best Fold Val Loss 0.508
INFO:__main__:Model # Parameters 16386
INFO:__main__:MS 2/4 Epoch 500 Val loss 0.712 Val acc 0.824 Best Val Loss 0.678 Best Val Acc 0.838 Best Fold Val Acc  0.838 Best Fold Val Loss 0.487
INFO:__main__:Model # Parameters 61442
INFO:__main__:MS 3/4 Epoch 500 Val loss 2.087 Val acc 0.814 Best Val Loss 2.266 Best Val Acc 0.822 Best Fold Val Acc  0.838 Best Fold Val Loss 0.487
INFO:__main__:Model # Parameters 16386
INFO:__main__:MS 4/4 Epoch 500 Val loss 1.62 Val acc 0.8 Best Val Loss 1.662 Best Val Acc 0.824 Best Fold Val Acc  0.838 Best Fold Val Loss 0.487
INFO:__main__:Winner of Model Selection | hidden dim: 32 | dropout 0.5
INFO:__main__:Winner Best Val Accuracy 0.83784
INFO:__main__:Test 1/3 Epoch 500 Val loss 0.748 Val acc 0.805 Best Val Loss 0.703 Best Val Acc 0.824
INFO:__main__:Test 2/3 Epoch 500 Val loss 0.721 Val acc 0.816 Best Val Loss 0.673 Best Val Acc 0.830
INFO:__main__:Test 3/3 Epoch 500 Val loss 0.894 Val acc 0.792 Best Val Loss 0.662 Best Val Acc 0.824
INFO:__main__:Avg test acc 0.809, Agv test acc std 0.011
INFO:__main__:Cross-val iter:7 | Current average test accuracy across folds 0.82720
INFO:__main__:

INFO:__main__:------------------------------ITERATION 8------------------------------
INFO:__main__:Model # Parameters 61442
INFO:__main__:MS 1/4 Epoch 425 Val loss 1.077 Val acc 0.83 Best Val Loss 0.632 Best Val Acc 0.868 Best Fold Val Acc  0.868 Best Fold Val Loss 0.469
INFO:__main__:Model # Parameters 16386
INFO:__main__:MS 2/4 Epoch 500 Val loss 0.521 Val acc 0.841 Best Val Loss 0.454 Best Val Acc 0.868 Best Fold Val Acc  0.868 Best Fold Val Loss 0.454
INFO:__main__:Model # Parameters 61442
INFO:__main__:MS 3/4 Epoch 500 Val loss 1.423 Val acc 0.835 Best Val Loss 1.292 Best Val Acc 0.849 Best Fold Val Acc  0.868 Best Fold Val Loss 0.454
INFO:__main__:Model # Parameters 16386
INFO:__main__:MS 4/4 Epoch 392 Val loss 1.366 Val acc 0.808 Best Val Loss 0.703 Best Val Acc 0.859 Best Fold Val Acc  0.868 Best Fold Val Loss 0.454
INFO:__main__:Winner of Model Selection | hidden dim: 64 | dropout 0.5
INFO:__main__:Winner Best Val Accuracy 0.86757
INFO:__main__:Test 1/3 Epoch 437 Val loss 1.046 Val acc 0.819 Best Val Loss 0.529 Best Val Acc 0.876
INFO:__main__:Test 2/3 Epoch 500 Val loss 0.893 Val acc 0.811 Best Val Loss 1.136 Best Val Acc 0.857
INFO:__main__:Test 3/3 Epoch 368 Val loss 0.88 Val acc 0.816 Best Val Loss 0.628 Best Val Acc 0.859
INFO:__main__:Avg test acc 0.822, Agv test acc std 0.013
INFO:__main__:Cross-val iter:8 | Current average test accuracy across folds 0.82654
INFO:__main__:

INFO:__main__:------------------------------ITERATION 9------------------------------
INFO:__main__:Model # Parameters 61442
INFO:__main__:MS 1/4 Epoch 500 Val loss 0.704 Val acc 0.865 Best Val Loss 0.546 Best Val Acc 0.881 Best Fold Val Acc  0.881 Best Fold Val Loss 0.442
INFO:__main__:Model # Parameters 16386
INFO:__main__:MS 2/4 Epoch 500 Val loss 0.497 Val acc 0.859 Best Val Loss 0.448 Best Val Acc 0.876 Best Fold Val Acc  0.881 Best Fold Val Loss 0.431
INFO:__main__:Model # Parameters 61442
INFO:__main__:MS 3/4 Epoch 500 Val loss 1.207 Val acc 0.83 Best Val Loss 1.046 Best Val Acc 0.873 Best Fold Val Acc  0.881 Best Fold Val Loss 0.420
INFO:__main__:Model # Parameters 16386
INFO:__main__:MS 4/4 Epoch 455 Val loss 1.01 Val acc 0.851 Best Val Loss 0.659 Best Val Acc 0.859 Best Fold Val Acc  0.881 Best Fold Val Loss 0.420
INFO:__main__:Winner of Model Selection | hidden dim: 64 | dropout 0.5
INFO:__main__:Winner Best Val Accuracy 0.88108
INFO:__main__:Test 1/3 Epoch 500 Val loss 0.584 Val acc 0.862 Best Val Loss 0.562 Best Val Acc 0.895
INFO:__main__:Test 2/3 Epoch 500 Val loss 0.655 Val acc 0.862 Best Val Loss 0.575 Best Val Acc 0.889
INFO:__main__:Test 3/3 Epoch 500 Val loss 0.8 Val acc 0.83 Best Val Loss 0.495 Best Val Acc 0.862
INFO:__main__:Avg test acc 0.811, Agv test acc std 0.003
INFO:__main__:Cross-val iter:9 | Current average test accuracy across folds 0.82486
INFO:__main__:

INFO:__main__:------------------------------ITERATION 10------------------------------
INFO:__main__:Model # Parameters 61442
INFO:__main__:MS 1/4 Epoch 445 Val loss 0.985 Val acc 0.805 Best Val Loss 0.573 Best Val Acc 0.849 Best Fold Val Acc  0.849 Best Fold Val Loss 0.472
INFO:__main__:Model # Parameters 16386
INFO:__main__:MS 2/4 Epoch 500 Val loss 0.73 Val acc 0.811 Best Val Loss 0.68 Best Val Acc 0.824 Best Fold Val Acc  0.849 Best Fold Val Loss 0.472
INFO:__main__:Model # Parameters 61442
INFO:__main__:MS 3/4 Epoch 500 Val loss 1.742 Val acc 0.803 Best Val Loss 1.529 Best Val Acc 0.835 Best Fold Val Acc  0.849 Best Fold Val Loss 0.472
INFO:__main__:Model # Parameters 16386
INFO:__main__:MS 4/4 Epoch 500 Val loss 1.268 Val acc 0.786 Best Val Loss 1.158 Best Val Acc 0.816 Best Fold Val Acc  0.849 Best Fold Val Loss 0.469
INFO:__main__:Winner of Model Selection | hidden dim: 64 | dropout 0.5
INFO:__main__:Winner Best Val Accuracy 0.84865
INFO:__main__:Test 1/3 Epoch 500 Val loss 1.017 Val acc 0.816 Best Val Loss 0.741 Best Val Acc 0.841
INFO:__main__:Test 2/3 Epoch 500 Val loss 1.011 Val acc 0.808 Best Val Loss 0.775 Best Val Acc 0.846
INFO:__main__:Test 3/3 Epoch 500 Val loss 1.017 Val acc 0.816 Best Val Loss 0.662 Best Val Acc 0.838
INFO:__main__:Avg test acc 0.805, Agv test acc std 0.005
INFO:__main__:Cross-val iter:10 | Current average test accuracy across folds 0.82286
INFO:__main__:

INFO:__main__:AVERAGE TEST ACC ACROSS FOLDS 0.82286
INFO:__main__:STD ACROSS FOLDS 0.01693970771356085
