INFO:__main__:------------------------------ITERATION 1------------------------------
INFO:__main__:Model # Parameters 44546
INFO:__main__:MS 1/4 Epoch 500 Val loss 0.557 Val acc 0.8 Best Val Loss 0.563 Best Val Acc 0.816 Best Fold Val Acc  0.816 Best Fold Val Loss 0.515
INFO:__main__:Model # Parameters 12034
INFO:__main__:MS 2/4 Epoch 500 Val loss 0.488 Val acc 0.795 Best Val Loss 0.472 Best Val Acc 0.805 Best Fold Val Acc  0.816 Best Fold Val Loss 0.472
INFO:__main__:Model # Parameters 44546
INFO:__main__:MS 3/4 Epoch 310 Val loss 0.896 Val acc 0.754 Best Val Loss 0.561 Best Val Acc 0.795 Best Fold Val Acc  0.816 Best Fold Val Loss 0.472
INFO:__main__:Model # Parameters 12034
INFO:__main__:MS 4/4 Epoch 500 Val loss 0.636 Val acc 0.757 Best Val Loss 0.564 Best Val Acc 0.808 Best Fold Val Acc  0.816 Best Fold Val Loss 0.472
INFO:__main__:Winner of Model Selection | hidden dim: 64 | dropout 0.5
INFO:__main__:Winner Best Val Accuracy 0.81622
INFO:__main__:Test 1/3 Epoch 500 Val loss 0.604 Val acc 0.786 Best Val Loss 0.563 Best Val Acc 0.811
INFO:__main__:Test 2/3 Epoch 500 Val loss 0.619 Val acc 0.792 Best Val Loss 0.615 Best Val Acc 0.814
INFO:__main__:Test 3/3 Epoch 500 Val loss 0.576 Val acc 0.786 Best Val Loss 0.586 Best Val Acc 0.805
INFO:__main__:Avg test acc 0.768, Agv test acc std 0.019
INFO:__main__:Cross-val iter:1 | Current average test accuracy across folds 0.76780
INFO:__main__:

INFO:__main__:------------------------------ITERATION 2------------------------------
INFO:__main__:Model # Parameters 44546
INFO:__main__:MS 1/4 Epoch 500 Val loss 0.572 Val acc 0.751 Best Val Loss 0.559 Best Val Acc 0.773 Best Fold Val Acc  0.773 Best Fold Val Loss 0.536
INFO:__main__:Model # Parameters 12034
INFO:__main__:MS 2/4 Epoch 500 Val loss 0.556 Val acc 0.746 Best Val Loss 0.561 Best Val Acc 0.765 Best Fold Val Acc  0.773 Best Fold Val Loss 0.533
INFO:__main__:Model # Parameters 44546
INFO:__main__:MS 3/4 Epoch 500 Val loss 0.786 Val acc 0.741 Best Val Loss 0.598 Best Val Acc 0.789 Best Fold Val Acc  0.789 Best Fold Val Loss 0.523
INFO:__main__:Model # Parameters 12034
INFO:__main__:MS 4/4 Epoch 500 Val loss 0.671 Val acc 0.759 Best Val Loss 0.586 Best Val Acc 0.792 Best Fold Val Acc  0.792 Best Fold Val Loss 0.523
INFO:__main__:Winner of Model Selection | hidden dim: 32 | dropout 0
INFO:__main__:Winner Best Val Accuracy 0.79189
INFO:__main__:Test 1/3 Epoch 500 Val loss 0.772 Val acc 0.754 Best Val Loss 0.642 Best Val Acc 0.800
INFO:__main__:Test 2/3 Epoch 500 Val loss 0.641 Val acc 0.811 Best Val Loss 0.644 Best Val Acc 0.816
INFO:__main__:Test 3/3 Epoch 500 Val loss 0.684 Val acc 0.77 Best Val Loss 0.611 Best Val Acc 0.784
INFO:__main__:Avg test acc 0.791, Agv test acc std 0.003
INFO:__main__:Cross-val iter:2 | Current average test accuracy across folds 0.77953
INFO:__main__:

INFO:__main__:------------------------------ITERATION 3------------------------------
INFO:__main__:Model # Parameters 44546
INFO:__main__:MS 1/4 Epoch 500 Val loss 0.713 Val acc 0.768 Best Val Loss 0.605 Best Val Acc 0.792 Best Fold Val Acc  0.792 Best Fold Val Loss 0.564
INFO:__main__:Model # Parameters 12034
INFO:__main__:MS 2/4 Epoch 500 Val loss 0.608 Val acc 0.762 Best Val Loss 0.643 Best Val Acc 0.776 Best Fold Val Acc  0.792 Best Fold Val Loss 0.560
INFO:__main__:Model # Parameters 44546
INFO:__main__:MS 3/4 Epoch 500 Val loss 0.786 Val acc 0.786 Best Val Loss 0.862 Best Val Acc 0.811 Best Fold Val Acc  0.811 Best Fold Val Loss 0.504
INFO:__main__:Model # Parameters 12034
INFO:__main__:MS 4/4 Epoch 500 Val loss 0.738 Val acc 0.768 Best Val Loss 0.715 Best Val Acc 0.795 Best Fold Val Acc  0.811 Best Fold Val Loss 0.504
INFO:__main__:Winner of Model Selection | hidden dim: 64 | dropout 0
INFO:__main__:Winner Best Val Accuracy 0.81081
INFO:__main__:Test 1/3 Epoch 500 Val loss 0.69 Val acc 0.803 Best Val Loss 0.647 Best Val Acc 0.827
INFO:__main__:Test 2/3 Epoch 500 Val loss 1.033 Val acc 0.77 Best Val Loss 0.856 Best Val Acc 0.811
INFO:__main__:Test 3/3 Epoch 345 Val loss 0.788 Val acc 0.762 Best Val Loss 0.6 Best Val Acc 0.808
INFO:__main__:Avg test acc 0.797, Agv test acc std 0.008
INFO:__main__:Cross-val iter:3 | Current average test accuracy across folds 0.78533
INFO:__main__:

INFO:__main__:------------------------------ITERATION 4------------------------------
INFO:__main__:Model # Parameters 44546
INFO:__main__:MS 1/4 Epoch 500 Val loss 0.514 Val acc 0.786 Best Val Loss 0.516 Best Val Acc 0.816 Best Fold Val Acc  0.816 Best Fold Val Loss 0.506
INFO:__main__:Model # Parameters 12034
INFO:__main__:MS 2/4 Epoch 500 Val loss 0.503 Val acc 0.808 Best Val Loss 0.501 Best Val Acc 0.819 Best Fold Val Acc  0.819 Best Fold Val Loss 0.485
INFO:__main__:Model # Parameters 44546
INFO:__main__:MS 3/4 Epoch 500 Val loss 0.816 Val acc 0.8 Best Val Loss 0.755 Best Val Acc 0.824 Best Fold Val Acc  0.824 Best Fold Val Loss 0.456
INFO:__main__:Model # Parameters 12034
INFO:__main__:MS 4/4 Epoch 500 Val loss 0.515 Val acc 0.792 Best Val Loss 0.523 Best Val Acc 0.827 Best Fold Val Acc  0.827 Best Fold Val Loss 0.456
INFO:__main__:Winner of Model Selection | hidden dim: 32 | dropout 0
INFO:__main__:Winner Best Val Accuracy 0.82703
INFO:__main__:Test 1/3 Epoch 500 Val loss 0.632 Val acc 0.803 Best Val Loss 0.579 Best Val Acc 0.827
INFO:__main__:Test 2/3 Epoch 310 Val loss 0.545 Val acc 0.762 Best Val Loss 0.52 Best Val Acc 0.792
INFO:__main__:Test 3/3 Epoch 500 Val loss 0.529 Val acc 0.797 Best Val Loss 0.504 Best Val Acc 0.819
INFO:__main__:Avg test acc 0.770, Agv test acc std 0.016
INFO:__main__:Cross-val iter:4 | Current average test accuracy across folds 0.78162
INFO:__main__:

INFO:__main__:------------------------------ITERATION 5------------------------------
INFO:__main__:Model # Parameters 44546
INFO:__main__:MS 1/4 Epoch 500 Val loss 0.57 Val acc 0.786 Best Val Loss 0.517 Best Val Acc 0.795 Best Fold Val Acc  0.795 Best Fold Val Loss 0.484
INFO:__main__:Model # Parameters 12034
INFO:__main__:MS 2/4 Epoch 500 Val loss 0.511 Val acc 0.762 Best Val Loss 0.515 Best Val Acc 0.789 Best Fold Val Acc  0.795 Best Fold Val Loss 0.484
INFO:__main__:Model # Parameters 44546
INFO:__main__:MS 3/4 Epoch 500 Val loss 0.819 Val acc 0.797 Best Val Loss 0.589 Best Val Acc 0.814 Best Fold Val Acc  0.814 Best Fold Val Loss 0.484
INFO:__main__:Model # Parameters 12034
INFO:__main__:MS 4/4 Epoch 498 Val loss 0.639 Val acc 0.778 Best Val Loss 0.479 Best Val Acc 0.819 Best Fold Val Acc  0.819 Best Fold Val Loss 0.475
INFO:__main__:Winner of Model Selection | hidden dim: 32 | dropout 0
INFO:__main__:Winner Best Val Accuracy 0.81892
INFO:__main__:Test 1/3 Epoch 440 Val loss 0.784 Val acc 0.765 Best Val Loss 0.574 Best Val Acc 0.811
INFO:__main__:Test 2/3 Epoch 500 Val loss 0.666 Val acc 0.77 Best Val Loss 0.524 Best Val Acc 0.803
INFO:__main__:Test 3/3 Epoch 377 Val loss 0.693 Val acc 0.732 Best Val Loss 0.563 Best Val Acc 0.784
INFO:__main__:Avg test acc 0.788, Agv test acc std 0.016
INFO:__main__:Cross-val iter:5 | Current average test accuracy across folds 0.78280
INFO:__main__:

INFO:__main__:------------------------------ITERATION 6------------------------------
INFO:__main__:Model # Parameters 44546
INFO:__main__:MS 1/4 Epoch 500 Val loss 0.475 Val acc 0.8 Best Val Loss 0.476 Best Val Acc 0.814 Best Fold Val Acc  0.814 Best Fold Val Loss 0.476
INFO:__main__:Model # Parameters 12034
INFO:__main__:MS 2/4 Epoch 500 Val loss 0.475 Val acc 0.786 Best Val Loss 0.476 Best Val Acc 0.803 Best Fold Val Acc  0.814 Best Fold Val Loss 0.468
INFO:__main__:Model # Parameters 44546
INFO:__main__:MS 3/4 Epoch 493 Val loss 0.696 Val acc 0.77 Best Val Loss 0.509 Best Val Acc 0.814 Best Fold Val Acc  0.814 Best Fold Val Loss 0.458
INFO:__main__:Model # Parameters 12034
INFO:__main__:MS 4/4 Epoch 500 Val loss 0.542 Val acc 0.797 Best Val Loss 0.525 Best Val Acc 0.819 Best Fold Val Acc  0.819 Best Fold Val Loss 0.458
INFO:__main__:Winner of Model Selection | hidden dim: 32 | dropout 0
INFO:__main__:Winner Best Val Accuracy 0.81892
INFO:__main__:Test 1/3 Epoch 500 Val loss 0.595 Val acc 0.741 Best Val Loss 0.493 Best Val Acc 0.808
INFO:__main__:Test 2/3 Epoch 432 Val loss 0.545 Val acc 0.778 Best Val Loss 0.461 Best Val Acc 0.805
INFO:__main__:Test 3/3 Epoch 336 Val loss 0.554 Val acc 0.765 Best Val Loss 0.492 Best Val Acc 0.808
INFO:__main__:Avg test acc 0.790, Agv test acc std 0.007
INFO:__main__:Cross-val iter:6 | Current average test accuracy across folds 0.78399
INFO:__main__:

INFO:__main__:------------------------------ITERATION 7------------------------------
INFO:__main__:Model # Parameters 44546
INFO:__main__:MS 1/4 Epoch 500 Val loss 0.618 Val acc 0.743 Best Val Loss 0.609 Best Val Acc 0.770 Best Fold Val Acc  0.770 Best Fold Val Loss 0.551
INFO:__main__:Model # Parameters 12034
INFO:__main__:MS 2/4 Epoch 500 Val loss 0.57 Val acc 0.757 Best Val Loss 0.565 Best Val Acc 0.770 Best Fold Val Acc  0.770 Best Fold Val Loss 0.548
INFO:__main__:Model # Parameters 44546
INFO:__main__:MS 3/4 Epoch 500 Val loss 1.079 Val acc 0.762 Best Val Loss 0.765 Best Val Acc 0.795 Best Fold Val Acc  0.795 Best Fold Val Loss 0.547
INFO:__main__:Model # Parameters 12034
INFO:__main__:MS 4/4 Epoch 395 Val loss 0.769 Val acc 0.703 Best Val Loss 0.582 Best Val Acc 0.765 Best Fold Val Acc  0.795 Best Fold Val Loss 0.547
INFO:__main__:Winner of Model Selection | hidden dim: 64 | dropout 0
INFO:__main__:Winner Best Val Accuracy 0.79459
INFO:__main__:Test 1/3 Epoch 500 Val loss 0.887 Val acc 0.751 Best Val Loss 0.822 Best Val Acc 0.805
INFO:__main__:Test 2/3 Epoch 472 Val loss 0.927 Val acc 0.749 Best Val Loss 0.74 Best Val Acc 0.778
INFO:__main__:Test 3/3 Epoch 500 Val loss 0.989 Val acc 0.754 Best Val Loss 0.895 Best Val Acc 0.789
INFO:__main__:Avg test acc 0.754, Agv test acc std 0.016
INFO:__main__:Cross-val iter:7 | Current average test accuracy across folds 0.77974
INFO:__main__:

INFO:__main__:------------------------------ITERATION 8------------------------------
INFO:__main__:Model # Parameters 44546
INFO:__main__:MS 1/4 Epoch 500 Val loss 0.656 Val acc 0.773 Best Val Loss 0.61 Best Val Acc 0.803 Best Fold Val Acc  0.803 Best Fold Val Loss 0.555
INFO:__main__:Model # Parameters 12034
INFO:__main__:MS 2/4 Epoch 500 Val loss 0.533 Val acc 0.814 Best Val Loss 0.532 Best Val Acc 0.824 Best Fold Val Acc  0.824 Best Fold Val Loss 0.518
INFO:__main__:Model # Parameters 44546
INFO:__main__:MS 3/4 Epoch 489 Val loss 0.932 Val acc 0.773 Best Val Loss 0.68 Best Val Acc 0.805 Best Fold Val Acc  0.824 Best Fold Val Loss 0.518
INFO:__main__:Model # Parameters 12034
INFO:__main__:MS 4/4 Epoch 364 Val loss 0.794 Val acc 0.765 Best Val Loss 0.595 Best Val Acc 0.805 Best Fold Val Acc  0.824 Best Fold Val Loss 0.518
INFO:__main__:Winner of Model Selection | hidden dim: 32 | dropout 0.5
INFO:__main__:Winner Best Val Accuracy 0.82432
INFO:__main__:Test 1/3 Epoch 500 Val loss 0.521 Val acc 0.789 Best Val Loss 0.529 Best Val Acc 0.816
INFO:__main__:Test 2/3 Epoch 500 Val loss 0.62 Val acc 0.797 Best Val Loss 0.639 Best Val Acc 0.800
INFO:__main__:Test 3/3 Epoch 500 Val loss 0.738 Val acc 0.803 Best Val Loss 0.759 Best Val Acc 0.814
INFO:__main__:Avg test acc 0.759, Agv test acc std 0.003
INFO:__main__:Cross-val iter:8 | Current average test accuracy across folds 0.77719
INFO:__main__:

INFO:__main__:------------------------------ITERATION 9------------------------------
INFO:__main__:Model # Parameters 44546
INFO:__main__:MS 1/4 Epoch 500 Val loss 0.538 Val acc 0.781 Best Val Loss 0.562 Best Val Acc 0.792 Best Fold Val Acc  0.792 Best Fold Val Loss 0.547
INFO:__main__:Model # Parameters 12034
INFO:__main__:MS 2/4 Epoch 500 Val loss 0.526 Val acc 0.778 Best Val Loss 0.509 Best Val Acc 0.789 Best Fold Val Acc  0.792 Best Fold Val Loss 0.507
INFO:__main__:Model # Parameters 44546
INFO:__main__:MS 3/4 Epoch 500 Val loss 0.664 Val acc 0.784 Best Val Loss 0.544 Best Val Acc 0.819 Best Fold Val Acc  0.819 Best Fold Val Loss 0.504
INFO:__main__:Model # Parameters 12034
INFO:__main__:MS 4/4 Epoch 500 Val loss 0.633 Val acc 0.784 Best Val Loss 0.563 Best Val Acc 0.800 Best Fold Val Acc  0.819 Best Fold Val Loss 0.504
INFO:__main__:Winner of Model Selection | hidden dim: 64 | dropout 0
INFO:__main__:Winner Best Val Accuracy 0.81892
INFO:__main__:Test 1/3 Epoch 500 Val loss 0.613 Val acc 0.784 Best Val Loss 0.607 Best Val Acc 0.808
INFO:__main__:Test 2/3 Epoch 500 Val loss 0.779 Val acc 0.751 Best Val Loss 0.615 Best Val Acc 0.819
INFO:__main__:Test 3/3 Epoch 500 Val loss 0.726 Val acc 0.781 Best Val Loss 0.633 Best Val Acc 0.819
INFO:__main__:Avg test acc 0.785, Agv test acc std 0.010
INFO:__main__:Cross-val iter:9 | Current average test accuracy across folds 0.77801
INFO:__main__:

INFO:__main__:------------------------------ITERATION 10------------------------------
INFO:__main__:Model # Parameters 44546
INFO:__main__:MS 1/4 Epoch 500 Val loss 0.656 Val acc 0.738 Best Val Loss 0.694 Best Val Acc 0.765 Best Fold Val Acc  0.765 Best Fold Val Loss 0.582
INFO:__main__:Model # Parameters 12034
INFO:__main__:MS 2/4 Epoch 500 Val loss 0.551 Val acc 0.757 Best Val Loss 0.545 Best Val Acc 0.768 Best Fold Val Acc  0.768 Best Fold Val Loss 0.545
INFO:__main__:Model # Parameters 44546
INFO:__main__:MS 3/4 Epoch 500 Val loss 0.917 Val acc 0.727 Best Val Loss 0.78 Best Val Acc 0.776 Best Fold Val Acc  0.776 Best Fold Val Loss 0.545
INFO:__main__:Model # Parameters 12034
INFO:__main__:MS 4/4 Epoch 500 Val loss 0.661 Val acc 0.741 Best Val Loss 0.641 Best Val Acc 0.778 Best Fold Val Acc  0.778 Best Fold Val Loss 0.545
INFO:__main__:Winner of Model Selection | hidden dim: 32 | dropout 0
INFO:__main__:Winner Best Val Accuracy 0.77838
INFO:__main__:Test 1/3 Epoch 459 Val loss 0.643 Val acc 0.727 Best Val Loss 0.601 Best Val Acc 0.757
INFO:__main__:Test 2/3 Epoch 362 Val loss 0.677 Val acc 0.732 Best Val Loss 0.577 Best Val Acc 0.762
INFO:__main__:Test 3/3 Epoch 500 Val loss 0.738 Val acc 0.778 Best Val Loss 0.738 Best Val Acc 0.778
INFO:__main__:Avg test acc 0.748, Agv test acc std 0.010
INFO:__main__:Cross-val iter:10 | Current average test accuracy across folds 0.77500
INFO:__main__:

INFO:__main__:AVERAGE TEST ACC ACROSS FOLDS 0.77500
INFO:__main__:STD ACROSS FOLDS 0.016414834037504118
