INFO:__main__:------------------------------ITERATION 1------------------------------
INFO:__main__:Model # Parameters 44802
INFO:__main__:MS 1/4 Epoch 500 Val loss 1.056 Val acc 0.797 Best Val Loss 0.686 Best Val Acc 0.835 Best Fold Val Acc  0.835 Best Fold Val Loss 0.465
INFO:__main__:Model # Parameters 12162
INFO:__main__:MS 2/4 Epoch 500 Val loss 0.666 Val acc 0.792 Best Val Loss 0.547 Best Val Acc 0.819 Best Fold Val Acc  0.835 Best Fold Val Loss 0.465
INFO:__main__:Model # Parameters 44802
INFO:__main__:MS 3/4 Epoch 500 Val loss 1.774 Val acc 0.792 Best Val Loss 1.502 Best Val Acc 0.843 Best Fold Val Acc  0.843 Best Fold Val Loss 0.462
INFO:__main__:Model # Parameters 12162
INFO:__main__:MS 4/4 Epoch 342 Val loss 1.218 Val acc 0.789 Best Val Loss 0.489 Best Val Acc 0.827 Best Fold Val Acc  0.843 Best Fold Val Loss 0.428
INFO:__main__:Winner of Model Selection | hidden dim: 64 | dropout 0
INFO:__main__:Winner Best Val Accuracy 0.84324
INFO:__main__:Test 1/3 Epoch 475 Val loss 1.972 Val acc 0.811 Best Val Loss 1.265 Best Val Acc 0.851
INFO:__main__:Test 2/3 Epoch 381 Val loss 1.487 Val acc 0.814 Best Val Loss 0.737 Best Val Acc 0.843
INFO:__main__:Test 3/3 Epoch 500 Val loss 1.711 Val acc 0.816 Best Val Loss 1.487 Best Val Acc 0.846
INFO:__main__:Avg test acc 0.803, Agv test acc std 0.009
INFO:__main__:Cross-val iter:1 | Current average test accuracy across folds 0.80259
INFO:__main__:

INFO:__main__:------------------------------ITERATION 2------------------------------
INFO:__main__:Model # Parameters 44802
INFO:__main__:MS 1/4 Epoch 500 Val loss 1.267 Val acc 0.814 Best Val Loss 1.153 Best Val Acc 0.849 Best Fold Val Acc  0.849 Best Fold Val Loss 0.423
INFO:__main__:Model # Parameters 12162
INFO:__main__:MS 2/4 Epoch 500 Val loss 0.594 Val acc 0.811 Best Val Loss 0.482 Best Val Acc 0.841 Best Fold Val Acc  0.849 Best Fold Val Loss 0.423
INFO:__main__:Model # Parameters 44802
INFO:__main__:MS 3/4 Epoch 500 Val loss 2.077 Val acc 0.819 Best Val Loss 1.927 Best Val Acc 0.843 Best Fold Val Acc  0.849 Best Fold Val Loss 0.423
INFO:__main__:Model # Parameters 12162
INFO:__main__:MS 4/4 Epoch 428 Val loss 1.189 Val acc 0.843 Best Val Loss 0.582 Best Val Acc 0.865 Best Fold Val Acc  0.865 Best Fold Val Loss 0.423
INFO:__main__:Winner of Model Selection | hidden dim: 32 | dropout 0
INFO:__main__:Winner Best Val Accuracy 0.86486
INFO:__main__:Test 1/3 Epoch 500 Val loss 1.654 Val acc 0.805 Best Val Loss 1.154 Best Val Acc 0.841
INFO:__main__:Test 2/3 Epoch 338 Val loss 1.091 Val acc 0.827 Best Val Loss 0.476 Best Val Acc 0.843
INFO:__main__:Test 3/3 Epoch 500 Val loss 1.314 Val acc 0.83 Best Val Loss 1.058 Best Val Acc 0.849
INFO:__main__:Avg test acc 0.824, Agv test acc std 0.010
INFO:__main__:Cross-val iter:2 | Current average test accuracy across folds 0.81311
INFO:__main__:

INFO:__main__:------------------------------ITERATION 3------------------------------
INFO:__main__:Model # Parameters 44802
INFO:__main__:MS 1/4 Epoch 500 Val loss 1.166 Val acc 0.832 Best Val Loss 0.966 Best Val Acc 0.857 Best Fold Val Acc  0.857 Best Fold Val Loss 0.521
INFO:__main__:Model # Parameters 12162
INFO:__main__:MS 2/4 Epoch 500 Val loss 0.729 Val acc 0.778 Best Val Loss 0.66 Best Val Acc 0.814 Best Fold Val Acc  0.857 Best Fold Val Loss 0.521
INFO:__main__:Model # Parameters 44802
INFO:__main__:MS 3/4 Epoch 500 Val loss 1.778 Val acc 0.83 Best Val Loss 1.336 Best Val Acc 0.868 Best Fold Val Acc  0.868 Best Fold Val Loss 0.500
INFO:__main__:Model # Parameters 12162
INFO:__main__:MS 4/4 Epoch 500 Val loss 1.177 Val acc 0.849 Best Val Loss 1.177 Best Val Acc 0.849 Best Fold Val Acc  0.868 Best Fold Val Loss 0.446
INFO:__main__:Winner of Model Selection | hidden dim: 64 | dropout 0
INFO:__main__:Winner Best Val Accuracy 0.86757
INFO:__main__:Test 1/3 Epoch 500 Val loss 1.925 Val acc 0.8 Best Val Loss 1.709 Best Val Acc 0.859
INFO:__main__:Test 2/3 Epoch 500 Val loss 1.662 Val acc 0.843 Best Val Loss 1.435 Best Val Acc 0.876
INFO:__main__:Test 3/3 Epoch 500 Val loss 1.638 Val acc 0.843 Best Val Loss 1.325 Best Val Acc 0.868
INFO:__main__:Avg test acc 0.837, Agv test acc std 0.004
INFO:__main__:Cross-val iter:3 | Current average test accuracy across folds 0.82093
INFO:__main__:

INFO:__main__:------------------------------ITERATION 4------------------------------
INFO:__main__:Model # Parameters 44802
INFO:__main__:MS 1/4 Epoch 500 Val loss 0.935 Val acc 0.843 Best Val Loss 0.637 Best Val Acc 0.857 Best Fold Val Acc  0.857 Best Fold Val Loss 0.389
INFO:__main__:Model # Parameters 12162
INFO:__main__:MS 2/4 Epoch 500 Val loss 0.517 Val acc 0.8 Best Val Loss 0.473 Best Val Acc 0.841 Best Fold Val Acc  0.857 Best Fold Val Loss 0.389
INFO:__main__:Model # Parameters 44802
INFO:__main__:MS 3/4 Epoch 452 Val loss 1.484 Val acc 0.814 Best Val Loss 1.044 Best Val Acc 0.846 Best Fold Val Acc  0.857 Best Fold Val Loss 0.389
INFO:__main__:Model # Parameters 12162
INFO:__main__:MS 4/4 Epoch 420 Val loss 1.339 Val acc 0.814 Best Val Loss 0.701 Best Val Acc 0.843 Best Fold Val Acc  0.857 Best Fold Val Loss 0.389
INFO:__main__:Winner of Model Selection | hidden dim: 64 | dropout 0.5
INFO:__main__:Winner Best Val Accuracy 0.85676
INFO:__main__:Test 1/3 Epoch 500 Val loss 1.02 Val acc 0.838 Best Val Loss 0.775 Best Val Acc 0.873
INFO:__main__:Test 2/3 Epoch 500 Val loss 0.726 Val acc 0.824 Best Val Loss 0.699 Best Val Acc 0.859
INFO:__main__:Test 3/3 Epoch 396 Val loss 0.66 Val acc 0.814 Best Val Loss 0.426 Best Val Acc 0.865
INFO:__main__:Avg test acc 0.820, Agv test acc std 0.016
INFO:__main__:Cross-val iter:4 | Current average test accuracy across folds 0.82068
INFO:__main__:

INFO:__main__:------------------------------ITERATION 5------------------------------
INFO:__main__:Model # Parameters 44802
INFO:__main__:MS 1/4 Epoch 349 Val loss 0.874 Val acc 0.83 Best Val Loss 0.429 Best Val Acc 0.859 Best Fold Val Acc  0.859 Best Fold Val Loss 0.412
INFO:__main__:Model # Parameters 12162
INFO:__main__:MS 2/4 Epoch 500 Val loss 0.512 Val acc 0.832 Best Val Loss 0.457 Best Val Acc 0.857 Best Fold Val Acc  0.859 Best Fold Val Loss 0.412
INFO:__main__:Model # Parameters 44802
INFO:__main__:MS 3/4 Epoch 312 Val loss 1.155 Val acc 0.846 Best Val Loss 0.412 Best Val Acc 0.870 Best Fold Val Acc  0.870 Best Fold Val Loss 0.397
INFO:__main__:Model # Parameters 12162
INFO:__main__:MS 4/4 Epoch 500 Val loss 1.014 Val acc 0.83 Best Val Loss 1.025 Best Val Acc 0.862 Best Fold Val Acc  0.870 Best Fold Val Loss 0.397
INFO:__main__:Winner of Model Selection | hidden dim: 64 | dropout 0
INFO:__main__:Winner Best Val Accuracy 0.87027
INFO:__main__:Test 1/3 Epoch 500 Val loss 1.544 Val acc 0.835 Best Val Loss 1.446 Best Val Acc 0.865
INFO:__main__:Test 2/3 Epoch 500 Val loss 1.472 Val acc 0.841 Best Val Loss 1.119 Best Val Acc 0.865
INFO:__main__:Test 3/3 Epoch 451 Val loss 1.449 Val acc 0.849 Best Val Loss 1.076 Best Val Acc 0.876
INFO:__main__:Avg test acc 0.861, Agv test acc std 0.020
INFO:__main__:Cross-val iter:5 | Current average test accuracy across folds 0.82865
INFO:__main__:

INFO:__main__:------------------------------ITERATION 6------------------------------
INFO:__main__:Model # Parameters 44802
INFO:__main__:MS 1/4 Epoch 500 Val loss 0.717 Val acc 0.827 Best Val Loss 0.716 Best Val Acc 0.857 Best Fold Val Acc  0.857 Best Fold Val Loss 0.439
INFO:__main__:Model # Parameters 12162
INFO:__main__:MS 2/4 Epoch 500 Val loss 0.466 Val acc 0.838 Best Val Loss 0.487 Best Val Acc 0.859 Best Fold Val Acc  0.859 Best Fold Val Loss 0.394
INFO:__main__:Model # Parameters 44802
INFO:__main__:MS 3/4 Epoch 500 Val loss 1.368 Val acc 0.851 Best Val Loss 0.943 Best Val Acc 0.873 Best Fold Val Acc  0.873 Best Fold Val Loss 0.390
INFO:__main__:Model # Parameters 12162
INFO:__main__:MS 4/4 Epoch 500 Val loss 1.03 Val acc 0.811 Best Val Loss 0.9 Best Val Acc 0.859 Best Fold Val Acc  0.873 Best Fold Val Loss 0.390
INFO:__main__:Winner of Model Selection | hidden dim: 64 | dropout 0
INFO:__main__:Winner Best Val Accuracy 0.87297
INFO:__main__:Test 1/3 Epoch 346 Val loss 1.123 Val acc 0.843 Best Val Loss 0.503 Best Val Acc 0.862
INFO:__main__:Test 2/3 Epoch 333 Val loss 1.152 Val acc 0.83 Best Val Loss 0.488 Best Val Acc 0.854
INFO:__main__:Test 3/3 Epoch 500 Val loss 1.449 Val acc 0.819 Best Val Loss 1.283 Best Val Acc 0.865
INFO:__main__:Avg test acc 0.830, Agv test acc std 0.009
INFO:__main__:Cross-val iter:6 | Current average test accuracy across folds 0.82882
INFO:__main__:

INFO:__main__:------------------------------ITERATION 7------------------------------
INFO:__main__:Model # Parameters 44802
INFO:__main__:MS 1/4 Epoch 451 Val loss 1.129 Val acc 0.819 Best Val Loss 0.752 Best Val Acc 0.832 Best Fold Val Acc  0.832 Best Fold Val Loss 0.505
INFO:__main__:Model # Parameters 12162
INFO:__main__:MS 2/4 Epoch 476 Val loss 0.646 Val acc 0.784 Best Val Loss 0.493 Best Val Acc 0.824 Best Fold Val Acc  0.832 Best Fold Val Loss 0.483
INFO:__main__:Model # Parameters 44802
INFO:__main__:MS 3/4 Epoch 500 Val loss 1.829 Val acc 0.808 Best Val Loss 1.976 Best Val Acc 0.841 Best Fold Val Acc  0.841 Best Fold Val Loss 0.483
INFO:__main__:Model # Parameters 12162
INFO:__main__:MS 4/4 Epoch 455 Val loss 1.429 Val acc 0.838 Best Val Loss 0.91 Best Val Acc 0.846 Best Fold Val Acc  0.846 Best Fold Val Loss 0.483
INFO:__main__:Winner of Model Selection | hidden dim: 32 | dropout 0
INFO:__main__:Winner Best Val Accuracy 0.84595
INFO:__main__:Test 1/3 Epoch 487 Val loss 1.374 Val acc 0.811 Best Val Loss 1.026 Best Val Acc 0.827
INFO:__main__:Test 2/3 Epoch 500 Val loss 1.438 Val acc 0.797 Best Val Loss 1.046 Best Val Acc 0.824
INFO:__main__:Test 3/3 Epoch 500 Val loss 1.667 Val acc 0.805 Best Val Loss 1.409 Best Val Acc 0.838
INFO:__main__:Avg test acc 0.818, Agv test acc std 0.016
INFO:__main__:Cross-val iter:7 | Current average test accuracy across folds 0.82721
INFO:__main__:

INFO:__main__:------------------------------ITERATION 8------------------------------
INFO:__main__:Model # Parameters 44802
INFO:__main__:MS 1/4 Epoch 500 Val loss 0.923 Val acc 0.827 Best Val Loss 0.726 Best Val Acc 0.870 Best Fold Val Acc  0.870 Best Fold Val Loss 0.470
INFO:__main__:Model # Parameters 12162
INFO:__main__:MS 2/4 Epoch 500 Val loss 0.587 Val acc 0.792 Best Val Loss 0.63 Best Val Acc 0.865 Best Fold Val Acc  0.870 Best Fold Val Loss 0.466
INFO:__main__:Model # Parameters 44802
INFO:__main__:MS 3/4 Epoch 500 Val loss 1.358 Val acc 0.846 Best Val Loss 1.07 Best Val Acc 0.862 Best Fold Val Acc  0.870 Best Fold Val Loss 0.466
INFO:__main__:Model # Parameters 12162
INFO:__main__:MS 4/4 Epoch 332 Val loss 0.947 Val acc 0.811 Best Val Loss 0.462 Best Val Acc 0.859 Best Fold Val Acc  0.870 Best Fold Val Loss 0.417
INFO:__main__:Winner of Model Selection | hidden dim: 64 | dropout 0.5
INFO:__main__:Winner Best Val Accuracy 0.87027
INFO:__main__:Test 1/3 Epoch 500 Val loss 0.966 Val acc 0.827 Best Val Loss 0.857 Best Val Acc 0.851
INFO:__main__:Test 2/3 Epoch 500 Val loss 0.79 Val acc 0.846 Best Val Loss 0.77 Best Val Acc 0.876
INFO:__main__:Test 3/3 Epoch 500 Val loss 1.037 Val acc 0.841 Best Val Loss 0.837 Best Val Acc 0.873
INFO:__main__:Avg test acc 0.825, Agv test acc std 0.006
INFO:__main__:Cross-val iter:8 | Current average test accuracy across folds 0.82696
INFO:__main__:

INFO:__main__:------------------------------ITERATION 9------------------------------
INFO:__main__:Model # Parameters 44802
INFO:__main__:MS 1/4 Epoch 500 Val loss 0.747 Val acc 0.865 Best Val Loss 0.496 Best Val Acc 0.876 Best Fold Val Acc  0.876 Best Fold Val Loss 0.441
INFO:__main__:Model # Parameters 12162
INFO:__main__:MS 2/4 Epoch 500 Val loss 0.46 Val acc 0.846 Best Val Loss 0.45 Best Val Acc 0.857 Best Fold Val Acc  0.876 Best Fold Val Loss 0.434
INFO:__main__:Model # Parameters 44802
INFO:__main__:MS 3/4 Epoch 381 Val loss 1.263 Val acc 0.838 Best Val Loss 0.715 Best Val Acc 0.878 Best Fold Val Acc  0.878 Best Fold Val Loss 0.407
INFO:__main__:Model # Parameters 12162
INFO:__main__:MS 4/4 Epoch 500 Val loss 0.991 Val acc 0.838 Best Val Loss 0.601 Best Val Acc 0.876 Best Fold Val Acc  0.878 Best Fold Val Loss 0.407
INFO:__main__:Winner of Model Selection | hidden dim: 64 | dropout 0
INFO:__main__:Winner Best Val Accuracy 0.87838
INFO:__main__:Test 1/3 Epoch 500 Val loss 1.018 Val acc 0.876 Best Val Loss 1.018 Best Val Acc 0.876
INFO:__main__:Test 2/3 Epoch 500 Val loss 1.279 Val acc 0.846 Best Val Loss 1.09 Best Val Acc 0.886
INFO:__main__:Test 3/3 Epoch 355 Val loss 1.177 Val acc 0.835 Best Val Loss 0.657 Best Val Acc 0.881
INFO:__main__:Avg test acc 0.807, Agv test acc std 0.019
INFO:__main__:Cross-val iter:9 | Current average test accuracy across folds 0.82468
INFO:__main__:

INFO:__main__:------------------------------ITERATION 10------------------------------
INFO:__main__:Model # Parameters 44802
INFO:__main__:MS 1/4 Epoch 500 Val loss 1.111 Val acc 0.805 Best Val Loss 1.002 Best Val Acc 0.824 Best Fold Val Acc  0.824 Best Fold Val Loss 0.488
INFO:__main__:Model # Parameters 12162
INFO:__main__:MS 2/4 Epoch 500 Val loss 0.694 Val acc 0.789 Best Val Loss 0.622 Best Val Acc 0.814 Best Fold Val Acc  0.824 Best Fold Val Loss 0.488
INFO:__main__:Model # Parameters 44802
INFO:__main__:MS 3/4 Epoch 500 Val loss 2.035 Val acc 0.808 Best Val Loss 2.0 Best Val Acc 0.832 Best Fold Val Acc  0.832 Best Fold Val Loss 0.488
INFO:__main__:Model # Parameters 12162
INFO:__main__:MS 4/4 Epoch 488 Val loss 1.408 Val acc 0.776 Best Val Loss 1.026 Best Val Acc 0.814 Best Fold Val Acc  0.832 Best Fold Val Loss 0.488
INFO:__main__:Winner of Model Selection | hidden dim: 64 | dropout 0
INFO:__main__:Winner Best Val Accuracy 0.83243
INFO:__main__:Test 1/3 Epoch 500 Val loss 1.922 Val acc 0.762 Best Val Loss 1.501 Best Val Acc 0.816
INFO:__main__:Test 2/3 Epoch 442 Val loss 1.734 Val acc 0.814 Best Val Loss 1.075 Best Val Acc 0.832
INFO:__main__:Test 3/3 Epoch 500 Val loss 1.727 Val acc 0.819 Best Val Loss 1.263 Best Val Acc 0.838
INFO:__main__:Avg test acc 0.800, Agv test acc std 0.014
INFO:__main__:Cross-val iter:10 | Current average test accuracy across folds 0.82221
INFO:__main__:

INFO:__main__:AVERAGE TEST ACC ACROSS FOLDS 0.82221
INFO:__main__:STD ACROSS FOLDS 0.017004158144571332
