INFO:__main__:------------------------------ITERATION 1------------------------------
INFO:__main__:Model # Parameters 44802
INFO:__main__:MS 1/4 Epoch 500 Val loss 1.235 Val acc 0.819 Best Val Loss 1.213 Best Val Acc 0.838 Best Fold Val Acc  0.838 Best Fold Val Loss 0.444
INFO:__main__:Model # Parameters 12162
INFO:__main__:MS 2/4 Epoch 500 Val loss 0.507 Val acc 0.824 Best Val Loss 0.483 Best Val Acc 0.846 Best Fold Val Acc  0.846 Best Fold Val Loss 0.439
INFO:__main__:Model # Parameters 44802
INFO:__main__:MS 3/4 Epoch 345 Val loss 1.888 Val acc 0.819 Best Val Loss 0.775 Best Val Acc 0.843 Best Fold Val Acc  0.846 Best Fold Val Loss 0.439
INFO:__main__:Model # Parameters 12162
INFO:__main__:MS 4/4 Epoch 394 Val loss 1.274 Val acc 0.786 Best Val Loss 0.639 Best Val Acc 0.816 Best Fold Val Acc  0.846 Best Fold Val Loss 0.439
INFO:__main__:Winner of Model Selection | hidden dim: 32 | dropout 0.5
INFO:__main__:Winner Best Val Accuracy 0.84595
INFO:__main__:Test 1/3 Epoch 500 Val loss 0.584 Val acc 0.803 Best Val Loss 0.554 Best Val Acc 0.819
INFO:__main__:Test 2/3 Epoch 500 Val loss 0.588 Val acc 0.83 Best Val Loss 0.526 Best Val Acc 0.846
INFO:__main__:Test 3/3 Epoch 500 Val loss 0.572 Val acc 0.795 Best Val Loss 0.551 Best Val Acc 0.827
INFO:__main__:Avg test acc 0.812, Agv test acc std 0.006
INFO:__main__:Cross-val iter:1 | Current average test accuracy across folds 0.81230
INFO:__main__:

INFO:__main__:------------------------------ITERATION 2------------------------------
INFO:__main__:Model # Parameters 44802
INFO:__main__:MS 1/4 Epoch 500 Val loss 1.102 Val acc 0.8 Best Val Loss 1.149 Best Val Acc 0.841 Best Fold Val Acc  0.841 Best Fold Val Loss 0.422
INFO:__main__:Model # Parameters 12162
INFO:__main__:MS 2/4 Epoch 433 Val loss 0.619 Val acc 0.792 Best Val Loss 0.53 Best Val Acc 0.830 Best Fold Val Acc  0.841 Best Fold Val Loss 0.422
INFO:__main__:Model # Parameters 44802
INFO:__main__:MS 3/4 Epoch 500 Val loss 1.412 Val acc 0.819 Best Val Loss 1.49 Best Val Acc 0.854 Best Fold Val Acc  0.854 Best Fold Val Loss 0.421
INFO:__main__:Model # Parameters 12162
INFO:__main__:MS 4/4 Epoch 500 Val loss 1.249 Val acc 0.819 Best Val Loss 1.173 Best Val Acc 0.857 Best Fold Val Acc  0.857 Best Fold Val Loss 0.421
INFO:__main__:Winner of Model Selection | hidden dim: 32 | dropout 0
INFO:__main__:Winner Best Val Accuracy 0.85676
INFO:__main__:Test 1/3 Epoch 500 Val loss 1.253 Val acc 0.843 Best Val Loss 0.934 Best Val Acc 0.857
INFO:__main__:Test 2/3 Epoch 480 Val loss 1.241 Val acc 0.824 Best Val Loss 0.786 Best Val Acc 0.851
INFO:__main__:Test 3/3 Epoch 500 Val loss 1.204 Val acc 0.822 Best Val Loss 1.074 Best Val Acc 0.838
INFO:__main__:Avg test acc 0.818, Agv test acc std 0.005
INFO:__main__:Cross-val iter:2 | Current average test accuracy across folds 0.81513
INFO:__main__:

INFO:__main__:------------------------------ITERATION 3------------------------------
INFO:__main__:Model # Parameters 44802
INFO:__main__:MS 1/4 Epoch 450 Val loss 1.085 Val acc 0.83 Best Val Loss 0.707 Best Val Acc 0.859 Best Fold Val Acc  0.859 Best Fold Val Loss 0.507
INFO:__main__:Model # Parameters 12162
INFO:__main__:MS 2/4 Epoch 483 Val loss 0.624 Val acc 0.792 Best Val Loss 0.502 Best Val Acc 0.830 Best Fold Val Acc  0.859 Best Fold Val Loss 0.484
INFO:__main__:Model # Parameters 44802
INFO:__main__:MS 3/4 Epoch 500 Val loss 1.451 Val acc 0.841 Best Val Loss 1.367 Best Val Acc 0.857 Best Fold Val Acc  0.859 Best Fold Val Loss 0.484
INFO:__main__:Model # Parameters 12162
INFO:__main__:MS 4/4 Epoch 500 Val loss 1.194 Val acc 0.83 Best Val Loss 1.107 Best Val Acc 0.841 Best Fold Val Acc  0.859 Best Fold Val Loss 0.484
INFO:__main__:Winner of Model Selection | hidden dim: 64 | dropout 0.5
INFO:__main__:Winner Best Val Accuracy 0.85946
INFO:__main__:Test 1/3 Epoch 500 Val loss 1.5 Val acc 0.816 Best Val Loss 1.125 Best Val Acc 0.854
INFO:__main__:Test 2/3 Epoch 500 Val loss 1.213 Val acc 0.835 Best Val Loss 0.953 Best Val Acc 0.857
INFO:__main__:Test 3/3 Epoch 500 Val loss 1.107 Val acc 0.827 Best Val Loss 1.065 Best Val Acc 0.857
INFO:__main__:Avg test acc 0.842, Agv test acc std 0.007
INFO:__main__:Cross-val iter:3 | Current average test accuracy across folds 0.82416
INFO:__main__:

INFO:__main__:------------------------------ITERATION 4------------------------------
INFO:__main__:Model # Parameters 44802
INFO:__main__:MS 1/4 Epoch 500 Val loss 0.774 Val acc 0.835 Best Val Loss 0.675 Best Val Acc 0.859 Best Fold Val Acc  0.859 Best Fold Val Loss 0.400
INFO:__main__:Model # Parameters 12162
INFO:__main__:MS 2/4 Epoch 500 Val loss 0.566 Val acc 0.819 Best Val Loss 0.436 Best Val Acc 0.841 Best Fold Val Acc  0.859 Best Fold Val Loss 0.400
INFO:__main__:Model # Parameters 44802
INFO:__main__:MS 3/4 Epoch 306 Val loss 1.571 Val acc 0.792 Best Val Loss 0.482 Best Val Acc 0.830 Best Fold Val Acc  0.859 Best Fold Val Loss 0.400
INFO:__main__:Model # Parameters 12162
INFO:__main__:MS 4/4 Epoch 449 Val loss 1.266 Val acc 0.808 Best Val Loss 0.722 Best Val Acc 0.854 Best Fold Val Acc  0.859 Best Fold Val Loss 0.400
INFO:__main__:Winner of Model Selection | hidden dim: 64 | dropout 0.5
INFO:__main__:Winner Best Val Accuracy 0.85946
INFO:__main__:Test 1/3 Epoch 380 Val loss 0.746 Val acc 0.822 Best Val Loss 0.374 Best Val Acc 0.868
INFO:__main__:Test 2/3 Epoch 500 Val loss 0.749 Val acc 0.846 Best Val Loss 0.637 Best Val Acc 0.873
INFO:__main__:Test 3/3 Epoch 500 Val loss 0.791 Val acc 0.854 Best Val Loss 0.56 Best Val Acc 0.865
INFO:__main__:Avg test acc 0.819, Agv test acc std 0.005
INFO:__main__:Cross-val iter:4 | Current average test accuracy across folds 0.82291
INFO:__main__:

INFO:__main__:------------------------------ITERATION 5------------------------------
INFO:__main__:Model # Parameters 44802
INFO:__main__:MS 1/4 Epoch 500 Val loss 0.915 Val acc 0.841 Best Val Loss 0.841 Best Val Acc 0.876 Best Fold Val Acc  0.876 Best Fold Val Loss 0.398
INFO:__main__:Model # Parameters 12162
INFO:__main__:MS 2/4 Epoch 500 Val loss 0.519 Val acc 0.827 Best Val Loss 0.488 Best Val Acc 0.854 Best Fold Val Acc  0.876 Best Fold Val Loss 0.398
INFO:__main__:Model # Parameters 44802
INFO:__main__:MS 3/4 Epoch 289 Val loss 1.28 Val acc 0.83 Best Val Loss 0.391 Best Val Acc 0.857 Best Fold Val Acc  0.876 Best Fold Val Loss 0.391
INFO:__main__:Model # Parameters 12162
INFO:__main__:MS 4/4 Epoch 500 Val loss 1.204 Val acc 0.819 Best Val Loss 1.237 Best Val Acc 0.854 Best Fold Val Acc  0.876 Best Fold Val Loss 0.391
INFO:__main__:Winner of Model Selection | hidden dim: 64 | dropout 0.5
INFO:__main__:Winner Best Val Accuracy 0.87568
INFO:__main__:Test 1/3 Epoch 476 Val loss 0.845 Val acc 0.846 Best Val Loss 0.521 Best Val Acc 0.862
INFO:__main__:Test 2/3 Epoch 500 Val loss 0.874 Val acc 0.841 Best Val Loss 1.023 Best Val Acc 0.868
INFO:__main__:Test 3/3 Epoch 495 Val loss 0.922 Val acc 0.838 Best Val Loss 0.706 Best Val Acc 0.862
INFO:__main__:Avg test acc 0.865, Agv test acc std 0.006
INFO:__main__:Cross-val iter:5 | Current average test accuracy across folds 0.83140
INFO:__main__:

INFO:__main__:------------------------------ITERATION 6------------------------------
INFO:__main__:Model # Parameters 44802
INFO:__main__:MS 1/4 Epoch 500 Val loss 0.78 Val acc 0.835 Best Val Loss 0.611 Best Val Acc 0.870 Best Fold Val Acc  0.870 Best Fold Val Loss 0.381
INFO:__main__:Model # Parameters 12162
INFO:__main__:MS 2/4 Epoch 500 Val loss 0.526 Val acc 0.827 Best Val Loss 0.469 Best Val Acc 0.843 Best Fold Val Acc  0.870 Best Fold Val Loss 0.381
INFO:__main__:Model # Parameters 44802
INFO:__main__:MS 3/4 Epoch 340 Val loss 1.281 Val acc 0.835 Best Val Loss 0.543 Best Val Acc 0.868 Best Fold Val Acc  0.870 Best Fold Val Loss 0.381
INFO:__main__:Model # Parameters 12162
INFO:__main__:MS 4/4 Epoch 500 Val loss 0.97 Val acc 0.83 Best Val Loss 0.889 Best Val Acc 0.854 Best Fold Val Acc  0.870 Best Fold Val Loss 0.381
INFO:__main__:Winner of Model Selection | hidden dim: 64 | dropout 0.5
INFO:__main__:Winner Best Val Accuracy 0.87027
INFO:__main__:Test 1/3 Epoch 500 Val loss 0.739 Val acc 0.843 Best Val Loss 0.518 Best Val Acc 0.876
INFO:__main__:Test 2/3 Epoch 499 Val loss 0.682 Val acc 0.851 Best Val Loss 0.471 Best Val Acc 0.868
INFO:__main__:Test 3/3 Epoch 500 Val loss 0.645 Val acc 0.851 Best Val Loss 0.745 Best Val Acc 0.870
INFO:__main__:Avg test acc 0.825, Agv test acc std 0.011
INFO:__main__:Cross-val iter:6 | Current average test accuracy across folds 0.83030
INFO:__main__:

INFO:__main__:------------------------------ITERATION 7------------------------------
INFO:__main__:Model # Parameters 44802
INFO:__main__:MS 1/4 Epoch 500 Val loss 1.188 Val acc 0.814 Best Val Loss 0.961 Best Val Acc 0.838 Best Fold Val Acc  0.838 Best Fold Val Loss 0.525
INFO:__main__:Model # Parameters 12162
INFO:__main__:MS 2/4 Epoch 500 Val loss 0.71 Val acc 0.797 Best Val Loss 0.63 Best Val Acc 0.819 Best Fold Val Acc  0.838 Best Fold Val Loss 0.499
INFO:__main__:Model # Parameters 44802
INFO:__main__:MS 3/4 Epoch 452 Val loss 2.279 Val acc 0.819 Best Val Loss 1.557 Best Val Acc 0.830 Best Fold Val Acc  0.838 Best Fold Val Loss 0.499
INFO:__main__:Model # Parameters 12162
INFO:__main__:MS 4/4 Epoch 500 Val loss 1.412 Val acc 0.8 Best Val Loss 1.476 Best Val Acc 0.824 Best Fold Val Acc  0.838 Best Fold Val Loss 0.499
INFO:__main__:Winner of Model Selection | hidden dim: 64 | dropout 0.5
INFO:__main__:Winner Best Val Accuracy 0.83784
INFO:__main__:Test 1/3 Epoch 500 Val loss 1.095 Val acc 0.824 Best Val Loss 1.026 Best Val Acc 0.841
INFO:__main__:Test 2/3 Epoch 491 Val loss 1.342 Val acc 0.805 Best Val Loss 0.916 Best Val Acc 0.843
INFO:__main__:Test 3/3 Epoch 500 Val loss 1.128 Val acc 0.814 Best Val Loss 1.048 Best Val Acc 0.841
INFO:__main__:Avg test acc 0.831, Agv test acc std 0.006
INFO:__main__:Cross-val iter:7 | Current average test accuracy across folds 0.83045
INFO:__main__:

INFO:__main__:------------------------------ITERATION 8------------------------------
INFO:__main__:Model # Parameters 44802
INFO:__main__:MS 1/4 Epoch 460 Val loss 1.066 Val acc 0.843 Best Val Loss 0.717 Best Val Acc 0.865 Best Fold Val Acc  0.865 Best Fold Val Loss 0.443
INFO:__main__:Model # Parameters 12162
INFO:__main__:MS 2/4 Epoch 500 Val loss 0.509 Val acc 0.846 Best Val Loss 0.516 Best Val Acc 0.865 Best Fold Val Acc  0.865 Best Fold Val Loss 0.441
INFO:__main__:Model # Parameters 44802
INFO:__main__:MS 3/4 Epoch 500 Val loss 1.53 Val acc 0.843 Best Val Loss 1.469 Best Val Acc 0.873 Best Fold Val Acc  0.873 Best Fold Val Loss 0.441
INFO:__main__:Model # Parameters 12162
INFO:__main__:MS 4/4 Epoch 345 Val loss 1.009 Val acc 0.819 Best Val Loss 0.479 Best Val Acc 0.857 Best Fold Val Acc  0.873 Best Fold Val Loss 0.441
INFO:__main__:Winner of Model Selection | hidden dim: 64 | dropout 0
INFO:__main__:Winner Best Val Accuracy 0.87297
INFO:__main__:Test 1/3 Epoch 500 Val loss 1.51 Val acc 0.827 Best Val Loss 1.254 Best Val Acc 0.868
INFO:__main__:Test 2/3 Epoch 500 Val loss 1.798 Val acc 0.822 Best Val Loss 1.649 Best Val Acc 0.857
INFO:__main__:Test 3/3 Epoch 500 Val loss 0.964 Val acc 0.862 Best Val Loss 0.903 Best Val Acc 0.881
INFO:__main__:Avg test acc 0.813, Agv test acc std 0.006
INFO:__main__:Cross-val iter:8 | Current average test accuracy across folds 0.82827
INFO:__main__:

INFO:__main__:------------------------------ITERATION 9------------------------------
INFO:__main__:Model # Parameters 44802
INFO:__main__:MS 1/4 Epoch 500 Val loss 0.884 Val acc 0.868 Best Val Loss 0.572 Best Val Acc 0.884 Best Fold Val Acc  0.884 Best Fold Val Loss 0.412
INFO:__main__:Model # Parameters 12162
INFO:__main__:MS 2/4 Epoch 500 Val loss 0.507 Val acc 0.832 Best Val Loss 0.441 Best Val Acc 0.854 Best Fold Val Acc  0.884 Best Fold Val Loss 0.412
INFO:__main__:Model # Parameters 44802
INFO:__main__:MS 3/4 Epoch 500 Val loss 1.247 Val acc 0.846 Best Val Loss 1.187 Best Val Acc 0.876 Best Fold Val Acc  0.884 Best Fold Val Loss 0.412
INFO:__main__:Model # Parameters 12162
INFO:__main__:MS 4/4 Epoch 500 Val loss 1.146 Val acc 0.819 Best Val Loss 0.911 Best Val Acc 0.849 Best Fold Val Acc  0.884 Best Fold Val Loss 0.412
INFO:__main__:Winner of Model Selection | hidden dim: 64 | dropout 0.5
INFO:__main__:Winner Best Val Accuracy 0.88378
INFO:__main__:Test 1/3 Epoch 500 Val loss 0.868 Val acc 0.854 Best Val Loss 0.655 Best Val Acc 0.889
INFO:__main__:Test 2/3 Epoch 500 Val loss 0.916 Val acc 0.838 Best Val Loss 0.618 Best Val Acc 0.884
INFO:__main__:Test 3/3 Epoch 500 Val loss 0.784 Val acc 0.857 Best Val Loss 0.635 Best Val Acc 0.878
INFO:__main__:Avg test acc 0.813, Agv test acc std 0.005
INFO:__main__:Cross-val iter:9 | Current average test accuracy across folds 0.82657
INFO:__main__:

INFO:__main__:------------------------------ITERATION 10------------------------------
INFO:__main__:Model # Parameters 44802
INFO:__main__:MS 1/4 Epoch 500 Val loss 1.134 Val acc 0.811 Best Val Loss 0.993 Best Val Acc 0.832 Best Fold Val Acc  0.832 Best Fold Val Loss 0.514
INFO:__main__:Model # Parameters 12162
INFO:__main__:MS 2/4 Epoch 500 Val loss 0.618 Val acc 0.797 Best Val Loss 0.584 Best Val Acc 0.835 Best Fold Val Acc  0.835 Best Fold Val Loss 0.478
INFO:__main__:Model # Parameters 44802
INFO:__main__:MS 3/4 Epoch 500 Val loss 1.782 Val acc 0.803 Best Val Loss 1.403 Best Val Acc 0.830 Best Fold Val Acc  0.835 Best Fold Val Loss 0.478
INFO:__main__:Model # Parameters 12162
INFO:__main__:MS 4/4 Epoch 500 Val loss 1.118 Val acc 0.803 Best Val Loss 0.899 Best Val Acc 0.819 Best Fold Val Acc  0.835 Best Fold Val Loss 0.478
INFO:__main__:Winner of Model Selection | hidden dim: 32 | dropout 0.5
INFO:__main__:Winner Best Val Accuracy 0.83514
INFO:__main__:Test 1/3 Epoch 500 Val loss 0.64 Val acc 0.797 Best Val Loss 0.598 Best Val Acc 0.827
INFO:__main__:Test 2/3 Epoch 500 Val loss 0.631 Val acc 0.8 Best Val Loss 0.602 Best Val Acc 0.822
INFO:__main__:Test 3/3 Epoch 500 Val loss 0.66 Val acc 0.808 Best Val Loss 0.593 Best Val Acc 0.832
INFO:__main__:Avg test acc 0.793, Agv test acc std 0.002
INFO:__main__:Cross-val iter:10 | Current average test accuracy across folds 0.82318
INFO:__main__:

INFO:__main__:AVERAGE TEST ACC ACROSS FOLDS 0.82318
INFO:__main__:STD ACROSS FOLDS 0.018736659859713935
