INFO:__main__:------------------------------ITERATION 1------------------------------
INFO:__main__:Model # Parameters 61250
INFO:__main__:MS 1/4 Epoch 500 Val loss 0.81 Val acc 0.792 Best Val Loss 0.808 Best Val Acc 0.832 Best Fold Val Acc  0.832 Best Fold Val Loss 0.472
INFO:__main__:Model # Parameters 16290
INFO:__main__:MS 2/4 Epoch 500 Val loss 0.54 Val acc 0.792 Best Val Loss 0.516 Best Val Acc 0.824 Best Fold Val Acc  0.832 Best Fold Val Loss 0.472
INFO:__main__:Model # Parameters 61250
INFO:__main__:MS 3/4 Epoch 500 Val loss 2.433 Val acc 0.778 Best Val Loss 1.301 Best Val Acc 0.822 Best Fold Val Acc  0.832 Best Fold Val Loss 0.472
INFO:__main__:Model # Parameters 16290
INFO:__main__:MS 4/4 Epoch 500 Val loss 1.34 Val acc 0.781 Best Val Loss 1.168 Best Val Acc 0.830 Best Fold Val Acc  0.832 Best Fold Val Loss 0.472
INFO:__main__:Winner of Model Selection | hidden dim: 64 | dropout 0.5
INFO:__main__:Winner Best Val Accuracy 0.83243
INFO:__main__:Test 1/3 Epoch 500 Val loss 0.728 Val acc 0.803 Best Val Loss 0.659 Best Val Acc 0.835
INFO:__main__:Test 2/3 Epoch 500 Val loss 0.627 Val acc 0.797 Best Val Loss 0.579 Best Val Acc 0.827
INFO:__main__:Test 3/3 Epoch 500 Val loss 0.84 Val acc 0.786 Best Val Loss 0.804 Best Val Acc 0.816
INFO:__main__:Avg test acc 0.820, Agv test acc std 0.004
INFO:__main__:Cross-val iter:1 | Current average test accuracy across folds 0.82039
INFO:__main__:

INFO:__main__:------------------------------ITERATION 2------------------------------
INFO:__main__:Model # Parameters 61250
INFO:__main__:MS 1/4 Epoch 500 Val loss 0.884 Val acc 0.808 Best Val Loss 0.583 Best Val Acc 0.827 Best Fold Val Acc  0.827 Best Fold Val Loss 0.491
INFO:__main__:Model # Parameters 16290
INFO:__main__:MS 2/4 Epoch 500 Val loss 0.627 Val acc 0.795 Best Val Loss 0.585 Best Val Acc 0.819 Best Fold Val Acc  0.827 Best Fold Val Loss 0.467
INFO:__main__:Model # Parameters 61250
INFO:__main__:MS 3/4 Epoch 500 Val loss 1.891 Val acc 0.786 Best Val Loss 1.507 Best Val Acc 0.824 Best Fold Val Acc  0.827 Best Fold Val Loss 0.447
INFO:__main__:Model # Parameters 16290
INFO:__main__:MS 4/4 Epoch 500 Val loss 1.082 Val acc 0.808 Best Val Loss 0.936 Best Val Acc 0.838 Best Fold Val Acc  0.838 Best Fold Val Loss 0.447
INFO:__main__:Winner of Model Selection | hidden dim: 32 | dropout 0
INFO:__main__:Winner Best Val Accuracy 0.83784
INFO:__main__:Test 1/3 Epoch 500 Val loss 1.419 Val acc 0.797 Best Val Loss 0.853 Best Val Acc 0.835
INFO:__main__:Test 2/3 Epoch 500 Val loss 1.093 Val acc 0.808 Best Val Loss 1.105 Best Val Acc 0.843
INFO:__main__:Test 3/3 Epoch 500 Val loss 1.065 Val acc 0.816 Best Val Loss 1.005 Best Val Acc 0.835
INFO:__main__:Avg test acc 0.810, Agv test acc std 0.017
INFO:__main__:Cross-val iter:2 | Current average test accuracy across folds 0.81513
INFO:__main__:

INFO:__main__:------------------------------ITERATION 3------------------------------
INFO:__main__:Model # Parameters 61250
INFO:__main__:MS 1/4 Epoch 500 Val loss 1.17 Val acc 0.808 Best Val Loss 0.891 Best Val Acc 0.841 Best Fold Val Acc  0.841 Best Fold Val Loss 0.548
INFO:__main__:Model # Parameters 16290
INFO:__main__:MS 2/4 Epoch 500 Val loss 0.577 Val acc 0.797 Best Val Loss 0.642 Best Val Acc 0.832 Best Fold Val Acc  0.841 Best Fold Val Loss 0.539
INFO:__main__:Model # Parameters 61250
INFO:__main__:MS 3/4 Epoch 495 Val loss 1.495 Val acc 0.819 Best Val Loss 1.146 Best Val Acc 0.849 Best Fold Val Acc  0.849 Best Fold Val Loss 0.490
INFO:__main__:Model # Parameters 16290
INFO:__main__:MS 4/4 Epoch 500 Val loss 1.072 Val acc 0.811 Best Val Loss 0.808 Best Val Acc 0.841 Best Fold Val Acc  0.849 Best Fold Val Loss 0.455
INFO:__main__:Winner of Model Selection | hidden dim: 64 | dropout 0
INFO:__main__:Winner Best Val Accuracy 0.84865
INFO:__main__:Test 1/3 Epoch 500 Val loss 1.979 Val acc 0.827 Best Val Loss 1.306 Best Val Acc 0.862
INFO:__main__:Test 2/3 Epoch 500 Val loss 1.315 Val acc 0.835 Best Val Loss 1.488 Best Val Acc 0.851
INFO:__main__:Test 3/3 Epoch 440 Val loss 1.645 Val acc 0.819 Best Val Loss 0.891 Best Val Acc 0.846
INFO:__main__:Avg test acc 0.835, Agv test acc std 0.008
INFO:__main__:Cross-val iter:3 | Current average test accuracy across folds 0.82174
INFO:__main__:

INFO:__main__:------------------------------ITERATION 4------------------------------
INFO:__main__:Model # Parameters 61250
INFO:__main__:MS 1/4 Epoch 439 Val loss 0.608 Val acc 0.816 Best Val Loss 0.443 Best Val Acc 0.841 Best Fold Val Acc  0.841 Best Fold Val Loss 0.435
INFO:__main__:Model # Parameters 16290
INFO:__main__:MS 2/4 Epoch 500 Val loss 0.444 Val acc 0.811 Best Val Loss 0.453 Best Val Acc 0.843 Best Fold Val Acc  0.843 Best Fold Val Loss 0.433
INFO:__main__:Model # Parameters 61250
INFO:__main__:MS 3/4 Epoch 500 Val loss 1.649 Val acc 0.808 Best Val Loss 1.274 Best Val Acc 0.843 Best Fold Val Acc  0.843 Best Fold Val Loss 0.419
INFO:__main__:Model # Parameters 16290
INFO:__main__:MS 4/4 Epoch 402 Val loss 1.231 Val acc 0.797 Best Val Loss 0.631 Best Val Acc 0.822 Best Fold Val Acc  0.843 Best Fold Val Loss 0.419
INFO:__main__:Winner of Model Selection | hidden dim: 32 | dropout 0.5
INFO:__main__:Winner Best Val Accuracy 0.84324
INFO:__main__:Test 1/3 Epoch 500 Val loss 0.435 Val acc 0.83 Best Val Loss 0.449 Best Val Acc 0.838
INFO:__main__:Test 2/3 Epoch 500 Val loss 0.486 Val acc 0.811 Best Val Loss 0.478 Best Val Acc 0.846
INFO:__main__:Test 3/3 Epoch 500 Val loss 0.478 Val acc 0.816 Best Val Loss 0.463 Best Val Acc 0.846
INFO:__main__:Avg test acc 0.788, Agv test acc std 0.001
INFO:__main__:Cross-val iter:4 | Current average test accuracy across folds 0.81318
INFO:__main__:

INFO:__main__:------------------------------ITERATION 5------------------------------
INFO:__main__:Model # Parameters 61250
INFO:__main__:MS 1/4 Epoch 500 Val loss 0.917 Val acc 0.814 Best Val Loss 0.644 Best Val Acc 0.846 Best Fold Val Acc  0.846 Best Fold Val Loss 0.465
INFO:__main__:Model # Parameters 16290
INFO:__main__:MS 2/4 Epoch 500 Val loss 0.557 Val acc 0.786 Best Val Loss 0.505 Best Val Acc 0.808 Best Fold Val Acc  0.846 Best Fold Val Loss 0.465
INFO:__main__:Model # Parameters 61250
INFO:__main__:MS 3/4 Epoch 500 Val loss 1.684 Val acc 0.819 Best Val Loss 0.995 Best Val Acc 0.870 Best Fold Val Acc  0.870 Best Fold Val Loss 0.465
INFO:__main__:Model # Parameters 16290
INFO:__main__:MS 4/4 Epoch 500 Val loss 1.006 Val acc 0.819 Best Val Loss 0.753 Best Val Acc 0.849 Best Fold Val Acc  0.870 Best Fold Val Loss 0.429
INFO:__main__:Winner of Model Selection | hidden dim: 64 | dropout 0
INFO:__main__:Winner Best Val Accuracy 0.87027
INFO:__main__:Test 1/3 Epoch 500 Val loss 1.685 Val acc 0.824 Best Val Loss 1.219 Best Val Acc 0.859
INFO:__main__:Test 2/3 Epoch 500 Val loss 1.633 Val acc 0.816 Best Val Loss 1.042 Best Val Acc 0.838
INFO:__main__:Test 3/3 Epoch 500 Val loss 1.776 Val acc 0.811 Best Val Loss 1.162 Best Val Acc 0.841
INFO:__main__:Avg test acc 0.846, Agv test acc std 0.013
INFO:__main__:Cross-val iter:5 | Current average test accuracy across folds 0.81972
INFO:__main__:

INFO:__main__:------------------------------ITERATION 6------------------------------
INFO:__main__:Model # Parameters 61250
INFO:__main__:MS 1/4 Epoch 500 Val loss 0.445 Val acc 0.868 Best Val Loss 0.5 Best Val Acc 0.886 Best Fold Val Acc  0.886 Best Fold Val Loss 0.396
INFO:__main__:Model # Parameters 16290
INFO:__main__:MS 2/4 Epoch 500 Val loss 0.491 Val acc 0.797 Best Val Loss 0.451 Best Val Acc 0.835 Best Fold Val Acc  0.886 Best Fold Val Loss 0.396
INFO:__main__:Model # Parameters 61250
INFO:__main__:MS 3/4 Epoch 341 Val loss 1.069 Val acc 0.83 Best Val Loss 0.462 Best Val Acc 0.868 Best Fold Val Acc  0.886 Best Fold Val Loss 0.396
INFO:__main__:Model # Parameters 16290
INFO:__main__:MS 4/4 Epoch 397 Val loss 1.141 Val acc 0.781 Best Val Loss 0.567 Best Val Acc 0.824 Best Fold Val Acc  0.886 Best Fold Val Loss 0.396
INFO:__main__:Winner of Model Selection | hidden dim: 64 | dropout 0.5
INFO:__main__:Winner Best Val Accuracy 0.88649
INFO:__main__:Test 1/3 Epoch 500 Val loss 0.469 Val acc 0.851 Best Val Loss 0.46 Best Val Acc 0.868
INFO:__main__:Test 2/3 Epoch 500 Val loss 0.541 Val acc 0.835 Best Val Loss 0.53 Best Val Acc 0.854
INFO:__main__:Test 3/3 Epoch 500 Val loss 0.561 Val acc 0.846 Best Val Loss 0.565 Best Val Acc 0.851
INFO:__main__:Avg test acc 0.817, Agv test acc std 0.013
INFO:__main__:Cross-val iter:6 | Current average test accuracy across folds 0.81922
INFO:__main__:

INFO:__main__:------------------------------ITERATION 7------------------------------
INFO:__main__:Model # Parameters 61250
INFO:__main__:MS 1/4 Epoch 500 Val loss 1.057 Val acc 0.797 Best Val Loss 1.01 Best Val Acc 0.816 Best Fold Val Acc  0.816 Best Fold Val Loss 0.536
INFO:__main__:Model # Parameters 16290
INFO:__main__:MS 2/4 Epoch 500 Val loss 0.66 Val acc 0.797 Best Val Loss 0.621 Best Val Acc 0.811 Best Fold Val Acc  0.816 Best Fold Val Loss 0.536
INFO:__main__:Model # Parameters 61250
INFO:__main__:MS 3/4 Epoch 500 Val loss 2.194 Val acc 0.795 Best Val Loss 1.665 Best Val Acc 0.819 Best Fold Val Acc  0.819 Best Fold Val Loss 0.536
INFO:__main__:Model # Parameters 16290
INFO:__main__:MS 4/4 Epoch 500 Val loss 1.726 Val acc 0.778 Best Val Loss 1.24 Best Val Acc 0.808 Best Fold Val Acc  0.819 Best Fold Val Loss 0.536
INFO:__main__:Winner of Model Selection | hidden dim: 64 | dropout 0
INFO:__main__:Winner Best Val Accuracy 0.81892
INFO:__main__:Test 1/3 Epoch 497 Val loss 2.135 Val acc 0.803 Best Val Loss 1.402 Best Val Acc 0.832
INFO:__main__:Test 2/3 Epoch 429 Val loss 1.869 Val acc 0.803 Best Val Loss 1.32 Best Val Acc 0.824
INFO:__main__:Test 3/3 Epoch 500 Val loss 2.124 Val acc 0.773 Best Val Loss 1.931 Best Val Acc 0.824
INFO:__main__:Avg test acc 0.812, Agv test acc std 0.014
INFO:__main__:Cross-val iter:7 | Current average test accuracy across folds 0.81817
INFO:__main__:

INFO:__main__:------------------------------ITERATION 8------------------------------
INFO:__main__:Model # Parameters 61250
INFO:__main__:MS 1/4 Epoch 500 Val loss 0.853 Val acc 0.832 Best Val Loss 0.714 Best Val Acc 0.851 Best Fold Val Acc  0.851 Best Fold Val Loss 0.495
INFO:__main__:Model # Parameters 16290
INFO:__main__:MS 2/4 Epoch 384 Val loss 0.587 Val acc 0.808 Best Val Loss 0.561 Best Val Acc 0.827 Best Fold Val Acc  0.851 Best Fold Val Loss 0.495
INFO:__main__:Model # Parameters 61250
INFO:__main__:MS 3/4 Epoch 329 Val loss 1.249 Val acc 0.792 Best Val Loss 0.633 Best Val Acc 0.824 Best Fold Val Acc  0.851 Best Fold Val Loss 0.488
INFO:__main__:Model # Parameters 16290
INFO:__main__:MS 4/4 Epoch 391 Val loss 1.009 Val acc 0.83 Best Val Loss 0.545 Best Val Acc 0.846 Best Fold Val Acc  0.851 Best Fold Val Loss 0.473
INFO:__main__:Winner of Model Selection | hidden dim: 64 | dropout 0.5
INFO:__main__:Winner Best Val Accuracy 0.85135
INFO:__main__:Test 1/3 Epoch 500 Val loss 0.879 Val acc 0.838 Best Val Loss 0.839 Best Val Acc 0.865
INFO:__main__:Test 2/3 Epoch 500 Val loss 0.849 Val acc 0.857 Best Val Loss 0.678 Best Val Acc 0.865
INFO:__main__:Test 3/3 Epoch 500 Val loss 0.862 Val acc 0.814 Best Val Loss 0.864 Best Val Acc 0.851
INFO:__main__:Avg test acc 0.801, Agv test acc std 0.011
INFO:__main__:Cross-val iter:8 | Current average test accuracy across folds 0.81600
INFO:__main__:

INFO:__main__:------------------------------ITERATION 9------------------------------
INFO:__main__:Model # Parameters 61250
INFO:__main__:MS 1/4 Epoch 500 Val loss 0.756 Val acc 0.832 Best Val Loss 0.555 Best Val Acc 0.862 Best Fold Val Acc  0.862 Best Fold Val Loss 0.485
INFO:__main__:Model # Parameters 16290
INFO:__main__:MS 2/4 Epoch 500 Val loss 0.503 Val acc 0.816 Best Val Loss 0.493 Best Val Acc 0.832 Best Fold Val Acc  0.862 Best Fold Val Loss 0.485
INFO:__main__:Model # Parameters 61250
INFO:__main__:MS 3/4 Epoch 444 Val loss 1.165 Val acc 0.849 Best Val Loss 0.909 Best Val Acc 0.868 Best Fold Val Acc  0.868 Best Fold Val Loss 0.446
INFO:__main__:Model # Parameters 16290
INFO:__main__:MS 4/4 Epoch 500 Val loss 1.344 Val acc 0.805 Best Val Loss 0.926 Best Val Acc 0.849 Best Fold Val Acc  0.868 Best Fold Val Loss 0.446
INFO:__main__:Winner of Model Selection | hidden dim: 64 | dropout 0
INFO:__main__:Winner Best Val Accuracy 0.86757
INFO:__main__:Test 1/3 Epoch 500 Val loss 1.624 Val acc 0.814 Best Val Loss 1.449 Best Val Acc 0.851
INFO:__main__:Test 2/3 Epoch 500 Val loss 1.016 Val acc 0.835 Best Val Loss 0.796 Best Val Acc 0.857
INFO:__main__:Test 3/3 Epoch 500 Val loss 1.129 Val acc 0.827 Best Val Loss 0.932 Best Val Acc 0.859
INFO:__main__:Avg test acc 0.816, Agv test acc std 0.008
INFO:__main__:Cross-val iter:9 | Current average test accuracy across folds 0.81603
INFO:__main__:

INFO:__main__:------------------------------ITERATION 10------------------------------
INFO:__main__:Model # Parameters 61250
INFO:__main__:MS 1/4 Epoch 499 Val loss 0.904 Val acc 0.789 Best Val Loss 0.576 Best Val Acc 0.808 Best Fold Val Acc  0.808 Best Fold Val Loss 0.520
INFO:__main__:Model # Parameters 16290
INFO:__main__:MS 2/4 Epoch 500 Val loss 0.559 Val acc 0.77 Best Val Loss 0.517 Best Val Acc 0.808 Best Fold Val Acc  0.808 Best Fold Val Loss 0.502
INFO:__main__:Model # Parameters 61250
INFO:__main__:MS 3/4 Epoch 486 Val loss 1.768 Val acc 0.792 Best Val Loss 1.209 Best Val Acc 0.827 Best Fold Val Acc  0.827 Best Fold Val Loss 0.502
INFO:__main__:Model # Parameters 16290
INFO:__main__:MS 4/4 Epoch 474 Val loss 1.25 Val acc 0.768 Best Val Loss 0.762 Best Val Acc 0.808 Best Fold Val Acc  0.827 Best Fold Val Loss 0.502
INFO:__main__:Winner of Model Selection | hidden dim: 64 | dropout 0
INFO:__main__:Winner Best Val Accuracy 0.82703
INFO:__main__:Test 1/3 Epoch 500 Val loss 1.522 Val acc 0.778 Best Val Loss 1.473 Best Val Acc 0.808
INFO:__main__:Test 2/3 Epoch 345 Val loss 1.493 Val acc 0.762 Best Val Loss 0.579 Best Val Acc 0.811
INFO:__main__:Test 3/3 Epoch 393 Val loss 1.664 Val acc 0.773 Best Val Loss 0.902 Best Val Acc 0.824
INFO:__main__:Avg test acc 0.782, Agv test acc std 0.008
INFO:__main__:Cross-val iter:10 | Current average test accuracy across folds 0.81264
INFO:__main__:

INFO:__main__:AVERAGE TEST ACC ACROSS FOLDS 0.81264
INFO:__main__:STD ACROSS FOLDS 0.018454112635355336
