INFO:__main__:------------------------------ITERATION 1------------------------------
INFO:__main__:Model # Parameters 59266
INFO:__main__:MS 1/4 Epoch 298 Val loss 1.067 Val acc 0.653 Best Val Loss 0.513 Best Val Acc 0.782 Best Fold Val Acc  0.782 Best Fold Val Loss 0.513
INFO:__main__:Model # Parameters 15298
INFO:__main__:MS 2/4 Epoch 423 Val loss 0.747 Val acc 0.723 Best Val Loss 0.543 Best Val Acc 0.772 Best Fold Val Acc  0.782 Best Fold Val Loss 0.513
INFO:__main__:Model # Parameters 59266
INFO:__main__:MS 3/4 Epoch 352 Val loss 1.812 Val acc 0.673 Best Val Loss 0.542 Best Val Acc 0.782 Best Fold Val Acc  0.782 Best Fold Val Loss 0.513
INFO:__main__:Model # Parameters 15298
INFO:__main__:MS 4/4 Epoch 270 Val loss 0.884 Val acc 0.663 Best Val Loss 0.719 Best Val Acc 0.782 Best Fold Val Acc  0.782 Best Fold Val Loss 0.510
INFO:__main__:Winner of Model Selection | hidden dim: 64 | dropout 0.5
INFO:__main__:Winner Best Val Accuracy 0.78218
INFO:__main__:Test 1/3 Epoch 461 Val loss 1.653 Val acc 0.653 Best Val Loss 0.72 Best Val Acc 0.772
INFO:__main__:Test 2/3 Epoch 500 Val loss 1.258 Val acc 0.653 Best Val Loss 0.522 Best Val Acc 0.782
INFO:__main__:Test 3/3 Epoch 500 Val loss 1.438 Val acc 0.644 Best Val Loss 0.815 Best Val Acc 0.772
INFO:__main__:Avg test acc 0.795, Agv test acc std 0.015
INFO:__main__:Cross-val iter:1 | Current average test accuracy across folds 0.79464
INFO:__main__:

INFO:__main__:------------------------------ITERATION 2------------------------------
INFO:__main__:Model # Parameters 59266
INFO:__main__:MS 1/4 Epoch 489 Val loss 0.922 Val acc 0.723 Best Val Loss 0.457 Best Val Acc 0.832 Best Fold Val Acc  0.832 Best Fold Val Loss 0.387
INFO:__main__:Model # Parameters 15298
INFO:__main__:MS 2/4 Epoch 383 Val loss 0.421 Val acc 0.802 Best Val Loss 0.423 Best Val Acc 0.851 Best Fold Val Acc  0.851 Best Fold Val Loss 0.387
INFO:__main__:Model # Parameters 59266
INFO:__main__:MS 3/4 Epoch 287 Val loss 0.944 Val acc 0.733 Best Val Loss 0.388 Best Val Acc 0.832 Best Fold Val Acc  0.851 Best Fold Val Loss 0.387
INFO:__main__:Model # Parameters 15298
INFO:__main__:MS 4/4 Epoch 444 Val loss 2.085 Val acc 0.663 Best Val Loss 0.45 Best Val Acc 0.842 Best Fold Val Acc  0.851 Best Fold Val Loss 0.387
INFO:__main__:Winner of Model Selection | hidden dim: 32 | dropout 0.5
INFO:__main__:Winner Best Val Accuracy 0.85149
INFO:__main__:Test 1/3 Epoch 469 Val loss 0.748 Val acc 0.772 Best Val Loss 0.418 Best Val Acc 0.851
INFO:__main__:Test 2/3 Epoch 322 Val loss 0.499 Val acc 0.733 Best Val Loss 0.454 Best Val Acc 0.861
INFO:__main__:Test 3/3 Epoch 271 Val loss 0.59 Val acc 0.812 Best Val Loss 0.537 Best Val Acc 0.842
INFO:__main__:Avg test acc 0.676, Agv test acc std 0.011
INFO:__main__:Cross-val iter:2 | Current average test accuracy across folds 0.73512
INFO:__main__:

INFO:__main__:------------------------------ITERATION 3------------------------------
INFO:__main__:Model # Parameters 59266
INFO:__main__:MS 1/4 Epoch 351 Val loss 1.115 Val acc 0.673 Best Val Loss 0.586 Best Val Acc 0.812 Best Fold Val Acc  0.812 Best Fold Val Loss 0.533
INFO:__main__:Model # Parameters 15298
INFO:__main__:MS 2/4 Epoch 437 Val loss 0.683 Val acc 0.723 Best Val Loss 0.561 Best Val Acc 0.792 Best Fold Val Acc  0.812 Best Fold Val Loss 0.530
INFO:__main__:Model # Parameters 59266
INFO:__main__:MS 3/4 Epoch 285 Val loss 1.187 Val acc 0.713 Best Val Loss 0.542 Best Val Acc 0.802 Best Fold Val Acc  0.812 Best Fold Val Loss 0.529
INFO:__main__:Model # Parameters 15298
INFO:__main__:MS 4/4 Epoch 408 Val loss 1.017 Val acc 0.733 Best Val Loss 0.691 Best Val Acc 0.802 Best Fold Val Acc  0.812 Best Fold Val Loss 0.529
INFO:__main__:Winner of Model Selection | hidden dim: 64 | dropout 0.5
INFO:__main__:Winner Best Val Accuracy 0.81188
INFO:__main__:Test 1/3 Epoch 295 Val loss 0.84 Val acc 0.713 Best Val Loss 0.538 Best Val Acc 0.802
INFO:__main__:Test 2/3 Epoch 500 Val loss 1.467 Val acc 0.713 Best Val Loss 0.865 Best Val Acc 0.822
INFO:__main__:Test 3/3 Epoch 383 Val loss 0.807 Val acc 0.723 Best Val Loss 0.631 Best Val Acc 0.792
INFO:__main__:Avg test acc 0.744, Agv test acc std 0.022
INFO:__main__:Cross-val iter:3 | Current average test accuracy across folds 0.73810
INFO:__main__:

INFO:__main__:------------------------------ITERATION 4------------------------------
INFO:__main__:Model # Parameters 59266
INFO:__main__:MS 1/4 Epoch 353 Val loss 0.736 Val acc 0.772 Best Val Loss 0.492 Best Val Acc 0.822 Best Fold Val Acc  0.822 Best Fold Val Loss 0.471
INFO:__main__:Model # Parameters 15298
INFO:__main__:MS 2/4 Epoch 303 Val loss 0.575 Val acc 0.772 Best Val Loss 0.513 Best Val Acc 0.832 Best Fold Val Acc  0.832 Best Fold Val Loss 0.471
INFO:__main__:Model # Parameters 59266
INFO:__main__:MS 3/4 Epoch 500 Val loss 1.364 Val acc 0.782 Best Val Loss 0.934 Best Val Acc 0.812 Best Fold Val Acc  0.832 Best Fold Val Loss 0.471
INFO:__main__:Model # Parameters 15298
INFO:__main__:MS 4/4 Epoch 345 Val loss 1.001 Val acc 0.703 Best Val Loss 0.471 Best Val Acc 0.832 Best Fold Val Acc  0.832 Best Fold Val Loss 0.465
INFO:__main__:Winner of Model Selection | hidden dim: 32 | dropout 0.5
INFO:__main__:Winner Best Val Accuracy 0.83168
INFO:__main__:Test 1/3 Epoch 483 Val loss 0.608 Val acc 0.723 Best Val Loss 0.456 Best Val Acc 0.832
INFO:__main__:Test 2/3 Epoch 476 Val loss 0.896 Val acc 0.733 Best Val Loss 0.489 Best Val Acc 0.832
INFO:__main__:Test 3/3 Epoch 360 Val loss 0.721 Val acc 0.723 Best Val Loss 0.449 Best Val Acc 0.832
INFO:__main__:Avg test acc 0.787, Agv test acc std 0.022
INFO:__main__:Cross-val iter:4 | Current average test accuracy across folds 0.75027
INFO:__main__:

INFO:__main__:------------------------------ITERATION 5------------------------------
INFO:__main__:Model # Parameters 59266
INFO:__main__:MS 1/4 Epoch 377 Val loss 1.848 Val acc 0.663 Best Val Loss 0.58 Best Val Acc 0.802 Best Fold Val Acc  0.802 Best Fold Val Loss 0.519
INFO:__main__:Model # Parameters 15298
INFO:__main__:MS 2/4 Epoch 432 Val loss 0.843 Val acc 0.663 Best Val Loss 0.563 Best Val Acc 0.832 Best Fold Val Acc  0.832 Best Fold Val Loss 0.519
INFO:__main__:Model # Parameters 59266
INFO:__main__:MS 3/4 Epoch 324 Val loss 1.88 Val acc 0.723 Best Val Loss 0.631 Best Val Acc 0.861 Best Fold Val Acc  0.861 Best Fold Val Loss 0.498
INFO:__main__:Model # Parameters 15298
INFO:__main__:MS 4/4 Epoch 299 Val loss 1.538 Val acc 0.693 Best Val Loss 0.464 Best Val Acc 0.871 Best Fold Val Acc  0.871 Best Fold Val Loss 0.464
INFO:__main__:Winner of Model Selection | hidden dim: 32 | dropout 0
INFO:__main__:Winner Best Val Accuracy 0.87129
INFO:__main__:Test 1/3 Epoch 278 Val loss 0.868 Val acc 0.752 Best Val Loss 0.492 Best Val Acc 0.832
INFO:__main__:Test 2/3 Epoch 329 Val loss 1.649 Val acc 0.723 Best Val Loss 0.642 Best Val Acc 0.842
INFO:__main__:Test 3/3 Epoch 304 Val loss 1.461 Val acc 0.723 Best Val Loss 0.604 Best Val Acc 0.851
INFO:__main__:Avg test acc 0.694, Agv test acc std 0.019
INFO:__main__:Cross-val iter:5 | Current average test accuracy across folds 0.73895
INFO:__main__:

INFO:__main__:------------------------------ITERATION 6------------------------------
INFO:__main__:Model # Parameters 59266
INFO:__main__:MS 1/4 Epoch 450 Val loss 1.852 Val acc 0.663 Best Val Loss 0.69 Best Val Acc 0.772 Best Fold Val Acc  0.772 Best Fold Val Loss 0.687
INFO:__main__:Model # Parameters 15298
INFO:__main__:MS 2/4 Epoch 402 Val loss 0.913 Val acc 0.644 Best Val Loss 0.606 Best Val Acc 0.762 Best Fold Val Acc  0.772 Best Fold Val Loss 0.606
INFO:__main__:Model # Parameters 59266
INFO:__main__:MS 3/4 Epoch 342 Val loss 2.036 Val acc 0.663 Best Val Loss 0.517 Best Val Acc 0.782 Best Fold Val Acc  0.782 Best Fold Val Loss 0.517
INFO:__main__:Model # Parameters 15298
INFO:__main__:MS 4/4 Epoch 420 Val loss 5.24 Val acc 0.663 Best Val Loss 0.769 Best Val Acc 0.792 Best Fold Val Acc  0.792 Best Fold Val Loss 0.517
INFO:__main__:Winner of Model Selection | hidden dim: 32 | dropout 0
INFO:__main__:Winner Best Val Accuracy 0.79208
INFO:__main__:Test 1/3 Epoch 294 Val loss 1.196 Val acc 0.663 Best Val Loss 1.038 Best Val Acc 0.782
INFO:__main__:Test 2/3 Epoch 372 Val loss 1.072 Val acc 0.733 Best Val Loss 1.156 Best Val Acc 0.792
INFO:__main__:Test 3/3 Epoch 486 Val loss 1.932 Val acc 0.673 Best Val Loss 0.914 Best Val Acc 0.782
INFO:__main__:Avg test acc 0.700, Agv test acc std 0.011
INFO:__main__:Cross-val iter:6 | Current average test accuracy across folds 0.73241
INFO:__main__:

INFO:__main__:------------------------------ITERATION 7------------------------------
INFO:__main__:Model # Parameters 59266
INFO:__main__:MS 1/4 Epoch 276 Val loss 0.928 Val acc 0.663 Best Val Loss 0.593 Best Val Acc 0.762 Best Fold Val Acc  0.762 Best Fold Val Loss 0.593
INFO:__main__:Model # Parameters 15298
INFO:__main__:MS 2/4 Epoch 309 Val loss 1.108 Val acc 0.614 Best Val Loss 0.581 Best Val Acc 0.752 Best Fold Val Acc  0.762 Best Fold Val Loss 0.578
INFO:__main__:Model # Parameters 59266
INFO:__main__:MS 3/4 Epoch 332 Val loss 2.052 Val acc 0.624 Best Val Loss 0.676 Best Val Acc 0.733 Best Fold Val Acc  0.762 Best Fold Val Loss 0.578
INFO:__main__:Model # Parameters 15298
INFO:__main__:MS 4/4 Epoch 290 Val loss 0.961 Val acc 0.663 Best Val Loss 0.634 Best Val Acc 0.733 Best Fold Val Acc  0.762 Best Fold Val Loss 0.578
INFO:__main__:Winner of Model Selection | hidden dim: 64 | dropout 0.5
INFO:__main__:Winner Best Val Accuracy 0.76238
INFO:__main__:Test 1/3 Epoch 377 Val loss 1.478 Val acc 0.644 Best Val Loss 0.56 Best Val Acc 0.743
INFO:__main__:Test 2/3 Epoch 313 Val loss 1.243 Val acc 0.614 Best Val Loss 0.562 Best Val Acc 0.762
INFO:__main__:Test 3/3 Epoch 309 Val loss 1.465 Val acc 0.604 Best Val Loss 0.567 Best Val Acc 0.762
INFO:__main__:Avg test acc 0.700, Agv test acc std 0.019
INFO:__main__:Cross-val iter:7 | Current average test accuracy across folds 0.72774
INFO:__main__:

INFO:__main__:------------------------------ITERATION 8------------------------------
INFO:__main__:Model # Parameters 59266
INFO:__main__:MS 1/4 Epoch 500 Val loss 1.534 Val acc 0.703 Best Val Loss 0.576 Best Val Acc 0.842 Best Fold Val Acc  0.842 Best Fold Val Loss 0.434
INFO:__main__:Model # Parameters 15298
INFO:__main__:MS 2/4 Epoch 367 Val loss 0.579 Val acc 0.743 Best Val Loss 0.585 Best Val Acc 0.802 Best Fold Val Acc  0.842 Best Fold Val Loss 0.434
INFO:__main__:Model # Parameters 59266
INFO:__main__:MS 3/4 Epoch 301 Val loss 1.109 Val acc 0.752 Best Val Loss 0.508 Best Val Acc 0.812 Best Fold Val Acc  0.842 Best Fold Val Loss 0.434
INFO:__main__:Model # Parameters 15298
INFO:__main__:MS 4/4 Epoch 351 Val loss 1.011 Val acc 0.772 Best Val Loss 0.579 Best Val Acc 0.822 Best Fold Val Acc  0.842 Best Fold Val Loss 0.434
INFO:__main__:Winner of Model Selection | hidden dim: 64 | dropout 0.5
INFO:__main__:Winner Best Val Accuracy 0.84158
INFO:__main__:Test 1/3 Epoch 432 Val loss 0.874 Val acc 0.703 Best Val Loss 0.508 Best Val Acc 0.812
INFO:__main__:Test 2/3 Epoch 500 Val loss 0.997 Val acc 0.723 Best Val Loss 0.409 Best Val Acc 0.822
INFO:__main__:Test 3/3 Epoch 500 Val loss 1.206 Val acc 0.782 Best Val Loss 0.879 Best Val Acc 0.822
INFO:__main__:Avg test acc 0.703, Agv test acc std 0.013
INFO:__main__:Cross-val iter:8 | Current average test accuracy across folds 0.72461
INFO:__main__:

INFO:__main__:------------------------------ITERATION 9------------------------------
INFO:__main__:Model # Parameters 59266
INFO:__main__:MS 1/4 Epoch 266 Val loss 0.729 Val acc 0.703 Best Val Loss 0.536 Best Val Acc 0.832 Best Fold Val Acc  0.832 Best Fold Val Loss 0.514
INFO:__main__:Model # Parameters 15298
INFO:__main__:MS 2/4 Epoch 415 Val loss 0.67 Val acc 0.693 Best Val Loss 0.512 Best Val Acc 0.802 Best Fold Val Acc  0.832 Best Fold Val Loss 0.490
INFO:__main__:Model # Parameters 59266
INFO:__main__:MS 3/4 Epoch 289 Val loss 1.618 Val acc 0.703 Best Val Loss 0.478 Best Val Acc 0.822 Best Fold Val Acc  0.832 Best Fold Val Loss 0.478
INFO:__main__:Model # Parameters 15298
INFO:__main__:MS 4/4 Epoch 257 Val loss 1.135 Val acc 0.743 Best Val Loss 0.545 Best Val Acc 0.812 Best Fold Val Acc  0.832 Best Fold Val Loss 0.478
INFO:__main__:Winner of Model Selection | hidden dim: 64 | dropout 0.5
INFO:__main__:Winner Best Val Accuracy 0.83168
INFO:__main__:Test 1/3 Epoch 265 Val loss 0.793 Val acc 0.723 Best Val Loss 0.52 Best Val Acc 0.822
INFO:__main__:Test 2/3 Epoch 281 Val loss 0.991 Val acc 0.683 Best Val Loss 0.488 Best Val Acc 0.812
INFO:__main__:Test 3/3 Epoch 303 Val loss 1.012 Val acc 0.693 Best Val Loss 0.484 Best Val Acc 0.792
INFO:__main__:Avg test acc 0.757, Agv test acc std 0.019
INFO:__main__:Cross-val iter:9 | Current average test accuracy across folds 0.72818
INFO:__main__:

INFO:__main__:------------------------------ITERATION 10------------------------------
INFO:__main__:Model # Parameters 59266
INFO:__main__:MS 1/4 Epoch 500 Val loss 1.765 Val acc 0.673 Best Val Loss 1.203 Best Val Acc 0.762 Best Fold Val Acc  0.762 Best Fold Val Loss 0.555
INFO:__main__:Model # Parameters 15298
INFO:__main__:MS 2/4 Epoch 394 Val loss 1.438 Val acc 0.713 Best Val Loss 0.778 Best Val Acc 0.723 Best Fold Val Acc  0.762 Best Fold Val Loss 0.547
INFO:__main__:Model # Parameters 59266
INFO:__main__:MS 3/4 Epoch 490 Val loss 2.315 Val acc 0.683 Best Val Loss 1.373 Best Val Acc 0.752 Best Fold Val Acc  0.762 Best Fold Val Loss 0.547
INFO:__main__:Model # Parameters 15298
INFO:__main__:MS 4/4 Epoch 328 Val loss 1.816 Val acc 0.614 Best Val Loss 0.764 Best Val Acc 0.743 Best Fold Val Acc  0.762 Best Fold Val Loss 0.547
INFO:__main__:Winner of Model Selection | hidden dim: 64 | dropout 0.5
INFO:__main__:Winner Best Val Accuracy 0.76238
INFO:__main__:Test 1/3 Epoch 263 Val loss 1.196 Val acc 0.703 Best Val Loss 0.547 Best Val Acc 0.772
INFO:__main__:Test 2/3 Epoch 403 Val loss 1.893 Val acc 0.634 Best Val Loss 0.766 Best Val Acc 0.743
INFO:__main__:Test 3/3 Epoch 368 Val loss 2.576 Val acc 0.673 Best Val Loss 0.709 Best Val Acc 0.743
INFO:__main__:Avg test acc 0.760, Agv test acc std 0.021
INFO:__main__:Cross-val iter:10 | Current average test accuracy across folds 0.73134
INFO:__main__:

INFO:__main__:AVERAGE TEST ACC ACROSS FOLDS 0.73134
INFO:__main__:STD ACROSS FOLDS 0.04005472578369004
