INFO:__main__:------------------------------ITERATION 1------------------------------
INFO:__main__:Model # Parameters 42370
INFO:__main__:MS 1/4 Epoch 279 Val loss 0.554 Val acc 0.713 Best Val Loss 0.65 Best Val Acc 0.772 Best Fold Val Acc  0.772 Best Fold Val Loss 0.562
INFO:__main__:Model # Parameters 10946
INFO:__main__:MS 2/4 Epoch 500 Val loss 0.532 Val acc 0.762 Best Val Loss 0.519 Best Val Acc 0.772 Best Fold Val Acc  0.772 Best Fold Val Loss 0.519
INFO:__main__:Model # Parameters 42370
INFO:__main__:MS 3/4 Epoch 319 Val loss 0.588 Val acc 0.703 Best Val Loss 0.599 Best Val Acc 0.762 Best Fold Val Acc  0.772 Best Fold Val Loss 0.519
INFO:__main__:Model # Parameters 10946
INFO:__main__:MS 4/4 Epoch 268 Val loss 0.581 Val acc 0.723 Best Val Loss 0.638 Best Val Acc 0.772 Best Fold Val Acc  0.772 Best Fold Val Loss 0.519
INFO:__main__:Winner of Model Selection | hidden dim: 64 | dropout 0.5
INFO:__main__:Winner Best Val Accuracy 0.77228
INFO:__main__:Test 1/3 Epoch 500 Val loss 0.637 Val acc 0.683 Best Val Loss 0.595 Best Val Acc 0.762
INFO:__main__:Test 2/3 Epoch 385 Val loss 0.581 Val acc 0.703 Best Val Loss 0.567 Best Val Acc 0.752
INFO:__main__:Test 3/3 Epoch 303 Val loss 0.575 Val acc 0.673 Best Val Loss 0.58 Best Val Acc 0.772
INFO:__main__:Avg test acc 0.756, Agv test acc std 0.008
INFO:__main__:Cross-val iter:1 | Current average test accuracy across folds 0.75595
INFO:__main__:

INFO:__main__:------------------------------ITERATION 2------------------------------
INFO:__main__:Model # Parameters 42370
INFO:__main__:MS 1/4 Epoch 500 Val loss 0.382 Val acc 0.832 Best Val Loss 0.407 Best Val Acc 0.851 Best Fold Val Acc  0.851 Best Fold Val Loss 0.380
INFO:__main__:Model # Parameters 10946
INFO:__main__:MS 2/4 Epoch 500 Val loss 0.422 Val acc 0.772 Best Val Loss 0.425 Best Val Acc 0.842 Best Fold Val Acc  0.851 Best Fold Val Loss 0.380
INFO:__main__:Model # Parameters 42370
INFO:__main__:MS 3/4 Epoch 500 Val loss 0.391 Val acc 0.802 Best Val Loss 0.375 Best Val Acc 0.861 Best Fold Val Acc  0.861 Best Fold Val Loss 0.375
INFO:__main__:Model # Parameters 10946
INFO:__main__:MS 4/4 Epoch 374 Val loss 0.403 Val acc 0.812 Best Val Loss 0.426 Best Val Acc 0.871 Best Fold Val Acc  0.871 Best Fold Val Loss 0.375
INFO:__main__:Winner of Model Selection | hidden dim: 32 | dropout 0
INFO:__main__:Winner Best Val Accuracy 0.87129
INFO:__main__:Test 1/3 Epoch 500 Val loss 0.442 Val acc 0.782 Best Val Loss 0.362 Best Val Acc 0.851
INFO:__main__:Test 2/3 Epoch 500 Val loss 0.479 Val acc 0.752 Best Val Loss 0.369 Best Val Acc 0.861
INFO:__main__:Test 3/3 Epoch 295 Val loss 0.452 Val acc 0.782 Best Val Loss 0.399 Best Val Acc 0.861
INFO:__main__:Avg test acc 0.705, Agv test acc std 0.015
INFO:__main__:Cross-val iter:2 | Current average test accuracy across folds 0.73065
INFO:__main__:

INFO:__main__:------------------------------ITERATION 3------------------------------
INFO:__main__:Model # Parameters 42370
INFO:__main__:MS 1/4 Epoch 500 Val loss 0.567 Val acc 0.772 Best Val Loss 0.546 Best Val Acc 0.812 Best Fold Val Acc  0.812 Best Fold Val Loss 0.514
INFO:__main__:Model # Parameters 10946
INFO:__main__:MS 2/4 Epoch 475 Val loss 0.51 Val acc 0.772 Best Val Loss 0.53 Best Val Acc 0.812 Best Fold Val Acc  0.812 Best Fold Val Loss 0.514
INFO:__main__:Model # Parameters 42370
INFO:__main__:MS 3/4 Epoch 287 Val loss 0.697 Val acc 0.713 Best Val Loss 0.522 Best Val Acc 0.812 Best Fold Val Acc  0.812 Best Fold Val Loss 0.514
INFO:__main__:Model # Parameters 10946
INFO:__main__:MS 4/4 Epoch 280 Val loss 0.603 Val acc 0.762 Best Val Loss 0.597 Best Val Acc 0.822 Best Fold Val Acc  0.822 Best Fold Val Loss 0.514
INFO:__main__:Winner of Model Selection | hidden dim: 32 | dropout 0
INFO:__main__:Winner Best Val Accuracy 0.82178
INFO:__main__:Test 1/3 Epoch 394 Val loss 0.67 Val acc 0.733 Best Val Loss 0.519 Best Val Acc 0.802
INFO:__main__:Test 2/3 Epoch 440 Val loss 0.624 Val acc 0.723 Best Val Loss 0.531 Best Val Acc 0.812
INFO:__main__:Test 3/3 Epoch 302 Val loss 0.583 Val acc 0.772 Best Val Loss 0.53 Best Val Acc 0.812
INFO:__main__:Avg test acc 0.786, Agv test acc std 0.015
INFO:__main__:Cross-val iter:3 | Current average test accuracy across folds 0.74901
INFO:__main__:

INFO:__main__:------------------------------ITERATION 4------------------------------
INFO:__main__:Model # Parameters 42370
INFO:__main__:MS 1/4 Epoch 500 Val loss 0.45 Val acc 0.822 Best Val Loss 0.448 Best Val Acc 0.842 Best Fold Val Acc  0.842 Best Fold Val Loss 0.448
INFO:__main__:Model # Parameters 10946
INFO:__main__:MS 2/4 Epoch 456 Val loss 0.459 Val acc 0.772 Best Val Loss 0.45 Best Val Acc 0.861 Best Fold Val Acc  0.861 Best Fold Val Loss 0.448
INFO:__main__:Model # Parameters 42370
INFO:__main__:MS 3/4 Epoch 276 Val loss 0.488 Val acc 0.812 Best Val Loss 0.477 Best Val Acc 0.851 Best Fold Val Acc  0.861 Best Fold Val Loss 0.448
INFO:__main__:Model # Parameters 10946
INFO:__main__:MS 4/4 Epoch 433 Val loss 0.443 Val acc 0.822 Best Val Loss 0.438 Best Val Acc 0.842 Best Fold Val Acc  0.861 Best Fold Val Loss 0.438
INFO:__main__:Winner of Model Selection | hidden dim: 32 | dropout 0.5
INFO:__main__:Winner Best Val Accuracy 0.86139
INFO:__main__:Test 1/3 Epoch 500 Val loss 0.451 Val acc 0.832 Best Val Loss 0.46 Best Val Acc 0.851
INFO:__main__:Test 2/3 Epoch 500 Val loss 0.463 Val acc 0.822 Best Val Loss 0.438 Best Val Acc 0.851
INFO:__main__:Test 3/3 Epoch 500 Val loss 0.444 Val acc 0.802 Best Val Loss 0.462 Best Val Acc 0.861
INFO:__main__:Avg test acc 0.763, Agv test acc std 0.008
INFO:__main__:Cross-val iter:4 | Current average test accuracy across folds 0.75245
INFO:__main__:

INFO:__main__:------------------------------ITERATION 5------------------------------
INFO:__main__:Model # Parameters 42370
INFO:__main__:MS 1/4 Epoch 386 Val loss 0.599 Val acc 0.752 Best Val Loss 0.532 Best Val Acc 0.812 Best Fold Val Acc  0.812 Best Fold Val Loss 0.526
INFO:__main__:Model # Parameters 10946
INFO:__main__:MS 2/4 Epoch 500 Val loss 0.554 Val acc 0.782 Best Val Loss 0.528 Best Val Acc 0.812 Best Fold Val Acc  0.812 Best Fold Val Loss 0.508
INFO:__main__:Model # Parameters 42370
INFO:__main__:MS 3/4 Epoch 314 Val loss 0.628 Val acc 0.743 Best Val Loss 0.523 Best Val Acc 0.822 Best Fold Val Acc  0.822 Best Fold Val Loss 0.478
INFO:__main__:Model # Parameters 10946
INFO:__main__:MS 4/4 Epoch 455 Val loss 0.533 Val acc 0.772 Best Val Loss 0.51 Best Val Acc 0.832 Best Fold Val Acc  0.832 Best Fold Val Loss 0.466
INFO:__main__:Winner of Model Selection | hidden dim: 32 | dropout 0
INFO:__main__:Winner Best Val Accuracy 0.83168
INFO:__main__:Test 1/3 Epoch 363 Val loss 0.641 Val acc 0.812 Best Val Loss 0.494 Best Val Acc 0.832
INFO:__main__:Test 2/3 Epoch 500 Val loss 0.702 Val acc 0.782 Best Val Loss 0.598 Best Val Acc 0.832
INFO:__main__:Test 3/3 Epoch 498 Val loss 0.685 Val acc 0.752 Best Val Loss 0.576 Best Val Acc 0.832
INFO:__main__:Avg test acc 0.700, Agv test acc std 0.008
INFO:__main__:Cross-val iter:5 | Current average test accuracy across folds 0.74190
INFO:__main__:

INFO:__main__:------------------------------ITERATION 6------------------------------
INFO:__main__:Model # Parameters 42370
INFO:__main__:MS 1/4 Epoch 378 Val loss 0.693 Val acc 0.693 Best Val Loss 0.587 Best Val Acc 0.743 Best Fold Val Acc  0.743 Best Fold Val Loss 0.551
INFO:__main__:Model # Parameters 10946
INFO:__main__:MS 2/4 Epoch 265 Val loss 0.678 Val acc 0.673 Best Val Loss 0.535 Best Val Acc 0.743 Best Fold Val Acc  0.743 Best Fold Val Loss 0.535
INFO:__main__:Model # Parameters 42370
INFO:__main__:MS 3/4 Epoch 292 Val loss 0.605 Val acc 0.733 Best Val Loss 0.62 Best Val Acc 0.762 Best Fold Val Acc  0.762 Best Fold Val Loss 0.535
INFO:__main__:Model # Parameters 10946
INFO:__main__:MS 4/4 Epoch 367 Val loss 0.729 Val acc 0.733 Best Val Loss 0.593 Best Val Acc 0.762 Best Fold Val Acc  0.762 Best Fold Val Loss 0.535
INFO:__main__:Winner of Model Selection | hidden dim: 64 | dropout 0
INFO:__main__:Winner Best Val Accuracy 0.76238
INFO:__main__:Test 1/3 Epoch 500 Val loss 0.773 Val acc 0.723 Best Val Loss 0.664 Best Val Acc 0.772
INFO:__main__:Test 2/3 Epoch 310 Val loss 0.72 Val acc 0.693 Best Val Loss 0.596 Best Val Acc 0.762
INFO:__main__:Test 3/3 Epoch 500 Val loss 0.826 Val acc 0.683 Best Val Loss 0.672 Best Val Acc 0.772
INFO:__main__:Avg test acc 0.730, Agv test acc std 0.007
INFO:__main__:Cross-val iter:6 | Current average test accuracy across folds 0.73987
INFO:__main__:

INFO:__main__:------------------------------ITERATION 7------------------------------
INFO:__main__:Model # Parameters 42370
INFO:__main__:MS 1/4 Epoch 500 Val loss 0.655 Val acc 0.663 Best Val Loss 0.68 Best Val Acc 0.743 Best Fold Val Acc  0.743 Best Fold Val Loss 0.594
INFO:__main__:Model # Parameters 10946
INFO:__main__:MS 2/4 Epoch 393 Val loss 0.699 Val acc 0.693 Best Val Loss 0.591 Best Val Acc 0.752 Best Fold Val Acc  0.752 Best Fold Val Loss 0.591
INFO:__main__:Model # Parameters 42370
INFO:__main__:MS 3/4 Epoch 500 Val loss 0.743 Val acc 0.703 Best Val Loss 0.703 Best Val Acc 0.743 Best Fold Val Acc  0.752 Best Fold Val Loss 0.591
INFO:__main__:Model # Parameters 10946
INFO:__main__:MS 4/4 Epoch 416 Val loss 0.709 Val acc 0.673 Best Val Loss 0.649 Best Val Acc 0.733 Best Fold Val Acc  0.752 Best Fold Val Loss 0.591
INFO:__main__:Winner of Model Selection | hidden dim: 32 | dropout 0.5
INFO:__main__:Winner Best Val Accuracy 0.75248
INFO:__main__:Test 1/3 Epoch 497 Val loss 0.659 Val acc 0.673 Best Val Loss 0.62 Best Val Acc 0.752
INFO:__main__:Test 2/3 Epoch 440 Val loss 0.709 Val acc 0.703 Best Val Loss 0.605 Best Val Acc 0.752
INFO:__main__:Test 3/3 Epoch 417 Val loss 0.629 Val acc 0.693 Best Val Loss 0.661 Best Val Acc 0.743
INFO:__main__:Avg test acc 0.700, Agv test acc std 0.015
INFO:__main__:Cross-val iter:7 | Current average test accuracy across folds 0.73413
INFO:__main__:

INFO:__main__:------------------------------ITERATION 8------------------------------
INFO:__main__:Model # Parameters 42370
INFO:__main__:MS 1/4 Epoch 392 Val loss 0.489 Val acc 0.752 Best Val Loss 0.506 Best Val Acc 0.802 Best Fold Val Acc  0.802 Best Fold Val Loss 0.475
INFO:__main__:Model # Parameters 10946
INFO:__main__:MS 2/4 Epoch 373 Val loss 0.478 Val acc 0.772 Best Val Loss 0.501 Best Val Acc 0.802 Best Fold Val Acc  0.802 Best Fold Val Loss 0.475
INFO:__main__:Model # Parameters 42370
INFO:__main__:MS 3/4 Epoch 388 Val loss 0.584 Val acc 0.713 Best Val Loss 0.496 Best Val Acc 0.792 Best Fold Val Acc  0.802 Best Fold Val Loss 0.475
INFO:__main__:Model # Parameters 10946
INFO:__main__:MS 4/4 Epoch 500 Val loss 0.641 Val acc 0.762 Best Val Loss 0.519 Best Val Acc 0.792 Best Fold Val Acc  0.802 Best Fold Val Loss 0.475
INFO:__main__:Winner of Model Selection | hidden dim: 64 | dropout 0.5
INFO:__main__:Winner Best Val Accuracy 0.80198
INFO:__main__:Test 1/3 Epoch 361 Val loss 0.496 Val acc 0.752 Best Val Loss 0.485 Best Val Acc 0.802
INFO:__main__:Test 2/3 Epoch 340 Val loss 0.503 Val acc 0.733 Best Val Loss 0.514 Best Val Acc 0.802
INFO:__main__:Test 3/3 Epoch 308 Val loss 0.506 Val acc 0.762 Best Val Loss 0.492 Best Val Acc 0.812
INFO:__main__:Avg test acc 0.793, Agv test acc std 0.022
INFO:__main__:Cross-val iter:8 | Current average test accuracy across folds 0.74146
INFO:__main__:

INFO:__main__:------------------------------ITERATION 9------------------------------
INFO:__main__:Model # Parameters 42370
INFO:__main__:MS 1/4 Epoch 294 Val loss 0.526 Val acc 0.762 Best Val Loss 0.461 Best Val Acc 0.822 Best Fold Val Acc  0.822 Best Fold Val Loss 0.461
INFO:__main__:Model # Parameters 10946
INFO:__main__:MS 2/4 Epoch 356 Val loss 0.515 Val acc 0.762 Best Val Loss 0.482 Best Val Acc 0.832 Best Fold Val Acc  0.832 Best Fold Val Loss 0.461
INFO:__main__:Model # Parameters 42370
INFO:__main__:MS 3/4 Epoch 273 Val loss 0.483 Val acc 0.752 Best Val Loss 0.444 Best Val Acc 0.812 Best Fold Val Acc  0.832 Best Fold Val Loss 0.439
INFO:__main__:Model # Parameters 10946
INFO:__main__:MS 4/4 Epoch 278 Val loss 0.545 Val acc 0.733 Best Val Loss 0.475 Best Val Acc 0.802 Best Fold Val Acc  0.832 Best Fold Val Loss 0.439
INFO:__main__:Winner of Model Selection | hidden dim: 32 | dropout 0.5
INFO:__main__:Winner Best Val Accuracy 0.83168
INFO:__main__:Test 1/3 Epoch 500 Val loss 0.683 Val acc 0.752 Best Val Loss 0.561 Best Val Acc 0.822
INFO:__main__:Test 2/3 Epoch 272 Val loss 0.501 Val acc 0.782 Best Val Loss 0.514 Best Val Acc 0.812
INFO:__main__:Test 3/3 Epoch 280 Val loss 0.51 Val acc 0.782 Best Val Loss 0.506 Best Val Acc 0.822
INFO:__main__:Avg test acc 0.775, Agv test acc std 0.038
INFO:__main__:Cross-val iter:9 | Current average test accuracy across folds 0.74516
INFO:__main__:

INFO:__main__:------------------------------ITERATION 10------------------------------
INFO:__main__:Model # Parameters 42370
INFO:__main__:MS 1/4 Epoch 264 Val loss 0.606 Val acc 0.703 Best Val Loss 0.58 Best Val Acc 0.752 Best Fold Val Acc  0.752 Best Fold Val Loss 0.572
INFO:__main__:Model # Parameters 10946
INFO:__main__:MS 2/4 Epoch 282 Val loss 0.581 Val acc 0.683 Best Val Loss 0.553 Best Val Acc 0.743 Best Fold Val Acc  0.752 Best Fold Val Loss 0.543
INFO:__main__:Model # Parameters 42370
INFO:__main__:MS 3/4 Epoch 327 Val loss 0.826 Val acc 0.683 Best Val Loss 0.559 Best Val Acc 0.733 Best Fold Val Acc  0.752 Best Fold Val Loss 0.527
INFO:__main__:Model # Parameters 10946
INFO:__main__:MS 4/4 Epoch 303 Val loss 0.622 Val acc 0.693 Best Val Loss 0.533 Best Val Acc 0.733 Best Fold Val Acc  0.752 Best Fold Val Loss 0.527
INFO:__main__:Winner of Model Selection | hidden dim: 64 | dropout 0.5
INFO:__main__:Winner Best Val Accuracy 0.75248
INFO:__main__:Test 1/3 Epoch 500 Val loss 0.681 Val acc 0.693 Best Val Loss 0.518 Best Val Acc 0.733
INFO:__main__:Test 2/3 Epoch 268 Val loss 0.581 Val acc 0.693 Best Val Loss 0.566 Best Val Acc 0.743
INFO:__main__:Test 3/3 Epoch 500 Val loss 0.544 Val acc 0.693 Best Val Loss 0.519 Best Val Acc 0.752
INFO:__main__:Avg test acc 0.814, Agv test acc std 0.037
INFO:__main__:Cross-val iter:10 | Current average test accuracy across folds 0.75203
INFO:__main__:

INFO:__main__:AVERAGE TEST ACC ACROSS FOLDS 0.75203
INFO:__main__:STD ACROSS FOLDS 0.03926061179392804
