INFO:__main__:------------------------------ITERATION 1------------------------------
INFO:__main__:Model # Parameters 42498
INFO:__main__:MS 1/4 Epoch 500 Val loss 0.887 Val acc 0.752 Best Val Loss 0.523 Best Val Acc 0.782 Best Fold Val Acc  0.782 Best Fold Val Loss 0.467
INFO:__main__:Model # Parameters 11010
INFO:__main__:MS 2/4 Epoch 500 Val loss 0.501 Val acc 0.733 Best Val Loss 0.719 Best Val Acc 0.772 Best Fold Val Acc  0.782 Best Fold Val Loss 0.467
INFO:__main__:Model # Parameters 42498
INFO:__main__:MS 3/4 Epoch 336 Val loss 1.028 Val acc 0.673 Best Val Loss 0.591 Best Val Acc 0.772 Best Fold Val Acc  0.782 Best Fold Val Loss 0.467
INFO:__main__:Model # Parameters 11010
INFO:__main__:MS 4/4 Epoch 306 Val loss 0.823 Val acc 0.703 Best Val Loss 0.524 Best Val Acc 0.772 Best Fold Val Acc  0.782 Best Fold Val Loss 0.467
INFO:__main__:Winner of Model Selection | hidden dim: 64 | dropout 0.5
INFO:__main__:Winner Best Val Accuracy 0.78218
INFO:__main__:Test 1/3 Epoch 277 Val loss 0.583 Val acc 0.723 Best Val Loss 0.578 Best Val Acc 0.772
INFO:__main__:Test 2/3 Epoch 500 Val loss 0.619 Val acc 0.723 Best Val Loss 0.502 Best Val Acc 0.772
INFO:__main__:Test 3/3 Epoch 272 Val loss 0.509 Val acc 0.733 Best Val Loss 0.574 Best Val Acc 0.782
INFO:__main__:Avg test acc 0.750, Agv test acc std 0.051
INFO:__main__:Cross-val iter:1 | Current average test accuracy across folds 0.75000
INFO:__main__:

INFO:__main__:------------------------------ITERATION 2------------------------------
INFO:__main__:Model # Parameters 42498
INFO:__main__:MS 1/4 Epoch 291 Val loss 0.561 Val acc 0.752 Best Val Loss 0.464 Best Val Acc 0.842 Best Fold Val Acc  0.842 Best Fold Val Loss 0.458
INFO:__main__:Model # Parameters 11010
INFO:__main__:MS 2/4 Epoch 500 Val loss 0.412 Val acc 0.802 Best Val Loss 0.427 Best Val Acc 0.842 Best Fold Val Acc  0.842 Best Fold Val Loss 0.380
INFO:__main__:Model # Parameters 42498
INFO:__main__:MS 3/4 Epoch 368 Val loss 1.094 Val acc 0.683 Best Val Loss 0.434 Best Val Acc 0.832 Best Fold Val Acc  0.842 Best Fold Val Loss 0.380
INFO:__main__:Model # Parameters 11010
INFO:__main__:MS 4/4 Epoch 486 Val loss 0.812 Val acc 0.772 Best Val Loss 0.58 Best Val Acc 0.842 Best Fold Val Acc  0.842 Best Fold Val Loss 0.380
INFO:__main__:Winner of Model Selection | hidden dim: 64 | dropout 0.5
INFO:__main__:Winner Best Val Accuracy 0.84158
INFO:__main__:Test 1/3 Epoch 436 Val loss 0.489 Val acc 0.762 Best Val Loss 0.395 Best Val Acc 0.822
INFO:__main__:Test 2/3 Epoch 439 Val loss 0.398 Val acc 0.782 Best Val Loss 0.417 Best Val Acc 0.832
INFO:__main__:Test 3/3 Epoch 392 Val loss 0.413 Val acc 0.782 Best Val Loss 0.422 Best Val Acc 0.842
INFO:__main__:Avg test acc 0.705, Agv test acc std 0.013
INFO:__main__:Cross-val iter:2 | Current average test accuracy across folds 0.72768
INFO:__main__:

INFO:__main__:------------------------------ITERATION 3------------------------------
INFO:__main__:Model # Parameters 42498
INFO:__main__:MS 1/4 Epoch 276 Val loss 0.573 Val acc 0.782 Best Val Loss 0.525 Best Val Acc 0.812 Best Fold Val Acc  0.812 Best Fold Val Loss 0.525
INFO:__main__:Model # Parameters 11010
INFO:__main__:MS 2/4 Epoch 500 Val loss 0.549 Val acc 0.743 Best Val Loss 0.576 Best Val Acc 0.802 Best Fold Val Acc  0.812 Best Fold Val Loss 0.512
INFO:__main__:Model # Parameters 42498
INFO:__main__:MS 3/4 Epoch 261 Val loss 1.607 Val acc 0.723 Best Val Loss 0.547 Best Val Acc 0.792 Best Fold Val Acc  0.812 Best Fold Val Loss 0.512
INFO:__main__:Model # Parameters 11010
INFO:__main__:MS 4/4 Epoch 311 Val loss 1.23 Val acc 0.683 Best Val Loss 0.575 Best Val Acc 0.782 Best Fold Val Acc  0.812 Best Fold Val Loss 0.512
INFO:__main__:Winner of Model Selection | hidden dim: 64 | dropout 0.5
INFO:__main__:Winner Best Val Accuracy 0.81188
INFO:__main__:Test 1/3 Epoch 500 Val loss 0.729 Val acc 0.762 Best Val Loss 0.53 Best Val Acc 0.802
INFO:__main__:Test 2/3 Epoch 293 Val loss 0.546 Val acc 0.762 Best Val Loss 0.523 Best Val Acc 0.792
INFO:__main__:Test 3/3 Epoch 500 Val loss 0.727 Val acc 0.782 Best Val Loss 0.699 Best Val Acc 0.812
INFO:__main__:Avg test acc 0.774, Agv test acc std 0.015
INFO:__main__:Cross-val iter:3 | Current average test accuracy across folds 0.74306
INFO:__main__:

INFO:__main__:------------------------------ITERATION 4------------------------------
INFO:__main__:Model # Parameters 42498
INFO:__main__:MS 1/4 Epoch 500 Val loss 0.613 Val acc 0.762 Best Val Loss 0.471 Best Val Acc 0.822 Best Fold Val Acc  0.822 Best Fold Val Loss 0.471
INFO:__main__:Model # Parameters 11010
INFO:__main__:MS 2/4 Epoch 319 Val loss 0.515 Val acc 0.752 Best Val Loss 0.531 Best Val Acc 0.822 Best Fold Val Acc  0.822 Best Fold Val Loss 0.471
INFO:__main__:Model # Parameters 42498
INFO:__main__:MS 3/4 Epoch 461 Val loss 1.183 Val acc 0.772 Best Val Loss 0.468 Best Val Acc 0.842 Best Fold Val Acc  0.842 Best Fold Val Loss 0.447
INFO:__main__:Model # Parameters 11010
INFO:__main__:MS 4/4 Epoch 278 Val loss 0.434 Val acc 0.802 Best Val Loss 0.499 Best Val Acc 0.851 Best Fold Val Acc  0.851 Best Fold Val Loss 0.447
INFO:__main__:Winner of Model Selection | hidden dim: 32 | dropout 0
INFO:__main__:Winner Best Val Accuracy 0.85149
INFO:__main__:Test 1/3 Epoch 279 Val loss 0.548 Val acc 0.762 Best Val Loss 0.469 Best Val Acc 0.842
INFO:__main__:Test 2/3 Epoch 358 Val loss 0.721 Val acc 0.733 Best Val Loss 0.447 Best Val Acc 0.842
INFO:__main__:Test 3/3 Epoch 306 Val loss 0.65 Val acc 0.723 Best Val Loss 0.457 Best Val Acc 0.842
INFO:__main__:Avg test acc 0.775, Agv test acc std 0.019
INFO:__main__:Cross-val iter:4 | Current average test accuracy across folds 0.75099
INFO:__main__:

INFO:__main__:------------------------------ITERATION 5------------------------------
INFO:__main__:Model # Parameters 42498
INFO:__main__:MS 1/4 Epoch 500 Val loss 1.348 Val acc 0.743 Best Val Loss 0.796 Best Val Acc 0.822 Best Fold Val Acc  0.822 Best Fold Val Loss 0.501
INFO:__main__:Model # Parameters 11010
INFO:__main__:MS 2/4 Epoch 500 Val loss 0.72 Val acc 0.792 Best Val Loss 0.669 Best Val Acc 0.832 Best Fold Val Acc  0.832 Best Fold Val Loss 0.474
INFO:__main__:Model # Parameters 42498
INFO:__main__:MS 3/4 Epoch 500 Val loss 2.306 Val acc 0.792 Best Val Loss 1.57 Best Val Acc 0.842 Best Fold Val Acc  0.842 Best Fold Val Loss 0.457
INFO:__main__:Model # Parameters 11010
INFO:__main__:MS 4/4 Epoch 402 Val loss 0.967 Val acc 0.772 Best Val Loss 0.463 Best Val Acc 0.842 Best Fold Val Acc  0.842 Best Fold Val Loss 0.457
INFO:__main__:Winner of Model Selection | hidden dim: 64 | dropout 0
INFO:__main__:Winner Best Val Accuracy 0.84158
INFO:__main__:Test 1/3 Epoch 423 Val loss 1.329 Val acc 0.752 Best Val Loss 0.528 Best Val Acc 0.832
INFO:__main__:Test 2/3 Epoch 305 Val loss 1.265 Val acc 0.723 Best Val Loss 0.584 Best Val Acc 0.832
INFO:__main__:Test 3/3 Epoch 499 Val loss 1.564 Val acc 0.723 Best Val Loss 0.862 Best Val Acc 0.832
INFO:__main__:Avg test acc 0.673, Agv test acc std 0.030
INFO:__main__:Cross-val iter:5 | Current average test accuracy across folds 0.73532
INFO:__main__:

INFO:__main__:------------------------------ITERATION 6------------------------------
INFO:__main__:Model # Parameters 42498
INFO:__main__:MS 1/4 Epoch 500 Val loss 1.496 Val acc 0.723 Best Val Loss 1.003 Best Val Acc 0.772 Best Fold Val Acc  0.772 Best Fold Val Loss 0.538
INFO:__main__:Model # Parameters 11010
INFO:__main__:MS 2/4 Epoch 500 Val loss 0.693 Val acc 0.693 Best Val Loss 0.626 Best Val Acc 0.752 Best Fold Val Acc  0.772 Best Fold Val Loss 0.538
INFO:__main__:Model # Parameters 42498
INFO:__main__:MS 3/4 Epoch 408 Val loss 2.284 Val acc 0.644 Best Val Loss 0.718 Best Val Acc 0.792 Best Fold Val Acc  0.792 Best Fold Val Loss 0.538
INFO:__main__:Model # Parameters 11010
INFO:__main__:MS 4/4 Epoch 490 Val loss 1.588 Val acc 0.713 Best Val Loss 0.913 Best Val Acc 0.792 Best Fold Val Acc  0.792 Best Fold Val Loss 0.538
INFO:__main__:Winner of Model Selection | hidden dim: 64 | dropout 0
INFO:__main__:Winner Best Val Accuracy 0.79208
INFO:__main__:Test 1/3 Epoch 349 Val loss 1.321 Val acc 0.713 Best Val Loss 0.555 Best Val Acc 0.772
INFO:__main__:Test 2/3 Epoch 373 Val loss 1.675 Val acc 0.673 Best Val Loss 0.777 Best Val Acc 0.772
INFO:__main__:Test 3/3 Epoch 500 Val loss 2.406 Val acc 0.723 Best Val Loss 0.748 Best Val Acc 0.772
INFO:__main__:Avg test acc 0.676, Agv test acc std 0.025
INFO:__main__:Cross-val iter:6 | Current average test accuracy across folds 0.72538
INFO:__main__:

INFO:__main__:------------------------------ITERATION 7------------------------------
INFO:__main__:Model # Parameters 42498
INFO:__main__:MS 1/4 Epoch 267 Val loss 0.722 Val acc 0.693 Best Val Loss 0.6 Best Val Acc 0.762 Best Fold Val Acc  0.762 Best Fold Val Loss 0.600
INFO:__main__:Model # Parameters 11010
INFO:__main__:MS 2/4 Epoch 298 Val loss 0.639 Val acc 0.733 Best Val Loss 0.592 Best Val Acc 0.762 Best Fold Val Acc  0.762 Best Fold Val Loss 0.592
INFO:__main__:Model # Parameters 42498
INFO:__main__:MS 3/4 Epoch 500 Val loss 1.968 Val acc 0.673 Best Val Loss 1.108 Best Val Acc 0.733 Best Fold Val Acc  0.762 Best Fold Val Loss 0.592
INFO:__main__:Model # Parameters 11010
INFO:__main__:MS 4/4 Epoch 333 Val loss 1.05 Val acc 0.604 Best Val Loss 0.636 Best Val Acc 0.743 Best Fold Val Acc  0.762 Best Fold Val Loss 0.592
INFO:__main__:Winner of Model Selection | hidden dim: 64 | dropout 0.5
INFO:__main__:Winner Best Val Accuracy 0.76238
INFO:__main__:Test 1/3 Epoch 287 Val loss 0.675 Val acc 0.644 Best Val Loss 0.586 Best Val Acc 0.743
INFO:__main__:Test 2/3 Epoch 338 Val loss 0.788 Val acc 0.644 Best Val Loss 0.668 Best Val Acc 0.743
INFO:__main__:Test 3/3 Epoch 307 Val loss 0.676 Val acc 0.673 Best Val Loss 0.602 Best Val Acc 0.752
INFO:__main__:Avg test acc 0.709, Agv test acc std 0.019
INFO:__main__:Cross-val iter:7 | Current average test accuracy across folds 0.72300
INFO:__main__:

INFO:__main__:------------------------------ITERATION 8------------------------------
INFO:__main__:Model # Parameters 42498
INFO:__main__:MS 1/4 Epoch 449 Val loss 0.596 Val acc 0.752 Best Val Loss 0.463 Best Val Acc 0.812 Best Fold Val Acc  0.812 Best Fold Val Loss 0.463
INFO:__main__:Model # Parameters 11010
INFO:__main__:MS 2/4 Epoch 500 Val loss 0.578 Val acc 0.743 Best Val Loss 0.523 Best Val Acc 0.792 Best Fold Val Acc  0.812 Best Fold Val Loss 0.463
INFO:__main__:Model # Parameters 42498
INFO:__main__:MS 3/4 Epoch 500 Val loss 1.371 Val acc 0.762 Best Val Loss 0.61 Best Val Acc 0.822 Best Fold Val Acc  0.822 Best Fold Val Loss 0.463
INFO:__main__:Model # Parameters 11010
INFO:__main__:MS 4/4 Epoch 500 Val loss 1.066 Val acc 0.752 Best Val Loss 0.64 Best Val Acc 0.822 Best Fold Val Acc  0.822 Best Fold Val Loss 0.463
INFO:__main__:Winner of Model Selection | hidden dim: 64 | dropout 0
INFO:__main__:Winner Best Val Accuracy 0.82178
INFO:__main__:Test 1/3 Epoch 500 Val loss 1.425 Val acc 0.772 Best Val Loss 0.91 Best Val Acc 0.822
INFO:__main__:Test 2/3 Epoch 333 Val loss 1.256 Val acc 0.762 Best Val Loss 0.47 Best Val Acc 0.822
INFO:__main__:Test 3/3 Epoch 500 Val loss 1.435 Val acc 0.743 Best Val Loss 0.989 Best Val Acc 0.812
INFO:__main__:Avg test acc 0.724, Agv test acc std 0.024
INFO:__main__:Cross-val iter:8 | Current average test accuracy across folds 0.72309
INFO:__main__:

INFO:__main__:------------------------------ITERATION 9------------------------------
INFO:__main__:Model # Parameters 42498
INFO:__main__:MS 1/4 Epoch 406 Val loss 0.658 Val acc 0.683 Best Val Loss 0.496 Best Val Acc 0.822 Best Fold Val Acc  0.822 Best Fold Val Loss 0.494
INFO:__main__:Model # Parameters 11010
INFO:__main__:MS 2/4 Epoch 500 Val loss 0.573 Val acc 0.713 Best Val Loss 0.533 Best Val Acc 0.802 Best Fold Val Acc  0.822 Best Fold Val Loss 0.494
INFO:__main__:Model # Parameters 42498
INFO:__main__:MS 3/4 Epoch 423 Val loss 1.821 Val acc 0.673 Best Val Loss 0.595 Best Val Acc 0.812 Best Fold Val Acc  0.822 Best Fold Val Loss 0.475
INFO:__main__:Model # Parameters 11010
INFO:__main__:MS 4/4 Epoch 274 Val loss 0.792 Val acc 0.733 Best Val Loss 0.465 Best Val Acc 0.822 Best Fold Val Acc  0.822 Best Fold Val Loss 0.465
INFO:__main__:Winner of Model Selection | hidden dim: 64 | dropout 0.5
INFO:__main__:Winner Best Val Accuracy 0.82178
INFO:__main__:Test 1/3 Epoch 500 Val loss 0.651 Val acc 0.703 Best Val Loss 0.527 Best Val Acc 0.802
INFO:__main__:Test 2/3 Epoch 285 Val loss 0.526 Val acc 0.752 Best Val Loss 0.499 Best Val Acc 0.802
INFO:__main__:Test 3/3 Epoch 456 Val loss 0.572 Val acc 0.733 Best Val Loss 0.488 Best Val Acc 0.812
INFO:__main__:Avg test acc 0.754, Agv test acc std 0.033
INFO:__main__:Cross-val iter:9 | Current average test accuracy across folds 0.72650
INFO:__main__:

INFO:__main__:------------------------------ITERATION 10------------------------------
INFO:__main__:Model # Parameters 42498
INFO:__main__:MS 1/4 Epoch 304 Val loss 0.741 Val acc 0.703 Best Val Loss 0.605 Best Val Acc 0.733 Best Fold Val Acc  0.733 Best Fold Val Loss 0.547
INFO:__main__:Model # Parameters 11010
INFO:__main__:MS 2/4 Epoch 295 Val loss 0.752 Val acc 0.644 Best Val Loss 0.564 Best Val Acc 0.723 Best Fold Val Acc  0.733 Best Fold Val Loss 0.547
INFO:__main__:Model # Parameters 42498
INFO:__main__:MS 3/4 Epoch 290 Val loss 1.361 Val acc 0.663 Best Val Loss 0.591 Best Val Acc 0.723 Best Fold Val Acc  0.733 Best Fold Val Loss 0.547
INFO:__main__:Model # Parameters 11010
INFO:__main__:MS 4/4 Epoch 431 Val loss 0.952 Val acc 0.673 Best Val Loss 0.72 Best Val Acc 0.743 Best Fold Val Acc  0.743 Best Fold Val Loss 0.547
INFO:__main__:Winner of Model Selection | hidden dim: 32 | dropout 0
INFO:__main__:Winner Best Val Accuracy 0.74257
INFO:__main__:Test 1/3 Epoch 336 Val loss 1.166 Val acc 0.634 Best Val Loss 0.587 Best Val Acc 0.733
INFO:__main__:Test 2/3 Epoch 500 Val loss 1.539 Val acc 0.663 Best Val Loss 0.832 Best Val Acc 0.772
INFO:__main__:Test 3/3 Epoch 321 Val loss 1.249 Val acc 0.673 Best Val Loss 0.542 Best Val Acc 0.743
INFO:__main__:Avg test acc 0.772, Agv test acc std 0.043
INFO:__main__:Cross-val iter:10 | Current average test accuracy across folds 0.73102
INFO:__main__:

INFO:__main__:AVERAGE TEST ACC ACROSS FOLDS 0.73102
INFO:__main__:STD ACROSS FOLDS 0.0373633654027642
