INFO:__main__:------------------------------ITERATION 1------------------------------
INFO:__main__:Model # Parameters 42626
INFO:__main__:MS 1/4 Epoch 500 Val loss 1.333 Val acc 0.683 Best Val Loss 0.679 Best Val Acc 0.802 Best Fold Val Acc  0.802 Best Fold Val Loss 0.514
INFO:__main__:Model # Parameters 11074
INFO:__main__:MS 2/4 Epoch 406 Val loss 1.038 Val acc 0.743 Best Val Loss 0.571 Best Val Acc 0.782 Best Fold Val Acc  0.802 Best Fold Val Loss 0.514
INFO:__main__:Model # Parameters 42626
INFO:__main__:MS 3/4 Epoch 465 Val loss 2.235 Val acc 0.693 Best Val Loss 0.937 Best Val Acc 0.772 Best Fold Val Acc  0.802 Best Fold Val Loss 0.514
INFO:__main__:Model # Parameters 11074
INFO:__main__:MS 4/4 Epoch 265 Val loss 1.201 Val acc 0.693 Best Val Loss 0.629 Best Val Acc 0.772 Best Fold Val Acc  0.802 Best Fold Val Loss 0.514
INFO:__main__:Winner of Model Selection | hidden dim: 64 | dropout 0.5
INFO:__main__:Winner Best Val Accuracy 0.80198
INFO:__main__:Test 1/3 Epoch 417 Val loss 1.098 Val acc 0.663 Best Val Loss 0.475 Best Val Acc 0.782
INFO:__main__:Test 2/3 Epoch 458 Val loss 0.864 Val acc 0.693 Best Val Loss 0.75 Best Val Acc 0.792
INFO:__main__:Test 3/3 Epoch 500 Val loss 1.297 Val acc 0.673 Best Val Loss 0.611 Best Val Acc 0.792
INFO:__main__:Avg test acc 0.777, Agv test acc std 0.007
INFO:__main__:Cross-val iter:1 | Current average test accuracy across folds 0.77679
INFO:__main__:

INFO:__main__:------------------------------ITERATION 2------------------------------
INFO:__main__:Model # Parameters 42626
INFO:__main__:MS 1/4 Epoch 382 Val loss 0.583 Val acc 0.752 Best Val Loss 0.383 Best Val Acc 0.842 Best Fold Val Acc  0.842 Best Fold Val Loss 0.383
INFO:__main__:Model # Parameters 11074
INFO:__main__:MS 2/4 Epoch 436 Val loss 0.518 Val acc 0.762 Best Val Loss 0.455 Best Val Acc 0.851 Best Fold Val Acc  0.851 Best Fold Val Loss 0.383
INFO:__main__:Model # Parameters 42626
INFO:__main__:MS 3/4 Epoch 276 Val loss 1.126 Val acc 0.733 Best Val Loss 0.392 Best Val Acc 0.842 Best Fold Val Acc  0.851 Best Fold Val Loss 0.383
INFO:__main__:Model # Parameters 11074
INFO:__main__:MS 4/4 Epoch 438 Val loss 0.577 Val acc 0.772 Best Val Loss 0.381 Best Val Acc 0.861 Best Fold Val Acc  0.861 Best Fold Val Loss 0.381
INFO:__main__:Winner of Model Selection | hidden dim: 32 | dropout 0
INFO:__main__:Winner Best Val Accuracy 0.86139
INFO:__main__:Test 1/3 Epoch 369 Val loss 1.187 Val acc 0.673 Best Val Loss 0.476 Best Val Acc 0.822
INFO:__main__:Test 2/3 Epoch 307 Val loss 0.634 Val acc 0.733 Best Val Loss 0.366 Best Val Acc 0.861
INFO:__main__:Test 3/3 Epoch 332 Val loss 0.876 Val acc 0.723 Best Val Loss 0.45 Best Val Acc 0.822
INFO:__main__:Avg test acc 0.720, Agv test acc std 0.011
INFO:__main__:Cross-val iter:2 | Current average test accuracy across folds 0.74851
INFO:__main__:

INFO:__main__:------------------------------ITERATION 3------------------------------
INFO:__main__:Model # Parameters 42626
INFO:__main__:MS 1/4 Epoch 476 Val loss 1.023 Val acc 0.713 Best Val Loss 0.592 Best Val Acc 0.802 Best Fold Val Acc  0.802 Best Fold Val Loss 0.506
INFO:__main__:Model # Parameters 11074
INFO:__main__:MS 2/4 Epoch 288 Val loss 0.602 Val acc 0.723 Best Val Loss 0.64 Best Val Acc 0.782 Best Fold Val Acc  0.802 Best Fold Val Loss 0.506
INFO:__main__:Model # Parameters 42626
INFO:__main__:MS 3/4 Epoch 500 Val loss 1.814 Val acc 0.743 Best Val Loss 1.509 Best Val Acc 0.802 Best Fold Val Acc  0.802 Best Fold Val Loss 0.506
INFO:__main__:Model # Parameters 11074
INFO:__main__:MS 4/4 Epoch 500 Val loss 1.889 Val acc 0.693 Best Val Loss 1.149 Best Val Acc 0.782 Best Fold Val Acc  0.802 Best Fold Val Loss 0.506
INFO:__main__:Winner of Model Selection | hidden dim: 64 | dropout 0.5
INFO:__main__:Winner Best Val Accuracy 0.80198
INFO:__main__:Test 1/3 Epoch 500 Val loss 1.152 Val acc 0.762 Best Val Loss 0.973 Best Val Acc 0.812
INFO:__main__:Test 2/3 Epoch 500 Val loss 1.409 Val acc 0.733 Best Val Loss 0.584 Best Val Acc 0.802
INFO:__main__:Test 3/3 Epoch 455 Val loss 1.175 Val acc 0.733 Best Val Loss 0.613 Best Val Acc 0.822
INFO:__main__:Avg test acc 0.768, Agv test acc std 0.007
INFO:__main__:Cross-val iter:3 | Current average test accuracy across folds 0.75496
INFO:__main__:

INFO:__main__:------------------------------ITERATION 4------------------------------
INFO:__main__:Model # Parameters 42626
INFO:__main__:MS 1/4 Epoch 267 Val loss 0.57 Val acc 0.792 Best Val Loss 0.461 Best Val Acc 0.842 Best Fold Val Acc  0.842 Best Fold Val Loss 0.461
INFO:__main__:Model # Parameters 11074
INFO:__main__:MS 2/4 Epoch 277 Val loss 0.736 Val acc 0.782 Best Val Loss 0.462 Best Val Acc 0.832 Best Fold Val Acc  0.842 Best Fold Val Loss 0.448
INFO:__main__:Model # Parameters 42626
INFO:__main__:MS 3/4 Epoch 350 Val loss 1.212 Val acc 0.733 Best Val Loss 0.414 Best Val Acc 0.832 Best Fold Val Acc  0.842 Best Fold Val Loss 0.414
INFO:__main__:Model # Parameters 11074
INFO:__main__:MS 4/4 Epoch 357 Val loss 0.832 Val acc 0.802 Best Val Loss 0.457 Best Val Acc 0.832 Best Fold Val Acc  0.842 Best Fold Val Loss 0.414
INFO:__main__:Winner of Model Selection | hidden dim: 64 | dropout 0.5
INFO:__main__:Winner Best Val Accuracy 0.84158
INFO:__main__:Test 1/3 Epoch 317 Val loss 0.635 Val acc 0.772 Best Val Loss 0.434 Best Val Acc 0.832
INFO:__main__:Test 2/3 Epoch 382 Val loss 0.91 Val acc 0.713 Best Val Loss 0.437 Best Val Acc 0.842
INFO:__main__:Test 3/3 Epoch 287 Val loss 0.503 Val acc 0.762 Best Val Loss 0.47 Best Val Acc 0.832
INFO:__main__:Avg test acc 0.736, Agv test acc std 0.017
INFO:__main__:Cross-val iter:4 | Current average test accuracy across folds 0.75015
INFO:__main__:

INFO:__main__:------------------------------ITERATION 5------------------------------
INFO:__main__:Model # Parameters 42626
INFO:__main__:MS 1/4 Epoch 398 Val loss 0.933 Val acc 0.752 Best Val Loss 0.515 Best Val Acc 0.832 Best Fold Val Acc  0.832 Best Fold Val Loss 0.500
INFO:__main__:Model # Parameters 11074
INFO:__main__:MS 2/4 Epoch 367 Val loss 0.816 Val acc 0.713 Best Val Loss 0.502 Best Val Acc 0.822 Best Fold Val Acc  0.832 Best Fold Val Loss 0.494
INFO:__main__:Model # Parameters 42626
INFO:__main__:MS 3/4 Epoch 404 Val loss 2.038 Val acc 0.723 Best Val Loss 0.662 Best Val Acc 0.832 Best Fold Val Acc  0.832 Best Fold Val Loss 0.488
INFO:__main__:Model # Parameters 11074
INFO:__main__:MS 4/4 Epoch 357 Val loss 1.031 Val acc 0.772 Best Val Loss 0.448 Best Val Acc 0.851 Best Fold Val Acc  0.851 Best Fold Val Loss 0.448
INFO:__main__:Winner of Model Selection | hidden dim: 32 | dropout 0
INFO:__main__:Winner Best Val Accuracy 0.85149
INFO:__main__:Test 1/3 Epoch 274 Val loss 0.673 Val acc 0.782 Best Val Loss 0.49 Best Val Acc 0.832
INFO:__main__:Test 2/3 Epoch 441 Val loss 1.074 Val acc 0.743 Best Val Loss 0.494 Best Val Acc 0.861
INFO:__main__:Test 3/3 Epoch 431 Val loss 1.067 Val acc 0.752 Best Val Loss 0.571 Best Val Acc 0.832
INFO:__main__:Avg test acc 0.670, Agv test acc std 0.030
INFO:__main__:Cross-val iter:5 | Current average test accuracy across folds 0.73406
INFO:__main__:

INFO:__main__:------------------------------ITERATION 6------------------------------
INFO:__main__:Model # Parameters 42626
INFO:__main__:MS 1/4 Epoch 394 Val loss 1.939 Val acc 0.713 Best Val Loss 0.722 Best Val Acc 0.762 Best Fold Val Acc  0.762 Best Fold Val Loss 0.600
INFO:__main__:Model # Parameters 11074
INFO:__main__:MS 2/4 Epoch 500 Val loss 1.247 Val acc 0.683 Best Val Loss 0.652 Best Val Acc 0.772 Best Fold Val Acc  0.772 Best Fold Val Loss 0.518
INFO:__main__:Model # Parameters 42626
INFO:__main__:MS 3/4 Epoch 326 Val loss 1.695 Val acc 0.683 Best Val Loss 0.614 Best Val Acc 0.782 Best Fold Val Acc  0.782 Best Fold Val Loss 0.518
INFO:__main__:Model # Parameters 11074
INFO:__main__:MS 4/4 Epoch 390 Val loss 1.433 Val acc 0.713 Best Val Loss 1.483 Best Val Acc 0.792 Best Fold Val Acc  0.792 Best Fold Val Loss 0.518
INFO:__main__:Winner of Model Selection | hidden dim: 32 | dropout 0
INFO:__main__:Winner Best Val Accuracy 0.79208
INFO:__main__:Test 1/3 Epoch 500 Val loss 2.079 Val acc 0.713 Best Val Loss 1.312 Best Val Acc 0.772
INFO:__main__:Test 2/3 Epoch 500 Val loss 1.513 Val acc 0.713 Best Val Loss 0.776 Best Val Acc 0.792
INFO:__main__:Test 3/3 Epoch 288 Val loss 1.482 Val acc 0.703 Best Val Loss 0.526 Best Val Acc 0.782
INFO:__main__:Avg test acc 0.697, Agv test acc std 0.021
INFO:__main__:Cross-val iter:6 | Current average test accuracy across folds 0.72783
INFO:__main__:

INFO:__main__:------------------------------ITERATION 7------------------------------
INFO:__main__:Model # Parameters 42626
INFO:__main__:MS 1/4 Epoch 279 Val loss 1.132 Val acc 0.644 Best Val Loss 0.552 Best Val Acc 0.782 Best Fold Val Acc  0.782 Best Fold Val Loss 0.552
INFO:__main__:Model # Parameters 11074
INFO:__main__:MS 2/4 Epoch 500 Val loss 0.84 Val acc 0.713 Best Val Loss 0.69 Best Val Acc 0.752 Best Fold Val Acc  0.782 Best Fold Val Loss 0.552
INFO:__main__:Model # Parameters 42626
INFO:__main__:MS 3/4 Epoch 272 Val loss 2.16 Val acc 0.604 Best Val Loss 0.729 Best Val Acc 0.743 Best Fold Val Acc  0.782 Best Fold Val Loss 0.552
INFO:__main__:Model # Parameters 11074
INFO:__main__:MS 4/4 Epoch 474 Val loss 1.875 Val acc 0.604 Best Val Loss 1.164 Best Val Acc 0.723 Best Fold Val Acc  0.782 Best Fold Val Loss 0.552
INFO:__main__:Winner of Model Selection | hidden dim: 64 | dropout 0.5
INFO:__main__:Winner Best Val Accuracy 0.78218
INFO:__main__:Test 1/3 Epoch 309 Val loss 1.151 Val acc 0.663 Best Val Loss 0.692 Best Val Acc 0.733
INFO:__main__:Test 2/3 Epoch 377 Val loss 1.104 Val acc 0.703 Best Val Loss 0.767 Best Val Acc 0.743
INFO:__main__:Test 3/3 Epoch 307 Val loss 1.017 Val acc 0.673 Best Val Loss 0.666 Best Val Acc 0.752
INFO:__main__:Avg test acc 0.703, Agv test acc std 0.046
INFO:__main__:Cross-val iter:7 | Current average test accuracy across folds 0.72424
INFO:__main__:

INFO:__main__:------------------------------ITERATION 8------------------------------
INFO:__main__:Model # Parameters 42626
INFO:__main__:MS 1/4 Epoch 331 Val loss 0.84 Val acc 0.752 Best Val Loss 0.507 Best Val Acc 0.782 Best Fold Val Acc  0.782 Best Fold Val Loss 0.503
INFO:__main__:Model # Parameters 11074
INFO:__main__:MS 2/4 Epoch 477 Val loss 0.603 Val acc 0.723 Best Val Loss 0.526 Best Val Acc 0.782 Best Fold Val Acc  0.782 Best Fold Val Loss 0.503
INFO:__main__:Model # Parameters 42626
INFO:__main__:MS 3/4 Epoch 456 Val loss 1.539 Val acc 0.723 Best Val Loss 0.626 Best Val Acc 0.782 Best Fold Val Acc  0.782 Best Fold Val Loss 0.474
INFO:__main__:Model # Parameters 11074
INFO:__main__:MS 4/4 Epoch 500 Val loss 1.287 Val acc 0.743 Best Val Loss 1.114 Best Val Acc 0.792 Best Fold Val Acc  0.792 Best Fold Val Loss 0.474
INFO:__main__:Winner of Model Selection | hidden dim: 32 | dropout 0
INFO:__main__:Winner Best Val Accuracy 0.79208
INFO:__main__:Test 1/3 Epoch 500 Val loss 1.054 Val acc 0.693 Best Val Loss 0.564 Best Val Acc 0.802
INFO:__main__:Test 2/3 Epoch 301 Val loss 0.887 Val acc 0.693 Best Val Loss 0.548 Best Val Acc 0.792
INFO:__main__:Test 3/3 Epoch 371 Val loss 0.947 Val acc 0.723 Best Val Loss 0.593 Best Val Acc 0.792
INFO:__main__:Avg test acc 0.748, Agv test acc std 0.027
INFO:__main__:Cross-val iter:8 | Current average test accuracy across folds 0.72718
INFO:__main__:

INFO:__main__:------------------------------ITERATION 9------------------------------
INFO:__main__:Model # Parameters 42626
INFO:__main__:MS 1/4 Epoch 498 Val loss 1.395 Val acc 0.693 Best Val Loss 0.677 Best Val Acc 0.802 Best Fold Val Acc  0.802 Best Fold Val Loss 0.503
INFO:__main__:Model # Parameters 11074
INFO:__main__:MS 2/4 Epoch 500 Val loss 0.815 Val acc 0.723 Best Val Loss 0.597 Best Val Acc 0.762 Best Fold Val Acc  0.802 Best Fold Val Loss 0.503
INFO:__main__:Model # Parameters 42626
INFO:__main__:MS 3/4 Epoch 328 Val loss 1.401 Val acc 0.713 Best Val Loss 0.63 Best Val Acc 0.812 Best Fold Val Acc  0.812 Best Fold Val Loss 0.503
INFO:__main__:Model # Parameters 11074
INFO:__main__:MS 4/4 Epoch 430 Val loss 1.085 Val acc 0.703 Best Val Loss 0.616 Best Val Acc 0.792 Best Fold Val Acc  0.812 Best Fold Val Loss 0.503
INFO:__main__:Winner of Model Selection | hidden dim: 64 | dropout 0
INFO:__main__:Winner Best Val Accuracy 0.81188
INFO:__main__:Test 1/3 Epoch 409 Val loss 1.45 Val acc 0.723 Best Val Loss 0.594 Best Val Acc 0.802
INFO:__main__:Test 2/3 Epoch 284 Val loss 1.154 Val acc 0.733 Best Val Loss 0.499 Best Val Acc 0.802
INFO:__main__:Test 3/3 Epoch 296 Val loss 1.525 Val acc 0.723 Best Val Loss 0.529 Best Val Acc 0.812
INFO:__main__:Avg test acc 0.742, Agv test acc std 0.047
INFO:__main__:Cross-val iter:9 | Current average test accuracy across folds 0.72880
INFO:__main__:

INFO:__main__:------------------------------ITERATION 10------------------------------
INFO:__main__:Model # Parameters 42626
INFO:__main__:MS 1/4 Epoch 474 Val loss 2.334 Val acc 0.653 Best Val Loss 0.657 Best Val Acc 0.772 Best Fold Val Acc  0.772 Best Fold Val Loss 0.496
INFO:__main__:Model # Parameters 11074
INFO:__main__:MS 2/4 Epoch 396 Val loss 1.221 Val acc 0.673 Best Val Loss 0.676 Best Val Acc 0.762 Best Fold Val Acc  0.772 Best Fold Val Loss 0.496
INFO:__main__:Model # Parameters 42626
INFO:__main__:MS 3/4 Epoch 310 Val loss 1.696 Val acc 0.713 Best Val Loss 0.597 Best Val Acc 0.762 Best Fold Val Acc  0.772 Best Fold Val Loss 0.496
INFO:__main__:Model # Parameters 11074
INFO:__main__:MS 4/4 Epoch 338 Val loss 1.001 Val acc 0.723 Best Val Loss 0.551 Best Val Acc 0.752 Best Fold Val Acc  0.772 Best Fold Val Loss 0.496
INFO:__main__:Winner of Model Selection | hidden dim: 64 | dropout 0.5
INFO:__main__:Winner Best Val Accuracy 0.77228
INFO:__main__:Test 1/3 Epoch 292 Val loss 0.762 Val acc 0.683 Best Val Loss 0.528 Best Val Acc 0.752
INFO:__main__:Test 2/3 Epoch 255 Val loss 1.096 Val acc 0.663 Best Val Loss 0.566 Best Val Acc 0.762
INFO:__main__:Test 3/3 Epoch 337 Val loss 1.248 Val acc 0.693 Best Val Loss 0.648 Best Val Acc 0.782
INFO:__main__:Avg test acc 0.766, Agv test acc std 0.032
INFO:__main__:Cross-val iter:10 | Current average test accuracy across folds 0.73249
INFO:__main__:

INFO:__main__:AVERAGE TEST ACC ACROSS FOLDS 0.73249
INFO:__main__:STD ACROSS FOLDS 0.03303648986175396
