INFO:__main__:------------------------------ITERATION 1------------------------------
INFO:__main__:Model # Parameters 42626
INFO:__main__:MS 1/4 Epoch 484 Val loss 1.101 Val acc 0.743 Best Val Loss 0.516 Best Val Acc 0.792 Best Fold Val Acc  0.792 Best Fold Val Loss 0.516
INFO:__main__:Model # Parameters 11074
INFO:__main__:MS 2/4 Epoch 500 Val loss 0.505 Val acc 0.802 Best Val Loss 0.492 Best Val Acc 0.822 Best Fold Val Acc  0.822 Best Fold Val Loss 0.463
INFO:__main__:Model # Parameters 42626
INFO:__main__:MS 3/4 Epoch 371 Val loss 1.779 Val acc 0.673 Best Val Loss 0.627 Best Val Acc 0.772 Best Fold Val Acc  0.822 Best Fold Val Loss 0.463
INFO:__main__:Model # Parameters 11074
INFO:__main__:MS 4/4 Epoch 460 Val loss 1.382 Val acc 0.703 Best Val Loss 0.66 Best Val Acc 0.792 Best Fold Val Acc  0.822 Best Fold Val Loss 0.463
INFO:__main__:Winner of Model Selection | hidden dim: 32 | dropout 0.5
INFO:__main__:Winner Best Val Accuracy 0.82178
INFO:__main__:Test 1/3 Epoch 500 Val loss 0.907 Val acc 0.713 Best Val Loss 0.76 Best Val Acc 0.792
INFO:__main__:Test 2/3 Epoch 415 Val loss 0.94 Val acc 0.743 Best Val Loss 0.585 Best Val Acc 0.792
INFO:__main__:Test 3/3 Epoch 449 Val loss 0.6 Val acc 0.752 Best Val Loss 0.481 Best Val Acc 0.782
INFO:__main__:Avg test acc 0.735, Agv test acc std 0.015
INFO:__main__:Cross-val iter:1 | Current average test accuracy across folds 0.73512
INFO:__main__:

INFO:__main__:------------------------------ITERATION 2------------------------------
INFO:__main__:Model # Parameters 42626
INFO:__main__:MS 1/4 Epoch 404 Val loss 0.741 Val acc 0.713 Best Val Loss 0.419 Best Val Acc 0.842 Best Fold Val Acc  0.842 Best Fold Val Loss 0.399
INFO:__main__:Model # Parameters 11074
INFO:__main__:MS 2/4 Epoch 500 Val loss 0.501 Val acc 0.713 Best Val Loss 0.425 Best Val Acc 0.851 Best Fold Val Acc  0.851 Best Fold Val Loss 0.371
INFO:__main__:Model # Parameters 42626
INFO:__main__:MS 3/4 Epoch 283 Val loss 0.757 Val acc 0.752 Best Val Loss 0.375 Best Val Acc 0.842 Best Fold Val Acc  0.851 Best Fold Val Loss 0.371
INFO:__main__:Model # Parameters 11074
INFO:__main__:MS 4/4 Epoch 314 Val loss 0.712 Val acc 0.772 Best Val Loss 0.379 Best Val Acc 0.861 Best Fold Val Acc  0.861 Best Fold Val Loss 0.371
INFO:__main__:Winner of Model Selection | hidden dim: 32 | dropout 0
INFO:__main__:Winner Best Val Accuracy 0.86139
INFO:__main__:Test 1/3 Epoch 315 Val loss 0.826 Val acc 0.733 Best Val Loss 0.429 Best Val Acc 0.861
INFO:__main__:Test 2/3 Epoch 353 Val loss 0.549 Val acc 0.792 Best Val Loss 0.37 Best Val Acc 0.861
INFO:__main__:Test 3/3 Epoch 306 Val loss 0.566 Val acc 0.743 Best Val Loss 0.414 Best Val Acc 0.851
INFO:__main__:Avg test acc 0.699, Agv test acc std 0.018
INFO:__main__:Cross-val iter:2 | Current average test accuracy across folds 0.71726
INFO:__main__:

INFO:__main__:------------------------------ITERATION 3------------------------------
INFO:__main__:Model # Parameters 42626
INFO:__main__:MS 1/4 Epoch 376 Val loss 0.929 Val acc 0.713 Best Val Loss 0.541 Best Val Acc 0.792 Best Fold Val Acc  0.792 Best Fold Val Loss 0.476
INFO:__main__:Model # Parameters 11074
INFO:__main__:MS 2/4 Epoch 433 Val loss 0.892 Val acc 0.723 Best Val Loss 0.543 Best Val Acc 0.792 Best Fold Val Acc  0.792 Best Fold Val Loss 0.476
INFO:__main__:Model # Parameters 42626
INFO:__main__:MS 3/4 Epoch 264 Val loss 1.048 Val acc 0.733 Best Val Loss 0.506 Best Val Acc 0.812 Best Fold Val Acc  0.812 Best Fold Val Loss 0.476
INFO:__main__:Model # Parameters 11074
INFO:__main__:MS 4/4 Epoch 500 Val loss 1.229 Val acc 0.792 Best Val Loss 1.329 Best Val Acc 0.842 Best Fold Val Acc  0.842 Best Fold Val Loss 0.476
INFO:__main__:Winner of Model Selection | hidden dim: 32 | dropout 0
INFO:__main__:Winner Best Val Accuracy 0.84158
INFO:__main__:Test 1/3 Epoch 288 Val loss 0.723 Val acc 0.713 Best Val Loss 0.492 Best Val Acc 0.812
INFO:__main__:Test 2/3 Epoch 469 Val loss 1.107 Val acc 0.743 Best Val Loss 0.699 Best Val Acc 0.822
INFO:__main__:Test 3/3 Epoch 255 Val loss 2.405 Val acc 0.713 Best Val Loss 0.556 Best Val Acc 0.812
INFO:__main__:Avg test acc 0.747, Agv test acc std 0.047
INFO:__main__:Cross-val iter:3 | Current average test accuracy across folds 0.72718
INFO:__main__:

INFO:__main__:------------------------------ITERATION 4------------------------------
INFO:__main__:Model # Parameters 42626
INFO:__main__:MS 1/4 Epoch 500 Val loss 0.944 Val acc 0.723 Best Val Loss 0.633 Best Val Acc 0.851 Best Fold Val Acc  0.851 Best Fold Val Loss 0.451
INFO:__main__:Model # Parameters 11074
INFO:__main__:MS 2/4 Epoch 312 Val loss 0.578 Val acc 0.723 Best Val Loss 0.447 Best Val Acc 0.832 Best Fold Val Acc  0.851 Best Fold Val Loss 0.447
INFO:__main__:Model # Parameters 42626
INFO:__main__:MS 3/4 Epoch 401 Val loss 1.193 Val acc 0.743 Best Val Loss 0.522 Best Val Acc 0.812 Best Fold Val Acc  0.851 Best Fold Val Loss 0.423
INFO:__main__:Model # Parameters 11074
INFO:__main__:MS 4/4 Epoch 420 Val loss 0.712 Val acc 0.733 Best Val Loss 0.442 Best Val Acc 0.842 Best Fold Val Acc  0.851 Best Fold Val Loss 0.406
INFO:__main__:Winner of Model Selection | hidden dim: 64 | dropout 0.5
INFO:__main__:Winner Best Val Accuracy 0.85149
INFO:__main__:Test 1/3 Epoch 500 Val loss 0.865 Val acc 0.752 Best Val Loss 0.524 Best Val Acc 0.822
INFO:__main__:Test 2/3 Epoch 500 Val loss 0.956 Val acc 0.772 Best Val Loss 0.467 Best Val Acc 0.832
INFO:__main__:Test 3/3 Epoch 480 Val loss 0.669 Val acc 0.782 Best Val Loss 0.418 Best Val Acc 0.842
INFO:__main__:Avg test acc 0.742, Agv test acc std 0.021
INFO:__main__:Cross-val iter:4 | Current average test accuracy across folds 0.73082
INFO:__main__:

INFO:__main__:------------------------------ITERATION 5------------------------------
INFO:__main__:Model # Parameters 42626
INFO:__main__:MS 1/4 Epoch 500 Val loss 1.467 Val acc 0.653 Best Val Loss 0.8 Best Val Acc 0.822 Best Fold Val Acc  0.822 Best Fold Val Loss 0.517
INFO:__main__:Model # Parameters 11074
INFO:__main__:MS 2/4 Epoch 459 Val loss 0.69 Val acc 0.772 Best Val Loss 0.538 Best Val Acc 0.842 Best Fold Val Acc  0.842 Best Fold Val Loss 0.510
INFO:__main__:Model # Parameters 42626
INFO:__main__:MS 3/4 Epoch 409 Val loss 1.579 Val acc 0.743 Best Val Loss 0.681 Best Val Acc 0.832 Best Fold Val Acc  0.842 Best Fold Val Loss 0.462
INFO:__main__:Model # Parameters 11074
INFO:__main__:MS 4/4 Epoch 500 Val loss 1.253 Val acc 0.723 Best Val Loss 0.64 Best Val Acc 0.842 Best Fold Val Acc  0.842 Best Fold Val Loss 0.455
INFO:__main__:Winner of Model Selection | hidden dim: 32 | dropout 0.5
INFO:__main__:Winner Best Val Accuracy 0.84158
INFO:__main__:Test 1/3 Epoch 462 Val loss 0.941 Val acc 0.723 Best Val Loss 0.501 Best Val Acc 0.832
INFO:__main__:Test 2/3 Epoch 267 Val loss 0.635 Val acc 0.743 Best Val Loss 0.564 Best Val Acc 0.822
INFO:__main__:Test 3/3 Epoch 500 Val loss 0.848 Val acc 0.752 Best Val Loss 0.734 Best Val Acc 0.812
INFO:__main__:Avg test acc 0.673, Agv test acc std 0.042
INFO:__main__:Cross-val iter:5 | Current average test accuracy across folds 0.71919
INFO:__main__:

INFO:__main__:------------------------------ITERATION 6------------------------------
INFO:__main__:Model # Parameters 42626
INFO:__main__:MS 1/4 Epoch 373 Val loss 1.606 Val acc 0.653 Best Val Loss 0.694 Best Val Acc 0.772 Best Fold Val Acc  0.772 Best Fold Val Loss 0.543
INFO:__main__:Model # Parameters 11074
INFO:__main__:MS 2/4 Epoch 500 Val loss 1.156 Val acc 0.713 Best Val Loss 1.508 Best Val Acc 0.762 Best Fold Val Acc  0.772 Best Fold Val Loss 0.543
INFO:__main__:Model # Parameters 42626
INFO:__main__:MS 3/4 Epoch 339 Val loss 2.07 Val acc 0.653 Best Val Loss 0.967 Best Val Acc 0.762 Best Fold Val Acc  0.772 Best Fold Val Loss 0.543
INFO:__main__:Model # Parameters 11074
INFO:__main__:MS 4/4 Epoch 276 Val loss 1.177 Val acc 0.673 Best Val Loss 1.262 Best Val Acc 0.772 Best Fold Val Acc  0.772 Best Fold Val Loss 0.543
INFO:__main__:Winner of Model Selection | hidden dim: 64 | dropout 0.5
INFO:__main__:Winner Best Val Accuracy 0.77228
INFO:__main__:Test 1/3 Epoch 409 Val loss 1.79 Val acc 0.663 Best Val Loss 0.699 Best Val Acc 0.782
INFO:__main__:Test 2/3 Epoch 500 Val loss 1.666 Val acc 0.693 Best Val Loss 1.023 Best Val Acc 0.752
INFO:__main__:Test 3/3 Epoch 426 Val loss 1.625 Val acc 0.713 Best Val Loss 0.566 Best Val Acc 0.762
INFO:__main__:Avg test acc 0.715, Agv test acc std 0.004
INFO:__main__:Cross-val iter:6 | Current average test accuracy across folds 0.71845
INFO:__main__:

INFO:__main__:------------------------------ITERATION 7------------------------------
INFO:__main__:Model # Parameters 42626
INFO:__main__:MS 1/4 Epoch 256 Val loss 0.825 Val acc 0.673 Best Val Loss 0.571 Best Val Acc 0.762 Best Fold Val Acc  0.762 Best Fold Val Loss 0.571
INFO:__main__:Model # Parameters 11074
INFO:__main__:MS 2/4 Epoch 320 Val loss 0.921 Val acc 0.673 Best Val Loss 0.558 Best Val Acc 0.772 Best Fold Val Acc  0.772 Best Fold Val Loss 0.558
INFO:__main__:Model # Parameters 42626
INFO:__main__:MS 3/4 Epoch 273 Val loss 1.496 Val acc 0.663 Best Val Loss 0.547 Best Val Acc 0.743 Best Fold Val Acc  0.772 Best Fold Val Loss 0.547
INFO:__main__:Model # Parameters 11074
INFO:__main__:MS 4/4 Epoch 306 Val loss 1.182 Val acc 0.663 Best Val Loss 0.555 Best Val Acc 0.723 Best Fold Val Acc  0.772 Best Fold Val Loss 0.547
INFO:__main__:Winner of Model Selection | hidden dim: 32 | dropout 0.5
INFO:__main__:Winner Best Val Accuracy 0.77228
INFO:__main__:Test 1/3 Epoch 307 Val loss 0.659 Val acc 0.703 Best Val Loss 0.562 Best Val Acc 0.752
INFO:__main__:Test 2/3 Epoch 306 Val loss 0.752 Val acc 0.673 Best Val Loss 0.542 Best Val Acc 0.762
INFO:__main__:Test 3/3 Epoch 457 Val loss 0.931 Val acc 0.673 Best Val Loss 0.558 Best Val Acc 0.782
INFO:__main__:Avg test acc 0.706, Agv test acc std 0.004
INFO:__main__:Cross-val iter:7 | Current average test accuracy across folds 0.71663
INFO:__main__:

INFO:__main__:------------------------------ITERATION 8------------------------------
INFO:__main__:Model # Parameters 42626
INFO:__main__:MS 1/4 Epoch 276 Val loss 0.885 Val acc 0.743 Best Val Loss 0.492 Best Val Acc 0.802 Best Fold Val Acc  0.802 Best Fold Val Loss 0.492
INFO:__main__:Model # Parameters 11074
INFO:__main__:MS 2/4 Epoch 378 Val loss 0.702 Val acc 0.693 Best Val Loss 0.58 Best Val Acc 0.762 Best Fold Val Acc  0.802 Best Fold Val Loss 0.492
INFO:__main__:Model # Parameters 42626
INFO:__main__:MS 3/4 Epoch 500 Val loss 1.619 Val acc 0.723 Best Val Loss 1.252 Best Val Acc 0.802 Best Fold Val Acc  0.802 Best Fold Val Loss 0.433
INFO:__main__:Model # Parameters 11074
INFO:__main__:MS 4/4 Epoch 312 Val loss 0.796 Val acc 0.752 Best Val Loss 0.479 Best Val Acc 0.812 Best Fold Val Acc  0.812 Best Fold Val Loss 0.433
INFO:__main__:Winner of Model Selection | hidden dim: 32 | dropout 0
INFO:__main__:Winner Best Val Accuracy 0.81188
INFO:__main__:Test 1/3 Epoch 270 Val loss 0.572 Val acc 0.743 Best Val Loss 0.503 Best Val Acc 0.802
INFO:__main__:Test 2/3 Epoch 500 Val loss 0.98 Val acc 0.762 Best Val Loss 0.658 Best Val Acc 0.812
INFO:__main__:Test 3/3 Epoch 500 Val loss 0.975 Val acc 0.703 Best Val Loss 0.628 Best Val Acc 0.832
INFO:__main__:Avg test acc 0.763, Agv test acc std 0.031
INFO:__main__:Cross-val iter:8 | Current average test accuracy across folds 0.72239
INFO:__main__:

INFO:__main__:------------------------------ITERATION 9------------------------------
INFO:__main__:Model # Parameters 42626
INFO:__main__:MS 1/4 Epoch 454 Val loss 0.903 Val acc 0.683 Best Val Loss 0.498 Best Val Acc 0.802 Best Fold Val Acc  0.802 Best Fold Val Loss 0.498
INFO:__main__:Model # Parameters 11074
INFO:__main__:MS 2/4 Epoch 490 Val loss 1.094 Val acc 0.663 Best Val Loss 0.711 Best Val Acc 0.792 Best Fold Val Acc  0.802 Best Fold Val Loss 0.496
INFO:__main__:Model # Parameters 42626
INFO:__main__:MS 3/4 Epoch 335 Val loss 1.463 Val acc 0.693 Best Val Loss 0.554 Best Val Acc 0.832 Best Fold Val Acc  0.832 Best Fold Val Loss 0.485
INFO:__main__:Model # Parameters 11074
INFO:__main__:MS 4/4 Epoch 399 Val loss 1.026 Val acc 0.733 Best Val Loss 0.539 Best Val Acc 0.812 Best Fold Val Acc  0.832 Best Fold Val Loss 0.475
INFO:__main__:Winner of Model Selection | hidden dim: 64 | dropout 0
INFO:__main__:Winner Best Val Accuracy 0.83168
INFO:__main__:Test 1/3 Epoch 348 Val loss 1.361 Val acc 0.752 Best Val Loss 0.557 Best Val Acc 0.792
INFO:__main__:Test 2/3 Epoch 410 Val loss 1.506 Val acc 0.752 Best Val Loss 0.525 Best Val Acc 0.822
INFO:__main__:Test 3/3 Epoch 271 Val loss 0.982 Val acc 0.743 Best Val Loss 0.548 Best Val Acc 0.812
INFO:__main__:Avg test acc 0.745, Agv test acc std 0.037
INFO:__main__:Cross-val iter:9 | Current average test accuracy across folds 0.72488
INFO:__main__:

INFO:__main__:------------------------------ITERATION 10------------------------------
INFO:__main__:Model # Parameters 42626
INFO:__main__:MS 1/4 Epoch 500 Val loss 2.292 Val acc 0.663 Best Val Loss 0.99 Best Val Acc 0.752 Best Fold Val Acc  0.752 Best Fold Val Loss 0.536
INFO:__main__:Model # Parameters 11074
INFO:__main__:MS 2/4 Epoch 463 Val loss 0.787 Val acc 0.713 Best Val Loss 0.593 Best Val Acc 0.772 Best Fold Val Acc  0.772 Best Fold Val Loss 0.532
INFO:__main__:Model # Parameters 42626
INFO:__main__:MS 3/4 Epoch 446 Val loss 3.071 Val acc 0.634 Best Val Loss 1.134 Best Val Acc 0.752 Best Fold Val Acc  0.772 Best Fold Val Loss 0.532
INFO:__main__:Model # Parameters 11074
INFO:__main__:MS 4/4 Epoch 254 Val loss 1.344 Val acc 0.644 Best Val Loss 0.648 Best Val Acc 0.743 Best Fold Val Acc  0.772 Best Fold Val Loss 0.532
INFO:__main__:Winner of Model Selection | hidden dim: 32 | dropout 0.5
INFO:__main__:Winner Best Val Accuracy 0.77228
INFO:__main__:Test 1/3 Epoch 500 Val loss 1.232 Val acc 0.673 Best Val Loss 0.904 Best Val Acc 0.762
INFO:__main__:Test 2/3 Epoch 500 Val loss 1.977 Val acc 0.703 Best Val Loss 0.967 Best Val Acc 0.752
INFO:__main__:Test 3/3 Epoch 500 Val loss 1.037 Val acc 0.683 Best Val Loss 1.53 Best Val Acc 0.743
INFO:__main__:Avg test acc 0.700, Agv test acc std 0.015
INFO:__main__:Cross-val iter:10 | Current average test accuracy across folds 0.72236
INFO:__main__:

INFO:__main__:AVERAGE TEST ACC ACROSS FOLDS 0.72236
INFO:__main__:STD ACROSS FOLDS 0.026693233792393554
