INFO:__main__:------------------------------ITERATION 1------------------------------
INFO:__main__:Model # Parameters 59074
INFO:__main__:MS 1/4 Epoch 500 Val loss 0.627 Val acc 0.713 Best Val Loss 0.55 Best Val Acc 0.772 Best Fold Val Acc  0.772 Best Fold Val Loss 0.525
INFO:__main__:Model # Parameters 15202
INFO:__main__:MS 2/4 Epoch 290 Val loss 0.527 Val acc 0.733 Best Val Loss 0.603 Best Val Acc 0.782 Best Fold Val Acc  0.782 Best Fold Val Loss 0.525
INFO:__main__:Model # Parameters 59074
INFO:__main__:MS 3/4 Epoch 315 Val loss 1.357 Val acc 0.644 Best Val Loss 0.538 Best Val Acc 0.772 Best Fold Val Acc  0.782 Best Fold Val Loss 0.525
INFO:__main__:Model # Parameters 15202
INFO:__main__:MS 4/4 Epoch 446 Val loss 0.978 Val acc 0.713 Best Val Loss 0.772 Best Val Acc 0.772 Best Fold Val Acc  0.782 Best Fold Val Loss 0.514
INFO:__main__:Winner of Model Selection | hidden dim: 32 | dropout 0.5
INFO:__main__:Winner Best Val Accuracy 0.78218
INFO:__main__:Test 1/3 Epoch 500 Val loss 0.543 Val acc 0.723 Best Val Loss 0.553 Best Val Acc 0.772
INFO:__main__:Test 2/3 Epoch 500 Val loss 0.526 Val acc 0.723 Best Val Loss 0.511 Best Val Acc 0.792
INFO:__main__:Test 3/3 Epoch 500 Val loss 0.595 Val acc 0.723 Best Val Loss 0.563 Best Val Acc 0.782
INFO:__main__:Avg test acc 0.789, Agv test acc std 0.036
INFO:__main__:Cross-val iter:1 | Current average test accuracy across folds 0.78869
INFO:__main__:

INFO:__main__:------------------------------ITERATION 2------------------------------
INFO:__main__:Model # Parameters 59074
INFO:__main__:MS 1/4 Epoch 500 Val loss 0.58 Val acc 0.772 Best Val Loss 0.491 Best Val Acc 0.832 Best Fold Val Acc  0.832 Best Fold Val Loss 0.418
INFO:__main__:Model # Parameters 15202
INFO:__main__:MS 2/4 Epoch 500 Val loss 0.502 Val acc 0.812 Best Val Loss 0.407 Best Val Acc 0.871 Best Fold Val Acc  0.871 Best Fold Val Loss 0.371
INFO:__main__:Model # Parameters 59074
INFO:__main__:MS 3/4 Epoch 394 Val loss 0.895 Val acc 0.733 Best Val Loss 0.396 Best Val Acc 0.842 Best Fold Val Acc  0.871 Best Fold Val Loss 0.371
INFO:__main__:Model # Parameters 15202
INFO:__main__:MS 4/4 Epoch 467 Val loss 0.804 Val acc 0.733 Best Val Loss 0.436 Best Val Acc 0.861 Best Fold Val Acc  0.871 Best Fold Val Loss 0.371
INFO:__main__:Winner of Model Selection | hidden dim: 32 | dropout 0.5
INFO:__main__:Winner Best Val Accuracy 0.87129
INFO:__main__:Test 1/3 Epoch 440 Val loss 0.426 Val acc 0.772 Best Val Loss 0.383 Best Val Acc 0.851
INFO:__main__:Test 2/3 Epoch 429 Val loss 0.404 Val acc 0.772 Best Val Loss 0.391 Best Val Acc 0.842
INFO:__main__:Test 3/3 Epoch 500 Val loss 0.409 Val acc 0.792 Best Val Loss 0.366 Best Val Acc 0.861
INFO:__main__:Avg test acc 0.679, Agv test acc std 0.007
INFO:__main__:Cross-val iter:2 | Current average test accuracy across folds 0.73363
INFO:__main__:

INFO:__main__:------------------------------ITERATION 3------------------------------
INFO:__main__:Model # Parameters 59074
INFO:__main__:MS 1/4 Epoch 374 Val loss 0.652 Val acc 0.723 Best Val Loss 0.59 Best Val Acc 0.802 Best Fold Val Acc  0.802 Best Fold Val Loss 0.526
INFO:__main__:Model # Parameters 15202
INFO:__main__:MS 2/4 Epoch 282 Val loss 0.657 Val acc 0.752 Best Val Loss 0.51 Best Val Acc 0.822 Best Fold Val Acc  0.822 Best Fold Val Loss 0.510
INFO:__main__:Model # Parameters 59074
INFO:__main__:MS 3/4 Epoch 330 Val loss 1.712 Val acc 0.683 Best Val Loss 0.609 Best Val Acc 0.802 Best Fold Val Acc  0.822 Best Fold Val Loss 0.510
INFO:__main__:Model # Parameters 15202
INFO:__main__:MS 4/4 Epoch 370 Val loss 1.008 Val acc 0.733 Best Val Loss 0.6 Best Val Acc 0.812 Best Fold Val Acc  0.822 Best Fold Val Loss 0.510
INFO:__main__:Winner of Model Selection | hidden dim: 32 | dropout 0.5
INFO:__main__:Winner Best Val Accuracy 0.82178
INFO:__main__:Test 1/3 Epoch 312 Val loss 0.564 Val acc 0.733 Best Val Loss 0.55 Best Val Acc 0.802
INFO:__main__:Test 2/3 Epoch 323 Val loss 0.683 Val acc 0.752 Best Val Loss 0.507 Best Val Acc 0.832
INFO:__main__:Test 3/3 Epoch 321 Val loss 0.569 Val acc 0.733 Best Val Loss 0.509 Best Val Acc 0.822
INFO:__main__:Avg test acc 0.756, Agv test acc std 0.017
INFO:__main__:Cross-val iter:3 | Current average test accuracy across folds 0.74107
INFO:__main__:

INFO:__main__:------------------------------ITERATION 4------------------------------
INFO:__main__:Model # Parameters 59074
INFO:__main__:MS 1/4 Epoch 277 Val loss 0.52 Val acc 0.752 Best Val Loss 0.478 Best Val Acc 0.851 Best Fold Val Acc  0.851 Best Fold Val Loss 0.478
INFO:__main__:Model # Parameters 15202
INFO:__main__:MS 2/4 Epoch 368 Val loss 0.569 Val acc 0.772 Best Val Loss 0.473 Best Val Acc 0.822 Best Fold Val Acc  0.851 Best Fold Val Loss 0.473
INFO:__main__:Model # Parameters 59074
INFO:__main__:MS 3/4 Epoch 342 Val loss 1.129 Val acc 0.792 Best Val Loss 0.448 Best Val Acc 0.842 Best Fold Val Acc  0.851 Best Fold Val Loss 0.443
INFO:__main__:Model # Parameters 15202
INFO:__main__:MS 4/4 Epoch 299 Val loss 0.732 Val acc 0.713 Best Val Loss 0.458 Best Val Acc 0.871 Best Fold Val Acc  0.871 Best Fold Val Loss 0.443
INFO:__main__:Winner of Model Selection | hidden dim: 32 | dropout 0
INFO:__main__:Winner Best Val Accuracy 0.87129
INFO:__main__:Test 1/3 Epoch 362 Val loss 1.86 Val acc 0.673 Best Val Loss 0.69 Best Val Acc 0.822
INFO:__main__:Test 2/3 Epoch 259 Val loss 0.842 Val acc 0.733 Best Val Loss 0.494 Best Val Acc 0.842
INFO:__main__:Test 3/3 Epoch 316 Val loss 0.741 Val acc 0.723 Best Val Loss 0.461 Best Val Acc 0.851
INFO:__main__:Avg test acc 0.790, Agv test acc std 0.028
INFO:__main__:Cross-val iter:4 | Current average test accuracy across folds 0.75325
INFO:__main__:

INFO:__main__:------------------------------ITERATION 5------------------------------
INFO:__main__:Model # Parameters 59074
INFO:__main__:MS 1/4 Epoch 400 Val loss 0.946 Val acc 0.733 Best Val Loss 0.505 Best Val Acc 0.842 Best Fold Val Acc  0.842 Best Fold Val Loss 0.500
INFO:__main__:Model # Parameters 15202
INFO:__main__:MS 2/4 Epoch 500 Val loss 0.796 Val acc 0.772 Best Val Loss 0.552 Best Val Acc 0.842 Best Fold Val Acc  0.842 Best Fold Val Loss 0.500
INFO:__main__:Model # Parameters 59074
INFO:__main__:MS 3/4 Epoch 267 Val loss 1.291 Val acc 0.733 Best Val Loss 0.513 Best Val Acc 0.832 Best Fold Val Acc  0.842 Best Fold Val Loss 0.500
INFO:__main__:Model # Parameters 15202
INFO:__main__:MS 4/4 Epoch 426 Val loss 0.879 Val acc 0.733 Best Val Loss 0.574 Best Val Acc 0.832 Best Fold Val Acc  0.842 Best Fold Val Loss 0.500
INFO:__main__:Winner of Model Selection | hidden dim: 64 | dropout 0.5
INFO:__main__:Winner Best Val Accuracy 0.84158
INFO:__main__:Test 1/3 Epoch 500 Val loss 1.381 Val acc 0.733 Best Val Loss 0.627 Best Val Acc 0.822
INFO:__main__:Test 2/3 Epoch 476 Val loss 1.449 Val acc 0.743 Best Val Loss 0.528 Best Val Acc 0.822
INFO:__main__:Test 3/3 Epoch 346 Val loss 0.889 Val acc 0.743 Best Val Loss 0.509 Best Val Acc 0.822
INFO:__main__:Avg test acc 0.661, Agv test acc std 0.019
INFO:__main__:Cross-val iter:5 | Current average test accuracy across folds 0.73473
INFO:__main__:

INFO:__main__:------------------------------ITERATION 6------------------------------
INFO:__main__:Model # Parameters 59074
INFO:__main__:MS 1/4 Epoch 500 Val loss 1.758 Val acc 0.663 Best Val Loss 1.545 Best Val Acc 0.743 Best Fold Val Acc  0.743 Best Fold Val Loss 0.566
INFO:__main__:Model # Parameters 15202
INFO:__main__:MS 2/4 Epoch 428 Val loss 0.973 Val acc 0.723 Best Val Loss 0.609 Best Val Acc 0.782 Best Fold Val Acc  0.782 Best Fold Val Loss 0.566
INFO:__main__:Model # Parameters 59074
INFO:__main__:MS 3/4 Epoch 500 Val loss 1.81 Val acc 0.713 Best Val Loss 0.984 Best Val Acc 0.772 Best Fold Val Acc  0.782 Best Fold Val Loss 0.525
INFO:__main__:Model # Parameters 15202
INFO:__main__:MS 4/4 Epoch 500 Val loss 1.38 Val acc 0.733 Best Val Loss 1.376 Best Val Acc 0.772 Best Fold Val Acc  0.782 Best Fold Val Loss 0.525
INFO:__main__:Winner of Model Selection | hidden dim: 32 | dropout 0.5
INFO:__main__:Winner Best Val Accuracy 0.78218
INFO:__main__:Test 1/3 Epoch 500 Val loss 1.066 Val acc 0.673 Best Val Loss 0.737 Best Val Acc 0.743
INFO:__main__:Test 2/3 Epoch 500 Val loss 0.938 Val acc 0.723 Best Val Loss 0.928 Best Val Acc 0.772
INFO:__main__:Test 3/3 Epoch 500 Val loss 0.861 Val acc 0.723 Best Val Loss 0.791 Best Val Acc 0.772
INFO:__main__:Avg test acc 0.679, Agv test acc std 0.024
INFO:__main__:Cross-val iter:6 | Current average test accuracy across folds 0.72539
INFO:__main__:

INFO:__main__:------------------------------ITERATION 7------------------------------
INFO:__main__:Model # Parameters 59074
INFO:__main__:MS 1/4 Epoch 292 Val loss 0.712 Val acc 0.634 Best Val Loss 0.661 Best Val Acc 0.772 Best Fold Val Acc  0.772 Best Fold Val Loss 0.588
INFO:__main__:Model # Parameters 15202
INFO:__main__:MS 2/4 Epoch 293 Val loss 0.671 Val acc 0.653 Best Val Loss 0.601 Best Val Acc 0.743 Best Fold Val Acc  0.772 Best Fold Val Loss 0.588
INFO:__main__:Model # Parameters 59074
INFO:__main__:MS 3/4 Epoch 324 Val loss 1.469 Val acc 0.673 Best Val Loss 0.651 Best Val Acc 0.723 Best Fold Val Acc  0.772 Best Fold Val Loss 0.564
INFO:__main__:Model # Parameters 15202
INFO:__main__:MS 4/4 Epoch 328 Val loss 1.233 Val acc 0.634 Best Val Loss 0.584 Best Val Acc 0.723 Best Fold Val Acc  0.772 Best Fold Val Loss 0.564
INFO:__main__:Winner of Model Selection | hidden dim: 64 | dropout 0.5
INFO:__main__:Winner Best Val Accuracy 0.77228
INFO:__main__:Test 1/3 Epoch 300 Val loss 0.636 Val acc 0.653 Best Val Loss 0.582 Best Val Acc 0.792
INFO:__main__:Test 2/3 Epoch 347 Val loss 0.619 Val acc 0.634 Best Val Loss 0.563 Best Val Acc 0.752
INFO:__main__:Test 3/3 Epoch 292 Val loss 0.7 Val acc 0.683 Best Val Loss 0.618 Best Val Acc 0.752
INFO:__main__:Avg test acc 0.697, Agv test acc std 0.004
INFO:__main__:Cross-val iter:7 | Current average test accuracy across folds 0.72129
INFO:__main__:

INFO:__main__:------------------------------ITERATION 8------------------------------
INFO:__main__:Model # Parameters 59074
INFO:__main__:MS 1/4 Epoch 500 Val loss 0.836 Val acc 0.782 Best Val Loss 0.717 Best Val Acc 0.822 Best Fold Val Acc  0.822 Best Fold Val Loss 0.483
INFO:__main__:Model # Parameters 15202
INFO:__main__:MS 2/4 Epoch 310 Val loss 0.512 Val acc 0.762 Best Val Loss 0.486 Best Val Acc 0.792 Best Fold Val Acc  0.822 Best Fold Val Loss 0.483
INFO:__main__:Model # Parameters 59074
INFO:__main__:MS 3/4 Epoch 364 Val loss 1.034 Val acc 0.752 Best Val Loss 0.453 Best Val Acc 0.812 Best Fold Val Acc  0.822 Best Fold Val Loss 0.453
INFO:__main__:Model # Parameters 15202
INFO:__main__:MS 4/4 Epoch 500 Val loss 1.035 Val acc 0.733 Best Val Loss 0.633 Best Val Acc 0.802 Best Fold Val Acc  0.822 Best Fold Val Loss 0.453
INFO:__main__:Winner of Model Selection | hidden dim: 64 | dropout 0.5
INFO:__main__:Winner Best Val Accuracy 0.82178
INFO:__main__:Test 1/3 Epoch 383 Val loss 0.646 Val acc 0.762 Best Val Loss 0.542 Best Val Acc 0.802
INFO:__main__:Test 2/3 Epoch 500 Val loss 0.794 Val acc 0.733 Best Val Loss 0.501 Best Val Acc 0.812
INFO:__main__:Test 3/3 Epoch 500 Val loss 0.761 Val acc 0.762 Best Val Loss 0.496 Best Val Acc 0.812
INFO:__main__:Avg test acc 0.718, Agv test acc std 0.064
INFO:__main__:Cross-val iter:8 | Current average test accuracy across folds 0.72084
INFO:__main__:

INFO:__main__:------------------------------ITERATION 9------------------------------
INFO:__main__:Model # Parameters 59074
INFO:__main__:MS 1/4 Epoch 285 Val loss 0.737 Val acc 0.723 Best Val Loss 0.483 Best Val Acc 0.822 Best Fold Val Acc  0.822 Best Fold Val Loss 0.483
INFO:__main__:Model # Parameters 15202
INFO:__main__:MS 2/4 Epoch 316 Val loss 0.52 Val acc 0.782 Best Val Loss 0.451 Best Val Acc 0.842 Best Fold Val Acc  0.842 Best Fold Val Loss 0.451
INFO:__main__:Model # Parameters 59074
INFO:__main__:MS 3/4 Epoch 344 Val loss 1.648 Val acc 0.693 Best Val Loss 0.552 Best Val Acc 0.822 Best Fold Val Acc  0.842 Best Fold Val Loss 0.451
INFO:__main__:Model # Parameters 15202
INFO:__main__:MS 4/4 Epoch 256 Val loss 0.739 Val acc 0.693 Best Val Loss 0.431 Best Val Acc 0.832 Best Fold Val Acc  0.842 Best Fold Val Loss 0.431
INFO:__main__:Winner of Model Selection | hidden dim: 32 | dropout 0.5
INFO:__main__:Winner Best Val Accuracy 0.84158
INFO:__main__:Test 1/3 Epoch 319 Val loss 0.557 Val acc 0.782 Best Val Loss 0.487 Best Val Acc 0.812
INFO:__main__:Test 2/3 Epoch 319 Val loss 0.817 Val acc 0.752 Best Val Loss 0.508 Best Val Acc 0.802
INFO:__main__:Test 3/3 Epoch 317 Val loss 0.561 Val acc 0.762 Best Val Loss 0.501 Best Val Acc 0.832
INFO:__main__:Avg test acc 0.799, Agv test acc std 0.011
INFO:__main__:Cross-val iter:9 | Current average test accuracy across folds 0.72951
INFO:__main__:

INFO:__main__:------------------------------ITERATION 10------------------------------
INFO:__main__:Model # Parameters 59074
INFO:__main__:MS 1/4 Epoch 500 Val loss 1.543 Val acc 0.663 Best Val Loss 0.715 Best Val Acc 0.772 Best Fold Val Acc  0.772 Best Fold Val Loss 0.535
INFO:__main__:Model # Parameters 15202
INFO:__main__:MS 2/4 Epoch 338 Val loss 0.809 Val acc 0.663 Best Val Loss 0.586 Best Val Acc 0.733 Best Fold Val Acc  0.772 Best Fold Val Loss 0.535
INFO:__main__:Model # Parameters 59074
INFO:__main__:MS 3/4 Epoch 473 Val loss 2.444 Val acc 0.653 Best Val Loss 1.025 Best Val Acc 0.762 Best Fold Val Acc  0.772 Best Fold Val Loss 0.535
INFO:__main__:Model # Parameters 15202
INFO:__main__:MS 4/4 Epoch 364 Val loss 1.372 Val acc 0.703 Best Val Loss 0.787 Best Val Acc 0.743 Best Fold Val Acc  0.772 Best Fold Val Loss 0.535
INFO:__main__:Winner of Model Selection | hidden dim: 64 | dropout 0.5
INFO:__main__:Winner Best Val Accuracy 0.77228
INFO:__main__:Test 1/3 Epoch 500 Val loss 1.236 Val acc 0.693 Best Val Loss 1.103 Best Val Acc 0.772
INFO:__main__:Test 2/3 Epoch 286 Val loss 0.906 Val acc 0.673 Best Val Loss 0.559 Best Val Acc 0.743
INFO:__main__:Test 3/3 Epoch 500 Val loss 1.459 Val acc 0.673 Best Val Loss 0.622 Best Val Acc 0.752
INFO:__main__:Avg test acc 0.748, Agv test acc std 0.019
INFO:__main__:Cross-val iter:10 | Current average test accuracy across folds 0.73133
INFO:__main__:

INFO:__main__:AVERAGE TEST ACC ACROSS FOLDS 0.73133
INFO:__main__:STD ACROSS FOLDS 0.049061347403765845
