INFO:__main__:------------------------------ITERATION 1------------------------------
INFO:__main__:Model # Parameters 46147
INFO:__main__:MS 1/4 Epoch 315 Val loss 1.321 Val acc 0.504 Best Val Loss 0.953 Best Val Acc 0.548 Best Fold Val Acc  0.548 Best Fold Val Loss 0.943
INFO:__main__:Model # Parameters 12835
INFO:__main__:MS 2/4 Epoch 308 Val loss 1.106 Val acc 0.496 Best Val Loss 0.939 Best Val Acc 0.556 Best Fold Val Acc  0.556 Best Fold Val Loss 0.939
INFO:__main__:Model # Parameters 46147
INFO:__main__:MS 3/4 Epoch 309 Val loss 1.343 Val acc 0.489 Best Val Loss 0.956 Best Val Acc 0.563 Best Fold Val Acc  0.563 Best Fold Val Loss 0.939
INFO:__main__:Model # Parameters 12835
INFO:__main__:MS 4/4 Epoch 288 Val loss 1.238 Val acc 0.489 Best Val Loss 0.916 Best Val Acc 0.563 Best Fold Val Acc  0.563 Best Fold Val Loss 0.916
INFO:__main__:Winner of Model Selection | hidden dim: 64 | dropout 0
INFO:__main__:Winner Best Val Accuracy 0.56296
INFO:__main__:Test 1/3 Epoch 284 Val loss 1.129 Val acc 0.526 Best Val Loss 0.924 Best Val Acc 0.563
INFO:__main__:Test 2/3 Epoch 500 Val loss 1.223 Val acc 0.452 Best Val Loss 1.175 Best Val Acc 0.541
INFO:__main__:Test 3/3 Epoch 282 Val loss 1.146 Val acc 0.474 Best Val Loss 0.927 Best Val Acc 0.563
INFO:__main__:Avg test acc 0.511, Agv test acc std 0.021
INFO:__main__:Cross-val iter:1 | Current average test accuracy across folds 0.51111
INFO:__main__:

INFO:__main__:------------------------------ITERATION 2------------------------------
INFO:__main__:Model # Parameters 46147
INFO:__main__:MS 1/4 Epoch 308 Val loss 1.446 Val acc 0.504 Best Val Loss 0.935 Best Val Acc 0.585 Best Fold Val Acc  0.585 Best Fold Val Loss 0.935
INFO:__main__:Model # Parameters 12835
INFO:__main__:MS 2/4 Epoch 303 Val loss 1.053 Val acc 0.519 Best Val Loss 0.944 Best Val Acc 0.585 Best Fold Val Acc  0.585 Best Fold Val Loss 0.927
INFO:__main__:Model # Parameters 46147
INFO:__main__:MS 3/4 Epoch 308 Val loss 1.19 Val acc 0.519 Best Val Loss 0.955 Best Val Acc 0.578 Best Fold Val Acc  0.585 Best Fold Val Loss 0.918
INFO:__main__:Model # Parameters 12835
INFO:__main__:MS 4/4 Epoch 307 Val loss 1.066 Val acc 0.533 Best Val Loss 0.914 Best Val Acc 0.600 Best Fold Val Acc  0.600 Best Fold Val Loss 0.904
INFO:__main__:Winner of Model Selection | hidden dim: 32 | dropout 0
INFO:__main__:Winner Best Val Accuracy 0.60000
INFO:__main__:Test 1/3 Epoch 302 Val loss 1.095 Val acc 0.526 Best Val Loss 1.027 Best Val Acc 0.570
INFO:__main__:Test 2/3 Epoch 305 Val loss 1.094 Val acc 0.504 Best Val Loss 0.944 Best Val Acc 0.600
INFO:__main__:Test 3/3 Epoch 317 Val loss 0.99 Val acc 0.519 Best Val Loss 0.916 Best Val Acc 0.585
INFO:__main__:Avg test acc 0.507, Agv test acc std 0.016
INFO:__main__:Cross-val iter:2 | Current average test accuracy across folds 0.50889
INFO:__main__:

INFO:__main__:------------------------------ITERATION 3------------------------------
INFO:__main__:Model # Parameters 46147
INFO:__main__:MS 1/4 Epoch 282 Val loss 1.744 Val acc 0.489 Best Val Loss 1.038 Best Val Acc 0.563 Best Fold Val Acc  0.563 Best Fold Val Loss 1.003
INFO:__main__:Model # Parameters 12835
INFO:__main__:MS 2/4 Epoch 269 Val loss 1.318 Val acc 0.519 Best Val Loss 0.982 Best Val Acc 0.563 Best Fold Val Acc  0.563 Best Fold Val Loss 0.982
INFO:__main__:Model # Parameters 46147
INFO:__main__:MS 3/4 Epoch 500 Val loss 1.582 Val acc 0.511 Best Val Loss 1.422 Best Val Acc 0.563 Best Fold Val Acc  0.563 Best Fold Val Loss 0.982
INFO:__main__:Model # Parameters 12835
INFO:__main__:MS 4/4 Epoch 500 Val loss 1.554 Val acc 0.526 Best Val Loss 1.438 Best Val Acc 0.570 Best Fold Val Acc  0.570 Best Fold Val Loss 0.982
INFO:__main__:Winner of Model Selection | hidden dim: 32 | dropout 0
INFO:__main__:Winner Best Val Accuracy 0.57037
INFO:__main__:Test 1/3 Epoch 322 Val loss 1.429 Val acc 0.481 Best Val Loss 1.019 Best Val Acc 0.556
INFO:__main__:Test 2/3 Epoch 290 Val loss 1.259 Val acc 0.533 Best Val Loss 0.991 Best Val Acc 0.570
INFO:__main__:Test 3/3 Epoch 280 Val loss 1.225 Val acc 0.511 Best Val Loss 1.016 Best Val Acc 0.570
INFO:__main__:Avg test acc 0.556, Agv test acc std 0.011
INFO:__main__:Cross-val iter:3 | Current average test accuracy across folds 0.52444
INFO:__main__:

INFO:__main__:------------------------------ITERATION 4------------------------------
INFO:__main__:Model # Parameters 46147
INFO:__main__:MS 1/4 Epoch 309 Val loss 1.559 Val acc 0.415 Best Val Loss 1.022 Best Val Acc 0.511 Best Fold Val Acc  0.511 Best Fold Val Loss 1.015
INFO:__main__:Model # Parameters 12835
INFO:__main__:MS 2/4 Epoch 279 Val loss 1.355 Val acc 0.415 Best Val Loss 1.052 Best Val Acc 0.511 Best Fold Val Acc  0.511 Best Fold Val Loss 1.015
INFO:__main__:Model # Parameters 46147
INFO:__main__:MS 3/4 Epoch 500 Val loss 2.134 Val acc 0.459 Best Val Loss 1.837 Best Val Acc 0.496 Best Fold Val Acc  0.511 Best Fold Val Loss 0.990
INFO:__main__:Model # Parameters 12835
INFO:__main__:MS 4/4 Epoch 308 Val loss 1.42 Val acc 0.422 Best Val Loss 1.101 Best Val Acc 0.481 Best Fold Val Acc  0.511 Best Fold Val Loss 0.990
INFO:__main__:Winner of Model Selection | hidden dim: 64 | dropout 0.5
INFO:__main__:Winner Best Val Accuracy 0.51111
INFO:__main__:Test 1/3 Epoch 306 Val loss 1.746 Val acc 0.422 Best Val Loss 1.099 Best Val Acc 0.496
INFO:__main__:Test 2/3 Epoch 353 Val loss 1.692 Val acc 0.481 Best Val Loss 1.082 Best Val Acc 0.526
INFO:__main__:Test 3/3 Epoch 280 Val loss 1.84 Val acc 0.385 Best Val Loss 1.035 Best Val Acc 0.504
INFO:__main__:Avg test acc 0.562, Agv test acc std 0.014
INFO:__main__:Cross-val iter:4 | Current average test accuracy across folds 0.53389
INFO:__main__:

INFO:__main__:------------------------------ITERATION 5------------------------------
INFO:__main__:Model # Parameters 46147
INFO:__main__:MS 1/4 Epoch 500 Val loss 2.077 Val acc 0.519 Best Val Loss 1.553 Best Val Acc 0.548 Best Fold Val Acc  0.548 Best Fold Val Loss 0.956
INFO:__main__:Model # Parameters 12835
INFO:__main__:MS 2/4 Epoch 385 Val loss 1.107 Val acc 0.489 Best Val Loss 0.961 Best Val Acc 0.541 Best Fold Val Acc  0.548 Best Fold Val Loss 0.938
INFO:__main__:Model # Parameters 46147
INFO:__main__:MS 3/4 Epoch 259 Val loss 1.472 Val acc 0.511 Best Val Loss 0.954 Best Val Acc 0.556 Best Fold Val Acc  0.556 Best Fold Val Loss 0.938
INFO:__main__:Model # Parameters 12835
INFO:__main__:MS 4/4 Epoch 500 Val loss 1.503 Val acc 0.489 Best Val Loss 1.421 Best Val Acc 0.541 Best Fold Val Acc  0.556 Best Fold Val Loss 0.938
INFO:__main__:Winner of Model Selection | hidden dim: 64 | dropout 0
INFO:__main__:Winner Best Val Accuracy 0.55556
INFO:__main__:Test 1/3 Epoch 255 Val loss 1.7 Val acc 0.459 Best Val Loss 0.96 Best Val Acc 0.541
INFO:__main__:Test 2/3 Epoch 301 Val loss 1.757 Val acc 0.489 Best Val Loss 1.091 Best Val Acc 0.541
INFO:__main__:Test 3/3 Epoch 286 Val loss 1.688 Val acc 0.496 Best Val Loss 0.985 Best Val Acc 0.548
INFO:__main__:Avg test acc 0.496, Agv test acc std 0.011
INFO:__main__:Cross-val iter:5 | Current average test accuracy across folds 0.52622
INFO:__main__:

INFO:__main__:------------------------------ITERATION 6------------------------------
INFO:__main__:Model # Parameters 46147
INFO:__main__:MS 1/4 Epoch 308 Val loss 2.2 Val acc 0.437 Best Val Loss 1.044 Best Val Acc 0.481 Best Fold Val Acc  0.481 Best Fold Val Loss 1.024
INFO:__main__:Model # Parameters 12835
INFO:__main__:MS 2/4 Epoch 389 Val loss 1.377 Val acc 0.437 Best Val Loss 1.028 Best Val Acc 0.519 Best Fold Val Acc  0.519 Best Fold Val Loss 1.007
INFO:__main__:Model # Parameters 46147
INFO:__main__:MS 3/4 Epoch 471 Val loss 1.912 Val acc 0.481 Best Val Loss 1.772 Best Val Acc 0.496 Best Fold Val Acc  0.519 Best Fold Val Loss 1.007
INFO:__main__:Model # Parameters 12835
INFO:__main__:MS 4/4 Epoch 281 Val loss 1.533 Val acc 0.385 Best Val Loss 1.006 Best Val Acc 0.504 Best Fold Val Acc  0.519 Best Fold Val Loss 1.006
INFO:__main__:Winner of Model Selection | hidden dim: 32 | dropout 0.5
INFO:__main__:Winner Best Val Accuracy 0.51852
INFO:__main__:Test 1/3 Epoch 410 Val loss 1.955 Val acc 0.452 Best Val Loss 1.192 Best Val Acc 0.481
INFO:__main__:Test 2/3 Epoch 313 Val loss 1.459 Val acc 0.481 Best Val Loss 0.993 Best Val Acc 0.526
INFO:__main__:Test 3/3 Epoch 338 Val loss 1.575 Val acc 0.467 Best Val Loss 1.04 Best Val Acc 0.496
INFO:__main__:Avg test acc 0.547, Agv test acc std 0.011
INFO:__main__:Cross-val iter:6 | Current average test accuracy across folds 0.52963
INFO:__main__:

INFO:__main__:------------------------------ITERATION 7------------------------------
INFO:__main__:Model # Parameters 46147
INFO:__main__:MS 1/4 Epoch 284 Val loss 1.277 Val acc 0.526 Best Val Loss 0.905 Best Val Acc 0.570 Best Fold Val Acc  0.570 Best Fold Val Loss 0.905
INFO:__main__:Model # Parameters 12835
INFO:__main__:MS 2/4 Epoch 317 Val loss 1.697 Val acc 0.489 Best Val Loss 0.934 Best Val Acc 0.548 Best Fold Val Acc  0.570 Best Fold Val Loss 0.905
INFO:__main__:Model # Parameters 46147
INFO:__main__:MS 3/4 Epoch 476 Val loss 1.402 Val acc 0.489 Best Val Loss 1.053 Best Val Acc 0.526 Best Fold Val Acc  0.570 Best Fold Val Loss 0.905
INFO:__main__:Model # Parameters 12835
INFO:__main__:MS 4/4 Epoch 283 Val loss 1.078 Val acc 0.511 Best Val Loss 0.907 Best Val Acc 0.570 Best Fold Val Acc  0.570 Best Fold Val Loss 0.905
INFO:__main__:Winner of Model Selection | hidden dim: 64 | dropout 0.5
INFO:__main__:Winner Best Val Accuracy 0.57037
INFO:__main__:Test 1/3 Epoch 292 Val loss 1.335 Val acc 0.474 Best Val Loss 0.975 Best Val Acc 0.533
INFO:__main__:Test 2/3 Epoch 277 Val loss 1.286 Val acc 0.526 Best Val Loss 0.924 Best Val Acc 0.563
INFO:__main__:Test 3/3 Epoch 366 Val loss 1.283 Val acc 0.511 Best Val Loss 0.943 Best Val Acc 0.563
INFO:__main__:Avg test acc 0.398, Agv test acc std 0.011
INFO:__main__:Cross-val iter:7 | Current average test accuracy across folds 0.51079
INFO:__main__:

INFO:__main__:------------------------------ITERATION 8------------------------------
INFO:__main__:Model # Parameters 46147
INFO:__main__:MS 1/4 Epoch 318 Val loss 2.305 Val acc 0.496 Best Val Loss 1.03 Best Val Acc 0.533 Best Fold Val Acc  0.533 Best Fold Val Loss 0.974
INFO:__main__:Model # Parameters 12835
INFO:__main__:MS 2/4 Epoch 381 Val loss 2.008 Val acc 0.459 Best Val Loss 1.07 Best Val Acc 0.526 Best Fold Val Acc  0.533 Best Fold Val Loss 0.974
INFO:__main__:Model # Parameters 46147
INFO:__main__:MS 3/4 Epoch 370 Val loss 1.647 Val acc 0.444 Best Val Loss 1.155 Best Val Acc 0.533 Best Fold Val Acc  0.533 Best Fold Val Loss 0.974
INFO:__main__:Model # Parameters 12835
INFO:__main__:MS 4/4 Epoch 328 Val loss 1.535 Val acc 0.474 Best Val Loss 1.048 Best Val Acc 0.519 Best Fold Val Acc  0.533 Best Fold Val Loss 0.974
INFO:__main__:Winner of Model Selection | hidden dim: 64 | dropout 0.5
INFO:__main__:Winner Best Val Accuracy 0.53333
INFO:__main__:Test 1/3 Epoch 362 Val loss 2.215 Val acc 0.459 Best Val Loss 1.088 Best Val Acc 0.533
INFO:__main__:Test 2/3 Epoch 291 Val loss 2.022 Val acc 0.474 Best Val Loss 0.979 Best Val Acc 0.526
INFO:__main__:Test 3/3 Epoch 278 Val loss 1.744 Val acc 0.489 Best Val Loss 0.967 Best Val Acc 0.533
INFO:__main__:Avg test acc 0.511, Agv test acc std 0.006
INFO:__main__:Cross-val iter:8 | Current average test accuracy across folds 0.51083
INFO:__main__:

INFO:__main__:------------------------------ITERATION 9------------------------------
INFO:__main__:Model # Parameters 46147
INFO:__main__:MS 1/4 Epoch 288 Val loss 1.966 Val acc 0.496 Best Val Loss 0.935 Best Val Acc 0.585 Best Fold Val Acc  0.585 Best Fold Val Loss 0.935
INFO:__main__:Model # Parameters 12835
INFO:__main__:MS 2/4 Epoch 348 Val loss 1.462 Val acc 0.496 Best Val Loss 1.106 Best Val Acc 0.563 Best Fold Val Acc  0.585 Best Fold Val Loss 0.935
INFO:__main__:Model # Parameters 46147
INFO:__main__:MS 3/4 Epoch 366 Val loss 1.717 Val acc 0.489 Best Val Loss 1.234 Best Val Acc 0.548 Best Fold Val Acc  0.585 Best Fold Val Loss 0.935
INFO:__main__:Model # Parameters 12835
INFO:__main__:MS 4/4 Epoch 309 Val loss 1.481 Val acc 0.526 Best Val Loss 0.993 Best Val Acc 0.570 Best Fold Val Acc  0.585 Best Fold Val Loss 0.935
INFO:__main__:Winner of Model Selection | hidden dim: 64 | dropout 0.5
INFO:__main__:Winner Best Val Accuracy 0.58519
INFO:__main__:Test 1/3 Epoch 273 Val loss 1.743 Val acc 0.533 Best Val Loss 0.925 Best Val Acc 0.593
INFO:__main__:Test 2/3 Epoch 354 Val loss 2.153 Val acc 0.511 Best Val Loss 1.048 Best Val Acc 0.570
INFO:__main__:Test 3/3 Epoch 318 Val loss 1.844 Val acc 0.467 Best Val Loss 1.024 Best Val Acc 0.563
INFO:__main__:Avg test acc 0.478, Agv test acc std 0.014
INFO:__main__:Cross-val iter:9 | Current average test accuracy across folds 0.50716
INFO:__main__:

INFO:__main__:------------------------------ITERATION 10------------------------------
INFO:__main__:Model # Parameters 46147
INFO:__main__:MS 1/4 Epoch 402 Val loss 1.913 Val acc 0.496 Best Val Loss 1.294 Best Val Acc 0.556 Best Fold Val Acc  0.556 Best Fold Val Loss 1.049
INFO:__main__:Model # Parameters 12835
INFO:__main__:MS 2/4 Epoch 446 Val loss 2.903 Val acc 0.496 Best Val Loss 1.32 Best Val Acc 0.533 Best Fold Val Acc  0.556 Best Fold Val Loss 1.042
INFO:__main__:Model # Parameters 46147
INFO:__main__:MS 3/4 Epoch 265 Val loss 2.03 Val acc 0.496 Best Val Loss 0.994 Best Val Acc 0.541 Best Fold Val Acc  0.556 Best Fold Val Loss 0.994
INFO:__main__:Model # Parameters 12835
INFO:__main__:MS 4/4 Epoch 419 Val loss 1.683 Val acc 0.489 Best Val Loss 1.337 Best Val Acc 0.548 Best Fold Val Acc  0.556 Best Fold Val Loss 0.983
INFO:__main__:Winner of Model Selection | hidden dim: 64 | dropout 0.5
INFO:__main__:Winner Best Val Accuracy 0.55556
INFO:__main__:Test 1/3 Epoch 370 Val loss 2.764 Val acc 0.496 Best Val Loss 1.2 Best Val Acc 0.556
INFO:__main__:Test 2/3 Epoch 297 Val loss 2.414 Val acc 0.496 Best Val Loss 1.117 Best Val Acc 0.556
INFO:__main__:Test 3/3 Epoch 324 Val loss 2.549 Val acc 0.474 Best Val Loss 1.163 Best Val Acc 0.563
INFO:__main__:Avg test acc 0.502, Agv test acc std 0.014
INFO:__main__:Cross-val iter:10 | Current average test accuracy across folds 0.50667
INFO:__main__:

INFO:__main__:AVERAGE TEST ACC ACROSS FOLDS 0.50667
INFO:__main__:STD ACROSS FOLDS 0.04466611387164839
