INFO:__main__:------------------------------ITERATION 1------------------------------
INFO:__main__:Model # Parameters 62723
INFO:__main__:MS 1/4 Epoch 500 Val loss 1.871 Val acc 0.489 Best Val Loss 1.274 Best Val Acc 0.533 Best Fold Val Acc  0.533 Best Fold Val Loss 0.961
INFO:__main__:Model # Parameters 17027
INFO:__main__:MS 2/4 Epoch 273 Val loss 1.056 Val acc 0.481 Best Val Loss 0.984 Best Val Acc 0.548 Best Fold Val Acc  0.548 Best Fold Val Loss 0.961
INFO:__main__:Model # Parameters 62723
INFO:__main__:MS 3/4 Epoch 500 Val loss 1.317 Val acc 0.459 Best Val Loss 1.054 Best Val Acc 0.541 Best Fold Val Acc  0.548 Best Fold Val Loss 0.959
INFO:__main__:Model # Parameters 17027
INFO:__main__:MS 4/4 Epoch 258 Val loss 1.276 Val acc 0.467 Best Val Loss 0.979 Best Val Acc 0.541 Best Fold Val Acc  0.548 Best Fold Val Loss 0.959
INFO:__main__:Winner of Model Selection | hidden dim: 32 | dropout 0.5
INFO:__main__:Winner Best Val Accuracy 0.54815
INFO:__main__:Test 1/3 Epoch 277 Val loss 1.029 Val acc 0.496 Best Val Loss 0.955 Best Val Acc 0.541
INFO:__main__:Test 2/3 Epoch 282 Val loss 1.128 Val acc 0.481 Best Val Loss 0.957 Best Val Acc 0.548
INFO:__main__:Test 3/3 Epoch 310 Val loss 0.981 Val acc 0.496 Best Val Loss 0.948 Best Val Acc 0.548
INFO:__main__:Avg test acc 0.498, Agv test acc std 0.011
INFO:__main__:Cross-val iter:1 | Current average test accuracy across folds 0.49778
INFO:__main__:

INFO:__main__:------------------------------ITERATION 2------------------------------
INFO:__main__:Model # Parameters 62723
INFO:__main__:MS 1/4 Epoch 259 Val loss 1.034 Val acc 0.533 Best Val Loss 0.952 Best Val Acc 0.563 Best Fold Val Acc  0.563 Best Fold Val Loss 0.952
INFO:__main__:Model # Parameters 17027
INFO:__main__:MS 2/4 Epoch 456 Val loss 1.106 Val acc 0.504 Best Val Loss 0.917 Best Val Acc 0.563 Best Fold Val Acc  0.563 Best Fold Val Loss 0.912
INFO:__main__:Model # Parameters 62723
INFO:__main__:MS 3/4 Epoch 343 Val loss 1.167 Val acc 0.526 Best Val Loss 0.951 Best Val Acc 0.593 Best Fold Val Acc  0.593 Best Fold Val Loss 0.899
INFO:__main__:Model # Parameters 17027
INFO:__main__:MS 4/4 Epoch 339 Val loss 1.085 Val acc 0.526 Best Val Loss 0.922 Best Val Acc 0.578 Best Fold Val Acc  0.593 Best Fold Val Loss 0.899
INFO:__main__:Winner of Model Selection | hidden dim: 64 | dropout 0
INFO:__main__:Winner Best Val Accuracy 0.59259
INFO:__main__:Test 1/3 Epoch 500 Val loss 1.187 Val acc 0.533 Best Val Loss 1.069 Best Val Acc 0.563
INFO:__main__:Test 2/3 Epoch 350 Val loss 1.008 Val acc 0.533 Best Val Loss 0.936 Best Val Acc 0.630
INFO:__main__:Test 3/3 Epoch 337 Val loss 1.101 Val acc 0.519 Best Val Loss 0.94 Best Val Acc 0.600
INFO:__main__:Avg test acc 0.518, Agv test acc std 0.003
INFO:__main__:Cross-val iter:2 | Current average test accuracy across folds 0.50778
INFO:__main__:

INFO:__main__:------------------------------ITERATION 3------------------------------
INFO:__main__:Model # Parameters 62723
INFO:__main__:MS 1/4 Epoch 500 Val loss 1.838 Val acc 0.511 Best Val Loss 1.451 Best Val Acc 0.541 Best Fold Val Acc  0.541 Best Fold Val Loss 0.995
INFO:__main__:Model # Parameters 17027
INFO:__main__:MS 2/4 Epoch 500 Val loss 1.32 Val acc 0.519 Best Val Loss 1.272 Best Val Acc 0.563 Best Fold Val Acc  0.563 Best Fold Val Loss 0.995
INFO:__main__:Model # Parameters 62723
INFO:__main__:MS 3/4 Epoch 361 Val loss 1.556 Val acc 0.496 Best Val Loss 1.095 Best Val Acc 0.563 Best Fold Val Acc  0.563 Best Fold Val Loss 0.995
INFO:__main__:Model # Parameters 17027
INFO:__main__:MS 4/4 Epoch 404 Val loss 1.209 Val acc 0.548 Best Val Loss 1.101 Best Val Acc 0.578 Best Fold Val Acc  0.578 Best Fold Val Loss 0.995
INFO:__main__:Winner of Model Selection | hidden dim: 32 | dropout 0
INFO:__main__:Winner Best Val Accuracy 0.57778
INFO:__main__:Test 1/3 Epoch 332 Val loss 1.325 Val acc 0.504 Best Val Loss 1.002 Best Val Acc 0.563
INFO:__main__:Test 2/3 Epoch 500 Val loss 1.298 Val acc 0.511 Best Val Loss 1.142 Best Val Acc 0.578
INFO:__main__:Test 3/3 Epoch 405 Val loss 1.492 Val acc 0.489 Best Val Loss 1.132 Best Val Acc 0.563
INFO:__main__:Avg test acc 0.556, Agv test acc std 0.035
INFO:__main__:Cross-val iter:3 | Current average test accuracy across folds 0.52370
INFO:__main__:

INFO:__main__:------------------------------ITERATION 4------------------------------
INFO:__main__:Model # Parameters 62723
INFO:__main__:MS 1/4 Epoch 314 Val loss 1.645 Val acc 0.43 Best Val Loss 1.012 Best Val Acc 0.533 Best Fold Val Acc  0.533 Best Fold Val Loss 0.989
INFO:__main__:Model # Parameters 17027
INFO:__main__:MS 2/4 Epoch 411 Val loss 1.265 Val acc 0.43 Best Val Loss 1.036 Best Val Acc 0.504 Best Fold Val Acc  0.533 Best Fold Val Loss 0.989
INFO:__main__:Model # Parameters 62723
INFO:__main__:MS 3/4 Epoch 500 Val loss 1.831 Val acc 0.43 Best Val Loss 1.429 Best Val Acc 0.489 Best Fold Val Acc  0.533 Best Fold Val Loss 0.989
INFO:__main__:Model # Parameters 17027
INFO:__main__:MS 4/4 Epoch 327 Val loss 1.364 Val acc 0.4 Best Val Loss 1.024 Best Val Acc 0.504 Best Fold Val Acc  0.533 Best Fold Val Loss 0.989
INFO:__main__:Winner of Model Selection | hidden dim: 64 | dropout 0.5
INFO:__main__:Winner Best Val Accuracy 0.53333
INFO:__main__:Test 1/3 Epoch 326 Val loss 2.04 Val acc 0.378 Best Val Loss 0.999 Best Val Acc 0.519
INFO:__main__:Test 2/3 Epoch 296 Val loss 1.579 Val acc 0.422 Best Val Loss 0.999 Best Val Acc 0.519
INFO:__main__:Test 3/3 Epoch 361 Val loss 1.603 Val acc 0.43 Best Val Loss 1.1 Best Val Acc 0.511
INFO:__main__:Avg test acc 0.553, Agv test acc std 0.005
INFO:__main__:Cross-val iter:4 | Current average test accuracy across folds 0.53111
INFO:__main__:

INFO:__main__:------------------------------ITERATION 5------------------------------
INFO:__main__:Model # Parameters 62723
INFO:__main__:MS 1/4 Epoch 327 Val loss 1.662 Val acc 0.474 Best Val Loss 0.952 Best Val Acc 0.556 Best Fold Val Acc  0.556 Best Fold Val Loss 0.944
INFO:__main__:Model # Parameters 17027
INFO:__main__:MS 2/4 Epoch 487 Val loss 1.389 Val acc 0.496 Best Val Loss 0.967 Best Val Acc 0.563 Best Fold Val Acc  0.563 Best Fold Val Loss 0.939
INFO:__main__:Model # Parameters 62723
INFO:__main__:MS 3/4 Epoch 396 Val loss 1.761 Val acc 0.511 Best Val Loss 1.193 Best Val Acc 0.548 Best Fold Val Acc  0.563 Best Fold Val Loss 0.939
INFO:__main__:Model # Parameters 17027
INFO:__main__:MS 4/4 Epoch 367 Val loss 1.193 Val acc 0.504 Best Val Loss 0.972 Best Val Acc 0.556 Best Fold Val Acc  0.563 Best Fold Val Loss 0.933
INFO:__main__:Winner of Model Selection | hidden dim: 32 | dropout 0.5
INFO:__main__:Winner Best Val Accuracy 0.56296
INFO:__main__:Test 1/3 Epoch 500 Val loss 1.417 Val acc 0.474 Best Val Loss 1.232 Best Val Acc 0.556
INFO:__main__:Test 2/3 Epoch 500 Val loss 1.234 Val acc 0.533 Best Val Loss 1.205 Best Val Acc 0.578
INFO:__main__:Test 3/3 Epoch 417 Val loss 1.344 Val acc 0.533 Best Val Loss 0.966 Best Val Acc 0.578
INFO:__main__:Avg test acc 0.447, Agv test acc std 0.027
INFO:__main__:Cross-val iter:5 | Current average test accuracy across folds 0.51422
INFO:__main__:

INFO:__main__:------------------------------ITERATION 6------------------------------
INFO:__main__:Model # Parameters 62723
INFO:__main__:MS 1/4 Epoch 345 Val loss 2.17 Val acc 0.474 Best Val Loss 1.187 Best Val Acc 0.496 Best Fold Val Acc  0.496 Best Fold Val Loss 1.019
INFO:__main__:Model # Parameters 17027
INFO:__main__:MS 2/4 Epoch 497 Val loss 1.691 Val acc 0.415 Best Val Loss 1.177 Best Val Acc 0.496 Best Fold Val Acc  0.496 Best Fold Val Loss 1.019
INFO:__main__:Model # Parameters 62723
INFO:__main__:MS 3/4 Epoch 379 Val loss 1.781 Val acc 0.444 Best Val Loss 1.434 Best Val Acc 0.511 Best Fold Val Acc  0.511 Best Fold Val Loss 1.000
INFO:__main__:Model # Parameters 17027
INFO:__main__:MS 4/4 Epoch 440 Val loss 1.437 Val acc 0.467 Best Val Loss 1.138 Best Val Acc 0.526 Best Fold Val Acc  0.526 Best Fold Val Loss 1.000
INFO:__main__:Winner of Model Selection | hidden dim: 32 | dropout 0
INFO:__main__:Winner Best Val Accuracy 0.52593
INFO:__main__:Test 1/3 Epoch 500 Val loss 1.811 Val acc 0.459 Best Val Loss 1.605 Best Val Acc 0.519
INFO:__main__:Test 2/3 Epoch 325 Val loss 1.444 Val acc 0.437 Best Val Loss 1.051 Best Val Acc 0.511
INFO:__main__:Test 3/3 Epoch 500 Val loss 1.635 Val acc 0.444 Best Val Loss 1.478 Best Val Acc 0.519
INFO:__main__:Avg test acc 0.533, Agv test acc std 0.009
INFO:__main__:Cross-val iter:6 | Current average test accuracy across folds 0.51741
INFO:__main__:

INFO:__main__:------------------------------ITERATION 7------------------------------
INFO:__main__:Model # Parameters 62723
INFO:__main__:MS 1/4 Epoch 500 Val loss 1.83 Val acc 0.489 Best Val Loss 1.563 Best Val Acc 0.526 Best Fold Val Acc  0.526 Best Fold Val Loss 0.955
INFO:__main__:Model # Parameters 17027
INFO:__main__:MS 2/4 Epoch 500 Val loss 1.153 Val acc 0.444 Best Val Loss 0.909 Best Val Acc 0.548 Best Fold Val Acc  0.548 Best Fold Val Loss 0.909
INFO:__main__:Model # Parameters 62723
INFO:__main__:MS 3/4 Epoch 288 Val loss 1.193 Val acc 0.489 Best Val Loss 0.967 Best Val Acc 0.541 Best Fold Val Acc  0.548 Best Fold Val Loss 0.909
INFO:__main__:Model # Parameters 17027
INFO:__main__:MS 4/4 Epoch 296 Val loss 1.206 Val acc 0.511 Best Val Loss 0.936 Best Val Acc 0.570 Best Fold Val Acc  0.570 Best Fold Val Loss 0.909
INFO:__main__:Winner of Model Selection | hidden dim: 32 | dropout 0
INFO:__main__:Winner Best Val Accuracy 0.57037
INFO:__main__:Test 1/3 Epoch 292 Val loss 1.168 Val acc 0.474 Best Val Loss 0.912 Best Val Acc 0.556
INFO:__main__:Test 2/3 Epoch 342 Val loss 1.267 Val acc 0.467 Best Val Loss 0.922 Best Val Acc 0.533
INFO:__main__:Test 3/3 Epoch 399 Val loss 1.17 Val acc 0.467 Best Val Loss 1.062 Best Val Acc 0.548
INFO:__main__:Avg test acc 0.429, Agv test acc std 0.021
INFO:__main__:Cross-val iter:7 | Current average test accuracy across folds 0.50476
INFO:__main__:

INFO:__main__:------------------------------ITERATION 8------------------------------
INFO:__main__:Model # Parameters 62723
INFO:__main__:MS 1/4 Epoch 330 Val loss 1.922 Val acc 0.459 Best Val Loss 0.971 Best Val Acc 0.541 Best Fold Val Acc  0.541 Best Fold Val Loss 0.963
INFO:__main__:Model # Parameters 17027
INFO:__main__:MS 2/4 Epoch 482 Val loss 1.293 Val acc 0.474 Best Val Loss 1.08 Best Val Acc 0.526 Best Fold Val Acc  0.541 Best Fold Val Loss 0.963
INFO:__main__:Model # Parameters 62723
INFO:__main__:MS 3/4 Epoch 375 Val loss 1.774 Val acc 0.474 Best Val Loss 1.07 Best Val Acc 0.526 Best Fold Val Acc  0.541 Best Fold Val Loss 0.963
INFO:__main__:Model # Parameters 17027
INFO:__main__:MS 4/4 Epoch 344 Val loss 1.322 Val acc 0.504 Best Val Loss 1.005 Best Val Acc 0.548 Best Fold Val Acc  0.548 Best Fold Val Loss 0.963
INFO:__main__:Winner of Model Selection | hidden dim: 32 | dropout 0
INFO:__main__:Winner Best Val Accuracy 0.54815
INFO:__main__:Test 1/3 Epoch 273 Val loss 1.515 Val acc 0.481 Best Val Loss 0.96 Best Val Acc 0.563
INFO:__main__:Test 2/3 Epoch 299 Val loss 1.455 Val acc 0.489 Best Val Loss 0.972 Best Val Acc 0.541
INFO:__main__:Test 3/3 Epoch 311 Val loss 1.464 Val acc 0.459 Best Val Loss 0.979 Best Val Acc 0.533
INFO:__main__:Avg test acc 0.516, Agv test acc std 0.003
INFO:__main__:Cross-val iter:8 | Current average test accuracy across folds 0.50611
INFO:__main__:

INFO:__main__:------------------------------ITERATION 9------------------------------
INFO:__main__:Model # Parameters 62723
INFO:__main__:MS 1/4 Epoch 398 Val loss 1.969 Val acc 0.489 Best Val Loss 1.071 Best Val Acc 0.585 Best Fold Val Acc  0.585 Best Fold Val Loss 0.934
INFO:__main__:Model # Parameters 17027
INFO:__main__:MS 2/4 Epoch 494 Val loss 1.63 Val acc 0.467 Best Val Loss 1.248 Best Val Acc 0.563 Best Fold Val Acc  0.585 Best Fold Val Loss 0.934
INFO:__main__:Model # Parameters 62723
INFO:__main__:MS 3/4 Epoch 500 Val loss 1.771 Val acc 0.496 Best Val Loss 1.208 Best Val Acc 0.570 Best Fold Val Acc  0.585 Best Fold Val Loss 0.934
INFO:__main__:Model # Parameters 17027
INFO:__main__:MS 4/4 Epoch 500 Val loss 1.135 Val acc 0.533 Best Val Loss 1.033 Best Val Acc 0.607 Best Fold Val Acc  0.607 Best Fold Val Loss 0.934
INFO:__main__:Winner of Model Selection | hidden dim: 32 | dropout 0
INFO:__main__:Winner Best Val Accuracy 0.60741
INFO:__main__:Test 1/3 Epoch 363 Val loss 1.407 Val acc 0.481 Best Val Loss 0.952 Best Val Acc 0.578
INFO:__main__:Test 2/3 Epoch 456 Val loss 1.62 Val acc 0.526 Best Val Loss 1.083 Best Val Acc 0.585
INFO:__main__:Test 3/3 Epoch 496 Val loss 1.278 Val acc 0.511 Best Val Loss 1.03 Best Val Acc 0.578
INFO:__main__:Avg test acc 0.467, Agv test acc std 0.016
INFO:__main__:Cross-val iter:9 | Current average test accuracy across folds 0.50173
INFO:__main__:

INFO:__main__:------------------------------ITERATION 10------------------------------
INFO:__main__:Model # Parameters 62723
INFO:__main__:MS 1/4 Epoch 367 Val loss 1.908 Val acc 0.504 Best Val Loss 1.134 Best Val Acc 0.533 Best Fold Val Acc  0.533 Best Fold Val Loss 0.963
INFO:__main__:Model # Parameters 17027
INFO:__main__:MS 2/4 Epoch 500 Val loss 1.724 Val acc 0.504 Best Val Loss 1.423 Best Val Acc 0.541 Best Fold Val Acc  0.541 Best Fold Val Loss 0.954
INFO:__main__:Model # Parameters 62723
INFO:__main__:MS 3/4 Epoch 500 Val loss 1.64 Val acc 0.526 Best Val Loss 1.58 Best Val Acc 0.556 Best Fold Val Acc  0.556 Best Fold Val Loss 0.952
INFO:__main__:Model # Parameters 17027
INFO:__main__:MS 4/4 Epoch 354 Val loss 1.608 Val acc 0.519 Best Val Loss 1.113 Best Val Acc 0.563 Best Fold Val Acc  0.563 Best Fold Val Loss 0.952
INFO:__main__:Winner of Model Selection | hidden dim: 32 | dropout 0
INFO:__main__:Winner Best Val Accuracy 0.56296
INFO:__main__:Test 1/3 Epoch 379 Val loss 1.433 Val acc 0.519 Best Val Loss 0.988 Best Val Acc 0.563
INFO:__main__:Test 2/3 Epoch 500 Val loss 1.597 Val acc 0.526 Best Val Loss 1.321 Best Val Acc 0.563
INFO:__main__:Test 3/3 Epoch 421 Val loss 1.564 Val acc 0.526 Best Val Loss 1.145 Best Val Acc 0.563
INFO:__main__:Avg test acc 0.469, Agv test acc std 0.013
INFO:__main__:Cross-val iter:10 | Current average test accuracy across folds 0.49844
INFO:__main__:

INFO:__main__:AVERAGE TEST ACC ACROSS FOLDS 0.49844
INFO:__main__:STD ACROSS FOLDS 0.04190583211716597
