INFO:__main__:------------------------------ITERATION 1------------------------------
INFO:__main__:Model # Parameters 46019
INFO:__main__:MS 1/4 Epoch 283 Val loss 1.13 Val acc 0.459 Best Val Loss 0.951 Best Val Acc 0.541 Best Fold Val Acc  0.541 Best Fold Val Loss 0.946
INFO:__main__:Model # Parameters 12771
INFO:__main__:MS 2/4 Epoch 500 Val loss 1.031 Val acc 0.467 Best Val Loss 0.966 Best Val Acc 0.526 Best Fold Val Acc  0.541 Best Fold Val Loss 0.934
INFO:__main__:Model # Parameters 46019
INFO:__main__:MS 3/4 Epoch 306 Val loss 1.137 Val acc 0.444 Best Val Loss 0.967 Best Val Acc 0.563 Best Fold Val Acc  0.563 Best Fold Val Loss 0.934
INFO:__main__:Model # Parameters 12771
INFO:__main__:MS 4/4 Epoch 322 Val loss 1.013 Val acc 0.511 Best Val Loss 0.912 Best Val Acc 0.578 Best Fold Val Acc  0.578 Best Fold Val Loss 0.911
INFO:__main__:Winner of Model Selection | hidden dim: 32 | dropout 0
INFO:__main__:Winner Best Val Accuracy 0.57778
INFO:__main__:Test 1/3 Epoch 322 Val loss 1.043 Val acc 0.437 Best Val Loss 0.922 Best Val Acc 0.548
INFO:__main__:Test 2/3 Epoch 300 Val loss 1.092 Val acc 0.496 Best Val Loss 0.956 Best Val Acc 0.585
INFO:__main__:Test 3/3 Epoch 458 Val loss 1.067 Val acc 0.481 Best Val Loss 1.002 Best Val Acc 0.548
INFO:__main__:Avg test acc 0.509, Agv test acc std 0.027
INFO:__main__:Cross-val iter:1 | Current average test accuracy across folds 0.50889
INFO:__main__:

INFO:__main__:------------------------------ITERATION 2------------------------------
INFO:__main__:Model # Parameters 46019
INFO:__main__:MS 1/4 Epoch 500 Val loss 1.206 Val acc 0.533 Best Val Loss 1.351 Best Val Acc 0.556 Best Fold Val Acc  0.556 Best Fold Val Loss 0.926
INFO:__main__:Model # Parameters 12771
INFO:__main__:MS 2/4 Epoch 336 Val loss 0.995 Val acc 0.519 Best Val Loss 0.948 Best Val Acc 0.570 Best Fold Val Acc  0.570 Best Fold Val Loss 0.923
INFO:__main__:Model # Parameters 46019
INFO:__main__:MS 3/4 Epoch 343 Val loss 1.085 Val acc 0.519 Best Val Loss 0.949 Best Val Acc 0.570 Best Fold Val Acc  0.570 Best Fold Val Loss 0.923
INFO:__main__:Model # Parameters 12771
INFO:__main__:MS 4/4 Epoch 294 Val loss 1.045 Val acc 0.504 Best Val Loss 0.916 Best Val Acc 0.585 Best Fold Val Acc  0.585 Best Fold Val Loss 0.914
INFO:__main__:Winner of Model Selection | hidden dim: 32 | dropout 0
INFO:__main__:Winner Best Val Accuracy 0.58519
INFO:__main__:Test 1/3 Epoch 274 Val loss 1.025 Val acc 0.511 Best Val Loss 0.934 Best Val Acc 0.563
INFO:__main__:Test 2/3 Epoch 360 Val loss 1.095 Val acc 0.519 Best Val Loss 0.942 Best Val Acc 0.556
INFO:__main__:Test 3/3 Epoch 312 Val loss 1.047 Val acc 0.496 Best Val Loss 0.936 Best Val Acc 0.578
INFO:__main__:Avg test acc 0.509, Agv test acc std 0.014
INFO:__main__:Cross-val iter:2 | Current average test accuracy across folds 0.50889
INFO:__main__:

INFO:__main__:------------------------------ITERATION 3------------------------------
INFO:__main__:Model # Parameters 46019
INFO:__main__:MS 1/4 Epoch 269 Val loss 1.488 Val acc 0.519 Best Val Loss 1.008 Best Val Acc 0.556 Best Fold Val Acc  0.556 Best Fold Val Loss 0.995
INFO:__main__:Model # Parameters 12771
INFO:__main__:MS 2/4 Epoch 287 Val loss 1.13 Val acc 0.489 Best Val Loss 1.004 Best Val Acc 0.548 Best Fold Val Acc  0.556 Best Fold Val Loss 0.995
INFO:__main__:Model # Parameters 46019
INFO:__main__:MS 3/4 Epoch 265 Val loss 1.23 Val acc 0.511 Best Val Loss 0.987 Best Val Acc 0.563 Best Fold Val Acc  0.563 Best Fold Val Loss 0.987
INFO:__main__:Model # Parameters 12771
INFO:__main__:MS 4/4 Epoch 466 Val loss 1.225 Val acc 0.474 Best Val Loss 1.061 Best Val Acc 0.556 Best Fold Val Acc  0.563 Best Fold Val Loss 0.987
INFO:__main__:Winner of Model Selection | hidden dim: 64 | dropout 0
INFO:__main__:Winner Best Val Accuracy 0.56296
INFO:__main__:Test 1/3 Epoch 253 Val loss 1.354 Val acc 0.437 Best Val Loss 1.033 Best Val Acc 0.556
INFO:__main__:Test 2/3 Epoch 266 Val loss 1.35 Val acc 0.519 Best Val Loss 0.977 Best Val Acc 0.563
INFO:__main__:Test 3/3 Epoch 295 Val loss 1.238 Val acc 0.511 Best Val Loss 1.009 Best Val Acc 0.556
INFO:__main__:Avg test acc 0.549, Agv test acc std 0.011
INFO:__main__:Cross-val iter:3 | Current average test accuracy across folds 0.52222
INFO:__main__:

INFO:__main__:------------------------------ITERATION 4------------------------------
INFO:__main__:Model # Parameters 46019
INFO:__main__:MS 1/4 Epoch 372 Val loss 1.653 Val acc 0.415 Best Val Loss 1.032 Best Val Acc 0.481 Best Fold Val Acc  0.481 Best Fold Val Loss 1.003
INFO:__main__:Model # Parameters 12771
INFO:__main__:MS 2/4 Epoch 300 Val loss 1.154 Val acc 0.363 Best Val Loss 1.038 Best Val Acc 0.496 Best Fold Val Acc  0.496 Best Fold Val Loss 1.003
INFO:__main__:Model # Parameters 46019
INFO:__main__:MS 3/4 Epoch 269 Val loss 1.425 Val acc 0.43 Best Val Loss 1.072 Best Val Acc 0.474 Best Fold Val Acc  0.496 Best Fold Val Loss 1.003
INFO:__main__:Model # Parameters 12771
INFO:__main__:MS 4/4 Epoch 314 Val loss 1.314 Val acc 0.422 Best Val Loss 1.083 Best Val Acc 0.481 Best Fold Val Acc  0.496 Best Fold Val Loss 1.003
INFO:__main__:Winner of Model Selection | hidden dim: 32 | dropout 0.5
INFO:__main__:Winner Best Val Accuracy 0.49630
INFO:__main__:Test 1/3 Epoch 270 Val loss 1.089 Val acc 0.43 Best Val Loss 1.015 Best Val Acc 0.496
INFO:__main__:Test 2/3 Epoch 418 Val loss 1.19 Val acc 0.378 Best Val Loss 1.027 Best Val Acc 0.489
INFO:__main__:Test 3/3 Epoch 319 Val loss 1.153 Val acc 0.393 Best Val Loss 1.063 Best Val Acc 0.481
INFO:__main__:Avg test acc 0.573, Agv test acc std 0.005
INFO:__main__:Cross-val iter:4 | Current average test accuracy across folds 0.53500
INFO:__main__:

INFO:__main__:------------------------------ITERATION 5------------------------------
INFO:__main__:Model # Parameters 46019
INFO:__main__:MS 1/4 Epoch 500 Val loss 1.704 Val acc 0.519 Best Val Loss 1.137 Best Val Acc 0.548 Best Fold Val Acc  0.548 Best Fold Val Loss 0.925
INFO:__main__:Model # Parameters 12771
INFO:__main__:MS 2/4 Epoch 500 Val loss 1.005 Val acc 0.519 Best Val Loss 1.02 Best Val Acc 0.548 Best Fold Val Acc  0.548 Best Fold Val Loss 0.925
INFO:__main__:Model # Parameters 46019
INFO:__main__:MS 3/4 Epoch 262 Val loss 1.176 Val acc 0.452 Best Val Loss 0.975 Best Val Acc 0.556 Best Fold Val Acc  0.556 Best Fold Val Loss 0.925
INFO:__main__:Model # Parameters 12771
INFO:__main__:MS 4/4 Epoch 355 Val loss 1.086 Val acc 0.481 Best Val Loss 0.98 Best Val Acc 0.533 Best Fold Val Acc  0.556 Best Fold Val Loss 0.925
INFO:__main__:Winner of Model Selection | hidden dim: 64 | dropout 0
INFO:__main__:Winner Best Val Accuracy 0.55556
INFO:__main__:Test 1/3 Epoch 376 Val loss 1.154 Val acc 0.481 Best Val Loss 1.008 Best Val Acc 0.541
INFO:__main__:Test 2/3 Epoch 500 Val loss 1.204 Val acc 0.504 Best Val Loss 1.152 Best Val Acc 0.533
INFO:__main__:Test 3/3 Epoch 281 Val loss 1.157 Val acc 0.504 Best Val Loss 0.981 Best Val Acc 0.556
INFO:__main__:Avg test acc 0.478, Agv test acc std 0.008
INFO:__main__:Cross-val iter:5 | Current average test accuracy across folds 0.52356
INFO:__main__:

INFO:__main__:------------------------------ITERATION 6------------------------------
INFO:__main__:Model # Parameters 46019
INFO:__main__:MS 1/4 Epoch 500 Val loss 1.526 Val acc 0.481 Best Val Loss 1.269 Best Val Acc 0.489 Best Fold Val Acc  0.489 Best Fold Val Loss 1.039
INFO:__main__:Model # Parameters 12771
INFO:__main__:MS 2/4 Epoch 500 Val loss 1.275 Val acc 0.467 Best Val Loss 1.193 Best Val Acc 0.504 Best Fold Val Acc  0.504 Best Fold Val Loss 1.030
INFO:__main__:Model # Parameters 46019
INFO:__main__:MS 3/4 Epoch 500 Val loss 1.549 Val acc 0.437 Best Val Loss 1.471 Best Val Acc 0.511 Best Fold Val Acc  0.511 Best Fold Val Loss 1.010
INFO:__main__:Model # Parameters 12771
INFO:__main__:MS 4/4 Epoch 389 Val loss 1.272 Val acc 0.452 Best Val Loss 1.057 Best Val Acc 0.511 Best Fold Val Acc  0.511 Best Fold Val Loss 1.010
INFO:__main__:Winner of Model Selection | hidden dim: 64 | dropout 0
INFO:__main__:Winner Best Val Accuracy 0.51111
INFO:__main__:Test 1/3 Epoch 334 Val loss 1.354 Val acc 0.452 Best Val Loss 1.075 Best Val Acc 0.519
INFO:__main__:Test 2/3 Epoch 500 Val loss 1.609 Val acc 0.43 Best Val Loss 1.412 Best Val Acc 0.519
INFO:__main__:Test 3/3 Epoch 327 Val loss 1.336 Val acc 0.474 Best Val Loss 1.013 Best Val Acc 0.511
INFO:__main__:Avg test acc 0.538, Agv test acc std 0.017
INFO:__main__:Cross-val iter:6 | Current average test accuracy across folds 0.52593
INFO:__main__:

INFO:__main__:------------------------------ITERATION 7------------------------------
INFO:__main__:Model # Parameters 46019
INFO:__main__:MS 1/4 Epoch 500 Val loss 1.379 Val acc 0.489 Best Val Loss 1.306 Best Val Acc 0.541 Best Fold Val Acc  0.541 Best Fold Val Loss 0.931
INFO:__main__:Model # Parameters 12771
INFO:__main__:MS 2/4 Epoch 471 Val loss 1.617 Val acc 0.467 Best Val Loss 1.064 Best Val Acc 0.533 Best Fold Val Acc  0.541 Best Fold Val Loss 0.931
INFO:__main__:Model # Parameters 46019
INFO:__main__:MS 3/4 Epoch 334 Val loss 1.446 Val acc 0.467 Best Val Loss 1.112 Best Val Acc 0.533 Best Fold Val Acc  0.541 Best Fold Val Loss 0.931
INFO:__main__:Model # Parameters 12771
INFO:__main__:MS 4/4 Epoch 262 Val loss 1.244 Val acc 0.511 Best Val Loss 0.954 Best Val Acc 0.556 Best Fold Val Acc  0.556 Best Fold Val Loss 0.931
INFO:__main__:Winner of Model Selection | hidden dim: 32 | dropout 0
INFO:__main__:Winner Best Val Accuracy 0.55556
INFO:__main__:Test 1/3 Epoch 306 Val loss 1.282 Val acc 0.474 Best Val Loss 0.96 Best Val Acc 0.541
INFO:__main__:Test 2/3 Epoch 363 Val loss 1.18 Val acc 0.4 Best Val Loss 1.036 Best Val Acc 0.541
INFO:__main__:Test 3/3 Epoch 416 Val loss 1.195 Val acc 0.474 Best Val Loss 1.008 Best Val Acc 0.541
INFO:__main__:Avg test acc 0.402, Agv test acc std 0.003
INFO:__main__:Cross-val iter:7 | Current average test accuracy across folds 0.50825
INFO:__main__:

INFO:__main__:------------------------------ITERATION 8------------------------------
INFO:__main__:Model # Parameters 46019
INFO:__main__:MS 1/4 Epoch 386 Val loss 1.557 Val acc 0.474 Best Val Loss 1.028 Best Val Acc 0.526 Best Fold Val Acc  0.526 Best Fold Val Loss 0.966
INFO:__main__:Model # Parameters 12771
INFO:__main__:MS 2/4 Epoch 459 Val loss 1.226 Val acc 0.474 Best Val Loss 1.004 Best Val Acc 0.526 Best Fold Val Acc  0.526 Best Fold Val Loss 0.956
INFO:__main__:Model # Parameters 46019
INFO:__main__:MS 3/4 Epoch 263 Val loss 1.253 Val acc 0.467 Best Val Loss 0.967 Best Val Acc 0.526 Best Fold Val Acc  0.526 Best Fold Val Loss 0.956
INFO:__main__:Model # Parameters 12771
INFO:__main__:MS 4/4 Epoch 318 Val loss 1.212 Val acc 0.489 Best Val Loss 0.969 Best Val Acc 0.533 Best Fold Val Acc  0.533 Best Fold Val Loss 0.943
INFO:__main__:Winner of Model Selection | hidden dim: 32 | dropout 0
INFO:__main__:Winner Best Val Accuracy 0.53333
INFO:__main__:Test 1/3 Epoch 314 Val loss 1.192 Val acc 0.437 Best Val Loss 0.995 Best Val Acc 0.541
INFO:__main__:Test 2/3 Epoch 256 Val loss 1.191 Val acc 0.504 Best Val Loss 0.961 Best Val Acc 0.548
INFO:__main__:Test 3/3 Epoch 290 Val loss 1.098 Val acc 0.496 Best Val Loss 0.951 Best Val Acc 0.548
INFO:__main__:Avg test acc 0.531, Agv test acc std 0.017
INFO:__main__:Cross-val iter:8 | Current average test accuracy across folds 0.51111
INFO:__main__:

INFO:__main__:------------------------------ITERATION 9------------------------------
INFO:__main__:Model # Parameters 46019
INFO:__main__:MS 1/4 Epoch 451 Val loss 1.459 Val acc 0.496 Best Val Loss 1.025 Best Val Acc 0.570 Best Fold Val Acc  0.570 Best Fold Val Loss 0.989
INFO:__main__:Model # Parameters 12771
INFO:__main__:MS 2/4 Epoch 493 Val loss 1.167 Val acc 0.474 Best Val Loss 0.977 Best Val Acc 0.563 Best Fold Val Acc  0.570 Best Fold Val Loss 0.943
INFO:__main__:Model # Parameters 46019
INFO:__main__:MS 3/4 Epoch 264 Val loss 1.27 Val acc 0.489 Best Val Loss 0.97 Best Val Acc 0.556 Best Fold Val Acc  0.570 Best Fold Val Loss 0.943
INFO:__main__:Model # Parameters 12771
INFO:__main__:MS 4/4 Epoch 348 Val loss 1.306 Val acc 0.459 Best Val Loss 0.992 Best Val Acc 0.556 Best Fold Val Acc  0.570 Best Fold Val Loss 0.943
INFO:__main__:Winner of Model Selection | hidden dim: 64 | dropout 0.5
INFO:__main__:Winner Best Val Accuracy 0.57037
INFO:__main__:Test 1/3 Epoch 379 Val loss 1.352 Val acc 0.467 Best Val Loss 0.963 Best Val Acc 0.563
INFO:__main__:Test 2/3 Epoch 322 Val loss 1.223 Val acc 0.496 Best Val Loss 0.944 Best Val Acc 0.563
INFO:__main__:Test 3/3 Epoch 443 Val loss 1.483 Val acc 0.481 Best Val Loss 1.085 Best Val Acc 0.570
INFO:__main__:Avg test acc 0.491, Agv test acc std 0.008
INFO:__main__:Cross-val iter:9 | Current average test accuracy across folds 0.50889
INFO:__main__:

INFO:__main__:------------------------------ITERATION 10------------------------------
INFO:__main__:Model # Parameters 46019
INFO:__main__:MS 1/4 Epoch 500 Val loss 1.422 Val acc 0.526 Best Val Loss 1.239 Best Val Acc 0.563 Best Fold Val Acc  0.563 Best Fold Val Loss 0.910
INFO:__main__:Model # Parameters 12771
INFO:__main__:MS 2/4 Epoch 393 Val loss 1.005 Val acc 0.511 Best Val Loss 0.943 Best Val Acc 0.563 Best Fold Val Acc  0.563 Best Fold Val Loss 0.910
INFO:__main__:Model # Parameters 46019
INFO:__main__:MS 3/4 Epoch 435 Val loss 1.323 Val acc 0.496 Best Val Loss 1.05 Best Val Acc 0.570 Best Fold Val Acc  0.570 Best Fold Val Loss 0.910
INFO:__main__:Model # Parameters 12771
INFO:__main__:MS 4/4 Epoch 299 Val loss 1.072 Val acc 0.504 Best Val Loss 0.929 Best Val Acc 0.570 Best Fold Val Acc  0.570 Best Fold Val Loss 0.910
INFO:__main__:Winner of Model Selection | hidden dim: 64 | dropout 0
INFO:__main__:Winner Best Val Accuracy 0.57037
INFO:__main__:Test 1/3 Epoch 355 Val loss 1.221 Val acc 0.526 Best Val Loss 1.01 Best Val Acc 0.585
INFO:__main__:Test 2/3 Epoch 329 Val loss 1.271 Val acc 0.504 Best Val Loss 1.018 Best Val Acc 0.570
INFO:__main__:Test 3/3 Epoch 362 Val loss 1.195 Val acc 0.526 Best Val Loss 0.992 Best Val Acc 0.570
INFO:__main__:Avg test acc 0.498, Agv test acc std 0.013
INFO:__main__:Cross-val iter:10 | Current average test accuracy across folds 0.50778
INFO:__main__:

INFO:__main__:AVERAGE TEST ACC ACROSS FOLDS 0.50778
INFO:__main__:STD ACROSS FOLDS 0.04455818778592134
