INFO:__main__:------------------------------ITERATION 1------------------------------
INFO:__main__:Model # Parameters 47682
INFO:__main__:MS 1/4 Epoch 309 Val loss 1.787 Val acc 0.736 Best Val Loss 0.5 Best Val Acc 0.811 Best Fold Val Acc  0.811 Best Fold Val Loss 0.444
INFO:__main__:Model # Parameters 13602
INFO:__main__:MS 2/4 Epoch 500 Val loss 1.351 Val acc 0.745 Best Val Loss 1.081 Best Val Acc 0.811 Best Fold Val Acc  0.811 Best Fold Val Loss 0.444
INFO:__main__:Model # Parameters 47682
INFO:__main__:MS 3/4 Epoch 349 Val loss 2.712 Val acc 0.745 Best Val Loss 1.082 Best Val Acc 0.849 Best Fold Val Acc  0.849 Best Fold Val Loss 0.444
INFO:__main__:Model # Parameters 13602
INFO:__main__:MS 4/4 Epoch 311 Val loss 1.167 Val acc 0.774 Best Val Loss 0.616 Best Val Acc 0.840 Best Fold Val Acc  0.849 Best Fold Val Loss 0.444
INFO:__main__:Winner of Model Selection | hidden dim: 64 | dropout 0
INFO:__main__:Winner Best Val Accuracy 0.84906
INFO:__main__:Test 1/3 Epoch 292 Val loss 1.317 Val acc 0.708 Best Val Loss 0.58 Best Val Acc 0.811
INFO:__main__:Test 2/3 Epoch 271 Val loss 1.694 Val acc 0.726 Best Val Loss 0.494 Best Val Acc 0.783
INFO:__main__:Test 3/3 Epoch 291 Val loss 1.836 Val acc 0.736 Best Val Loss 0.522 Best Val Acc 0.840
INFO:__main__:Avg test acc 0.804, Agv test acc std 0.008
INFO:__main__:Cross-val iter:1 | Current average test accuracy across folds 0.80392
INFO:__main__:

INFO:__main__:------------------------------ITERATION 2------------------------------
INFO:__main__:Model # Parameters 47682
INFO:__main__:MS 1/4 Epoch 282 Val loss 2.332 Val acc 0.66 Best Val Loss 0.654 Best Val Acc 0.792 Best Fold Val Acc  0.792 Best Fold Val Loss 0.531
INFO:__main__:Model # Parameters 13602
INFO:__main__:MS 2/4 Epoch 500 Val loss 3.338 Val acc 0.689 Best Val Loss 0.973 Best Val Acc 0.821 Best Fold Val Acc  0.821 Best Fold Val Loss 0.531
INFO:__main__:Model # Parameters 47682
INFO:__main__:MS 3/4 Epoch 285 Val loss 1.79 Val acc 0.726 Best Val Loss 0.502 Best Val Acc 0.821 Best Fold Val Acc  0.821 Best Fold Val Loss 0.502
INFO:__main__:Model # Parameters 13602
INFO:__main__:MS 4/4 Epoch 330 Val loss 1.78 Val acc 0.726 Best Val Loss 0.504 Best Val Acc 0.821 Best Fold Val Acc  0.821 Best Fold Val Loss 0.502
INFO:__main__:Winner of Model Selection | hidden dim: 32 | dropout 0.5
INFO:__main__:Winner Best Val Accuracy 0.82075
INFO:__main__:Test 1/3 Epoch 294 Val loss 3.192 Val acc 0.623 Best Val Loss 0.636 Best Val Acc 0.802
INFO:__main__:Test 2/3 Epoch 488 Val loss 3.033 Val acc 0.698 Best Val Loss 1.497 Best Val Acc 0.774
INFO:__main__:Test 3/3 Epoch 284 Val loss 0.983 Val acc 0.708 Best Val Loss 0.681 Best Val Acc 0.821
INFO:__main__:Avg test acc 0.746, Agv test acc std 0.018
INFO:__main__:Cross-val iter:2 | Current average test accuracy across folds 0.77484
INFO:__main__:

INFO:__main__:------------------------------ITERATION 3------------------------------
INFO:__main__:Model # Parameters 47682
INFO:__main__:MS 1/4 Epoch 396 Val loss 2.296 Val acc 0.736 Best Val Loss 0.461 Best Val Acc 0.830 Best Fold Val Acc  0.830 Best Fold Val Loss 0.426
INFO:__main__:Model # Parameters 13602
INFO:__main__:MS 2/4 Epoch 374 Val loss 1.918 Val acc 0.632 Best Val Loss 0.683 Best Val Acc 0.849 Best Fold Val Acc  0.849 Best Fold Val Loss 0.426
INFO:__main__:Model # Parameters 47682
INFO:__main__:MS 3/4 Epoch 294 Val loss 1.582 Val acc 0.745 Best Val Loss 0.574 Best Val Acc 0.830 Best Fold Val Acc  0.849 Best Fold Val Loss 0.426
INFO:__main__:Model # Parameters 13602
INFO:__main__:MS 4/4 Epoch 377 Val loss 1.735 Val acc 0.726 Best Val Loss 0.899 Best Val Acc 0.849 Best Fold Val Acc  0.849 Best Fold Val Loss 0.418
INFO:__main__:Winner of Model Selection | hidden dim: 32 | dropout 0.5
INFO:__main__:Winner Best Val Accuracy 0.84906
INFO:__main__:Test 1/3 Epoch 398 Val loss 0.97 Val acc 0.774 Best Val Loss 0.512 Best Val Acc 0.858
INFO:__main__:Test 2/3 Epoch 500 Val loss 1.64 Val acc 0.726 Best Val Loss 0.655 Best Val Acc 0.840
INFO:__main__:Test 3/3 Epoch 377 Val loss 4.557 Val acc 0.566 Best Val Loss 0.668 Best Val Acc 0.821
INFO:__main__:Avg test acc 0.782, Agv test acc std 0.020
INFO:__main__:Cross-val iter:3 | Current average test accuracy across folds 0.77739
INFO:__main__:

INFO:__main__:------------------------------ITERATION 4------------------------------
INFO:__main__:Model # Parameters 47682
INFO:__main__:MS 1/4 Epoch 332 Val loss 1.834 Val acc 0.679 Best Val Loss 0.502 Best Val Acc 0.821 Best Fold Val Acc  0.821 Best Fold Val Loss 0.461
INFO:__main__:Model # Parameters 13602
INFO:__main__:MS 2/4 Epoch 268 Val loss 1.198 Val acc 0.774 Best Val Loss 0.463 Best Val Acc 0.821 Best Fold Val Acc  0.821 Best Fold Val Loss 0.461
INFO:__main__:Model # Parameters 47682
INFO:__main__:MS 3/4 Epoch 440 Val loss 1.582 Val acc 0.783 Best Val Loss 0.922 Best Val Acc 0.849 Best Fold Val Acc  0.849 Best Fold Val Loss 0.436
INFO:__main__:Model # Parameters 13602
INFO:__main__:MS 4/4 Epoch 280 Val loss 1.606 Val acc 0.774 Best Val Loss 0.446 Best Val Acc 0.840 Best Fold Val Acc  0.849 Best Fold Val Loss 0.424
INFO:__main__:Winner of Model Selection | hidden dim: 64 | dropout 0
INFO:__main__:Winner Best Val Accuracy 0.84906
INFO:__main__:Test 1/3 Epoch 500 Val loss 2.631 Val acc 0.726 Best Val Loss 1.965 Best Val Acc 0.802
INFO:__main__:Test 2/3 Epoch 262 Val loss 1.703 Val acc 0.726 Best Val Loss 0.443 Best Val Acc 0.811
INFO:__main__:Test 3/3 Epoch 469 Val loss 1.372 Val acc 0.783 Best Val Loss 1.058 Best Val Acc 0.840
INFO:__main__:Avg test acc 0.780, Agv test acc std 0.012
INFO:__main__:Cross-val iter:4 | Current average test accuracy across folds 0.77796
INFO:__main__:

INFO:__main__:------------------------------ITERATION 5------------------------------
INFO:__main__:Model # Parameters 47682
INFO:__main__:MS 1/4 Epoch 325 Val loss 2.891 Val acc 0.698 Best Val Loss 1.593 Best Val Acc 0.821 Best Fold Val Acc  0.821 Best Fold Val Loss 0.614
INFO:__main__:Model # Parameters 13602
INFO:__main__:MS 2/4 Epoch 370 Val loss 6.203 Val acc 0.689 Best Val Loss 2.109 Best Val Acc 0.821 Best Fold Val Acc  0.821 Best Fold Val Loss 0.489
INFO:__main__:Model # Parameters 47682
INFO:__main__:MS 3/4 Epoch 357 Val loss 2.139 Val acc 0.755 Best Val Loss 0.776 Best Val Acc 0.858 Best Fold Val Acc  0.858 Best Fold Val Loss 0.489
INFO:__main__:Model # Parameters 13602
INFO:__main__:MS 4/4 Epoch 500 Val loss 1.567 Val acc 0.708 Best Val Loss 2.342 Best Val Acc 0.830 Best Fold Val Acc  0.858 Best Fold Val Loss 0.489
INFO:__main__:Winner of Model Selection | hidden dim: 64 | dropout 0
INFO:__main__:Winner Best Val Accuracy 0.85849
INFO:__main__:Test 1/3 Epoch 313 Val loss 2.413 Val acc 0.774 Best Val Loss 1.725 Best Val Acc 0.821
INFO:__main__:Test 2/3 Epoch 303 Val loss 3.05 Val acc 0.792 Best Val Loss 1.011 Best Val Acc 0.858
INFO:__main__:Test 3/3 Epoch 500 Val loss 1.619 Val acc 0.774 Best Val Loss 3.45 Best Val Acc 0.811
INFO:__main__:Avg test acc 0.780, Agv test acc std 0.021
INFO:__main__:Cross-val iter:5 | Current average test accuracy across folds 0.77830
INFO:__main__:

INFO:__main__:------------------------------ITERATION 6------------------------------
INFO:__main__:Model # Parameters 47682
INFO:__main__:MS 1/4 Epoch 422 Val loss 4.45 Val acc 0.679 Best Val Loss 1.139 Best Val Acc 0.802 Best Fold Val Acc  0.802 Best Fold Val Loss 0.441
INFO:__main__:Model # Parameters 13602
INFO:__main__:MS 2/4 Epoch 334 Val loss 1.964 Val acc 0.613 Best Val Loss 0.454 Best Val Acc 0.792 Best Fold Val Acc  0.802 Best Fold Val Loss 0.441
INFO:__main__:Model # Parameters 47682
INFO:__main__:MS 3/4 Epoch 500 Val loss 2.675 Val acc 0.755 Best Val Loss 2.007 Best Val Acc 0.811 Best Fold Val Acc  0.811 Best Fold Val Loss 0.436
INFO:__main__:Model # Parameters 13602
INFO:__main__:MS 4/4 Epoch 499 Val loss 2.209 Val acc 0.774 Best Val Loss 1.561 Best Val Acc 0.811 Best Fold Val Acc  0.811 Best Fold Val Loss 0.436
INFO:__main__:Winner of Model Selection | hidden dim: 64 | dropout 0
INFO:__main__:Winner Best Val Accuracy 0.81132
INFO:__main__:Test 1/3 Epoch 500 Val loss 1.564 Val acc 0.802 Best Val Loss 1.439 Best Val Acc 0.830
INFO:__main__:Test 2/3 Epoch 313 Val loss 2.039 Val acc 0.736 Best Val Loss 0.602 Best Val Acc 0.811
INFO:__main__:Test 3/3 Epoch 261 Val loss 2.057 Val acc 0.726 Best Val Loss 0.676 Best Val Acc 0.802
INFO:__main__:Avg test acc 0.723, Agv test acc std 0.044
INFO:__main__:Cross-val iter:6 | Current average test accuracy across folds 0.76911
INFO:__main__:

INFO:__main__:------------------------------ITERATION 7------------------------------
INFO:__main__:Model # Parameters 47682
INFO:__main__:MS 1/4 Epoch 500 Val loss 2.516 Val acc 0.764 Best Val Loss 2.721 Best Val Acc 0.783 Best Fold Val Acc  0.783 Best Fold Val Loss 0.520
INFO:__main__:Model # Parameters 13602
INFO:__main__:MS 2/4 Epoch 403 Val loss 1.118 Val acc 0.67 Best Val Loss 0.649 Best Val Acc 0.783 Best Fold Val Acc  0.783 Best Fold Val Loss 0.516
INFO:__main__:Model # Parameters 47682
INFO:__main__:MS 3/4 Epoch 277 Val loss 1.809 Val acc 0.783 Best Val Loss 0.533 Best Val Acc 0.792 Best Fold Val Acc  0.792 Best Fold Val Loss 0.516
INFO:__main__:Model # Parameters 13602
INFO:__main__:MS 4/4 Epoch 500 Val loss 2.019 Val acc 0.745 Best Val Loss 1.266 Best Val Acc 0.830 Best Fold Val Acc  0.830 Best Fold Val Loss 0.478
INFO:__main__:Winner of Model Selection | hidden dim: 32 | dropout 0
INFO:__main__:Winner Best Val Accuracy 0.83019
INFO:__main__:Test 1/3 Epoch 498 Val loss 1.687 Val acc 0.698 Best Val Loss 1.008 Best Val Acc 0.811
INFO:__main__:Test 2/3 Epoch 500 Val loss 2.039 Val acc 0.755 Best Val Loss 1.555 Best Val Acc 0.811
INFO:__main__:Test 3/3 Epoch 269 Val loss 1.542 Val acc 0.717 Best Val Loss 0.479 Best Val Acc 0.830
INFO:__main__:Avg test acc 0.811, Agv test acc std 0.011
INFO:__main__:Cross-val iter:7 | Current average test accuracy across folds 0.77506
INFO:__main__:

INFO:__main__:------------------------------ITERATION 8------------------------------
INFO:__main__:Model # Parameters 47682
INFO:__main__:MS 1/4 Epoch 256 Val loss 3.077 Val acc 0.617 Best Val Loss 0.495 Best Val Acc 0.813 Best Fold Val Acc  0.813 Best Fold Val Loss 0.495
INFO:__main__:Model # Parameters 13602
INFO:__main__:MS 2/4 Epoch 311 Val loss 2.113 Val acc 0.71 Best Val Loss 0.405 Best Val Acc 0.832 Best Fold Val Acc  0.832 Best Fold Val Loss 0.405
INFO:__main__:Model # Parameters 47682
INFO:__main__:MS 3/4 Epoch 314 Val loss 1.528 Val acc 0.776 Best Val Loss 0.815 Best Val Acc 0.832 Best Fold Val Acc  0.832 Best Fold Val Loss 0.405
INFO:__main__:Model # Parameters 13602
INFO:__main__:MS 4/4 Epoch 476 Val loss 1.522 Val acc 0.785 Best Val Loss 1.207 Best Val Acc 0.841 Best Fold Val Acc  0.841 Best Fold Val Loss 0.405
INFO:__main__:Winner of Model Selection | hidden dim: 32 | dropout 0
INFO:__main__:Winner Best Val Accuracy 0.84112
INFO:__main__:Test 1/3 Epoch 423 Val loss 1.981 Val acc 0.738 Best Val Loss 1.43 Best Val Acc 0.841
INFO:__main__:Test 2/3 Epoch 500 Val loss 1.232 Val acc 0.757 Best Val Loss 1.049 Best Val Acc 0.841
INFO:__main__:Test 3/3 Epoch 500 Val loss 1.978 Val acc 0.738 Best Val Loss 1.749 Best Val Acc 0.822
INFO:__main__:Avg test acc 0.721, Agv test acc std 0.028
INFO:__main__:Cross-val iter:8 | Current average test accuracy across folds 0.76827
INFO:__main__:

INFO:__main__:------------------------------ITERATION 9------------------------------
INFO:__main__:Model # Parameters 47682
INFO:__main__:MS 1/4 Epoch 291 Val loss 3.157 Val acc 0.654 Best Val Loss 0.48 Best Val Acc 0.832 Best Fold Val Acc  0.832 Best Fold Val Loss 0.456
INFO:__main__:Model # Parameters 13602
INFO:__main__:MS 2/4 Epoch 287 Val loss 0.776 Val acc 0.701 Best Val Loss 0.436 Best Val Acc 0.813 Best Fold Val Acc  0.832 Best Fold Val Loss 0.436
INFO:__main__:Model # Parameters 47682
INFO:__main__:MS 3/4 Epoch 318 Val loss 1.444 Val acc 0.72 Best Val Loss 0.512 Best Val Acc 0.841 Best Fold Val Acc  0.841 Best Fold Val Loss 0.398
INFO:__main__:Model # Parameters 13602
INFO:__main__:MS 4/4 Epoch 418 Val loss 1.888 Val acc 0.766 Best Val Loss 0.932 Best Val Acc 0.841 Best Fold Val Acc  0.841 Best Fold Val Loss 0.398
INFO:__main__:Winner of Model Selection | hidden dim: 64 | dropout 0
INFO:__main__:Winner Best Val Accuracy 0.84112
INFO:__main__:Test 1/3 Epoch 484 Val loss 1.308 Val acc 0.804 Best Val Loss 0.878 Best Val Acc 0.860
INFO:__main__:Test 2/3 Epoch 359 Val loss 1.959 Val acc 0.72 Best Val Loss 0.891 Best Val Acc 0.813
INFO:__main__:Test 3/3 Epoch 500 Val loss 1.499 Val acc 0.804 Best Val Loss 1.01 Best Val Acc 0.850
INFO:__main__:Avg test acc 0.803, Agv test acc std 0.014
INFO:__main__:Cross-val iter:9 | Current average test accuracy across folds 0.77218
INFO:__main__:

INFO:__main__:------------------------------ITERATION 10------------------------------
INFO:__main__:Model # Parameters 47682
INFO:__main__:MS 1/4 Epoch 500 Val loss 3.235 Val acc 0.729 Best Val Loss 1.904 Best Val Acc 0.794 Best Fold Val Acc  0.794 Best Fold Val Loss 0.636
INFO:__main__:Model # Parameters 13602
INFO:__main__:MS 2/4 Epoch 500 Val loss 4.529 Val acc 0.72 Best Val Loss 2.881 Best Val Acc 0.804 Best Fold Val Acc  0.804 Best Fold Val Loss 0.491
INFO:__main__:Model # Parameters 47682
INFO:__main__:MS 3/4 Epoch 500 Val loss 2.745 Val acc 0.748 Best Val Loss 1.988 Best Val Acc 0.822 Best Fold Val Acc  0.822 Best Fold Val Loss 0.491
INFO:__main__:Model # Parameters 13602
INFO:__main__:MS 4/4 Epoch 500 Val loss 1.721 Val acc 0.766 Best Val Loss 5.56 Best Val Acc 0.850 Best Fold Val Acc  0.850 Best Fold Val Loss 0.491
INFO:__main__:Winner of Model Selection | hidden dim: 32 | dropout 0
INFO:__main__:Winner Best Val Accuracy 0.85047
INFO:__main__:Test 1/3 Epoch 328 Val loss 1.775 Val acc 0.757 Best Val Loss 1.153 Best Val Acc 0.813
INFO:__main__:Test 2/3 Epoch 378 Val loss 3.221 Val acc 0.729 Best Val Loss 1.393 Best Val Acc 0.794
INFO:__main__:Test 3/3 Epoch 500 Val loss 3.66 Val acc 0.757 Best Val Loss 3.08 Best Val Acc 0.841
INFO:__main__:Avg test acc 0.755, Agv test acc std 0.034
INFO:__main__:Cross-val iter:10 | Current average test accuracy across folds 0.77046
INFO:__main__:

INFO:__main__:AVERAGE TEST ACC ACROSS FOLDS 0.77046
INFO:__main__:STD ACROSS FOLDS 0.031136164909046703
