INFO:__main__:------------------------------ITERATION 1------------------------------
INFO:__main__:Model # Parameters 47554
INFO:__main__:MS 1/4 Epoch 319 Val loss 1.456 Val acc 0.717 Best Val Loss 0.469 Best Val Acc 0.811 Best Fold Val Acc  0.811 Best Fold Val Loss 0.442
INFO:__main__:Model # Parameters 13538
INFO:__main__:MS 2/4 Epoch 346 Val loss 0.904 Val acc 0.755 Best Val Loss 0.429 Best Val Acc 0.830 Best Fold Val Acc  0.830 Best Fold Val Loss 0.429
INFO:__main__:Model # Parameters 47554
INFO:__main__:MS 3/4 Epoch 298 Val loss 1.017 Val acc 0.783 Best Val Loss 0.521 Best Val Acc 0.840 Best Fold Val Acc  0.840 Best Fold Val Loss 0.429
INFO:__main__:Model # Parameters 13538
INFO:__main__:MS 4/4 Epoch 312 Val loss 1.773 Val acc 0.792 Best Val Loss 0.45 Best Val Acc 0.868 Best Fold Val Acc  0.868 Best Fold Val Loss 0.394
INFO:__main__:Winner of Model Selection | hidden dim: 32 | dropout 0
INFO:__main__:Winner Best Val Accuracy 0.86792
INFO:__main__:Test 1/3 Epoch 500 Val loss 1.819 Val acc 0.792 Best Val Loss 1.575 Best Val Acc 0.858
INFO:__main__:Test 2/3 Epoch 326 Val loss 1.63 Val acc 0.792 Best Val Loss 0.569 Best Val Acc 0.840
INFO:__main__:Test 3/3 Epoch 275 Val loss 1.187 Val acc 0.821 Best Val Loss 0.424 Best Val Acc 0.858
INFO:__main__:Avg test acc 0.723, Agv test acc std 0.018
INFO:__main__:Cross-val iter:1 | Current average test accuracy across folds 0.72269
INFO:__main__:

INFO:__main__:------------------------------ITERATION 2------------------------------
INFO:__main__:Model # Parameters 47554
INFO:__main__:MS 1/4 Epoch 500 Val loss 2.022 Val acc 0.792 Best Val Loss 1.388 Best Val Acc 0.830 Best Fold Val Acc  0.830 Best Fold Val Loss 0.539
INFO:__main__:Model # Parameters 13538
INFO:__main__:MS 2/4 Epoch 425 Val loss 2.083 Val acc 0.745 Best Val Loss 0.624 Best Val Acc 0.840 Best Fold Val Acc  0.840 Best Fold Val Loss 0.509
INFO:__main__:Model # Parameters 47554
INFO:__main__:MS 3/4 Epoch 500 Val loss 2.52 Val acc 0.726 Best Val Loss 1.774 Best Val Acc 0.811 Best Fold Val Acc  0.840 Best Fold Val Loss 0.509
INFO:__main__:Model # Parameters 13538
INFO:__main__:MS 4/4 Epoch 405 Val loss 2.384 Val acc 0.745 Best Val Loss 0.595 Best Val Acc 0.877 Best Fold Val Acc  0.877 Best Fold Val Loss 0.509
INFO:__main__:Winner of Model Selection | hidden dim: 32 | dropout 0
INFO:__main__:Winner Best Val Accuracy 0.87736
INFO:__main__:Test 1/3 Epoch 500 Val loss 1.132 Val acc 0.811 Best Val Loss 1.067 Best Val Acc 0.858
INFO:__main__:Test 2/3 Epoch 390 Val loss 1.421 Val acc 0.717 Best Val Loss 0.849 Best Val Acc 0.821
INFO:__main__:Test 3/3 Epoch 362 Val loss 1.768 Val acc 0.717 Best Val Loss 0.791 Best Val Acc 0.821
INFO:__main__:Avg test acc 0.729, Agv test acc std 0.025
INFO:__main__:Cross-val iter:2 | Current average test accuracy across folds 0.72575
INFO:__main__:

INFO:__main__:------------------------------ITERATION 3------------------------------
INFO:__main__:Model # Parameters 47554
INFO:__main__:MS 1/4 Epoch 435 Val loss 1.201 Val acc 0.67 Best Val Loss 0.496 Best Val Acc 0.830 Best Fold Val Acc  0.830 Best Fold Val Loss 0.433
INFO:__main__:Model # Parameters 13538
INFO:__main__:MS 2/4 Epoch 500 Val loss 1.051 Val acc 0.774 Best Val Loss 0.562 Best Val Acc 0.830 Best Fold Val Acc  0.830 Best Fold Val Loss 0.433
INFO:__main__:Model # Parameters 47554
INFO:__main__:MS 3/4 Epoch 500 Val loss 1.919 Val acc 0.783 Best Val Loss 1.19 Best Val Acc 0.821 Best Fold Val Acc  0.830 Best Fold Val Loss 0.433
INFO:__main__:Model # Parameters 13538
INFO:__main__:MS 4/4 Epoch 372 Val loss 1.889 Val acc 0.783 Best Val Loss 0.59 Best Val Acc 0.849 Best Fold Val Acc  0.849 Best Fold Val Loss 0.433
INFO:__main__:Winner of Model Selection | hidden dim: 32 | dropout 0
INFO:__main__:Winner Best Val Accuracy 0.84906
INFO:__main__:Test 1/3 Epoch 500 Val loss 1.215 Val acc 0.821 Best Val Loss 1.457 Best Val Acc 0.858
INFO:__main__:Test 2/3 Epoch 284 Val loss 1.382 Val acc 0.745 Best Val Loss 0.515 Best Val Acc 0.821
INFO:__main__:Test 3/3 Epoch 303 Val loss 1.196 Val acc 0.736 Best Val Loss 0.601 Best Val Acc 0.821
INFO:__main__:Avg test acc 0.766, Agv test acc std 0.017
INFO:__main__:Cross-val iter:3 | Current average test accuracy across folds 0.73901
INFO:__main__:

INFO:__main__:------------------------------ITERATION 4------------------------------
INFO:__main__:Model # Parameters 47554
INFO:__main__:MS 1/4 Epoch 370 Val loss 1.185 Val acc 0.764 Best Val Loss 0.662 Best Val Acc 0.802 Best Fold Val Acc  0.802 Best Fold Val Loss 0.475
INFO:__main__:Model # Parameters 13538
INFO:__main__:MS 2/4 Epoch 328 Val loss 1.185 Val acc 0.764 Best Val Loss 0.456 Best Val Acc 0.811 Best Fold Val Acc  0.811 Best Fold Val Loss 0.441
INFO:__main__:Model # Parameters 47554
INFO:__main__:MS 3/4 Epoch 296 Val loss 1.72 Val acc 0.736 Best Val Loss 0.588 Best Val Acc 0.840 Best Fold Val Acc  0.840 Best Fold Val Loss 0.441
INFO:__main__:Model # Parameters 13538
INFO:__main__:MS 4/4 Epoch 338 Val loss 1.472 Val acc 0.783 Best Val Loss 0.54 Best Val Acc 0.811 Best Fold Val Acc  0.840 Best Fold Val Loss 0.441
INFO:__main__:Winner of Model Selection | hidden dim: 64 | dropout 0
INFO:__main__:Winner Best Val Accuracy 0.83962
INFO:__main__:Test 1/3 Epoch 500 Val loss 2.229 Val acc 0.736 Best Val Loss 1.389 Best Val Acc 0.792
INFO:__main__:Test 2/3 Epoch 307 Val loss 1.633 Val acc 0.764 Best Val Loss 0.648 Best Val Acc 0.811
INFO:__main__:Test 3/3 Epoch 294 Val loss 1.75 Val acc 0.745 Best Val Loss 0.557 Best Val Acc 0.821
INFO:__main__:Avg test acc 0.774, Agv test acc std 0.014
INFO:__main__:Cross-val iter:4 | Current average test accuracy across folds 0.74776
INFO:__main__:

INFO:__main__:------------------------------ITERATION 5------------------------------
INFO:__main__:Model # Parameters 47554
INFO:__main__:MS 1/4 Epoch 500 Val loss 2.769 Val acc 0.717 Best Val Loss 1.109 Best Val Acc 0.830 Best Fold Val Acc  0.830 Best Fold Val Loss 0.485
INFO:__main__:Model # Parameters 13538
INFO:__main__:MS 2/4 Epoch 491 Val loss 1.004 Val acc 0.745 Best Val Loss 0.507 Best Val Acc 0.868 Best Fold Val Acc  0.868 Best Fold Val Loss 0.448
INFO:__main__:Model # Parameters 47554
INFO:__main__:MS 3/4 Epoch 306 Val loss 2.398 Val acc 0.67 Best Val Loss 0.916 Best Val Acc 0.821 Best Fold Val Acc  0.868 Best Fold Val Loss 0.448
INFO:__main__:Model # Parameters 13538
INFO:__main__:MS 4/4 Epoch 409 Val loss 3.456 Val acc 0.755 Best Val Loss 1.218 Best Val Acc 0.811 Best Fold Val Acc  0.868 Best Fold Val Loss 0.448
INFO:__main__:Winner of Model Selection | hidden dim: 32 | dropout 0.5
INFO:__main__:Winner Best Val Accuracy 0.86792
INFO:__main__:Test 1/3 Epoch 283 Val loss 1.151 Val acc 0.547 Best Val Loss 0.651 Best Val Acc 0.830
INFO:__main__:Test 2/3 Epoch 500 Val loss 0.805 Val acc 0.698 Best Val Loss 0.758 Best Val Acc 0.840
INFO:__main__:Test 3/3 Epoch 443 Val loss 1.181 Val acc 0.726 Best Val Loss 0.638 Best Val Acc 0.830
INFO:__main__:Avg test acc 0.749, Agv test acc std 0.021
INFO:__main__:Cross-val iter:5 | Current average test accuracy across folds 0.74793
INFO:__main__:

INFO:__main__:------------------------------ITERATION 6------------------------------
INFO:__main__:Model # Parameters 47554
INFO:__main__:MS 1/4 Epoch 296 Val loss 1.305 Val acc 0.726 Best Val Loss 0.5 Best Val Acc 0.802 Best Fold Val Acc  0.802 Best Fold Val Loss 0.444
INFO:__main__:Model # Parameters 13538
INFO:__main__:MS 2/4 Epoch 365 Val loss 0.792 Val acc 0.736 Best Val Loss 0.522 Best Val Acc 0.783 Best Fold Val Acc  0.802 Best Fold Val Loss 0.444
INFO:__main__:Model # Parameters 47554
INFO:__main__:MS 3/4 Epoch 500 Val loss 1.299 Val acc 0.755 Best Val Loss 0.857 Best Val Acc 0.821 Best Fold Val Acc  0.821 Best Fold Val Loss 0.444
INFO:__main__:Model # Parameters 13538
INFO:__main__:MS 4/4 Epoch 312 Val loss 2.813 Val acc 0.717 Best Val Loss 1.134 Best Val Acc 0.821 Best Fold Val Acc  0.821 Best Fold Val Loss 0.444
INFO:__main__:Winner of Model Selection | hidden dim: 64 | dropout 0
INFO:__main__:Winner Best Val Accuracy 0.82075
INFO:__main__:Test 1/3 Epoch 500 Val loss 2.011 Val acc 0.755 Best Val Loss 1.843 Best Val Acc 0.802
INFO:__main__:Test 2/3 Epoch 451 Val loss 1.651 Val acc 0.783 Best Val Loss 1.198 Best Val Acc 0.849
INFO:__main__:Test 3/3 Epoch 276 Val loss 2.494 Val acc 0.717 Best Val Loss 0.542 Best Val Acc 0.811
INFO:__main__:Avg test acc 0.737, Agv test acc std 0.028
INFO:__main__:Cross-val iter:6 | Current average test accuracy across folds 0.74615
INFO:__main__:

INFO:__main__:------------------------------ITERATION 7------------------------------
INFO:__main__:Model # Parameters 47554
INFO:__main__:MS 1/4 Epoch 261 Val loss 1.945 Val acc 0.717 Best Val Loss 0.528 Best Val Acc 0.774 Best Fold Val Acc  0.774 Best Fold Val Loss 0.503
INFO:__main__:Model # Parameters 13538
INFO:__main__:MS 2/4 Epoch 500 Val loss 1.559 Val acc 0.717 Best Val Loss 0.616 Best Val Acc 0.821 Best Fold Val Acc  0.821 Best Fold Val Loss 0.503
INFO:__main__:Model # Parameters 47554
INFO:__main__:MS 3/4 Epoch 360 Val loss 1.374 Val acc 0.755 Best Val Loss 0.766 Best Val Acc 0.792 Best Fold Val Acc  0.821 Best Fold Val Loss 0.503
INFO:__main__:Model # Parameters 13538
INFO:__main__:MS 4/4 Epoch 481 Val loss 2.125 Val acc 0.736 Best Val Loss 1.049 Best Val Acc 0.774 Best Fold Val Acc  0.821 Best Fold Val Loss 0.503
INFO:__main__:Winner of Model Selection | hidden dim: 32 | dropout 0.5
INFO:__main__:Winner Best Val Accuracy 0.82075
INFO:__main__:Test 1/3 Epoch 500 Val loss 1.043 Val acc 0.717 Best Val Loss 1.154 Best Val Acc 0.755
INFO:__main__:Test 2/3 Epoch 336 Val loss 0.915 Val acc 0.708 Best Val Loss 0.557 Best Val Acc 0.764
INFO:__main__:Test 3/3 Epoch 500 Val loss 1.541 Val acc 0.717 Best Val Loss 1.449 Best Val Acc 0.764
INFO:__main__:Avg test acc 0.785, Agv test acc std 0.017
INFO:__main__:Cross-val iter:7 | Current average test accuracy across folds 0.75175
INFO:__main__:

INFO:__main__:------------------------------ITERATION 8------------------------------
INFO:__main__:Model # Parameters 47554
INFO:__main__:MS 1/4 Epoch 339 Val loss 1.456 Val acc 0.71 Best Val Loss 0.496 Best Val Acc 0.832 Best Fold Val Acc  0.832 Best Fold Val Loss 0.432
INFO:__main__:Model # Parameters 13538
INFO:__main__:MS 2/4 Epoch 284 Val loss 0.878 Val acc 0.738 Best Val Loss 0.446 Best Val Acc 0.832 Best Fold Val Acc  0.832 Best Fold Val Loss 0.432
INFO:__main__:Model # Parameters 47554
INFO:__main__:MS 3/4 Epoch 376 Val loss 2.755 Val acc 0.766 Best Val Loss 1.117 Best Val Acc 0.822 Best Fold Val Acc  0.832 Best Fold Val Loss 0.432
INFO:__main__:Model # Parameters 13538
INFO:__main__:MS 4/4 Epoch 296 Val loss 1.647 Val acc 0.776 Best Val Loss 0.544 Best Val Acc 0.813 Best Fold Val Acc  0.832 Best Fold Val Loss 0.432
INFO:__main__:Winner of Model Selection | hidden dim: 64 | dropout 0.5
INFO:__main__:Winner Best Val Accuracy 0.83178
INFO:__main__:Test 1/3 Epoch 338 Val loss 1.984 Val acc 0.776 Best Val Loss 0.533 Best Val Acc 0.813
INFO:__main__:Test 2/3 Epoch 381 Val loss 2.638 Val acc 0.757 Best Val Loss 0.547 Best Val Acc 0.841
INFO:__main__:Test 3/3 Epoch 263 Val loss 1.255 Val acc 0.71 Best Val Loss 0.411 Best Val Acc 0.841
INFO:__main__:Avg test acc 0.681, Agv test acc std 0.018
INFO:__main__:Cross-val iter:8 | Current average test accuracy across folds 0.74289
INFO:__main__:

INFO:__main__:------------------------------ITERATION 9------------------------------
INFO:__main__:Model # Parameters 47554
INFO:__main__:MS 1/4 Epoch 281 Val loss 1.022 Val acc 0.729 Best Val Loss 0.4 Best Val Acc 0.822 Best Fold Val Acc  0.822 Best Fold Val Loss 0.400
INFO:__main__:Model # Parameters 13538
INFO:__main__:MS 2/4 Epoch 279 Val loss 0.72 Val acc 0.729 Best Val Loss 0.477 Best Val Acc 0.822 Best Fold Val Acc  0.822 Best Fold Val Loss 0.400
INFO:__main__:Model # Parameters 47554
INFO:__main__:MS 3/4 Epoch 500 Val loss 1.716 Val acc 0.757 Best Val Loss 1.228 Best Val Acc 0.813 Best Fold Val Acc  0.822 Best Fold Val Loss 0.400
INFO:__main__:Model # Parameters 13538
INFO:__main__:MS 4/4 Epoch 290 Val loss 1.245 Val acc 0.748 Best Val Loss 0.424 Best Val Acc 0.822 Best Fold Val Acc  0.822 Best Fold Val Loss 0.400
INFO:__main__:Winner of Model Selection | hidden dim: 64 | dropout 0.5
INFO:__main__:Winner Best Val Accuracy 0.82243
INFO:__main__:Test 1/3 Epoch 469 Val loss 1.438 Val acc 0.673 Best Val Loss 0.724 Best Val Acc 0.804
INFO:__main__:Test 2/3 Epoch 310 Val loss 0.624 Val acc 0.738 Best Val Loss 0.464 Best Val Acc 0.804
INFO:__main__:Test 3/3 Epoch 339 Val loss 1.807 Val acc 0.682 Best Val Loss 0.469 Best Val Acc 0.804
INFO:__main__:Avg test acc 0.775, Agv test acc std 0.015
INFO:__main__:Cross-val iter:9 | Current average test accuracy across folds 0.74645
INFO:__main__:

INFO:__main__:------------------------------ITERATION 10------------------------------
INFO:__main__:Model # Parameters 47554
INFO:__main__:MS 1/4 Epoch 362 Val loss 0.894 Val acc 0.72 Best Val Loss 0.472 Best Val Acc 0.841 Best Fold Val Acc  0.841 Best Fold Val Loss 0.464
INFO:__main__:Model # Parameters 13538
INFO:__main__:MS 2/4 Epoch 390 Val loss 0.805 Val acc 0.766 Best Val Loss 0.512 Best Val Acc 0.860 Best Fold Val Acc  0.860 Best Fold Val Loss 0.464
INFO:__main__:Model # Parameters 47554
INFO:__main__:MS 3/4 Epoch 500 Val loss 1.444 Val acc 0.822 Best Val Loss 1.152 Best Val Acc 0.869 Best Fold Val Acc  0.869 Best Fold Val Loss 0.441
INFO:__main__:Model # Parameters 13538
INFO:__main__:MS 4/4 Epoch 500 Val loss 2.126 Val acc 0.785 Best Val Loss 1.496 Best Val Acc 0.860 Best Fold Val Acc  0.869 Best Fold Val Loss 0.441
INFO:__main__:Winner of Model Selection | hidden dim: 64 | dropout 0
INFO:__main__:Winner Best Val Accuracy 0.86916
INFO:__main__:Test 1/3 Epoch 331 Val loss 2.425 Val acc 0.748 Best Val Loss 1.467 Best Val Acc 0.860
INFO:__main__:Test 2/3 Epoch 500 Val loss 1.843 Val acc 0.804 Best Val Loss 1.578 Best Val Acc 0.841
INFO:__main__:Test 3/3 Epoch 311 Val loss 2.35 Val acc 0.729 Best Val Loss 0.63 Best Val Acc 0.832
INFO:__main__:Avg test acc 0.755, Agv test acc std 0.045
INFO:__main__:Cross-val iter:10 | Current average test accuracy across folds 0.74731
INFO:__main__:

INFO:__main__:AVERAGE TEST ACC ACROSS FOLDS 0.74731
INFO:__main__:STD ACROSS FOLDS 0.029614282740450245
