INFO:__main__:------------------------------ITERATION 1------------------------------
INFO:__main__:Model # Parameters 47554
INFO:__main__:MS 1/4 Epoch 299 Val loss 1.123 Val acc 0.745 Best Val Loss 0.46 Best Val Acc 0.811 Best Fold Val Acc  0.811 Best Fold Val Loss 0.455
INFO:__main__:Model # Parameters 13538
INFO:__main__:MS 2/4 Epoch 382 Val loss 1.646 Val acc 0.566 Best Val Loss 0.457 Best Val Acc 0.811 Best Fold Val Acc  0.811 Best Fold Val Loss 0.445
INFO:__main__:Model # Parameters 47554
INFO:__main__:MS 3/4 Epoch 500 Val loss 1.826 Val acc 0.83 Best Val Loss 1.166 Best Val Acc 0.849 Best Fold Val Acc  0.849 Best Fold Val Loss 0.445
INFO:__main__:Model # Parameters 13538
INFO:__main__:MS 4/4 Epoch 283 Val loss 1.675 Val acc 0.736 Best Val Loss 0.505 Best Val Acc 0.877 Best Fold Val Acc  0.877 Best Fold Val Loss 0.445
INFO:__main__:Winner of Model Selection | hidden dim: 32 | dropout 0
INFO:__main__:Winner Best Val Accuracy 0.87736
INFO:__main__:Test 1/3 Epoch 500 Val loss 1.37 Val acc 0.811 Best Val Loss 1.382 Best Val Acc 0.858
INFO:__main__:Test 2/3 Epoch 356 Val loss 1.623 Val acc 0.755 Best Val Loss 0.749 Best Val Acc 0.840
INFO:__main__:Test 3/3 Epoch 500 Val loss 2.634 Val acc 0.726 Best Val Loss 1.416 Best Val Acc 0.830
INFO:__main__:Avg test acc 0.782, Agv test acc std 0.018
INFO:__main__:Cross-val iter:1 | Current average test accuracy across folds 0.78151
INFO:__main__:

INFO:__main__:------------------------------ITERATION 2------------------------------
INFO:__main__:Model # Parameters 47554
INFO:__main__:MS 1/4 Epoch 500 Val loss 1.878 Val acc 0.755 Best Val Loss 1.216 Best Val Acc 0.811 Best Fold Val Acc  0.811 Best Fold Val Loss 0.522
INFO:__main__:Model # Parameters 13538
INFO:__main__:MS 2/4 Epoch 500 Val loss 1.576 Val acc 0.557 Best Val Loss 0.737 Best Val Acc 0.821 Best Fold Val Acc  0.821 Best Fold Val Loss 0.522
INFO:__main__:Model # Parameters 47554
INFO:__main__:MS 3/4 Epoch 500 Val loss 1.448 Val acc 0.774 Best Val Loss 1.422 Best Val Acc 0.849 Best Fold Val Acc  0.849 Best Fold Val Loss 0.522
INFO:__main__:Model # Parameters 13538
INFO:__main__:MS 4/4 Epoch 371 Val loss 1.539 Val acc 0.792 Best Val Loss 0.715 Best Val Acc 0.849 Best Fold Val Acc  0.849 Best Fold Val Loss 0.483
INFO:__main__:Winner of Model Selection | hidden dim: 64 | dropout 0
INFO:__main__:Winner Best Val Accuracy 0.84906
INFO:__main__:Test 1/3 Epoch 500 Val loss 1.844 Val acc 0.792 Best Val Loss 1.373 Best Val Acc 0.849
INFO:__main__:Test 2/3 Epoch 421 Val loss 1.396 Val acc 0.792 Best Val Loss 0.983 Best Val Acc 0.849
INFO:__main__:Test 3/3 Epoch 435 Val loss 2.033 Val acc 0.745 Best Val Loss 0.951 Best Val Acc 0.840
INFO:__main__:Avg test acc 0.729, Agv test acc std 0.042
INFO:__main__:Cross-val iter:2 | Current average test accuracy across folds 0.75516
INFO:__main__:

INFO:__main__:------------------------------ITERATION 3------------------------------
INFO:__main__:Model # Parameters 47554
INFO:__main__:MS 1/4 Epoch 341 Val loss 0.708 Val acc 0.698 Best Val Loss 0.473 Best Val Acc 0.830 Best Fold Val Acc  0.830 Best Fold Val Loss 0.456
INFO:__main__:Model # Parameters 13538
INFO:__main__:MS 2/4 Epoch 500 Val loss 0.815 Val acc 0.783 Best Val Loss 0.769 Best Val Acc 0.830 Best Fold Val Acc  0.830 Best Fold Val Loss 0.426
INFO:__main__:Model # Parameters 47554
INFO:__main__:MS 3/4 Epoch 280 Val loss 1.265 Val acc 0.774 Best Val Loss 0.41 Best Val Acc 0.858 Best Fold Val Acc  0.858 Best Fold Val Loss 0.410
INFO:__main__:Model # Parameters 13538
INFO:__main__:MS 4/4 Epoch 352 Val loss 1.119 Val acc 0.745 Best Val Loss 0.568 Best Val Acc 0.849 Best Fold Val Acc  0.858 Best Fold Val Loss 0.410
INFO:__main__:Winner of Model Selection | hidden dim: 64 | dropout 0
INFO:__main__:Winner Best Val Accuracy 0.85849
INFO:__main__:Test 1/3 Epoch 397 Val loss 1.671 Val acc 0.811 Best Val Loss 0.665 Best Val Acc 0.849
INFO:__main__:Test 2/3 Epoch 500 Val loss 1.324 Val acc 0.802 Best Val Loss 0.775 Best Val Acc 0.849
INFO:__main__:Test 3/3 Epoch 352 Val loss 1.161 Val acc 0.764 Best Val Loss 0.78 Best Val Acc 0.840
INFO:__main__:Avg test acc 0.749, Agv test acc std 0.017
INFO:__main__:Cross-val iter:3 | Current average test accuracy across folds 0.75297
INFO:__main__:

INFO:__main__:------------------------------ITERATION 4------------------------------
INFO:__main__:Model # Parameters 47554
INFO:__main__:MS 1/4 Epoch 392 Val loss 1.148 Val acc 0.783 Best Val Loss 0.481 Best Val Acc 0.840 Best Fold Val Acc  0.840 Best Fold Val Loss 0.422
INFO:__main__:Model # Parameters 13538
INFO:__main__:MS 2/4 Epoch 479 Val loss 1.29 Val acc 0.774 Best Val Loss 0.544 Best Val Acc 0.849 Best Fold Val Acc  0.849 Best Fold Val Loss 0.422
INFO:__main__:Model # Parameters 47554
INFO:__main__:MS 3/4 Epoch 417 Val loss 1.347 Val acc 0.774 Best Val Loss 1.088 Best Val Acc 0.821 Best Fold Val Acc  0.849 Best Fold Val Loss 0.422
INFO:__main__:Model # Parameters 13538
INFO:__main__:MS 4/4 Epoch 500 Val loss 1.265 Val acc 0.821 Best Val Loss 0.989 Best Val Acc 0.868 Best Fold Val Acc  0.868 Best Fold Val Loss 0.407
INFO:__main__:Winner of Model Selection | hidden dim: 32 | dropout 0
INFO:__main__:Winner Best Val Accuracy 0.86792
INFO:__main__:Test 1/3 Epoch 500 Val loss 1.764 Val acc 0.802 Best Val Loss 1.603 Best Val Acc 0.849
INFO:__main__:Test 2/3 Epoch 313 Val loss 1.483 Val acc 0.745 Best Val Loss 0.57 Best Val Acc 0.802
INFO:__main__:Test 3/3 Epoch 285 Val loss 1.743 Val acc 0.755 Best Val Loss 0.478 Best Val Acc 0.830
INFO:__main__:Avg test acc 0.766, Agv test acc std 0.045
INFO:__main__:Cross-val iter:4 | Current average test accuracy across folds 0.75611
INFO:__main__:

INFO:__main__:------------------------------ITERATION 5------------------------------
INFO:__main__:Model # Parameters 47554
INFO:__main__:MS 1/4 Epoch 352 Val loss 1.242 Val acc 0.708 Best Val Loss 0.431 Best Val Acc 0.868 Best Fold Val Acc  0.868 Best Fold Val Loss 0.431
INFO:__main__:Model # Parameters 13538
INFO:__main__:MS 2/4 Epoch 500 Val loss 2.921 Val acc 0.679 Best Val Loss 2.645 Best Val Acc 0.858 Best Fold Val Acc  0.868 Best Fold Val Loss 0.431
INFO:__main__:Model # Parameters 47554
INFO:__main__:MS 3/4 Epoch 318 Val loss 1.74 Val acc 0.764 Best Val Loss 1.066 Best Val Acc 0.821 Best Fold Val Acc  0.868 Best Fold Val Loss 0.431
INFO:__main__:Model # Parameters 13538
INFO:__main__:MS 4/4 Epoch 388 Val loss 4.058 Val acc 0.66 Best Val Loss 2.347 Best Val Acc 0.821 Best Fold Val Acc  0.868 Best Fold Val Loss 0.431
INFO:__main__:Winner of Model Selection | hidden dim: 64 | dropout 0.5
INFO:__main__:Winner Best Val Accuracy 0.86792
INFO:__main__:Test 1/3 Epoch 315 Val loss 2.9 Val acc 0.774 Best Val Loss 0.441 Best Val Acc 0.830
INFO:__main__:Test 2/3 Epoch 274 Val loss 0.699 Val acc 0.745 Best Val Loss 0.597 Best Val Acc 0.858
INFO:__main__:Test 3/3 Epoch 349 Val loss 1.335 Val acc 0.708 Best Val Loss 0.467 Best Val Acc 0.821
INFO:__main__:Avg test acc 0.751, Agv test acc std 0.004
INFO:__main__:Cross-val iter:5 | Current average test accuracy across folds 0.75517
INFO:__main__:

INFO:__main__:------------------------------ITERATION 6------------------------------
INFO:__main__:Model # Parameters 47554
INFO:__main__:MS 1/4 Epoch 412 Val loss 2.233 Val acc 0.679 Best Val Loss 0.515 Best Val Acc 0.783 Best Fold Val Acc  0.783 Best Fold Val Loss 0.493
INFO:__main__:Model # Parameters 13538
INFO:__main__:MS 2/4 Epoch 437 Val loss 1.354 Val acc 0.66 Best Val Loss 0.479 Best Val Acc 0.783 Best Fold Val Acc  0.783 Best Fold Val Loss 0.457
INFO:__main__:Model # Parameters 47554
INFO:__main__:MS 3/4 Epoch 500 Val loss 1.385 Val acc 0.736 Best Val Loss 1.187 Best Val Acc 0.802 Best Fold Val Acc  0.802 Best Fold Val Loss 0.457
INFO:__main__:Model # Parameters 13538
INFO:__main__:MS 4/4 Epoch 436 Val loss 1.835 Val acc 0.755 Best Val Loss 1.048 Best Val Acc 0.830 Best Fold Val Acc  0.830 Best Fold Val Loss 0.457
INFO:__main__:Winner of Model Selection | hidden dim: 32 | dropout 0
INFO:__main__:Winner Best Val Accuracy 0.83019
INFO:__main__:Test 1/3 Epoch 500 Val loss 1.804 Val acc 0.745 Best Val Loss 1.228 Best Val Acc 0.802
INFO:__main__:Test 2/3 Epoch 271 Val loss 1.299 Val acc 0.736 Best Val Loss 0.501 Best Val Acc 0.774
INFO:__main__:Test 3/3 Epoch 306 Val loss 3.348 Val acc 0.717 Best Val Loss 0.782 Best Val Acc 0.774
INFO:__main__:Avg test acc 0.732, Agv test acc std 0.004
INFO:__main__:Cross-val iter:6 | Current average test accuracy across folds 0.75125
INFO:__main__:

INFO:__main__:------------------------------ITERATION 7------------------------------
INFO:__main__:Model # Parameters 47554
INFO:__main__:MS 1/4 Epoch 271 Val loss 1.463 Val acc 0.708 Best Val Loss 0.496 Best Val Acc 0.783 Best Fold Val Acc  0.783 Best Fold Val Loss 0.496
INFO:__main__:Model # Parameters 13538
INFO:__main__:MS 2/4 Epoch 500 Val loss 0.846 Val acc 0.689 Best Val Loss 0.851 Best Val Acc 0.802 Best Fold Val Acc  0.802 Best Fold Val Loss 0.496
INFO:__main__:Model # Parameters 47554
INFO:__main__:MS 3/4 Epoch 500 Val loss 2.538 Val acc 0.736 Best Val Loss 1.974 Best Val Acc 0.783 Best Fold Val Acc  0.802 Best Fold Val Loss 0.496
INFO:__main__:Model # Parameters 13538
INFO:__main__:MS 4/4 Epoch 423 Val loss 1.944 Val acc 0.651 Best Val Loss 1.074 Best Val Acc 0.802 Best Fold Val Acc  0.802 Best Fold Val Loss 0.496
INFO:__main__:Winner of Model Selection | hidden dim: 32 | dropout 0.5
INFO:__main__:Winner Best Val Accuracy 0.80189
INFO:__main__:Test 1/3 Epoch 500 Val loss 1.622 Val acc 0.613 Best Val Loss 0.753 Best Val Acc 0.745
INFO:__main__:Test 2/3 Epoch 500 Val loss 1.469 Val acc 0.698 Best Val Loss 1.192 Best Val Acc 0.783
INFO:__main__:Test 3/3 Epoch 500 Val loss 1.109 Val acc 0.755 Best Val Loss 0.784 Best Val Acc 0.821
INFO:__main__:Avg test acc 0.802, Agv test acc std 0.017
INFO:__main__:Cross-val iter:7 | Current average test accuracy across folds 0.75854
INFO:__main__:

INFO:__main__:------------------------------ITERATION 8------------------------------
INFO:__main__:Model # Parameters 47554
INFO:__main__:MS 1/4 Epoch 500 Val loss 2.763 Val acc 0.738 Best Val Loss 1.102 Best Val Acc 0.832 Best Fold Val Acc  0.832 Best Fold Val Loss 0.434
INFO:__main__:Model # Parameters 13538
INFO:__main__:MS 2/4 Epoch 404 Val loss 1.068 Val acc 0.785 Best Val Loss 0.478 Best Val Acc 0.832 Best Fold Val Acc  0.832 Best Fold Val Loss 0.434
INFO:__main__:Model # Parameters 47554
INFO:__main__:MS 3/4 Epoch 391 Val loss 2.177 Val acc 0.748 Best Val Loss 1.115 Best Val Acc 0.813 Best Fold Val Acc  0.832 Best Fold Val Loss 0.434
INFO:__main__:Model # Parameters 13538
INFO:__main__:MS 4/4 Epoch 500 Val loss 2.44 Val acc 0.692 Best Val Loss 2.456 Best Val Acc 0.822 Best Fold Val Acc  0.832 Best Fold Val Loss 0.434
INFO:__main__:Winner of Model Selection | hidden dim: 64 | dropout 0.5
INFO:__main__:Winner Best Val Accuracy 0.83178
INFO:__main__:Test 1/3 Epoch 329 Val loss 1.314 Val acc 0.729 Best Val Loss 0.445 Best Val Acc 0.841
INFO:__main__:Test 2/3 Epoch 358 Val loss 1.232 Val acc 0.654 Best Val Loss 0.42 Best Val Acc 0.832
INFO:__main__:Test 3/3 Epoch 371 Val loss 1.526 Val acc 0.766 Best Val Loss 0.63 Best Val Acc 0.822
INFO:__main__:Avg test acc 0.704, Agv test acc std 0.018
INFO:__main__:Cross-val iter:8 | Current average test accuracy across folds 0.75168
INFO:__main__:

INFO:__main__:------------------------------ITERATION 9------------------------------
INFO:__main__:Model # Parameters 47554
INFO:__main__:MS 1/4 Epoch 296 Val loss 0.859 Val acc 0.682 Best Val Loss 0.492 Best Val Acc 0.850 Best Fold Val Acc  0.850 Best Fold Val Loss 0.476
INFO:__main__:Model # Parameters 13538
INFO:__main__:MS 2/4 Epoch 410 Val loss 0.852 Val acc 0.673 Best Val Loss 0.423 Best Val Acc 0.841 Best Fold Val Acc  0.850 Best Fold Val Loss 0.423
INFO:__main__:Model # Parameters 47554
INFO:__main__:MS 3/4 Epoch 500 Val loss 1.694 Val acc 0.738 Best Val Loss 1.57 Best Val Acc 0.813 Best Fold Val Acc  0.850 Best Fold Val Loss 0.423
INFO:__main__:Model # Parameters 13538
INFO:__main__:MS 4/4 Epoch 287 Val loss 1.229 Val acc 0.729 Best Val Loss 0.472 Best Val Acc 0.832 Best Fold Val Acc  0.850 Best Fold Val Loss 0.418
INFO:__main__:Winner of Model Selection | hidden dim: 64 | dropout 0.5
INFO:__main__:Winner Best Val Accuracy 0.85047
INFO:__main__:Test 1/3 Epoch 302 Val loss 0.904 Val acc 0.738 Best Val Loss 0.427 Best Val Acc 0.832
INFO:__main__:Test 2/3 Epoch 288 Val loss 1.34 Val acc 0.598 Best Val Loss 0.448 Best Val Acc 0.860
INFO:__main__:Test 3/3 Epoch 273 Val loss 0.738 Val acc 0.72 Best Val Loss 0.524 Best Val Acc 0.822
INFO:__main__:Avg test acc 0.769, Agv test acc std 0.012
INFO:__main__:Cross-val iter:9 | Current average test accuracy across folds 0.75363
INFO:__main__:

INFO:__main__:------------------------------ITERATION 10------------------------------
INFO:__main__:Model # Parameters 47554
INFO:__main__:MS 1/4 Epoch 337 Val loss 1.414 Val acc 0.813 Best Val Loss 0.531 Best Val Acc 0.850 Best Fold Val Acc  0.850 Best Fold Val Loss 0.531
INFO:__main__:Model # Parameters 13538
INFO:__main__:MS 2/4 Epoch 438 Val loss 0.982 Val acc 0.71 Best Val Loss 0.484 Best Val Acc 0.832 Best Fold Val Acc  0.850 Best Fold Val Loss 0.484
INFO:__main__:Model # Parameters 47554
INFO:__main__:MS 3/4 Epoch 467 Val loss 1.923 Val acc 0.813 Best Val Loss 1.392 Best Val Acc 0.841 Best Fold Val Acc  0.850 Best Fold Val Loss 0.484
INFO:__main__:Model # Parameters 13538
INFO:__main__:MS 4/4 Epoch 329 Val loss 2.031 Val acc 0.71 Best Val Loss 0.862 Best Val Acc 0.785 Best Fold Val Acc  0.850 Best Fold Val Loss 0.484
INFO:__main__:Winner of Model Selection | hidden dim: 64 | dropout 0.5
INFO:__main__:Winner Best Val Accuracy 0.85047
INFO:__main__:Test 1/3 Epoch 325 Val loss 1.253 Val acc 0.766 Best Val Loss 0.625 Best Val Acc 0.813
INFO:__main__:Test 2/3 Epoch 321 Val loss 1.232 Val acc 0.729 Best Val Loss 1.438 Best Val Acc 0.850
INFO:__main__:Test 3/3 Epoch 347 Val loss 1.08 Val acc 0.794 Best Val Loss 0.501 Best Val Acc 0.841
INFO:__main__:Avg test acc 0.744, Agv test acc std 0.037
INFO:__main__:Cross-val iter:10 | Current average test accuracy across folds 0.75263
INFO:__main__:

INFO:__main__:AVERAGE TEST ACC ACROSS FOLDS 0.75263
INFO:__main__:STD ACROSS FOLDS 0.0269085513464449
