INFO:__main__:------------------------------ITERATION 1------------------------------
INFO:__main__:Model # Parameters 47682
INFO:__main__:MS 1/4 Epoch 415 Val loss 2.366 Val acc 0.726 Best Val Loss 0.701 Best Val Acc 0.811 Best Fold Val Acc  0.811 Best Fold Val Loss 0.477
INFO:__main__:Model # Parameters 13602
INFO:__main__:MS 2/4 Epoch 343 Val loss 1.745 Val acc 0.585 Best Val Loss 0.47 Best Val Acc 0.811 Best Fold Val Acc  0.811 Best Fold Val Loss 0.470
INFO:__main__:Model # Parameters 47682
INFO:__main__:MS 3/4 Epoch 284 Val loss 1.313 Val acc 0.774 Best Val Loss 0.936 Best Val Acc 0.849 Best Fold Val Acc  0.849 Best Fold Val Loss 0.451
INFO:__main__:Model # Parameters 13602
INFO:__main__:MS 4/4 Epoch 500 Val loss 1.323 Val acc 0.792 Best Val Loss 0.726 Best Val Acc 0.849 Best Fold Val Acc  0.849 Best Fold Val Loss 0.392
INFO:__main__:Winner of Model Selection | hidden dim: 64 | dropout 0
INFO:__main__:Winner Best Val Accuracy 0.84906
INFO:__main__:Test 1/3 Epoch 389 Val loss 1.799 Val acc 0.783 Best Val Loss 0.909 Best Val Acc 0.821
INFO:__main__:Test 2/3 Epoch 500 Val loss 2.839 Val acc 0.755 Best Val Loss 2.13 Best Val Acc 0.811
INFO:__main__:Test 3/3 Epoch 292 Val loss 3.991 Val acc 0.717 Best Val Loss 1.06 Best Val Acc 0.858
INFO:__main__:Avg test acc 0.779, Agv test acc std 0.016
INFO:__main__:Cross-val iter:1 | Current average test accuracy across folds 0.77871
INFO:__main__:

INFO:__main__:------------------------------ITERATION 2------------------------------
INFO:__main__:Model # Parameters 47682
INFO:__main__:MS 1/4 Epoch 483 Val loss 2.758 Val acc 0.755 Best Val Loss 1.46 Best Val Acc 0.840 Best Fold Val Acc  0.840 Best Fold Val Loss 0.537
INFO:__main__:Model # Parameters 13602
INFO:__main__:MS 2/4 Epoch 281 Val loss 1.43 Val acc 0.736 Best Val Loss 0.561 Best Val Acc 0.821 Best Fold Val Acc  0.840 Best Fold Val Loss 0.537
INFO:__main__:Model # Parameters 47682
INFO:__main__:MS 3/4 Epoch 500 Val loss 1.895 Val acc 0.792 Best Val Loss 1.608 Best Val Acc 0.830 Best Fold Val Acc  0.840 Best Fold Val Loss 0.434
INFO:__main__:Model # Parameters 13602
INFO:__main__:MS 4/4 Epoch 500 Val loss 1.566 Val acc 0.764 Best Val Loss 1.076 Best Val Acc 0.830 Best Fold Val Acc  0.840 Best Fold Val Loss 0.434
INFO:__main__:Winner of Model Selection | hidden dim: 64 | dropout 0.5
INFO:__main__:Winner Best Val Accuracy 0.83962
INFO:__main__:Test 1/3 Epoch 500 Val loss 3.21 Val acc 0.698 Best Val Loss 1.778 Best Val Acc 0.821
INFO:__main__:Test 2/3 Epoch 282 Val loss 1.317 Val acc 0.755 Best Val Loss 0.634 Best Val Acc 0.792
INFO:__main__:Test 3/3 Epoch 266 Val loss 2.795 Val acc 0.736 Best Val Loss 0.55 Best Val Acc 0.802
INFO:__main__:Avg test acc 0.737, Agv test acc std 0.007
INFO:__main__:Cross-val iter:2 | Current average test accuracy across folds 0.75800
INFO:__main__:

INFO:__main__:------------------------------ITERATION 3------------------------------
INFO:__main__:Model # Parameters 47682
INFO:__main__:MS 1/4 Epoch 254 Val loss 4.828 Val acc 0.67 Best Val Loss 1.034 Best Val Acc 0.792 Best Fold Val Acc  0.792 Best Fold Val Loss 0.828
INFO:__main__:Model # Parameters 13602
INFO:__main__:MS 2/4 Epoch 333 Val loss 1.049 Val acc 0.764 Best Val Loss 0.481 Best Val Acc 0.821 Best Fold Val Acc  0.821 Best Fold Val Loss 0.460
INFO:__main__:Model # Parameters 47682
INFO:__main__:MS 3/4 Epoch 272 Val loss 1.656 Val acc 0.745 Best Val Loss 0.483 Best Val Acc 0.811 Best Fold Val Acc  0.821 Best Fold Val Loss 0.460
INFO:__main__:Model # Parameters 13602
INFO:__main__:MS 4/4 Epoch 377 Val loss 1.663 Val acc 0.736 Best Val Loss 0.818 Best Val Acc 0.849 Best Fold Val Acc  0.849 Best Fold Val Loss 0.460
INFO:__main__:Winner of Model Selection | hidden dim: 32 | dropout 0
INFO:__main__:Winner Best Val Accuracy 0.84906
INFO:__main__:Test 1/3 Epoch 286 Val loss 1.485 Val acc 0.736 Best Val Loss 1.24 Best Val Acc 0.821
INFO:__main__:Test 2/3 Epoch 281 Val loss 1.056 Val acc 0.745 Best Val Loss 1.179 Best Val Acc 0.821
INFO:__main__:Test 3/3 Epoch 267 Val loss 1.593 Val acc 0.726 Best Val Loss 0.487 Best Val Acc 0.821
INFO:__main__:Avg test acc 0.819, Agv test acc std 0.004
INFO:__main__:Cross-val iter:3 | Current average test accuracy across folds 0.77840
INFO:__main__:

INFO:__main__:------------------------------ITERATION 4------------------------------
INFO:__main__:Model # Parameters 47682
INFO:__main__:MS 1/4 Epoch 266 Val loss 1.908 Val acc 0.717 Best Val Loss 0.502 Best Val Acc 0.821 Best Fold Val Acc  0.821 Best Fold Val Loss 0.495
INFO:__main__:Model # Parameters 13602
INFO:__main__:MS 2/4 Epoch 274 Val loss 2.663 Val acc 0.708 Best Val Loss 0.561 Best Val Acc 0.849 Best Fold Val Acc  0.849 Best Fold Val Loss 0.495
INFO:__main__:Model # Parameters 47682
INFO:__main__:MS 3/4 Epoch 336 Val loss 2.056 Val acc 0.792 Best Val Loss 0.579 Best Val Acc 0.849 Best Fold Val Acc  0.849 Best Fold Val Loss 0.452
INFO:__main__:Model # Parameters 13602
INFO:__main__:MS 4/4 Epoch 301 Val loss 1.792 Val acc 0.651 Best Val Loss 0.413 Best Val Acc 0.868 Best Fold Val Acc  0.868 Best Fold Val Loss 0.413
INFO:__main__:Winner of Model Selection | hidden dim: 32 | dropout 0
INFO:__main__:Winner Best Val Accuracy 0.86792
INFO:__main__:Test 1/3 Epoch 500 Val loss 1.228 Val acc 0.783 Best Val Loss 1.181 Best Val Acc 0.830
INFO:__main__:Test 2/3 Epoch 279 Val loss 1.043 Val acc 0.774 Best Val Loss 0.45 Best Val Acc 0.877
INFO:__main__:Test 3/3 Epoch 356 Val loss 1.723 Val acc 0.736 Best Val Loss 0.574 Best Val Acc 0.849
INFO:__main__:Avg test acc 0.726, Agv test acc std 0.008
INFO:__main__:Cross-val iter:4 | Current average test accuracy across folds 0.76530
INFO:__main__:

INFO:__main__:------------------------------ITERATION 5------------------------------
INFO:__main__:Model # Parameters 47682
INFO:__main__:MS 1/4 Epoch 317 Val loss 2.555 Val acc 0.642 Best Val Loss 0.862 Best Val Acc 0.764 Best Fold Val Acc  0.764 Best Fold Val Loss 0.527
INFO:__main__:Model # Parameters 13602
INFO:__main__:MS 2/4 Epoch 350 Val loss 1.862 Val acc 0.726 Best Val Loss 0.691 Best Val Acc 0.802 Best Fold Val Acc  0.802 Best Fold Val Loss 0.492
INFO:__main__:Model # Parameters 47682
INFO:__main__:MS 3/4 Epoch 284 Val loss 5.766 Val acc 0.726 Best Val Loss 1.112 Best Val Acc 0.811 Best Fold Val Acc  0.811 Best Fold Val Loss 0.492
INFO:__main__:Model # Parameters 13602
INFO:__main__:MS 4/4 Epoch 293 Val loss 10.408 Val acc 0.726 Best Val Loss 0.591 Best Val Acc 0.811 Best Fold Val Acc  0.811 Best Fold Val Loss 0.492
INFO:__main__:Winner of Model Selection | hidden dim: 64 | dropout 0
INFO:__main__:Winner Best Val Accuracy 0.81132
INFO:__main__:Test 1/3 Epoch 400 Val loss 12.687 Val acc 0.708 Best Val Loss 4.312 Best Val Acc 0.811
INFO:__main__:Test 2/3 Epoch 289 Val loss 3.567 Val acc 0.708 Best Val Loss 1.237 Best Val Acc 0.821
INFO:__main__:Test 3/3 Epoch 299 Val loss 5.04 Val acc 0.755 Best Val Loss 1.637 Best Val Acc 0.830
INFO:__main__:Avg test acc 0.794, Agv test acc std 0.034
INFO:__main__:Cross-val iter:5 | Current average test accuracy across folds 0.77100
INFO:__main__:

INFO:__main__:------------------------------ITERATION 6------------------------------
INFO:__main__:Model # Parameters 47682
INFO:__main__:MS 1/4 Epoch 500 Val loss 3.398 Val acc 0.755 Best Val Loss 1.598 Best Val Acc 0.830 Best Fold Val Acc  0.830 Best Fold Val Loss 0.466
INFO:__main__:Model # Parameters 13602
INFO:__main__:MS 2/4 Epoch 354 Val loss 2.731 Val acc 0.642 Best Val Loss 0.488 Best Val Acc 0.774 Best Fold Val Acc  0.830 Best Fold Val Loss 0.466
INFO:__main__:Model # Parameters 47682
INFO:__main__:MS 3/4 Epoch 322 Val loss 2.221 Val acc 0.708 Best Val Loss 1.084 Best Val Acc 0.802 Best Fold Val Acc  0.830 Best Fold Val Loss 0.466
INFO:__main__:Model # Parameters 13602
INFO:__main__:MS 4/4 Epoch 347 Val loss 1.532 Val acc 0.783 Best Val Loss 0.929 Best Val Acc 0.821 Best Fold Val Acc  0.830 Best Fold Val Loss 0.466
INFO:__main__:Winner of Model Selection | hidden dim: 64 | dropout 0.5
INFO:__main__:Winner Best Val Accuracy 0.83019
INFO:__main__:Test 1/3 Epoch 500 Val loss 2.786 Val acc 0.726 Best Val Loss 3.449 Best Val Acc 0.783
INFO:__main__:Test 2/3 Epoch 449 Val loss 5.14 Val acc 0.651 Best Val Loss 0.754 Best Val Acc 0.792
INFO:__main__:Test 3/3 Epoch 364 Val loss 6.361 Val acc 0.679 Best Val Loss 0.872 Best Val Acc 0.792
INFO:__main__:Avg test acc 0.686, Agv test acc std 0.000
INFO:__main__:Cross-val iter:6 | Current average test accuracy across folds 0.75690
INFO:__main__:

INFO:__main__:------------------------------ITERATION 7------------------------------
INFO:__main__:Model # Parameters 47682
INFO:__main__:MS 1/4 Epoch 500 Val loss 4.558 Val acc 0.642 Best Val Loss 1.034 Best Val Acc 0.774 Best Fold Val Acc  0.774 Best Fold Val Loss 0.533
INFO:__main__:Model # Parameters 13602
INFO:__main__:MS 2/4 Epoch 500 Val loss 2.248 Val acc 0.651 Best Val Loss 1.657 Best Val Acc 0.764 Best Fold Val Acc  0.774 Best Fold Val Loss 0.533
INFO:__main__:Model # Parameters 47682
INFO:__main__:MS 3/4 Epoch 267 Val loss 1.235 Val acc 0.764 Best Val Loss 0.543 Best Val Acc 0.811 Best Fold Val Acc  0.811 Best Fold Val Loss 0.494
INFO:__main__:Model # Parameters 13602
INFO:__main__:MS 4/4 Epoch 318 Val loss 1.67 Val acc 0.717 Best Val Loss 0.57 Best Val Acc 0.811 Best Fold Val Acc  0.811 Best Fold Val Loss 0.494
INFO:__main__:Winner of Model Selection | hidden dim: 64 | dropout 0
INFO:__main__:Winner Best Val Accuracy 0.81132
INFO:__main__:Test 1/3 Epoch 500 Val loss 2.979 Val acc 0.774 Best Val Loss 1.862 Best Val Acc 0.830
INFO:__main__:Test 2/3 Epoch 286 Val loss 1.706 Val acc 0.726 Best Val Loss 0.498 Best Val Acc 0.821
INFO:__main__:Test 3/3 Epoch 500 Val loss 2.016 Val acc 0.792 Best Val Loss 2.496 Best Val Acc 0.821
INFO:__main__:Avg test acc 0.808, Agv test acc std 0.008
INFO:__main__:Cross-val iter:7 | Current average test accuracy across folds 0.76419
INFO:__main__:

INFO:__main__:------------------------------ITERATION 8------------------------------
INFO:__main__:Model # Parameters 47682
INFO:__main__:MS 1/4 Epoch 500 Val loss 5.209 Val acc 0.636 Best Val Loss 0.628 Best Val Acc 0.832 Best Fold Val Acc  0.832 Best Fold Val Loss 0.467
INFO:__main__:Model # Parameters 13602
INFO:__main__:MS 2/4 Epoch 277 Val loss 0.812 Val acc 0.636 Best Val Loss 0.466 Best Val Acc 0.841 Best Fold Val Acc  0.841 Best Fold Val Loss 0.466
INFO:__main__:Model # Parameters 47682
INFO:__main__:MS 3/4 Epoch 500 Val loss 1.254 Val acc 0.841 Best Val Loss 1.605 Best Val Acc 0.869 Best Fold Val Acc  0.869 Best Fold Val Loss 0.434
INFO:__main__:Model # Parameters 13602
INFO:__main__:MS 4/4 Epoch 302 Val loss 1.299 Val acc 0.776 Best Val Loss 0.52 Best Val Acc 0.813 Best Fold Val Acc  0.869 Best Fold Val Loss 0.434
INFO:__main__:Winner of Model Selection | hidden dim: 64 | dropout 0
INFO:__main__:Winner Best Val Accuracy 0.86916
INFO:__main__:Test 1/3 Epoch 500 Val loss 2.415 Val acc 0.738 Best Val Loss 2.323 Best Val Acc 0.822
INFO:__main__:Test 2/3 Epoch 500 Val loss 1.869 Val acc 0.766 Best Val Loss 2.006 Best Val Acc 0.832
INFO:__main__:Test 3/3 Epoch 500 Val loss 2.101 Val acc 0.738 Best Val Loss 1.491 Best Val Acc 0.822
INFO:__main__:Avg test acc 0.724, Agv test acc std 0.016
INFO:__main__:Cross-val iter:8 | Current average test accuracy across folds 0.75912
INFO:__main__:

INFO:__main__:------------------------------ITERATION 9------------------------------
INFO:__main__:Model # Parameters 47682
INFO:__main__:MS 1/4 Epoch 358 Val loss 2.126 Val acc 0.738 Best Val Loss 0.514 Best Val Acc 0.804 Best Fold Val Acc  0.804 Best Fold Val Loss 0.487
INFO:__main__:Model # Parameters 13602
INFO:__main__:MS 2/4 Epoch 325 Val loss 1.075 Val acc 0.673 Best Val Loss 0.454 Best Val Acc 0.822 Best Fold Val Acc  0.822 Best Fold Val Loss 0.447
INFO:__main__:Model # Parameters 47682
INFO:__main__:MS 3/4 Epoch 284 Val loss 1.49 Val acc 0.738 Best Val Loss 0.394 Best Val Acc 0.879 Best Fold Val Acc  0.879 Best Fold Val Loss 0.394
INFO:__main__:Model # Parameters 13602
INFO:__main__:MS 4/4 Epoch 306 Val loss 1.282 Val acc 0.748 Best Val Loss 0.408 Best Val Acc 0.850 Best Fold Val Acc  0.879 Best Fold Val Loss 0.394
INFO:__main__:Winner of Model Selection | hidden dim: 64 | dropout 0
INFO:__main__:Winner Best Val Accuracy 0.87850
INFO:__main__:Test 1/3 Epoch 297 Val loss 1.99 Val acc 0.701 Best Val Loss 0.411 Best Val Acc 0.850
INFO:__main__:Test 2/3 Epoch 265 Val loss 1.779 Val acc 0.673 Best Val Loss 0.42 Best Val Acc 0.860
INFO:__main__:Test 3/3 Epoch 283 Val loss 1.263 Val acc 0.748 Best Val Loss 0.411 Best Val Acc 0.832
INFO:__main__:Avg test acc 0.832, Agv test acc std 0.044
INFO:__main__:Cross-val iter:9 | Current average test accuracy across folds 0.76721
INFO:__main__:

INFO:__main__:------------------------------ITERATION 10------------------------------
INFO:__main__:Model # Parameters 47682
INFO:__main__:MS 1/4 Epoch 500 Val loss 4.564 Val acc 0.757 Best Val Loss 1.962 Best Val Acc 0.813 Best Fold Val Acc  0.813 Best Fold Val Loss 0.737
INFO:__main__:Model # Parameters 13602
INFO:__main__:MS 2/4 Epoch 278 Val loss 1.756 Val acc 0.738 Best Val Loss 1.07 Best Val Acc 0.813 Best Fold Val Acc  0.813 Best Fold Val Loss 0.737
INFO:__main__:Model # Parameters 47682
INFO:__main__:MS 3/4 Epoch 498 Val loss 2.738 Val acc 0.738 Best Val Loss 1.383 Best Val Acc 0.832 Best Fold Val Acc  0.832 Best Fold Val Loss 0.487
INFO:__main__:Model # Parameters 13602
INFO:__main__:MS 4/4 Epoch 265 Val loss 3.345 Val acc 0.748 Best Val Loss 3.978 Best Val Acc 0.841 Best Fold Val Acc  0.841 Best Fold Val Loss 0.487
INFO:__main__:Winner of Model Selection | hidden dim: 32 | dropout 0
INFO:__main__:Winner Best Val Accuracy 0.84112
INFO:__main__:Test 1/3 Epoch 500 Val loss 5.793 Val acc 0.757 Best Val Loss 1.91 Best Val Acc 0.832
INFO:__main__:Test 2/3 Epoch 465 Val loss 3.051 Val acc 0.729 Best Val Loss 1.144 Best Val Acc 0.832
INFO:__main__:Test 3/3 Epoch 492 Val loss 1.32 Val acc 0.832 Best Val Loss 1.383 Best Val Acc 0.869
INFO:__main__:Avg test acc 0.746, Agv test acc std 0.036
INFO:__main__:Cross-val iter:10 | Current average test accuracy across folds 0.76513
INFO:__main__:

INFO:__main__:AVERAGE TEST ACC ACROSS FOLDS 0.76513
INFO:__main__:STD ACROSS FOLDS 0.04559504169221019
