INFO:__main__:------------------------------ITERATION 1------------------------------
INFO:__main__:Model # Parameters 47426
INFO:__main__:MS 1/4 Epoch 322 Val loss 0.663 Val acc 0.755 Best Val Loss 0.483 Best Val Acc 0.802 Best Fold Val Acc  0.802 Best Fold Val Loss 0.434
INFO:__main__:Model # Parameters 13474
INFO:__main__:MS 2/4 Epoch 474 Val loss 0.851 Val acc 0.736 Best Val Loss 0.458 Best Val Acc 0.821 Best Fold Val Acc  0.821 Best Fold Val Loss 0.421
INFO:__main__:Model # Parameters 47426
INFO:__main__:MS 3/4 Epoch 369 Val loss 1.88 Val acc 0.745 Best Val Loss 0.928 Best Val Acc 0.811 Best Fold Val Acc  0.821 Best Fold Val Loss 0.421
INFO:__main__:Model # Parameters 13474
INFO:__main__:MS 4/4 Epoch 275 Val loss 1.75 Val acc 0.726 Best Val Loss 0.426 Best Val Acc 0.830 Best Fold Val Acc  0.830 Best Fold Val Loss 0.421
INFO:__main__:Winner of Model Selection | hidden dim: 32 | dropout 0
INFO:__main__:Winner Best Val Accuracy 0.83019
INFO:__main__:Test 1/3 Epoch 308 Val loss 1.157 Val acc 0.755 Best Val Loss 0.419 Best Val Acc 0.840
INFO:__main__:Test 2/3 Epoch 348 Val loss 1.05 Val acc 0.745 Best Val Loss 0.565 Best Val Acc 0.830
INFO:__main__:Test 3/3 Epoch 353 Val loss 1.287 Val acc 0.726 Best Val Loss 0.53 Best Val Acc 0.830
INFO:__main__:Avg test acc 0.782, Agv test acc std 0.007
INFO:__main__:Cross-val iter:1 | Current average test accuracy across folds 0.78151
INFO:__main__:

INFO:__main__:------------------------------ITERATION 2------------------------------
INFO:__main__:Model # Parameters 47426
INFO:__main__:MS 1/4 Epoch 391 Val loss 0.77 Val acc 0.764 Best Val Loss 0.455 Best Val Acc 0.849 Best Fold Val Acc  0.849 Best Fold Val Loss 0.455
INFO:__main__:Model # Parameters 13474
INFO:__main__:MS 2/4 Epoch 500 Val loss 0.577 Val acc 0.792 Best Val Loss 0.523 Best Val Acc 0.858 Best Fold Val Acc  0.858 Best Fold Val Loss 0.426
INFO:__main__:Model # Parameters 47426
INFO:__main__:MS 3/4 Epoch 284 Val loss 0.738 Val acc 0.802 Best Val Loss 0.524 Best Val Acc 0.849 Best Fold Val Acc  0.858 Best Fold Val Loss 0.426
INFO:__main__:Model # Parameters 13474
INFO:__main__:MS 4/4 Epoch 305 Val loss 1.234 Val acc 0.708 Best Val Loss 0.563 Best Val Acc 0.821 Best Fold Val Acc  0.858 Best Fold Val Loss 0.426
INFO:__main__:Winner of Model Selection | hidden dim: 32 | dropout 0.5
INFO:__main__:Winner Best Val Accuracy 0.85849
INFO:__main__:Test 1/3 Epoch 419 Val loss 0.741 Val acc 0.755 Best Val Loss 0.49 Best Val Acc 0.849
INFO:__main__:Test 2/3 Epoch 479 Val loss 0.796 Val acc 0.66 Best Val Loss 0.43 Best Val Acc 0.868
INFO:__main__:Test 3/3 Epoch 500 Val loss 0.678 Val acc 0.736 Best Val Loss 0.543 Best Val Acc 0.868
INFO:__main__:Avg test acc 0.718, Agv test acc std 0.017
INFO:__main__:Cross-val iter:2 | Current average test accuracy across folds 0.74951
INFO:__main__:

INFO:__main__:------------------------------ITERATION 3------------------------------
INFO:__main__:Model # Parameters 47426
INFO:__main__:MS 1/4 Epoch 500 Val loss 0.716 Val acc 0.792 Best Val Loss 0.587 Best Val Acc 0.849 Best Fold Val Acc  0.849 Best Fold Val Loss 0.422
INFO:__main__:Model # Parameters 13474
INFO:__main__:MS 2/4 Epoch 500 Val loss 0.582 Val acc 0.821 Best Val Loss 0.511 Best Val Acc 0.830 Best Fold Val Acc  0.849 Best Fold Val Loss 0.422
INFO:__main__:Model # Parameters 47426
INFO:__main__:MS 3/4 Epoch 500 Val loss 1.479 Val acc 0.792 Best Val Loss 1.52 Best Val Acc 0.821 Best Fold Val Acc  0.849 Best Fold Val Loss 0.422
INFO:__main__:Model # Parameters 13474
INFO:__main__:MS 4/4 Epoch 340 Val loss 1.267 Val acc 0.726 Best Val Loss 0.547 Best Val Acc 0.821 Best Fold Val Acc  0.849 Best Fold Val Loss 0.422
INFO:__main__:Winner of Model Selection | hidden dim: 64 | dropout 0.5
INFO:__main__:Winner Best Val Accuracy 0.84906
INFO:__main__:Test 1/3 Epoch 500 Val loss 0.699 Val acc 0.821 Best Val Loss 0.59 Best Val Acc 0.868
INFO:__main__:Test 2/3 Epoch 500 Val loss 0.84 Val acc 0.792 Best Val Loss 0.657 Best Val Acc 0.830
INFO:__main__:Test 3/3 Epoch 500 Val loss 0.593 Val acc 0.811 Best Val Loss 0.852 Best Val Acc 0.840
INFO:__main__:Avg test acc 0.737, Agv test acc std 0.007
INFO:__main__:Cross-val iter:3 | Current average test accuracy across folds 0.74544
INFO:__main__:

INFO:__main__:------------------------------ITERATION 4------------------------------
INFO:__main__:Model # Parameters 47426
INFO:__main__:MS 1/4 Epoch 470 Val loss 0.945 Val acc 0.708 Best Val Loss 0.569 Best Val Acc 0.840 Best Fold Val Acc  0.840 Best Fold Val Loss 0.434
INFO:__main__:Model # Parameters 13474
INFO:__main__:MS 2/4 Epoch 500 Val loss 0.627 Val acc 0.811 Best Val Loss 0.542 Best Val Acc 0.849 Best Fold Val Acc  0.849 Best Fold Val Loss 0.434
INFO:__main__:Model # Parameters 47426
INFO:__main__:MS 3/4 Epoch 351 Val loss 1.521 Val acc 0.717 Best Val Loss 0.527 Best Val Acc 0.821 Best Fold Val Acc  0.849 Best Fold Val Loss 0.434
INFO:__main__:Model # Parameters 13474
INFO:__main__:MS 4/4 Epoch 500 Val loss 1.536 Val acc 0.736 Best Val Loss 1.416 Best Val Acc 0.811 Best Fold Val Acc  0.849 Best Fold Val Loss 0.434
INFO:__main__:Winner of Model Selection | hidden dim: 32 | dropout 0.5
INFO:__main__:Winner Best Val Accuracy 0.84906
INFO:__main__:Test 1/3 Epoch 500 Val loss 0.834 Val acc 0.802 Best Val Loss 0.698 Best Val Acc 0.830
INFO:__main__:Test 2/3 Epoch 500 Val loss 0.479 Val acc 0.84 Best Val Loss 0.483 Best Val Acc 0.877
INFO:__main__:Test 3/3 Epoch 500 Val loss 0.61 Val acc 0.821 Best Val Loss 0.465 Best Val Acc 0.849
INFO:__main__:Avg test acc 0.794, Agv test acc std 0.008
INFO:__main__:Cross-val iter:4 | Current average test accuracy across folds 0.75753
INFO:__main__:

INFO:__main__:------------------------------ITERATION 5------------------------------
INFO:__main__:Model # Parameters 47426
INFO:__main__:MS 1/4 Epoch 374 Val loss 0.645 Val acc 0.717 Best Val Loss 0.414 Best Val Acc 0.849 Best Fold Val Acc  0.849 Best Fold Val Loss 0.414
INFO:__main__:Model # Parameters 13474
INFO:__main__:MS 2/4 Epoch 408 Val loss 0.982 Val acc 0.726 Best Val Loss 0.42 Best Val Acc 0.849 Best Fold Val Acc  0.849 Best Fold Val Loss 0.414
INFO:__main__:Model # Parameters 47426
INFO:__main__:MS 3/4 Epoch 266 Val loss 1.335 Val acc 0.736 Best Val Loss 0.44 Best Val Acc 0.840 Best Fold Val Acc  0.849 Best Fold Val Loss 0.414
INFO:__main__:Model # Parameters 13474
INFO:__main__:MS 4/4 Epoch 302 Val loss 1.539 Val acc 0.745 Best Val Loss 0.496 Best Val Acc 0.868 Best Fold Val Acc  0.868 Best Fold Val Loss 0.414
INFO:__main__:Winner of Model Selection | hidden dim: 32 | dropout 0
INFO:__main__:Winner Best Val Accuracy 0.86792
INFO:__main__:Test 1/3 Epoch 261 Val loss 1.222 Val acc 0.717 Best Val Loss 0.476 Best Val Acc 0.821
INFO:__main__:Test 2/3 Epoch 319 Val loss 1.61 Val acc 0.745 Best Val Loss 0.634 Best Val Acc 0.811
INFO:__main__:Test 3/3 Epoch 449 Val loss 1.185 Val acc 0.783 Best Val Loss 0.632 Best Val Acc 0.821
INFO:__main__:Avg test acc 0.774, Agv test acc std 0.026
INFO:__main__:Cross-val iter:5 | Current average test accuracy across folds 0.76082
INFO:__main__:

INFO:__main__:------------------------------ITERATION 6------------------------------
INFO:__main__:Model # Parameters 47426
INFO:__main__:MS 1/4 Epoch 340 Val loss 0.663 Val acc 0.745 Best Val Loss 0.436 Best Val Acc 0.821 Best Fold Val Acc  0.821 Best Fold Val Loss 0.436
INFO:__main__:Model # Parameters 13474
INFO:__main__:MS 2/4 Epoch 325 Val loss 0.596 Val acc 0.755 Best Val Loss 0.597 Best Val Acc 0.783 Best Fold Val Acc  0.821 Best Fold Val Loss 0.436
INFO:__main__:Model # Parameters 47426
INFO:__main__:MS 3/4 Epoch 320 Val loss 0.844 Val acc 0.736 Best Val Loss 0.476 Best Val Acc 0.811 Best Fold Val Acc  0.821 Best Fold Val Loss 0.436
INFO:__main__:Model # Parameters 13474
INFO:__main__:MS 4/4 Epoch 399 Val loss 1.058 Val acc 0.774 Best Val Loss 0.514 Best Val Acc 0.840 Best Fold Val Acc  0.840 Best Fold Val Loss 0.436
INFO:__main__:Winner of Model Selection | hidden dim: 32 | dropout 0
INFO:__main__:Winner Best Val Accuracy 0.83962
INFO:__main__:Test 1/3 Epoch 334 Val loss 1.304 Val acc 0.726 Best Val Loss 0.449 Best Val Acc 0.811
INFO:__main__:Test 2/3 Epoch 374 Val loss 1.75 Val acc 0.698 Best Val Loss 0.642 Best Val Acc 0.811
INFO:__main__:Test 3/3 Epoch 476 Val loss 1.391 Val acc 0.717 Best Val Loss 0.546 Best Val Acc 0.830
INFO:__main__:Avg test acc 0.760, Agv test acc std 0.014
INFO:__main__:Cross-val iter:6 | Current average test accuracy across folds 0.76067
INFO:__main__:

INFO:__main__:------------------------------ITERATION 7------------------------------
INFO:__main__:Model # Parameters 47426
INFO:__main__:MS 1/4 Epoch 307 Val loss 0.68 Val acc 0.66 Best Val Loss 0.535 Best Val Acc 0.774 Best Fold Val Acc  0.774 Best Fold Val Loss 0.522
INFO:__main__:Model # Parameters 13474
INFO:__main__:MS 2/4 Epoch 500 Val loss 0.734 Val acc 0.689 Best Val Loss 0.757 Best Val Acc 0.736 Best Fold Val Acc  0.774 Best Fold Val Loss 0.522
INFO:__main__:Model # Parameters 47426
INFO:__main__:MS 3/4 Epoch 361 Val loss 1.783 Val acc 0.708 Best Val Loss 0.85 Best Val Acc 0.792 Best Fold Val Acc  0.792 Best Fold Val Loss 0.522
INFO:__main__:Model # Parameters 13474
INFO:__main__:MS 4/4 Epoch 500 Val loss 1.957 Val acc 0.726 Best Val Loss 1.966 Best Val Acc 0.774 Best Fold Val Acc  0.792 Best Fold Val Loss 0.518
INFO:__main__:Winner of Model Selection | hidden dim: 64 | dropout 0
INFO:__main__:Winner Best Val Accuracy 0.79245
INFO:__main__:Test 1/3 Epoch 500 Val loss 1.647 Val acc 0.67 Best Val Loss 1.724 Best Val Acc 0.764
INFO:__main__:Test 2/3 Epoch 500 Val loss 1.46 Val acc 0.689 Best Val Loss 1.276 Best Val Acc 0.755
INFO:__main__:Test 3/3 Epoch 500 Val loss 2.163 Val acc 0.717 Best Val Loss 1.689 Best Val Acc 0.792
INFO:__main__:Avg test acc 0.833, Agv test acc std 0.029
INFO:__main__:Cross-val iter:7 | Current average test accuracy across folds 0.77105
INFO:__main__:

INFO:__main__:------------------------------ITERATION 8------------------------------
INFO:__main__:Model # Parameters 47426
INFO:__main__:MS 1/4 Epoch 319 Val loss 0.628 Val acc 0.738 Best Val Loss 0.419 Best Val Acc 0.850 Best Fold Val Acc  0.850 Best Fold Val Loss 0.419
INFO:__main__:Model # Parameters 13474
INFO:__main__:MS 2/4 Epoch 325 Val loss 0.558 Val acc 0.757 Best Val Loss 0.418 Best Val Acc 0.841 Best Fold Val Acc  0.850 Best Fold Val Loss 0.414
INFO:__main__:Model # Parameters 47426
INFO:__main__:MS 3/4 Epoch 500 Val loss 1.326 Val acc 0.822 Best Val Loss 1.386 Best Val Acc 0.850 Best Fold Val Acc  0.850 Best Fold Val Loss 0.414
INFO:__main__:Model # Parameters 13474
INFO:__main__:MS 4/4 Epoch 500 Val loss 1.607 Val acc 0.757 Best Val Loss 1.435 Best Val Acc 0.794 Best Fold Val Acc  0.850 Best Fold Val Loss 0.414
INFO:__main__:Winner of Model Selection | hidden dim: 64 | dropout 0.5
INFO:__main__:Winner Best Val Accuracy 0.85047
INFO:__main__:Test 1/3 Epoch 500 Val loss 0.766 Val acc 0.804 Best Val Loss 0.666 Best Val Acc 0.832
INFO:__main__:Test 2/3 Epoch 278 Val loss 0.604 Val acc 0.794 Best Val Loss 0.42 Best Val Acc 0.850
INFO:__main__:Test 3/3 Epoch 500 Val loss 0.768 Val acc 0.794 Best Val Loss 0.662 Best Val Acc 0.850
INFO:__main__:Avg test acc 0.709, Agv test acc std 0.012
INFO:__main__:Cross-val iter:8 | Current average test accuracy across folds 0.76334
INFO:__main__:

INFO:__main__:------------------------------ITERATION 9------------------------------
INFO:__main__:Model # Parameters 47426
INFO:__main__:MS 1/4 Epoch 304 Val loss 0.67 Val acc 0.72 Best Val Loss 0.447 Best Val Acc 0.813 Best Fold Val Acc  0.813 Best Fold Val Loss 0.441
INFO:__main__:Model # Parameters 13474
INFO:__main__:MS 2/4 Epoch 353 Val loss 0.524 Val acc 0.72 Best Val Loss 0.493 Best Val Acc 0.822 Best Fold Val Acc  0.822 Best Fold Val Loss 0.432
INFO:__main__:Model # Parameters 47426
INFO:__main__:MS 3/4 Epoch 458 Val loss 1.238 Val acc 0.785 Best Val Loss 0.808 Best Val Acc 0.841 Best Fold Val Acc  0.841 Best Fold Val Loss 0.432
INFO:__main__:Model # Parameters 13474
INFO:__main__:MS 4/4 Epoch 450 Val loss 1.713 Val acc 0.701 Best Val Loss 1.012 Best Val Acc 0.785 Best Fold Val Acc  0.841 Best Fold Val Loss 0.432
INFO:__main__:Winner of Model Selection | hidden dim: 64 | dropout 0
INFO:__main__:Winner Best Val Accuracy 0.84112
INFO:__main__:Test 1/3 Epoch 481 Val loss 1.53 Val acc 0.738 Best Val Loss 0.982 Best Val Acc 0.794
INFO:__main__:Test 2/3 Epoch 268 Val loss 1.236 Val acc 0.71 Best Val Loss 0.44 Best Val Acc 0.850
INFO:__main__:Test 3/3 Epoch 391 Val loss 1.828 Val acc 0.701 Best Val Loss 0.683 Best Val Acc 0.804
INFO:__main__:Avg test acc 0.801, Agv test acc std 0.004
INFO:__main__:Cross-val iter:9 | Current average test accuracy across folds 0.76748
INFO:__main__:

INFO:__main__:------------------------------ITERATION 10------------------------------
INFO:__main__:Model # Parameters 47426
INFO:__main__:MS 1/4 Epoch 424 Val loss 0.521 Val acc 0.832 Best Val Loss 0.435 Best Val Acc 0.869 Best Fold Val Acc  0.869 Best Fold Val Loss 0.428
INFO:__main__:Model # Parameters 13474
INFO:__main__:MS 2/4 Epoch 500 Val loss 0.51 Val acc 0.804 Best Val Loss 0.463 Best Val Acc 0.879 Best Fold Val Acc  0.879 Best Fold Val Loss 0.428
INFO:__main__:Model # Parameters 47426
INFO:__main__:MS 3/4 Epoch 331 Val loss 1.414 Val acc 0.804 Best Val Loss 0.512 Best Val Acc 0.879 Best Fold Val Acc  0.879 Best Fold Val Loss 0.428
INFO:__main__:Model # Parameters 13474
INFO:__main__:MS 4/4 Epoch 259 Val loss 0.887 Val acc 0.804 Best Val Loss 0.479 Best Val Acc 0.850 Best Fold Val Acc  0.879 Best Fold Val Loss 0.415
INFO:__main__:Winner of Model Selection | hidden dim: 32 | dropout 0.5
INFO:__main__:Winner Best Val Accuracy 0.87850
INFO:__main__:Test 1/3 Epoch 500 Val loss 0.641 Val acc 0.785 Best Val Loss 0.532 Best Val Acc 0.850
INFO:__main__:Test 2/3 Epoch 500 Val loss 0.559 Val acc 0.776 Best Val Loss 0.565 Best Val Acc 0.860
INFO:__main__:Test 3/3 Epoch 500 Val loss 0.686 Val acc 0.757 Best Val Loss 0.431 Best Val Acc 0.879
INFO:__main__:Avg test acc 0.781, Agv test acc std 0.028
INFO:__main__:Cross-val iter:10 | Current average test accuracy across folds 0.76879
INFO:__main__:

INFO:__main__:AVERAGE TEST ACC ACROSS FOLDS 0.76879
INFO:__main__:STD ACROSS FOLDS 0.036548070197617404
