INFO:__main__:------------------------------ITERATION 1------------------------------
INFO:__main__:Model # Parameters 64130
INFO:__main__:MS 1/4 Epoch 388 Val loss 2.971 Val acc 0.585 Best Val Loss 0.449 Best Val Acc 0.821 Best Fold Val Acc  0.821 Best Fold Val Loss 0.449
INFO:__main__:Model # Parameters 17730
INFO:__main__:MS 2/4 Epoch 360 Val loss 1.67 Val acc 0.613 Best Val Loss 0.502 Best Val Acc 0.811 Best Fold Val Acc  0.821 Best Fold Val Loss 0.449
INFO:__main__:Model # Parameters 64130
INFO:__main__:MS 3/4 Epoch 310 Val loss 1.382 Val acc 0.792 Best Val Loss 0.526 Best Val Acc 0.868 Best Fold Val Acc  0.868 Best Fold Val Loss 0.449
INFO:__main__:Model # Parameters 17730
INFO:__main__:MS 4/4 Epoch 284 Val loss 1.332 Val acc 0.783 Best Val Loss 0.494 Best Val Acc 0.830 Best Fold Val Acc  0.868 Best Fold Val Loss 0.449
INFO:__main__:Winner of Model Selection | hidden dim: 64 | dropout 0
INFO:__main__:Winner Best Val Accuracy 0.86792
INFO:__main__:Test 1/3 Epoch 467 Val loss 2.232 Val acc 0.736 Best Val Loss 1.857 Best Val Acc 0.830
INFO:__main__:Test 2/3 Epoch 331 Val loss 1.922 Val acc 0.736 Best Val Loss 0.64 Best Val Acc 0.858
INFO:__main__:Test 3/3 Epoch 500 Val loss 1.25 Val acc 0.764 Best Val Loss 1.356 Best Val Acc 0.849
INFO:__main__:Avg test acc 0.720, Agv test acc std 0.008
INFO:__main__:Cross-val iter:1 | Current average test accuracy across folds 0.71989
INFO:__main__:

INFO:__main__:------------------------------ITERATION 2------------------------------
INFO:__main__:Model # Parameters 64130
INFO:__main__:MS 1/4 Epoch 289 Val loss 1.347 Val acc 0.708 Best Val Loss 0.536 Best Val Acc 0.821 Best Fold Val Acc  0.821 Best Fold Val Loss 0.528
INFO:__main__:Model # Parameters 17730
INFO:__main__:MS 2/4 Epoch 500 Val loss 1.613 Val acc 0.726 Best Val Loss 0.984 Best Val Acc 0.830 Best Fold Val Acc  0.830 Best Fold Val Loss 0.528
INFO:__main__:Model # Parameters 64130
INFO:__main__:MS 3/4 Epoch 500 Val loss 1.407 Val acc 0.802 Best Val Loss 1.423 Best Val Acc 0.830 Best Fold Val Acc  0.830 Best Fold Val Loss 0.500
INFO:__main__:Model # Parameters 17730
INFO:__main__:MS 4/4 Epoch 500 Val loss 1.544 Val acc 0.774 Best Val Loss 1.208 Best Val Acc 0.858 Best Fold Val Acc  0.858 Best Fold Val Loss 0.500
INFO:__main__:Winner of Model Selection | hidden dim: 32 | dropout 0
INFO:__main__:Winner Best Val Accuracy 0.85849
INFO:__main__:Test 1/3 Epoch 363 Val loss 1.463 Val acc 0.774 Best Val Loss 0.797 Best Val Acc 0.840
INFO:__main__:Test 2/3 Epoch 382 Val loss 1.409 Val acc 0.755 Best Val Loss 0.833 Best Val Acc 0.868
INFO:__main__:Test 3/3 Epoch 273 Val loss 1.5 Val acc 0.764 Best Val Loss 0.549 Best Val Acc 0.840
INFO:__main__:Avg test acc 0.698, Agv test acc std 0.033
INFO:__main__:Cross-val iter:2 | Current average test accuracy across folds 0.70881
INFO:__main__:

INFO:__main__:------------------------------ITERATION 3------------------------------
INFO:__main__:Model # Parameters 64130
INFO:__main__:MS 1/4 Epoch 395 Val loss 1.831 Val acc 0.764 Best Val Loss 0.486 Best Val Acc 0.840 Best Fold Val Acc  0.840 Best Fold Val Loss 0.465
INFO:__main__:Model # Parameters 17730
INFO:__main__:MS 2/4 Epoch 454 Val loss 0.901 Val acc 0.745 Best Val Loss 0.564 Best Val Acc 0.821 Best Fold Val Acc  0.840 Best Fold Val Loss 0.463
INFO:__main__:Model # Parameters 64130
INFO:__main__:MS 3/4 Epoch 401 Val loss 1.685 Val acc 0.726 Best Val Loss 1.54 Best Val Acc 0.802 Best Fold Val Acc  0.840 Best Fold Val Loss 0.463
INFO:__main__:Model # Parameters 17730
INFO:__main__:MS 4/4 Epoch 384 Val loss 0.948 Val acc 0.792 Best Val Loss 0.617 Best Val Acc 0.849 Best Fold Val Acc  0.849 Best Fold Val Loss 0.382
INFO:__main__:Winner of Model Selection | hidden dim: 32 | dropout 0
INFO:__main__:Winner Best Val Accuracy 0.84906
INFO:__main__:Test 1/3 Epoch 355 Val loss 1.699 Val acc 0.736 Best Val Loss 0.725 Best Val Acc 0.830
INFO:__main__:Test 2/3 Epoch 327 Val loss 1.376 Val acc 0.726 Best Val Loss 0.578 Best Val Acc 0.821
INFO:__main__:Test 3/3 Epoch 379 Val loss 2.612 Val acc 0.774 Best Val Loss 1.118 Best Val Acc 0.821
INFO:__main__:Avg test acc 0.757, Agv test acc std 0.028
INFO:__main__:Cross-val iter:3 | Current average test accuracy across folds 0.72490
INFO:__main__:

INFO:__main__:------------------------------ITERATION 4------------------------------
INFO:__main__:Model # Parameters 64130
INFO:__main__:MS 1/4 Epoch 407 Val loss 1.776 Val acc 0.736 Best Val Loss 0.638 Best Val Acc 0.811 Best Fold Val Acc  0.811 Best Fold Val Loss 0.464
INFO:__main__:Model # Parameters 17730
INFO:__main__:MS 2/4 Epoch 324 Val loss 0.716 Val acc 0.792 Best Val Loss 0.484 Best Val Acc 0.830 Best Fold Val Acc  0.830 Best Fold Val Loss 0.439
INFO:__main__:Model # Parameters 64130
INFO:__main__:MS 3/4 Epoch 288 Val loss 1.7 Val acc 0.764 Best Val Loss 0.582 Best Val Acc 0.840 Best Fold Val Acc  0.840 Best Fold Val Loss 0.439
INFO:__main__:Model # Parameters 17730
INFO:__main__:MS 4/4 Epoch 433 Val loss 1.566 Val acc 0.774 Best Val Loss 1.208 Best Val Acc 0.811 Best Fold Val Acc  0.840 Best Fold Val Loss 0.439
INFO:__main__:Winner of Model Selection | hidden dim: 64 | dropout 0
INFO:__main__:Winner Best Val Accuracy 0.83962
INFO:__main__:Test 1/3 Epoch 500 Val loss 2.241 Val acc 0.717 Best Val Loss 1.327 Best Val Acc 0.811
INFO:__main__:Test 2/3 Epoch 500 Val loss 1.167 Val acc 0.792 Best Val Loss 1.317 Best Val Acc 0.840
INFO:__main__:Test 3/3 Epoch 302 Val loss 1.788 Val acc 0.792 Best Val Loss 0.533 Best Val Acc 0.830
INFO:__main__:Avg test acc 0.749, Agv test acc std 0.011
INFO:__main__:Cross-val iter:4 | Current average test accuracy across folds 0.73082
INFO:__main__:

INFO:__main__:------------------------------ITERATION 5------------------------------
INFO:__main__:Model # Parameters 64130
INFO:__main__:MS 1/4 Epoch 318 Val loss 3.795 Val acc 0.689 Best Val Loss 0.571 Best Val Acc 0.811 Best Fold Val Acc  0.811 Best Fold Val Loss 0.456
INFO:__main__:Model # Parameters 17730
INFO:__main__:MS 2/4 Epoch 500 Val loss 1.981 Val acc 0.802 Best Val Loss 1.367 Best Val Acc 0.849 Best Fold Val Acc  0.849 Best Fold Val Loss 0.456
INFO:__main__:Model # Parameters 64130
INFO:__main__:MS 3/4 Epoch 410 Val loss 4.401 Val acc 0.774 Best Val Loss 1.611 Best Val Acc 0.821 Best Fold Val Acc  0.849 Best Fold Val Loss 0.456
INFO:__main__:Model # Parameters 17730
INFO:__main__:MS 4/4 Epoch 310 Val loss 2.274 Val acc 0.726 Best Val Loss 1.019 Best Val Acc 0.802 Best Fold Val Acc  0.849 Best Fold Val Loss 0.456
INFO:__main__:Winner of Model Selection | hidden dim: 32 | dropout 0.5
INFO:__main__:Winner Best Val Accuracy 0.84906
INFO:__main__:Test 1/3 Epoch 350 Val loss 6.544 Val acc 0.698 Best Val Loss 1.806 Best Val Acc 0.811
INFO:__main__:Test 2/3 Epoch 298 Val loss 5.705 Val acc 0.538 Best Val Loss 0.5 Best Val Acc 0.811
INFO:__main__:Test 3/3 Epoch 500 Val loss 3.32 Val acc 0.736 Best Val Loss 1.995 Best Val Acc 0.802
INFO:__main__:Avg test acc 0.763, Agv test acc std 0.024
INFO:__main__:Cross-val iter:5 | Current average test accuracy across folds 0.73720
INFO:__main__:

INFO:__main__:------------------------------ITERATION 6------------------------------
INFO:__main__:Model # Parameters 64130
INFO:__main__:MS 1/4 Epoch 500 Val loss 2.006 Val acc 0.679 Best Val Loss 0.793 Best Val Acc 0.792 Best Fold Val Acc  0.792 Best Fold Val Loss 0.432
INFO:__main__:Model # Parameters 17730
INFO:__main__:MS 2/4 Epoch 321 Val loss 1.138 Val acc 0.708 Best Val Loss 0.479 Best Val Acc 0.802 Best Fold Val Acc  0.802 Best Fold Val Loss 0.432
INFO:__main__:Model # Parameters 64130
INFO:__main__:MS 3/4 Epoch 469 Val loss 1.69 Val acc 0.774 Best Val Loss 0.996 Best Val Acc 0.830 Best Fold Val Acc  0.830 Best Fold Val Loss 0.432
INFO:__main__:Model # Parameters 17730
INFO:__main__:MS 4/4 Epoch 500 Val loss 1.341 Val acc 0.764 Best Val Loss 1.174 Best Val Acc 0.792 Best Fold Val Acc  0.830 Best Fold Val Loss 0.432
INFO:__main__:Winner of Model Selection | hidden dim: 64 | dropout 0
INFO:__main__:Winner Best Val Accuracy 0.83019
INFO:__main__:Test 1/3 Epoch 500 Val loss 1.69 Val acc 0.792 Best Val Loss 1.574 Best Val Acc 0.821
INFO:__main__:Test 2/3 Epoch 500 Val loss 1.724 Val acc 0.764 Best Val Loss 1.838 Best Val Acc 0.830
INFO:__main__:Test 3/3 Epoch 479 Val loss 2.375 Val acc 0.679 Best Val Loss 1.566 Best Val Acc 0.802
INFO:__main__:Avg test acc 0.732, Agv test acc std 0.017
INFO:__main__:Cross-val iter:6 | Current average test accuracy across folds 0.73627
INFO:__main__:

INFO:__main__:------------------------------ITERATION 7------------------------------
INFO:__main__:Model # Parameters 64130
INFO:__main__:MS 1/4 Epoch 500 Val loss 2.233 Val acc 0.679 Best Val Loss 1.664 Best Val Acc 0.755 Best Fold Val Acc  0.755 Best Fold Val Loss 0.534
INFO:__main__:Model # Parameters 17730
INFO:__main__:MS 2/4 Epoch 500 Val loss 1.612 Val acc 0.642 Best Val Loss 1.394 Best Val Acc 0.783 Best Fold Val Acc  0.783 Best Fold Val Loss 0.529
INFO:__main__:Model # Parameters 64130
INFO:__main__:MS 3/4 Epoch 346 Val loss 2.026 Val acc 0.708 Best Val Loss 0.979 Best Val Acc 0.802 Best Fold Val Acc  0.802 Best Fold Val Loss 0.529
INFO:__main__:Model # Parameters 17730
INFO:__main__:MS 4/4 Epoch 321 Val loss 1.168 Val acc 0.726 Best Val Loss 0.448 Best Val Acc 0.821 Best Fold Val Acc  0.821 Best Fold Val Loss 0.448
INFO:__main__:Winner of Model Selection | hidden dim: 32 | dropout 0
INFO:__main__:Winner Best Val Accuracy 0.82075
INFO:__main__:Test 1/3 Epoch 315 Val loss 3.265 Val acc 0.604 Best Val Loss 0.55 Best Val Acc 0.792
INFO:__main__:Test 2/3 Epoch 294 Val loss 1.972 Val acc 0.708 Best Val Loss 0.541 Best Val Acc 0.774
INFO:__main__:Test 3/3 Epoch 325 Val loss 2.224 Val acc 0.698 Best Val Loss 0.695 Best Val Acc 0.755
INFO:__main__:Avg test acc 0.842, Agv test acc std 0.017
INFO:__main__:Cross-val iter:7 | Current average test accuracy across folds 0.75135
INFO:__main__:

INFO:__main__:------------------------------ITERATION 8------------------------------
INFO:__main__:Model # Parameters 64130
INFO:__main__:MS 1/4 Epoch 442 Val loss 2.862 Val acc 0.673 Best Val Loss 1.43 Best Val Acc 0.822 Best Fold Val Acc  0.822 Best Fold Val Loss 0.466
INFO:__main__:Model # Parameters 17730
INFO:__main__:MS 2/4 Epoch 500 Val loss 1.297 Val acc 0.692 Best Val Loss 1.144 Best Val Acc 0.813 Best Fold Val Acc  0.822 Best Fold Val Loss 0.446
INFO:__main__:Model # Parameters 64130
INFO:__main__:MS 3/4 Epoch 407 Val loss 2.304 Val acc 0.785 Best Val Loss 1.569 Best Val Acc 0.813 Best Fold Val Acc  0.822 Best Fold Val Loss 0.446
INFO:__main__:Model # Parameters 17730
INFO:__main__:MS 4/4 Epoch 268 Val loss 2.317 Val acc 0.729 Best Val Loss 0.494 Best Val Acc 0.804 Best Fold Val Acc  0.822 Best Fold Val Loss 0.446
INFO:__main__:Winner of Model Selection | hidden dim: 64 | dropout 0.5
INFO:__main__:Winner Best Val Accuracy 0.82243
INFO:__main__:Test 1/3 Epoch 386 Val loss 3.246 Val acc 0.729 Best Val Loss 0.887 Best Val Acc 0.804
INFO:__main__:Test 2/3 Epoch 437 Val loss 3.088 Val acc 0.664 Best Val Loss 1.053 Best Val Acc 0.832
INFO:__main__:Test 3/3 Epoch 372 Val loss 3.814 Val acc 0.682 Best Val Loss 0.792 Best Val Acc 0.813
INFO:__main__:Avg test acc 0.721, Agv test acc std 0.011
INFO:__main__:Cross-val iter:8 | Current average test accuracy across folds 0.74753
INFO:__main__:

INFO:__main__:------------------------------ITERATION 9------------------------------
INFO:__main__:Model # Parameters 64130
INFO:__main__:MS 1/4 Epoch 279 Val loss 1.81 Val acc 0.692 Best Val Loss 0.468 Best Val Acc 0.822 Best Fold Val Acc  0.822 Best Fold Val Loss 0.468
INFO:__main__:Model # Parameters 17730
INFO:__main__:MS 2/4 Epoch 310 Val loss 0.706 Val acc 0.71 Best Val Loss 0.458 Best Val Acc 0.822 Best Fold Val Acc  0.822 Best Fold Val Loss 0.458
INFO:__main__:Model # Parameters 64130
INFO:__main__:MS 3/4 Epoch 500 Val loss 1.982 Val acc 0.729 Best Val Loss 1.624 Best Val Acc 0.813 Best Fold Val Acc  0.822 Best Fold Val Loss 0.458
INFO:__main__:Model # Parameters 17730
INFO:__main__:MS 4/4 Epoch 500 Val loss 1.943 Val acc 0.72 Best Val Loss 1.187 Best Val Acc 0.832 Best Fold Val Acc  0.832 Best Fold Val Loss 0.458
INFO:__main__:Winner of Model Selection | hidden dim: 32 | dropout 0
INFO:__main__:Winner Best Val Accuracy 0.83178
INFO:__main__:Test 1/3 Epoch 300 Val loss 1.453 Val acc 0.776 Best Val Loss 0.471 Best Val Acc 0.822
INFO:__main__:Test 2/3 Epoch 441 Val loss 1.537 Val acc 0.776 Best Val Loss 0.913 Best Val Acc 0.841
INFO:__main__:Test 3/3 Epoch 308 Val loss 1.968 Val acc 0.673 Best Val Loss 0.503 Best Val Acc 0.804
INFO:__main__:Avg test acc 0.815, Agv test acc std 0.011
INFO:__main__:Cross-val iter:9 | Current average test accuracy across folds 0.75501
INFO:__main__:

INFO:__main__:------------------------------ITERATION 10------------------------------
INFO:__main__:Model # Parameters 64130
INFO:__main__:MS 1/4 Epoch 346 Val loss 1.452 Val acc 0.832 Best Val Loss 0.485 Best Val Acc 0.888 Best Fold Val Acc  0.888 Best Fold Val Loss 0.485
INFO:__main__:Model # Parameters 17730
INFO:__main__:MS 2/4 Epoch 453 Val loss 0.946 Val acc 0.748 Best Val Loss 0.646 Best Val Acc 0.879 Best Fold Val Acc  0.888 Best Fold Val Loss 0.485
INFO:__main__:Model # Parameters 64130
INFO:__main__:MS 3/4 Epoch 425 Val loss 1.51 Val acc 0.804 Best Val Loss 0.869 Best Val Acc 0.860 Best Fold Val Acc  0.888 Best Fold Val Loss 0.477
INFO:__main__:Model # Parameters 17730
INFO:__main__:MS 4/4 Epoch 398 Val loss 1.732 Val acc 0.813 Best Val Loss 0.956 Best Val Acc 0.869 Best Fold Val Acc  0.888 Best Fold Val Loss 0.477
INFO:__main__:Winner of Model Selection | hidden dim: 64 | dropout 0.5
INFO:__main__:Winner Best Val Accuracy 0.88785
INFO:__main__:Test 1/3 Epoch 329 Val loss 1.972 Val acc 0.738 Best Val Loss 0.548 Best Val Acc 0.860
INFO:__main__:Test 2/3 Epoch 500 Val loss 1.465 Val acc 0.813 Best Val Loss 0.954 Best Val Acc 0.850
INFO:__main__:Test 3/3 Epoch 339 Val loss 1.345 Val acc 0.794 Best Val Loss 0.5 Best Val Acc 0.879
INFO:__main__:Avg test acc 0.709, Agv test acc std 0.012
INFO:__main__:Cross-val iter:10 | Current average test accuracy across folds 0.75045
INFO:__main__:

INFO:__main__:AVERAGE TEST ACC ACROSS FOLDS 0.75045
INFO:__main__:STD ACROSS FOLDS 0.04395122915576561
