INFO:__main__:------------------------------ITERATION 1------------------------------
INFO:__main__:Model # Parameters 46658
INFO:__main__:MS 1/4 Epoch 500 Val loss 3.146 Val acc 0.644 Best Val Loss 2.623 Best Val Acc 0.711 Best Fold Val Acc  0.711 Best Fold Val Loss 0.578
INFO:__main__:Model # Parameters 13090
INFO:__main__:MS 2/4 Epoch 500 Val loss 1.943 Val acc 0.656 Best Val Loss 1.452 Best Val Acc 0.733 Best Fold Val Acc  0.733 Best Fold Val Loss 0.574
INFO:__main__:Model # Parameters 46658
INFO:__main__:MS 3/4 Epoch 421 Val loss 1.761 Val acc 0.689 Best Val Loss 1.266 Best Val Acc 0.722 Best Fold Val Acc  0.733 Best Fold Val Loss 0.561
INFO:__main__:Model # Parameters 13090
INFO:__main__:MS 4/4 Epoch 252 Val loss 1.585 Val acc 0.589 Best Val Loss 0.57 Best Val Acc 0.711 Best Fold Val Acc  0.733 Best Fold Val Loss 0.561
INFO:__main__:Winner of Model Selection | hidden dim: 32 | dropout 0.5
INFO:__main__:Winner Best Val Accuracy 0.73333
INFO:__main__:Test 1/3 Epoch 257 Val loss 1.388 Val acc 0.667 Best Val Loss 0.595 Best Val Acc 0.711
INFO:__main__:Test 2/3 Epoch 387 Val loss 1.754 Val acc 0.667 Best Val Loss 0.757 Best Val Acc 0.733
INFO:__main__:Test 3/3 Epoch 499 Val loss 1.964 Val acc 0.7 Best Val Loss 1.282 Best Val Acc 0.744
INFO:__main__:Avg test acc 0.720, Agv test acc std 0.008
INFO:__main__:Cross-val iter:1 | Current average test accuracy across folds 0.72000
INFO:__main__:

INFO:__main__:------------------------------ITERATION 2------------------------------
INFO:__main__:Model # Parameters 46658
INFO:__main__:MS 1/4 Epoch 500 Val loss 0.816 Val acc 0.733 Best Val Loss 0.664 Best Val Acc 0.833 Best Fold Val Acc  0.833 Best Fold Val Loss 0.435
INFO:__main__:Model # Parameters 13090
INFO:__main__:MS 2/4 Epoch 500 Val loss 0.659 Val acc 0.756 Best Val Loss 0.648 Best Val Acc 0.856 Best Fold Val Acc  0.856 Best Fold Val Loss 0.420
INFO:__main__:Model # Parameters 46658
INFO:__main__:MS 3/4 Epoch 500 Val loss 0.801 Val acc 0.756 Best Val Loss 0.531 Best Val Acc 0.844 Best Fold Val Acc  0.856 Best Fold Val Loss 0.420
INFO:__main__:Model # Parameters 13090
INFO:__main__:MS 4/4 Epoch 500 Val loss 1.054 Val acc 0.789 Best Val Loss 0.944 Best Val Acc 0.833 Best Fold Val Acc  0.856 Best Fold Val Loss 0.420
INFO:__main__:Winner of Model Selection | hidden dim: 32 | dropout 0.5
INFO:__main__:Winner Best Val Accuracy 0.85556
INFO:__main__:Test 1/3 Epoch 500 Val loss 0.746 Val acc 0.744 Best Val Loss 0.456 Best Val Acc 0.833
INFO:__main__:Test 2/3 Epoch 434 Val loss 0.881 Val acc 0.7 Best Val Loss 0.445 Best Val Acc 0.833
INFO:__main__:Test 3/3 Epoch 308 Val loss 0.809 Val acc 0.756 Best Val Loss 0.51 Best Val Acc 0.811
INFO:__main__:Avg test acc 0.713, Agv test acc std 0.012
INFO:__main__:Cross-val iter:2 | Current average test accuracy across folds 0.71667
INFO:__main__:

INFO:__main__:------------------------------ITERATION 3------------------------------
INFO:__main__:Model # Parameters 46658
INFO:__main__:MS 1/4 Epoch 392 Val loss 1.72 Val acc 0.722 Best Val Loss 0.956 Best Val Acc 0.778 Best Fold Val Acc  0.778 Best Fold Val Loss 0.528
INFO:__main__:Model # Parameters 13090
INFO:__main__:MS 2/4 Epoch 285 Val loss 0.87 Val acc 0.733 Best Val Loss 0.553 Best Val Acc 0.800 Best Fold Val Acc  0.800 Best Fold Val Loss 0.528
INFO:__main__:Model # Parameters 46658
INFO:__main__:MS 3/4 Epoch 454 Val loss 1.182 Val acc 0.744 Best Val Loss 0.776 Best Val Acc 0.856 Best Fold Val Acc  0.856 Best Fold Val Loss 0.501
INFO:__main__:Model # Parameters 13090
INFO:__main__:MS 4/4 Epoch 282 Val loss 0.953 Val acc 0.733 Best Val Loss 0.503 Best Val Acc 0.800 Best Fold Val Acc  0.856 Best Fold Val Loss 0.501
INFO:__main__:Winner of Model Selection | hidden dim: 64 | dropout 0
INFO:__main__:Winner Best Val Accuracy 0.85556
INFO:__main__:Test 1/3 Epoch 308 Val loss 1.085 Val acc 0.744 Best Val Loss 0.535 Best Val Acc 0.822
INFO:__main__:Test 2/3 Epoch 438 Val loss 1.396 Val acc 0.733 Best Val Loss 1.067 Best Val Acc 0.811
INFO:__main__:Test 3/3 Epoch 500 Val loss 2.211 Val acc 0.722 Best Val Loss 1.814 Best Val Acc 0.789
INFO:__main__:Avg test acc 0.707, Agv test acc std 0.026
INFO:__main__:Cross-val iter:3 | Current average test accuracy across folds 0.71333
INFO:__main__:

INFO:__main__:------------------------------ITERATION 4------------------------------
INFO:__main__:Model # Parameters 46658
INFO:__main__:MS 1/4 Epoch 262 Val loss 0.686 Val acc 0.689 Best Val Loss 0.555 Best Val Acc 0.744 Best Fold Val Acc  0.744 Best Fold Val Loss 0.547
INFO:__main__:Model # Parameters 13090
INFO:__main__:MS 2/4 Epoch 266 Val loss 1.17 Val acc 0.7 Best Val Loss 0.544 Best Val Acc 0.767 Best Fold Val Acc  0.767 Best Fold Val Loss 0.541
INFO:__main__:Model # Parameters 46658
INFO:__main__:MS 3/4 Epoch 257 Val loss 0.88 Val acc 0.711 Best Val Loss 0.517 Best Val Acc 0.744 Best Fold Val Acc  0.767 Best Fold Val Loss 0.517
INFO:__main__:Model # Parameters 13090
INFO:__main__:MS 4/4 Epoch 319 Val loss 0.975 Val acc 0.667 Best Val Loss 0.59 Best Val Acc 0.744 Best Fold Val Acc  0.767 Best Fold Val Loss 0.517
INFO:__main__:Winner of Model Selection | hidden dim: 32 | dropout 0.5
INFO:__main__:Winner Best Val Accuracy 0.76667
INFO:__main__:Test 1/3 Epoch 260 Val loss 1.047 Val acc 0.622 Best Val Loss 0.556 Best Val Acc 0.744
INFO:__main__:Test 2/3 Epoch 262 Val loss 0.911 Val acc 0.689 Best Val Loss 0.54 Best Val Acc 0.722
INFO:__main__:Test 3/3 Epoch 259 Val loss 0.717 Val acc 0.644 Best Val Loss 0.565 Best Val Acc 0.756
INFO:__main__:Avg test acc 0.747, Agv test acc std 0.009
INFO:__main__:Cross-val iter:4 | Current average test accuracy across folds 0.72167
INFO:__main__:

INFO:__main__:------------------------------ITERATION 5------------------------------
INFO:__main__:Model # Parameters 46658
INFO:__main__:MS 1/4 Epoch 500 Val loss 1.673 Val acc 0.733 Best Val Loss 1.595 Best Val Acc 0.778 Best Fold Val Acc  0.778 Best Fold Val Loss 0.548
INFO:__main__:Model # Parameters 13090
INFO:__main__:MS 2/4 Epoch 260 Val loss 1.444 Val acc 0.667 Best Val Loss 0.542 Best Val Acc 0.733 Best Fold Val Acc  0.778 Best Fold Val Loss 0.542
INFO:__main__:Model # Parameters 46658
INFO:__main__:MS 3/4 Epoch 349 Val loss 1.314 Val acc 0.678 Best Val Loss 0.727 Best Val Acc 0.744 Best Fold Val Acc  0.778 Best Fold Val Loss 0.528
INFO:__main__:Model # Parameters 13090
INFO:__main__:MS 4/4 Epoch 305 Val loss 0.774 Val acc 0.689 Best Val Loss 0.574 Best Val Acc 0.767 Best Fold Val Acc  0.778 Best Fold Val Loss 0.528
INFO:__main__:Winner of Model Selection | hidden dim: 64 | dropout 0.5
INFO:__main__:Winner Best Val Accuracy 0.77778
INFO:__main__:Test 1/3 Epoch 500 Val loss 1.657 Val acc 0.744 Best Val Loss 1.894 Best Val Acc 0.767
INFO:__main__:Test 2/3 Epoch 473 Val loss 2.327 Val acc 0.733 Best Val Loss 0.948 Best Val Acc 0.789
INFO:__main__:Test 3/3 Epoch 500 Val loss 3.139 Val acc 0.756 Best Val Loss 1.052 Best Val Acc 0.767
INFO:__main__:Avg test acc 0.647, Agv test acc std 0.019
INFO:__main__:Cross-val iter:5 | Current average test accuracy across folds 0.70667
INFO:__main__:

INFO:__main__:------------------------------ITERATION 6------------------------------
INFO:__main__:Model # Parameters 46658
INFO:__main__:MS 1/4 Epoch 253 Val loss 1.016 Val acc 0.667 Best Val Loss 0.479 Best Val Acc 0.800 Best Fold Val Acc  0.800 Best Fold Val Loss 0.479
INFO:__main__:Model # Parameters 13090
INFO:__main__:MS 2/4 Epoch 263 Val loss 0.683 Val acc 0.656 Best Val Loss 0.473 Best Val Acc 0.778 Best Fold Val Acc  0.800 Best Fold Val Loss 0.473
INFO:__main__:Model # Parameters 46658
INFO:__main__:MS 3/4 Epoch 270 Val loss 1.167 Val acc 0.7 Best Val Loss 0.533 Best Val Acc 0.767 Best Fold Val Acc  0.800 Best Fold Val Loss 0.473
INFO:__main__:Model # Parameters 13090
INFO:__main__:MS 4/4 Epoch 414 Val loss 1.267 Val acc 0.733 Best Val Loss 0.89 Best Val Acc 0.789 Best Fold Val Acc  0.800 Best Fold Val Loss 0.473
INFO:__main__:Winner of Model Selection | hidden dim: 64 | dropout 0.5
INFO:__main__:Winner Best Val Accuracy 0.80000
INFO:__main__:Test 1/3 Epoch 293 Val loss 1.946 Val acc 0.689 Best Val Loss 0.584 Best Val Acc 0.756
INFO:__main__:Test 2/3 Epoch 468 Val loss 1.122 Val acc 0.678 Best Val Loss 1.008 Best Val Acc 0.778
INFO:__main__:Test 3/3 Epoch 258 Val loss 1.413 Val acc 0.711 Best Val Loss 0.493 Best Val Acc 0.789
INFO:__main__:Avg test acc 0.673, Agv test acc std 0.065
INFO:__main__:Cross-val iter:6 | Current average test accuracy across folds 0.70111
INFO:__main__:

INFO:__main__:------------------------------ITERATION 7------------------------------
INFO:__main__:Model # Parameters 46658
INFO:__main__:MS 1/4 Epoch 377 Val loss 2.979 Val acc 0.644 Best Val Loss 0.736 Best Val Acc 0.778 Best Fold Val Acc  0.778 Best Fold Val Loss 0.525
INFO:__main__:Model # Parameters 13090
INFO:__main__:MS 2/4 Epoch 472 Val loss 2.097 Val acc 0.7 Best Val Loss 1.021 Best Val Acc 0.767 Best Fold Val Acc  0.778 Best Fold Val Loss 0.525
INFO:__main__:Model # Parameters 46658
INFO:__main__:MS 3/4 Epoch 278 Val loss 1.411 Val acc 0.711 Best Val Loss 0.54 Best Val Acc 0.789 Best Fold Val Acc  0.789 Best Fold Val Loss 0.525
INFO:__main__:Model # Parameters 13090
INFO:__main__:MS 4/4 Epoch 500 Val loss 1.449 Val acc 0.744 Best Val Loss 1.366 Best Val Acc 0.789 Best Fold Val Acc  0.789 Best Fold Val Loss 0.524
INFO:__main__:Winner of Model Selection | hidden dim: 64 | dropout 0
INFO:__main__:Winner Best Val Accuracy 0.78889
INFO:__main__:Test 1/3 Epoch 333 Val loss 1.328 Val acc 0.711 Best Val Loss 0.602 Best Val Acc 0.800
INFO:__main__:Test 2/3 Epoch 500 Val loss 1.541 Val acc 0.722 Best Val Loss 1.349 Best Val Acc 0.767
INFO:__main__:Test 3/3 Epoch 296 Val loss 1.969 Val acc 0.7 Best Val Loss 0.608 Best Val Acc 0.789
INFO:__main__:Avg test acc 0.743, Agv test acc std 0.012
INFO:__main__:Cross-val iter:7 | Current average test accuracy across folds 0.70714
INFO:__main__:

INFO:__main__:------------------------------ITERATION 8------------------------------
INFO:__main__:Model # Parameters 46658
INFO:__main__:MS 1/4 Epoch 431 Val loss 0.996 Val acc 0.733 Best Val Loss 0.615 Best Val Acc 0.800 Best Fold Val Acc  0.800 Best Fold Val Loss 0.466
INFO:__main__:Model # Parameters 13090
INFO:__main__:MS 2/4 Epoch 413 Val loss 1.107 Val acc 0.678 Best Val Loss 0.554 Best Val Acc 0.800 Best Fold Val Acc  0.800 Best Fold Val Loss 0.457
INFO:__main__:Model # Parameters 46658
INFO:__main__:MS 3/4 Epoch 386 Val loss 1.134 Val acc 0.778 Best Val Loss 0.59 Best Val Acc 0.822 Best Fold Val Acc  0.822 Best Fold Val Loss 0.457
INFO:__main__:Model # Parameters 13090
INFO:__main__:MS 4/4 Epoch 500 Val loss 0.758 Val acc 0.811 Best Val Loss 0.669 Best Val Acc 0.822 Best Fold Val Acc  0.822 Best Fold Val Loss 0.457
INFO:__main__:Winner of Model Selection | hidden dim: 64 | dropout 0
INFO:__main__:Winner Best Val Accuracy 0.82222
INFO:__main__:Test 1/3 Epoch 297 Val loss 0.924 Val acc 0.744 Best Val Loss 0.482 Best Val Acc 0.822
INFO:__main__:Test 2/3 Epoch 377 Val loss 0.673 Val acc 0.767 Best Val Loss 0.48 Best Val Acc 0.833
INFO:__main__:Test 3/3 Epoch 333 Val loss 0.933 Val acc 0.733 Best Val Loss 0.566 Best Val Acc 0.822
INFO:__main__:Avg test acc 0.760, Agv test acc std 0.024
INFO:__main__:Cross-val iter:8 | Current average test accuracy across folds 0.71375
INFO:__main__:

INFO:__main__:------------------------------ITERATION 9------------------------------
INFO:__main__:Model # Parameters 46658
INFO:__main__:MS 1/4 Epoch 319 Val loss 1.398 Val acc 0.656 Best Val Loss 0.564 Best Val Acc 0.789 Best Fold Val Acc  0.789 Best Fold Val Loss 0.509
INFO:__main__:Model # Parameters 13090
INFO:__main__:MS 2/4 Epoch 283 Val loss 1.212 Val acc 0.7 Best Val Loss 0.485 Best Val Acc 0.844 Best Fold Val Acc  0.844 Best Fold Val Loss 0.464
INFO:__main__:Model # Parameters 46658
INFO:__main__:MS 3/4 Epoch 264 Val loss 1.033 Val acc 0.7 Best Val Loss 0.523 Best Val Acc 0.789 Best Fold Val Acc  0.844 Best Fold Val Loss 0.464
INFO:__main__:Model # Parameters 13090
INFO:__main__:MS 4/4 Epoch 275 Val loss 1.05 Val acc 0.689 Best Val Loss 0.489 Best Val Acc 0.811 Best Fold Val Acc  0.844 Best Fold Val Loss 0.464
INFO:__main__:Winner of Model Selection | hidden dim: 32 | dropout 0.5
INFO:__main__:Winner Best Val Accuracy 0.84444
INFO:__main__:Test 1/3 Epoch 275 Val loss 1.156 Val acc 0.622 Best Val Loss 0.496 Best Val Acc 0.800
INFO:__main__:Test 2/3 Epoch 287 Val loss 1.234 Val acc 0.667 Best Val Loss 0.509 Best Val Acc 0.800
INFO:__main__:Test 3/3 Epoch 336 Val loss 0.962 Val acc 0.722 Best Val Loss 0.555 Best Val Acc 0.811
INFO:__main__:Avg test acc 0.763, Agv test acc std 0.017
INFO:__main__:Cross-val iter:9 | Current average test accuracy across folds 0.71926
INFO:__main__:

INFO:__main__:------------------------------ITERATION 10------------------------------
INFO:__main__:Model # Parameters 46658
INFO:__main__:MS 1/4 Epoch 319 Val loss 1.877 Val acc 0.767 Best Val Loss 0.809 Best Val Acc 0.811 Best Fold Val Acc  0.811 Best Fold Val Loss 0.474
INFO:__main__:Model # Parameters 13090
INFO:__main__:MS 2/4 Epoch 261 Val loss 0.905 Val acc 0.667 Best Val Loss 0.466 Best Val Acc 0.811 Best Fold Val Acc  0.811 Best Fold Val Loss 0.458
INFO:__main__:Model # Parameters 46658
INFO:__main__:MS 3/4 Epoch 439 Val loss 1.515 Val acc 0.756 Best Val Loss 0.789 Best Val Acc 0.800 Best Fold Val Acc  0.811 Best Fold Val Loss 0.454
INFO:__main__:Model # Parameters 13090
INFO:__main__:MS 4/4 Epoch 401 Val loss 1.194 Val acc 0.744 Best Val Loss 0.664 Best Val Acc 0.800 Best Fold Val Acc  0.811 Best Fold Val Loss 0.450
INFO:__main__:Winner of Model Selection | hidden dim: 64 | dropout 0.5
INFO:__main__:Winner Best Val Accuracy 0.81111
INFO:__main__:Test 1/3 Epoch 500 Val loss 1.548 Val acc 0.811 Best Val Loss 1.548 Best Val Acc 0.811
INFO:__main__:Test 2/3 Epoch 254 Val loss 1.154 Val acc 0.756 Best Val Loss 0.503 Best Val Acc 0.822
INFO:__main__:Test 3/3 Epoch 374 Val loss 1.515 Val acc 0.722 Best Val Loss 0.655 Best Val Acc 0.822
INFO:__main__:Avg test acc 0.693, Agv test acc std 0.026
INFO:__main__:Cross-val iter:10 | Current average test accuracy across folds 0.71667
INFO:__main__:

INFO:__main__:AVERAGE TEST ACC ACROSS FOLDS 0.71667
INFO:__main__:STD ACROSS FOLDS 0.03620926830400074
