INFO:__main__:------------------------------ITERATION 1------------------------------
INFO:__main__:Model # Parameters 46338
INFO:__main__:MS 1/4 Epoch 500 Val loss 2.849 Val acc 0.667 Best Val Loss 1.864 Best Val Acc 0.711 Best Fold Val Acc  0.711 Best Fold Val Loss 0.596
INFO:__main__:Model # Parameters 12930
INFO:__main__:MS 2/4 Epoch 500 Val loss 1.428 Val acc 0.678 Best Val Loss 1.491 Best Val Acc 0.711 Best Fold Val Acc  0.711 Best Fold Val Loss 0.568
INFO:__main__:Model # Parameters 46338
INFO:__main__:MS 3/4 Epoch 353 Val loss 1.467 Val acc 0.622 Best Val Loss 0.862 Best Val Acc 0.733 Best Fold Val Acc  0.733 Best Fold Val Loss 0.568
INFO:__main__:Model # Parameters 12930
INFO:__main__:MS 4/4 Epoch 500 Val loss 1.238 Val acc 0.7 Best Val Loss 1.129 Best Val Acc 0.744 Best Fold Val Acc  0.744 Best Fold Val Loss 0.568
INFO:__main__:Winner of Model Selection | hidden dim: 32 | dropout 0
INFO:__main__:Winner Best Val Accuracy 0.74444
INFO:__main__:Test 1/3 Epoch 500 Val loss 1.101 Val acc 0.7 Best Val Loss 1.038 Best Val Acc 0.756
INFO:__main__:Test 2/3 Epoch 299 Val loss 1.184 Val acc 0.633 Best Val Loss 0.642 Best Val Acc 0.733
INFO:__main__:Test 3/3 Epoch 318 Val loss 1.281 Val acc 0.622 Best Val Loss 0.625 Best Val Acc 0.711
INFO:__main__:Avg test acc 0.703, Agv test acc std 0.026
INFO:__main__:Cross-val iter:1 | Current average test accuracy across folds 0.70333
INFO:__main__:

INFO:__main__:------------------------------ITERATION 2------------------------------
INFO:__main__:Model # Parameters 46338
INFO:__main__:MS 1/4 Epoch 448 Val loss 0.629 Val acc 0.744 Best Val Loss 0.405 Best Val Acc 0.867 Best Fold Val Acc  0.867 Best Fold Val Loss 0.405
INFO:__main__:Model # Parameters 12930
INFO:__main__:MS 2/4 Epoch 500 Val loss 0.42 Val acc 0.811 Best Val Loss 0.441 Best Val Acc 0.844 Best Fold Val Acc  0.867 Best Fold Val Loss 0.367
INFO:__main__:Model # Parameters 46338
INFO:__main__:MS 3/4 Epoch 374 Val loss 0.673 Val acc 0.778 Best Val Loss 0.496 Best Val Acc 0.833 Best Fold Val Acc  0.867 Best Fold Val Loss 0.367
INFO:__main__:Model # Parameters 12930
INFO:__main__:MS 4/4 Epoch 390 Val loss 0.686 Val acc 0.8 Best Val Loss 0.505 Best Val Acc 0.856 Best Fold Val Acc  0.867 Best Fold Val Loss 0.367
INFO:__main__:Winner of Model Selection | hidden dim: 64 | dropout 0.5
INFO:__main__:Winner Best Val Accuracy 0.86667
INFO:__main__:Test 1/3 Epoch 500 Val loss 0.607 Val acc 0.833 Best Val Loss 0.607 Best Val Acc 0.867
INFO:__main__:Test 2/3 Epoch 500 Val loss 0.595 Val acc 0.844 Best Val Loss 0.538 Best Val Acc 0.889
INFO:__main__:Test 3/3 Epoch 500 Val loss 0.754 Val acc 0.8 Best Val Loss 0.769 Best Val Acc 0.844
INFO:__main__:Avg test acc 0.717, Agv test acc std 0.017
INFO:__main__:Cross-val iter:2 | Current average test accuracy across folds 0.71000
INFO:__main__:

INFO:__main__:------------------------------ITERATION 3------------------------------
INFO:__main__:Model # Parameters 46338
INFO:__main__:MS 1/4 Epoch 500 Val loss 1.059 Val acc 0.722 Best Val Loss 0.776 Best Val Acc 0.811 Best Fold Val Acc  0.811 Best Fold Val Loss 0.546
INFO:__main__:Model # Parameters 12930
INFO:__main__:MS 2/4 Epoch 500 Val loss 0.906 Val acc 0.722 Best Val Loss 0.846 Best Val Acc 0.778 Best Fold Val Acc  0.811 Best Fold Val Loss 0.522
INFO:__main__:Model # Parameters 46338
INFO:__main__:MS 3/4 Epoch 301 Val loss 1.003 Val acc 0.722 Best Val Loss 0.55 Best Val Acc 0.822 Best Fold Val Acc  0.822 Best Fold Val Loss 0.514
INFO:__main__:Model # Parameters 12930
INFO:__main__:MS 4/4 Epoch 500 Val loss 0.898 Val acc 0.756 Best Val Loss 0.851 Best Val Acc 0.822 Best Fold Val Acc  0.822 Best Fold Val Loss 0.514
INFO:__main__:Winner of Model Selection | hidden dim: 64 | dropout 0
INFO:__main__:Winner Best Val Accuracy 0.82222
INFO:__main__:Test 1/3 Epoch 418 Val loss 0.928 Val acc 0.767 Best Val Loss 0.792 Best Val Acc 0.811
INFO:__main__:Test 2/3 Epoch 416 Val loss 1.016 Val acc 0.756 Best Val Loss 0.734 Best Val Acc 0.833
INFO:__main__:Test 3/3 Epoch 500 Val loss 1.081 Val acc 0.778 Best Val Loss 1.036 Best Val Acc 0.811
INFO:__main__:Avg test acc 0.733, Agv test acc std 0.012
INFO:__main__:Cross-val iter:3 | Current average test accuracy across folds 0.71778
INFO:__main__:

INFO:__main__:------------------------------ITERATION 4------------------------------
INFO:__main__:Model # Parameters 46338
INFO:__main__:MS 1/4 Epoch 425 Val loss 0.994 Val acc 0.689 Best Val Loss 0.646 Best Val Acc 0.767 Best Fold Val Acc  0.767 Best Fold Val Loss 0.519
INFO:__main__:Model # Parameters 12930
INFO:__main__:MS 2/4 Epoch 269 Val loss 0.603 Val acc 0.7 Best Val Loss 0.509 Best Val Acc 0.778 Best Fold Val Acc  0.778 Best Fold Val Loss 0.507
INFO:__main__:Model # Parameters 46338
INFO:__main__:MS 3/4 Epoch 500 Val loss 0.82 Val acc 0.711 Best Val Loss 0.84 Best Val Acc 0.733 Best Fold Val Acc  0.778 Best Fold Val Loss 0.507
INFO:__main__:Model # Parameters 12930
INFO:__main__:MS 4/4 Epoch 258 Val loss 0.886 Val acc 0.667 Best Val Loss 0.533 Best Val Acc 0.733 Best Fold Val Acc  0.778 Best Fold Val Loss 0.507
INFO:__main__:Winner of Model Selection | hidden dim: 32 | dropout 0.5
INFO:__main__:Winner Best Val Accuracy 0.77778
INFO:__main__:Test 1/3 Epoch 320 Val loss 0.796 Val acc 0.667 Best Val Loss 0.572 Best Val Acc 0.733
INFO:__main__:Test 2/3 Epoch 253 Val loss 0.607 Val acc 0.711 Best Val Loss 0.51 Best Val Acc 0.756
INFO:__main__:Test 3/3 Epoch 290 Val loss 0.886 Val acc 0.678 Best Val Loss 0.537 Best Val Acc 0.722
INFO:__main__:Avg test acc 0.763, Agv test acc std 0.026
INFO:__main__:Cross-val iter:4 | Current average test accuracy across folds 0.72917
INFO:__main__:

INFO:__main__:------------------------------ITERATION 5------------------------------
INFO:__main__:Model # Parameters 46338
INFO:__main__:MS 1/4 Epoch 440 Val loss 1.341 Val acc 0.689 Best Val Loss 0.795 Best Val Acc 0.767 Best Fold Val Acc  0.767 Best Fold Val Loss 0.507
INFO:__main__:Model # Parameters 12930
INFO:__main__:MS 2/4 Epoch 500 Val loss 1.052 Val acc 0.7 Best Val Loss 0.884 Best Val Acc 0.767 Best Fold Val Acc  0.767 Best Fold Val Loss 0.507
INFO:__main__:Model # Parameters 46338
INFO:__main__:MS 3/4 Epoch 341 Val loss 1.17 Val acc 0.722 Best Val Loss 0.81 Best Val Acc 0.744 Best Fold Val Acc  0.767 Best Fold Val Loss 0.507
INFO:__main__:Model # Parameters 12930
INFO:__main__:MS 4/4 Epoch 361 Val loss 1.039 Val acc 0.722 Best Val Loss 0.673 Best Val Acc 0.767 Best Fold Val Acc  0.767 Best Fold Val Loss 0.488
INFO:__main__:Winner of Model Selection | hidden dim: 64 | dropout 0.5
INFO:__main__:Winner Best Val Accuracy 0.76667
INFO:__main__:Test 1/3 Epoch 421 Val loss 1.505 Val acc 0.7 Best Val Loss 0.721 Best Val Acc 0.789
INFO:__main__:Test 2/3 Epoch 500 Val loss 1.495 Val acc 0.644 Best Val Loss 1.18 Best Val Acc 0.744
INFO:__main__:Test 3/3 Epoch 500 Val loss 1.547 Val acc 0.733 Best Val Loss 1.176 Best Val Acc 0.756
INFO:__main__:Avg test acc 0.667, Agv test acc std 0.012
INFO:__main__:Cross-val iter:5 | Current average test accuracy across folds 0.71667
INFO:__main__:

INFO:__main__:------------------------------ITERATION 6------------------------------
INFO:__main__:Model # Parameters 46338
INFO:__main__:MS 1/4 Epoch 461 Val loss 1.633 Val acc 0.644 Best Val Loss 0.937 Best Val Acc 0.756 Best Fold Val Acc  0.756 Best Fold Val Loss 0.445
INFO:__main__:Model # Parameters 12930
INFO:__main__:MS 2/4 Epoch 264 Val loss 1.03 Val acc 0.722 Best Val Loss 0.466 Best Val Acc 0.778 Best Fold Val Acc  0.778 Best Fold Val Loss 0.445
INFO:__main__:Model # Parameters 46338
INFO:__main__:MS 3/4 Epoch 500 Val loss 1.206 Val acc 0.689 Best Val Loss 1.379 Best Val Acc 0.756 Best Fold Val Acc  0.778 Best Fold Val Loss 0.445
INFO:__main__:Model # Parameters 12930
INFO:__main__:MS 4/4 Epoch 500 Val loss 1.093 Val acc 0.689 Best Val Loss 0.97 Best Val Acc 0.767 Best Fold Val Acc  0.778 Best Fold Val Loss 0.445
INFO:__main__:Winner of Model Selection | hidden dim: 32 | dropout 0.5
INFO:__main__:Winner Best Val Accuracy 0.77778
INFO:__main__:Test 1/3 Epoch 463 Val loss 1.137 Val acc 0.733 Best Val Loss 0.717 Best Val Acc 0.778
INFO:__main__:Test 2/3 Epoch 473 Val loss 0.783 Val acc 0.7 Best Val Loss 0.522 Best Val Acc 0.778
INFO:__main__:Test 3/3 Epoch 411 Val loss 0.756 Val acc 0.756 Best Val Loss 0.598 Best Val Acc 0.778
INFO:__main__:Avg test acc 0.690, Agv test acc std 0.029
INFO:__main__:Cross-val iter:6 | Current average test accuracy across folds 0.71222
INFO:__main__:

INFO:__main__:------------------------------ITERATION 7------------------------------
INFO:__main__:Model # Parameters 46338
INFO:__main__:MS 1/4 Epoch 493 Val loss 1.342 Val acc 0.722 Best Val Loss 0.881 Best Val Acc 0.778 Best Fold Val Acc  0.778 Best Fold Val Loss 0.560
INFO:__main__:Model # Parameters 12930
INFO:__main__:MS 2/4 Epoch 449 Val loss 1.362 Val acc 0.667 Best Val Loss 0.712 Best Val Acc 0.778 Best Fold Val Acc  0.778 Best Fold Val Loss 0.546
INFO:__main__:Model # Parameters 46338
INFO:__main__:MS 3/4 Epoch 332 Val loss 1.247 Val acc 0.656 Best Val Loss 0.766 Best Val Acc 0.767 Best Fold Val Acc  0.778 Best Fold Val Loss 0.546
INFO:__main__:Model # Parameters 12930
INFO:__main__:MS 4/4 Epoch 372 Val loss 0.959 Val acc 0.7 Best Val Loss 0.725 Best Val Acc 0.800 Best Fold Val Acc  0.800 Best Fold Val Loss 0.546
INFO:__main__:Winner of Model Selection | hidden dim: 32 | dropout 0
INFO:__main__:Winner Best Val Accuracy 0.80000
INFO:__main__:Test 1/3 Epoch 360 Val loss 1.237 Val acc 0.678 Best Val Loss 0.692 Best Val Acc 0.778
INFO:__main__:Test 2/3 Epoch 325 Val loss 1.185 Val acc 0.689 Best Val Loss 0.741 Best Val Acc 0.744
INFO:__main__:Test 3/3 Epoch 332 Val loss 1.247 Val acc 0.722 Best Val Loss 0.668 Best Val Acc 0.767
INFO:__main__:Avg test acc 0.757, Agv test acc std 0.012
INFO:__main__:Cross-val iter:7 | Current average test accuracy across folds 0.71857
INFO:__main__:

INFO:__main__:------------------------------ITERATION 8------------------------------
INFO:__main__:Model # Parameters 46338
INFO:__main__:MS 1/4 Epoch 322 Val loss 1.029 Val acc 0.711 Best Val Loss 0.445 Best Val Acc 0.811 Best Fold Val Acc  0.811 Best Fold Val Loss 0.439
INFO:__main__:Model # Parameters 12930
INFO:__main__:MS 2/4 Epoch 308 Val loss 0.561 Val acc 0.744 Best Val Loss 0.471 Best Val Acc 0.822 Best Fold Val Acc  0.822 Best Fold Val Loss 0.439
INFO:__main__:Model # Parameters 46338
INFO:__main__:MS 3/4 Epoch 374 Val loss 0.748 Val acc 0.789 Best Val Loss 0.472 Best Val Acc 0.856 Best Fold Val Acc  0.856 Best Fold Val Loss 0.405
INFO:__main__:Model # Parameters 12930
INFO:__main__:MS 4/4 Epoch 500 Val loss 0.655 Val acc 0.767 Best Val Loss 0.473 Best Val Acc 0.844 Best Fold Val Acc  0.856 Best Fold Val Loss 0.405
INFO:__main__:Winner of Model Selection | hidden dim: 64 | dropout 0
INFO:__main__:Winner Best Val Accuracy 0.85556
INFO:__main__:Test 1/3 Epoch 409 Val loss 1.194 Val acc 0.744 Best Val Loss 0.554 Best Val Acc 0.811
INFO:__main__:Test 2/3 Epoch 387 Val loss 0.656 Val acc 0.778 Best Val Loss 0.52 Best Val Acc 0.822
INFO:__main__:Test 3/3 Epoch 500 Val loss 0.609 Val acc 0.789 Best Val Loss 0.607 Best Val Acc 0.822
INFO:__main__:Avg test acc 0.763, Agv test acc std 0.021
INFO:__main__:Cross-val iter:8 | Current average test accuracy across folds 0.72417
INFO:__main__:

INFO:__main__:------------------------------ITERATION 9------------------------------
INFO:__main__:Model # Parameters 46338
INFO:__main__:MS 1/4 Epoch 269 Val loss 1.044 Val acc 0.667 Best Val Loss 0.483 Best Val Acc 0.800 Best Fold Val Acc  0.800 Best Fold Val Loss 0.483
INFO:__main__:Model # Parameters 12930
INFO:__main__:MS 2/4 Epoch 299 Val loss 1.044 Val acc 0.711 Best Val Loss 0.496 Best Val Acc 0.822 Best Fold Val Acc  0.822 Best Fold Val Loss 0.483
INFO:__main__:Model # Parameters 46338
INFO:__main__:MS 3/4 Epoch 266 Val loss 0.834 Val acc 0.744 Best Val Loss 0.566 Best Val Acc 0.767 Best Fold Val Acc  0.822 Best Fold Val Loss 0.483
INFO:__main__:Model # Parameters 12930
INFO:__main__:MS 4/4 Epoch 263 Val loss 0.9 Val acc 0.744 Best Val Loss 0.479 Best Val Acc 0.789 Best Fold Val Acc  0.822 Best Fold Val Loss 0.479
INFO:__main__:Winner of Model Selection | hidden dim: 32 | dropout 0.5
INFO:__main__:Winner Best Val Accuracy 0.82222
INFO:__main__:Test 1/3 Epoch 261 Val loss 0.599 Val acc 0.7 Best Val Loss 0.519 Best Val Acc 0.822
INFO:__main__:Test 2/3 Epoch 267 Val loss 0.934 Val acc 0.7 Best Val Loss 0.484 Best Val Acc 0.811
INFO:__main__:Test 3/3 Epoch 293 Val loss 0.697 Val acc 0.711 Best Val Loss 0.485 Best Val Acc 0.822
INFO:__main__:Avg test acc 0.760, Agv test acc std 0.033
INFO:__main__:Cross-val iter:9 | Current average test accuracy across folds 0.72815
INFO:__main__:

INFO:__main__:------------------------------ITERATION 10------------------------------
INFO:__main__:Model # Parameters 46338
INFO:__main__:MS 1/4 Epoch 265 Val loss 1.329 Val acc 0.733 Best Val Loss 0.455 Best Val Acc 0.800 Best Fold Val Acc  0.800 Best Fold Val Loss 0.449
INFO:__main__:Model # Parameters 12930
INFO:__main__:MS 2/4 Epoch 322 Val loss 1.06 Val acc 0.744 Best Val Loss 0.556 Best Val Acc 0.800 Best Fold Val Acc  0.800 Best Fold Val Loss 0.449
INFO:__main__:Model # Parameters 46338
INFO:__main__:MS 3/4 Epoch 500 Val loss 1.139 Val acc 0.744 Best Val Loss 0.989 Best Val Acc 0.800 Best Fold Val Acc  0.800 Best Fold Val Loss 0.449
INFO:__main__:Model # Parameters 12930
INFO:__main__:MS 4/4 Epoch 256 Val loss 0.734 Val acc 0.778 Best Val Loss 0.464 Best Val Acc 0.800 Best Fold Val Acc  0.800 Best Fold Val Loss 0.449
INFO:__main__:Winner of Model Selection | hidden dim: 64 | dropout 0.5
INFO:__main__:Winner Best Val Accuracy 0.80000
INFO:__main__:Test 1/3 Epoch 371 Val loss 2.091 Val acc 0.711 Best Val Loss 0.893 Best Val Acc 0.789
INFO:__main__:Test 2/3 Epoch 286 Val loss 1.099 Val acc 0.744 Best Val Loss 0.525 Best Val Acc 0.789
INFO:__main__:Test 3/3 Epoch 268 Val loss 1.072 Val acc 0.733 Best Val Loss 0.459 Best Val Acc 0.778
INFO:__main__:Avg test acc 0.707, Agv test acc std 0.025
INFO:__main__:Cross-val iter:10 | Current average test accuracy across folds 0.72600
INFO:__main__:

INFO:__main__:AVERAGE TEST ACC ACROSS FOLDS 0.72600
INFO:__main__:STD ACROSS FOLDS 0.03275498265743534
