INFO:__main__:------------------------------ITERATION 1------------------------------
INFO:__main__:Model # Parameters 46466
INFO:__main__:MS 1/4 Epoch 500 Val loss 4.487 Val acc 0.633 Best Val Loss 3.263 Best Val Acc 0.711 Best Fold Val Acc  0.711 Best Fold Val Loss 0.563
INFO:__main__:Model # Parameters 12994
INFO:__main__:MS 2/4 Epoch 261 Val loss 1.749 Val acc 0.644 Best Val Loss 0.718 Best Val Acc 0.711 Best Fold Val Acc  0.711 Best Fold Val Loss 0.563
INFO:__main__:Model # Parameters 46466
INFO:__main__:MS 3/4 Epoch 293 Val loss 2.378 Val acc 0.644 Best Val Loss 0.877 Best Val Acc 0.722 Best Fold Val Acc  0.722 Best Fold Val Loss 0.563
INFO:__main__:Model # Parameters 12994
INFO:__main__:MS 4/4 Epoch 500 Val loss 2.096 Val acc 0.667 Best Val Loss 1.812 Best Val Acc 0.700 Best Fold Val Acc  0.722 Best Fold Val Loss 0.563
INFO:__main__:Winner of Model Selection | hidden dim: 64 | dropout 0
INFO:__main__:Winner Best Val Accuracy 0.72222
INFO:__main__:Test 1/3 Epoch 351 Val loss 2.214 Val acc 0.622 Best Val Loss 1.021 Best Val Acc 0.733
INFO:__main__:Test 2/3 Epoch 500 Val loss 2.289 Val acc 0.656 Best Val Loss 1.862 Best Val Acc 0.711
INFO:__main__:Test 3/3 Epoch 500 Val loss 2.175 Val acc 0.689 Best Val Loss 2.075 Best Val Acc 0.722
INFO:__main__:Avg test acc 0.683, Agv test acc std 0.009
INFO:__main__:Cross-val iter:1 | Current average test accuracy across folds 0.68333
INFO:__main__:

INFO:__main__:------------------------------ITERATION 2------------------------------
INFO:__main__:Model # Parameters 46466
INFO:__main__:MS 1/4 Epoch 395 Val loss 1.569 Val acc 0.767 Best Val Loss 0.406 Best Val Acc 0.900 Best Fold Val Acc  0.900 Best Fold Val Loss 0.406
INFO:__main__:Model # Parameters 12994
INFO:__main__:MS 2/4 Epoch 500 Val loss 0.663 Val acc 0.833 Best Val Loss 0.628 Best Val Acc 0.856 Best Fold Val Acc  0.900 Best Fold Val Loss 0.406
INFO:__main__:Model # Parameters 46466
INFO:__main__:MS 3/4 Epoch 500 Val loss 1.069 Val acc 0.778 Best Val Loss 0.742 Best Val Acc 0.844 Best Fold Val Acc  0.900 Best Fold Val Loss 0.406
INFO:__main__:Model # Parameters 12994
INFO:__main__:MS 4/4 Epoch 500 Val loss 0.72 Val acc 0.811 Best Val Loss 0.504 Best Val Acc 0.867 Best Fold Val Acc  0.900 Best Fold Val Loss 0.406
INFO:__main__:Winner of Model Selection | hidden dim: 64 | dropout 0.5
INFO:__main__:Winner Best Val Accuracy 0.90000
INFO:__main__:Test 1/3 Epoch 500 Val loss 1.113 Val acc 0.811 Best Val Loss 0.777 Best Val Acc 0.889
INFO:__main__:Test 2/3 Epoch 500 Val loss 0.954 Val acc 0.811 Best Val Loss 0.727 Best Val Acc 0.867
INFO:__main__:Test 3/3 Epoch 500 Val loss 0.852 Val acc 0.811 Best Val Loss 1.025 Best Val Acc 0.856
INFO:__main__:Avg test acc 0.710, Agv test acc std 0.016
INFO:__main__:Cross-val iter:2 | Current average test accuracy across folds 0.69667
INFO:__main__:

INFO:__main__:------------------------------ITERATION 3------------------------------
INFO:__main__:Model # Parameters 46466
INFO:__main__:MS 1/4 Epoch 500 Val loss 2.077 Val acc 0.756 Best Val Loss 1.974 Best Val Acc 0.822 Best Fold Val Acc  0.822 Best Fold Val Loss 0.517
INFO:__main__:Model # Parameters 12994
INFO:__main__:MS 2/4 Epoch 328 Val loss 1.335 Val acc 0.678 Best Val Loss 0.558 Best Val Acc 0.756 Best Fold Val Acc  0.822 Best Fold Val Loss 0.517
INFO:__main__:Model # Parameters 46466
INFO:__main__:MS 3/4 Epoch 440 Val loss 1.215 Val acc 0.722 Best Val Loss 0.941 Best Val Acc 0.833 Best Fold Val Acc  0.833 Best Fold Val Loss 0.517
INFO:__main__:Model # Parameters 12994
INFO:__main__:MS 4/4 Epoch 255 Val loss 0.994 Val acc 0.722 Best Val Loss 0.564 Best Val Acc 0.778 Best Fold Val Acc  0.833 Best Fold Val Loss 0.517
INFO:__main__:Winner of Model Selection | hidden dim: 64 | dropout 0
INFO:__main__:Winner Best Val Accuracy 0.83333
INFO:__main__:Test 1/3 Epoch 409 Val loss 1.339 Val acc 0.744 Best Val Loss 0.835 Best Val Acc 0.811
INFO:__main__:Test 2/3 Epoch 453 Val loss 1.525 Val acc 0.722 Best Val Loss 1.227 Best Val Acc 0.789
INFO:__main__:Test 3/3 Epoch 439 Val loss 1.568 Val acc 0.767 Best Val Loss 1.021 Best Val Acc 0.800
INFO:__main__:Avg test acc 0.690, Agv test acc std 0.016
INFO:__main__:Cross-val iter:3 | Current average test accuracy across folds 0.69444
INFO:__main__:

INFO:__main__:------------------------------ITERATION 4------------------------------
INFO:__main__:Model # Parameters 46466
INFO:__main__:MS 1/4 Epoch 435 Val loss 1.732 Val acc 0.689 Best Val Loss 0.677 Best Val Acc 0.744 Best Fold Val Acc  0.744 Best Fold Val Loss 0.536
INFO:__main__:Model # Parameters 12994
INFO:__main__:MS 2/4 Epoch 295 Val loss 0.885 Val acc 0.667 Best Val Loss 0.521 Best Val Acc 0.756 Best Fold Val Acc  0.756 Best Fold Val Loss 0.521
INFO:__main__:Model # Parameters 46466
INFO:__main__:MS 3/4 Epoch 500 Val loss 1.462 Val acc 0.7 Best Val Loss 1.038 Best Val Acc 0.756 Best Fold Val Acc  0.756 Best Fold Val Loss 0.521
INFO:__main__:Model # Parameters 12994
INFO:__main__:MS 4/4 Epoch 363 Val loss 0.843 Val acc 0.711 Best Val Loss 0.586 Best Val Acc 0.778 Best Fold Val Acc  0.778 Best Fold Val Loss 0.516
INFO:__main__:Winner of Model Selection | hidden dim: 32 | dropout 0
INFO:__main__:Winner Best Val Accuracy 0.77778
INFO:__main__:Test 1/3 Epoch 324 Val loss 1.372 Val acc 0.667 Best Val Loss 0.681 Best Val Acc 0.744
INFO:__main__:Test 2/3 Epoch 373 Val loss 1.21 Val acc 0.689 Best Val Loss 0.698 Best Val Acc 0.733
INFO:__main__:Test 3/3 Epoch 336 Val loss 0.864 Val acc 0.722 Best Val Loss 0.607 Best Val Acc 0.756
INFO:__main__:Avg test acc 0.763, Agv test acc std 0.024
INFO:__main__:Cross-val iter:4 | Current average test accuracy across folds 0.71167
INFO:__main__:

INFO:__main__:------------------------------ITERATION 5------------------------------
INFO:__main__:Model # Parameters 46466
INFO:__main__:MS 1/4 Epoch 326 Val loss 2.62 Val acc 0.656 Best Val Loss 0.638 Best Val Acc 0.756 Best Fold Val Acc  0.756 Best Fold Val Loss 0.524
INFO:__main__:Model # Parameters 12994
INFO:__main__:MS 2/4 Epoch 500 Val loss 1.618 Val acc 0.711 Best Val Loss 1.495 Best Val Acc 0.756 Best Fold Val Acc  0.756 Best Fold Val Loss 0.502
INFO:__main__:Model # Parameters 46466
INFO:__main__:MS 3/4 Epoch 500 Val loss 1.354 Val acc 0.678 Best Val Loss 1.229 Best Val Acc 0.756 Best Fold Val Acc  0.756 Best Fold Val Loss 0.502
INFO:__main__:Model # Parameters 12994
INFO:__main__:MS 4/4 Epoch 302 Val loss 1.146 Val acc 0.633 Best Val Loss 0.552 Best Val Acc 0.744 Best Fold Val Acc  0.756 Best Fold Val Loss 0.502
INFO:__main__:Winner of Model Selection | hidden dim: 64 | dropout 0.5
INFO:__main__:Winner Best Val Accuracy 0.75556
INFO:__main__:Test 1/3 Epoch 331 Val loss 1.461 Val acc 0.644 Best Val Loss 0.792 Best Val Acc 0.744
INFO:__main__:Test 2/3 Epoch 500 Val loss 2.215 Val acc 0.689 Best Val Loss 2.512 Best Val Acc 0.756
INFO:__main__:Test 3/3 Epoch 500 Val loss 2.059 Val acc 0.689 Best Val Loss 1.609 Best Val Acc 0.744
INFO:__main__:Avg test acc 0.667, Agv test acc std 0.012
INFO:__main__:Cross-val iter:5 | Current average test accuracy across folds 0.70267
INFO:__main__:

INFO:__main__:------------------------------ITERATION 6------------------------------
INFO:__main__:Model # Parameters 46466
INFO:__main__:MS 1/4 Epoch 500 Val loss 2.12 Val acc 0.744 Best Val Loss 1.681 Best Val Acc 0.789 Best Fold Val Acc  0.789 Best Fold Val Loss 0.504
INFO:__main__:Model # Parameters 12994
INFO:__main__:MS 2/4 Epoch 309 Val loss 1.345 Val acc 0.678 Best Val Loss 0.53 Best Val Acc 0.722 Best Fold Val Acc  0.789 Best Fold Val Loss 0.503
INFO:__main__:Model # Parameters 46466
INFO:__main__:MS 3/4 Epoch 374 Val loss 1.522 Val acc 0.711 Best Val Loss 0.944 Best Val Acc 0.789 Best Fold Val Acc  0.789 Best Fold Val Loss 0.487
INFO:__main__:Model # Parameters 12994
INFO:__main__:MS 4/4 Epoch 289 Val loss 1.732 Val acc 0.644 Best Val Loss 0.499 Best Val Acc 0.756 Best Fold Val Acc  0.789 Best Fold Val Loss 0.487
INFO:__main__:Winner of Model Selection | hidden dim: 64 | dropout 0.5
INFO:__main__:Winner Best Val Accuracy 0.78889
INFO:__main__:Test 1/3 Epoch 484 Val loss 4.032 Val acc 0.678 Best Val Loss 2.023 Best Val Acc 0.778
INFO:__main__:Test 2/3 Epoch 465 Val loss 2.572 Val acc 0.722 Best Val Loss 2.017 Best Val Acc 0.778
INFO:__main__:Test 3/3 Epoch 436 Val loss 2.922 Val acc 0.722 Best Val Loss 1.309 Best Val Acc 0.789
INFO:__main__:Avg test acc 0.680, Agv test acc std 0.036
INFO:__main__:Cross-val iter:6 | Current average test accuracy across folds 0.69889
INFO:__main__:

INFO:__main__:------------------------------ITERATION 7------------------------------
INFO:__main__:Model # Parameters 46466
INFO:__main__:MS 1/4 Epoch 338 Val loss 2.393 Val acc 0.656 Best Val Loss 0.737 Best Val Acc 0.778 Best Fold Val Acc  0.778 Best Fold Val Loss 0.514
INFO:__main__:Model # Parameters 12994
INFO:__main__:MS 2/4 Epoch 418 Val loss 2.11 Val acc 0.7 Best Val Loss 0.864 Best Val Acc 0.789 Best Fold Val Acc  0.789 Best Fold Val Loss 0.514
INFO:__main__:Model # Parameters 46466
INFO:__main__:MS 3/4 Epoch 402 Val loss 1.267 Val acc 0.678 Best Val Loss 0.991 Best Val Acc 0.767 Best Fold Val Acc  0.789 Best Fold Val Loss 0.514
INFO:__main__:Model # Parameters 12994
INFO:__main__:MS 4/4 Epoch 314 Val loss 1.096 Val acc 0.689 Best Val Loss 0.593 Best Val Acc 0.811 Best Fold Val Acc  0.811 Best Fold Val Loss 0.514
INFO:__main__:Winner of Model Selection | hidden dim: 32 | dropout 0
INFO:__main__:Winner Best Val Accuracy 0.81111
INFO:__main__:Test 1/3 Epoch 326 Val loss 0.957 Val acc 0.678 Best Val Loss 0.623 Best Val Acc 0.789
INFO:__main__:Test 2/3 Epoch 290 Val loss 1.3 Val acc 0.711 Best Val Loss 0.507 Best Val Acc 0.789
INFO:__main__:Test 3/3 Epoch 301 Val loss 1.148 Val acc 0.689 Best Val Loss 0.531 Best Val Acc 0.789
INFO:__main__:Avg test acc 0.737, Agv test acc std 0.037
INFO:__main__:Cross-val iter:7 | Current average test accuracy across folds 0.70429
INFO:__main__:

INFO:__main__:------------------------------ITERATION 8------------------------------
INFO:__main__:Model # Parameters 46466
INFO:__main__:MS 1/4 Epoch 500 Val loss 0.96 Val acc 0.811 Best Val Loss 0.974 Best Val Acc 0.833 Best Fold Val Acc  0.833 Best Fold Val Loss 0.505
INFO:__main__:Model # Parameters 12994
INFO:__main__:MS 2/4 Epoch 500 Val loss 1.262 Val acc 0.733 Best Val Loss 1.124 Best Val Acc 0.800 Best Fold Val Acc  0.833 Best Fold Val Loss 0.490
INFO:__main__:Model # Parameters 46466
INFO:__main__:MS 3/4 Epoch 500 Val loss 1.292 Val acc 0.767 Best Val Loss 1.201 Best Val Acc 0.800 Best Fold Val Acc  0.833 Best Fold Val Loss 0.486
INFO:__main__:Model # Parameters 12994
INFO:__main__:MS 4/4 Epoch 254 Val loss 0.85 Val acc 0.756 Best Val Loss 0.608 Best Val Acc 0.811 Best Fold Val Acc  0.833 Best Fold Val Loss 0.486
INFO:__main__:Winner of Model Selection | hidden dim: 64 | dropout 0.5
INFO:__main__:Winner Best Val Accuracy 0.83333
INFO:__main__:Test 1/3 Epoch 473 Val loss 1.064 Val acc 0.778 Best Val Loss 0.699 Best Val Acc 0.833
INFO:__main__:Test 2/3 Epoch 500 Val loss 1.249 Val acc 0.789 Best Val Loss 1.372 Best Val Acc 0.833
INFO:__main__:Test 3/3 Epoch 500 Val loss 1.12 Val acc 0.744 Best Val Loss 1.027 Best Val Acc 0.844
INFO:__main__:Avg test acc 0.760, Agv test acc std 0.029
INFO:__main__:Cross-val iter:8 | Current average test accuracy across folds 0.71125
INFO:__main__:

INFO:__main__:------------------------------ITERATION 9------------------------------
INFO:__main__:Model # Parameters 46466
INFO:__main__:MS 1/4 Epoch 268 Val loss 1.579 Val acc 0.7 Best Val Loss 0.496 Best Val Acc 0.767 Best Fold Val Acc  0.767 Best Fold Val Loss 0.470
INFO:__main__:Model # Parameters 12994
INFO:__main__:MS 2/4 Epoch 263 Val loss 1.103 Val acc 0.667 Best Val Loss 0.519 Best Val Acc 0.789 Best Fold Val Acc  0.789 Best Fold Val Loss 0.470
INFO:__main__:Model # Parameters 46466
INFO:__main__:MS 3/4 Epoch 259 Val loss 1.288 Val acc 0.656 Best Val Loss 0.525 Best Val Acc 0.778 Best Fold Val Acc  0.789 Best Fold Val Loss 0.470
INFO:__main__:Model # Parameters 12994
INFO:__main__:MS 4/4 Epoch 285 Val loss 1.064 Val acc 0.689 Best Val Loss 0.564 Best Val Acc 0.756 Best Fold Val Acc  0.789 Best Fold Val Loss 0.470
INFO:__main__:Winner of Model Selection | hidden dim: 32 | dropout 0.5
INFO:__main__:Winner Best Val Accuracy 0.78889
INFO:__main__:Test 1/3 Epoch 253 Val loss 1.368 Val acc 0.689 Best Val Loss 0.519 Best Val Acc 0.778
INFO:__main__:Test 2/3 Epoch 253 Val loss 1.316 Val acc 0.644 Best Val Loss 0.511 Best Val Acc 0.789
INFO:__main__:Test 3/3 Epoch 258 Val loss 1.466 Val acc 0.656 Best Val Loss 0.534 Best Val Acc 0.778
INFO:__main__:Avg test acc 0.670, Agv test acc std 0.014
INFO:__main__:Cross-val iter:9 | Current average test accuracy across folds 0.70667
INFO:__main__:

INFO:__main__:------------------------------ITERATION 10------------------------------
INFO:__main__:Model # Parameters 46466
INFO:__main__:MS 1/4 Epoch 436 Val loss 1.701 Val acc 0.756 Best Val Loss 1.151 Best Val Acc 0.800 Best Fold Val Acc  0.800 Best Fold Val Loss 0.514
INFO:__main__:Model # Parameters 12994
INFO:__main__:MS 2/4 Epoch 260 Val loss 1.996 Val acc 0.744 Best Val Loss 0.484 Best Val Acc 0.822 Best Fold Val Acc  0.822 Best Fold Val Loss 0.484
INFO:__main__:Model # Parameters 46466
INFO:__main__:MS 3/4 Epoch 427 Val loss 1.253 Val acc 0.767 Best Val Loss 1.017 Best Val Acc 0.822 Best Fold Val Acc  0.822 Best Fold Val Loss 0.484
INFO:__main__:Model # Parameters 12994
INFO:__main__:MS 4/4 Epoch 410 Val loss 1.439 Val acc 0.733 Best Val Loss 1.155 Best Val Acc 0.789 Best Fold Val Acc  0.822 Best Fold Val Loss 0.459
INFO:__main__:Winner of Model Selection | hidden dim: 32 | dropout 0.5
INFO:__main__:Winner Best Val Accuracy 0.82222
INFO:__main__:Test 1/3 Epoch 256 Val loss 1.089 Val acc 0.778 Best Val Loss 0.526 Best Val Acc 0.822
INFO:__main__:Test 2/3 Epoch 265 Val loss 1.013 Val acc 0.778 Best Val Loss 0.436 Best Val Acc 0.822
INFO:__main__:Test 3/3 Epoch 433 Val loss 2.405 Val acc 0.744 Best Val Loss 0.905 Best Val Acc 0.811
INFO:__main__:Avg test acc 0.690, Agv test acc std 0.036
INFO:__main__:Cross-val iter:10 | Current average test accuracy across folds 0.70500
INFO:__main__:

INFO:__main__:AVERAGE TEST ACC ACROSS FOLDS 0.70500
INFO:__main__:STD ACROSS FOLDS 0.03419714088113867
